S                                                                                 +OOOOOMXAOOOOOOOOMOOOOOOOOOOOOOOOOOOOOOOOOOOOOOOO
S                                                                                  ----=   ---+--=- -==++-=+++==+++++++++=+=++==--+
S                                                                                                          ***  ****      *        
S                                                                                                            .     .               
S                                                                                                                                  
S                                                                                                                                  
S                                                                                                                                  
                                                                                                                                   
S                                                                                -AOAMOMOMOOOOOOOOOOOOOOOOOOOOOOOOOOOOOOXOOOOOOOOOO
S                                                                                  -  - - -+----+++-+++++======-----=--- ----=+====
S                                                                                               *    ****                          
S                                                                                                    .                             
S                                                                                                                                  
S                                                                                                                                  
S                                                                                                                                  
                                                                                                                                   
S                                                                                =AAZXAOMMMAMMOOOOOOOMOOOAXOOOOMOOAOMMOOMOMAMXOMXXX
S                                                                                      -      ---=++- ---  ---- -- -  -- -    -    
S                                                                                                  *                               
S                                                                                                  .                               
S                                                                                                                                  
S                                                                                                                                  
S                                                                                                                                  
                                                                                                                                   
S                                                                                IMMAZXZAXXMOMMMMXAOMXOOOOOOOOOOOOOOOOOOOOOOAMMMMMA
S                                                                                           -      -  -----==-==+=-----=----       
S                                                                                                                                  
S                                                                                                                                  
S                                                                                                                                  
S                                                                                                                                  
S                                                                                                                                  
                                                                                                                                   
S                                                                               -ZOMOOOOOOOOOOOOOMMMOOOOMOOOOOOOOOOOOOOOOOOOOOOOOOO
S                                                                                 - --=-=--=+==--   ---- ---+++++++-++++++++++=----
S                                                                                                             *** *  *****  *      
S                                                                                                              ..    ..            
S                                                                                                              --                  
S                                                                                                                                  
S                                                                                                                                  
                                                                                                                                   
S                                                                              -IOAMMOMAMMMOMOOOOOOOOOOOOMZAMMMMOMOOOAOOOOOOOOOOOOM
S                                                                                -   -     - ----==------       - --- --==----+--- 
S                                                                                                                                  
S                                                                                                                                  
S                                                                                                                                  
S                                                                                                                                  
S                                                                                                                                  
                                                                                                                                   
S                                                                              -XMXZZZZIZXXXXXMXMOXAOOMOOOMMOOMXXMAMOOMMMOOAMAOMMZX
S                                                                                                -  -- -=-  --      --   --   -    
S                                                                                                                                  
S                                                                                                                                  
S                                                                                                                                  
S                                                                                                                                  
S                                                                                                                                  
                                                                                                                                   
S                      --        -------                                       -XZZZZZXZXXZAMMMMXZXAMMXMOOOOOOOOOZMMXAAMOOOMOMAAMMO
S                                                                                                       -----==--       --- -     -
S                                                                                                                                  
S                                                                                                                                  
S                                                                                                                                  
S                                                                                                                                  
S                                                                                                                                  
                                                                                                                                   
S                     --     ----=++)ZZ)=-                                   --IZZZIZZZXZXXMMXMXXMXMXZMOOOAAOMOOOOMAMAZAAOOOOOOOOOO
S                                                                                                      ---  - ----       -----===+-
S                                                                                                                                  
S                                                                                                                                  
S                                                                                                                                  
S                                                                                                                                  
S                                                                                                                                  
                                                                                                                                   
S     --                  --=++)))+)IZXXXX=     --                           -XAIIXZAMMAAXZXXXXXXMMMOMMOAMXAOMMAMOOOOOOMAXAMXXOMAMO
S                                                                                                   -  -    -    ----=-       -   -
S                                                                                                                                  
S                                                                                                                                  
S                                                                                                                                  
S                                                                                                                                  
S                                                                                                                                  
                                                                                                                                   
S                     ---=+))II)+))IZXXXAMM)-                               -ZZZOOOOOOOOOOOOMAMAXZXXMXAAMMAMMOOMMAMAMOOOOMOAOMMAXOO
S                                                                               -===+=+-----                 --      ---- - -    --
S                                                                                   *                                              
S                                                                                                                                  
S                                                                                                                                  
S                                                                                                                                  
S                                                                                                                                  
                                                                                                                                   
S    -        --     --+++)I)))))))IZXXAOOOOA                              -ZZZOOOXXXZZZZZZAOOOOOMMMXXMMXMAMMOMAMXMAMMMXMOOOOAZXMXX
S                                       ---+                                   ++-          -==+-            -           --=-      
S                                          *                                   **                                                  
S                                          .                                    .                                                  
S                                                                                                                                  
S                                                                                                                                  
S                                                                                                                                  
                                                                                                                                   
S    -             --=+++))I)I))))IIXAAAMOOOOIIMZXZZ-   --                -)ZOOMZZZZZIIIIIIIIIZAOOOOOOOMXMXAMOAMMAXAAXMMOMMAOOMOOAZ
S                                        -+++                                -+                 ----+--      -          -   -- --  
S                                          **                                 *                                                    
S                                                                             .                                                    
S                                                                                                                                  
S                                                                                                                                  
S                                                                                                                                  
                                                                                                                                   
S                  =++++)))III))IIIIZAAMMOOOOOOOOOOOO)      --            =ZOOZIZZZXZZZZZZZZZIZZIIXXOOOOOOOOXAOMMMXZMMOMMXAXAOMOOOO
S                                        --=++++=-=++                       =+                      +X++=---  -       -      - --=-
S                                            ***   **                        *                      ****                           
S                                                                            .                      ....                           
S                                                                            -                      -H=                            
S                                                                                                    B                             
S                                                                                                    V                             
                                                                                                                                   
S                 -==+++))IZI)I))IIZZMMAXOMOOOOOOOOOOOA+--               -)OOXZAMMMAAXXXZZZZXXZXXZZMOOOOOOOOOOOMMOMMAMOMMMXOXZXMMAM
S                                        - --=--------                     -+                       ++==+=+=+=-  -    -    -       
S                                                                                                   **                             
S                                                                                                   ..                             
S                                                                                                   =                              
S                                                                                                                                  
S                                                                                                                                  
                                                                                                                                   
S                -=++=+++IZI))IIIZZZZMAAAOAOOOMMOOOOOOOOOX-              -XOZAOOOOMMAMAAXXXXXXXAAZZOOZXXZZXMOOOOOOMOXXOMXAAOMMMOMXZ
S                                        - ---  ------++-                  =  ----                 -+       -+++-- -  -    -   -   
S                                                     **                                            *         *                    
S                                                                                                   .                              
S                                                                                                                                  
S                                                                                                                                  
S                                                                                                                                  
                                                                                                                                   
S               -=====++)ZZ))IZIZXAZXMMAMAMOOOOOOOOOOOOOOOO+            -+MMMMMMXXXZZZZXZZZZZZIZZZIOOXXAMOOOMOOOOOOOOMAMOAMMMAMMMMO
S                                          -----------+====                                        +=    --- -=----=-   -         -
S                                                                                                  *                               
S                                                                                                                                  
S                                                                                                                                  
S                                                                                                                                  
S                                                                                                                                  
                                                                                                                                   
S              -=====++)IXI)ZZXZZXAXAMOMMMOOOOOOOOOOOOOOOOOOX=-         =MMXI)))++)))IIIIIIIIIIIIZOOOOOOOOOOOOMMMMOOOOOOOOOMAXMXAMM
S                                     -   -=+++==+=---+=-+++                                      +X+----+=-=+    --=------        
S                                                         *                                        **        *                     
S                                                         .                                        .                               
S                                                                                                  H                               
S                                                                                                  B                               
S                                                                                                                                  
                                                                                                                                   
S             -==+===+))ZZIIAXZZXMXXMMOAOOOOOOOOOOOOOOOOOOOOOOOX=     -=OOXZIIIIZXXXZZXZZZZZXZIIAOOOOOOOOOOOOOOOOOMMOOOOOOOMAMOMAMO
S                                     - --=+++++++++++++====+=-         --                       ++++++++++++-=---  ---==--   -   -
S                                          **        *                                           ************                      
S                                                                                                 ........  .                      
S                                                                                                 - -----   -                      
S                                                                                                                                  
S                                                                                                                                  
                                                                                                                                   
S            -==+===+)IIXZZXAAXXAMXMOMMMOOOOOOOOOOOOOOOOOOOOOOOOOI---=ZOOOMAAMOOOOOAXXAXZZI)))))I===+XOOOOOOOOOOOOOOOOOOOOOOMMMMZMM
S                                   -   -=++======++=+==+======++      ==-    --=--                   +++++++++++=----------       
S                                                                                                     *********                    
S                                                                                                      ......                      
S                                                                                                      -- ---                      
S                                                                                                                                  
S                                                                                                                                  
                                                                                                                                   
S           -==+++=+)ZZXXZXMMXXAXAMMMOOOOOOOOOOOOOOOOOOOOOOOOOOOOOOOOOOOOOOOOOOOOOOOOOOXXIXZ)I)Z)+)ZI))OOOOOOOOOOOOOOOOOOOOOOOOOXAM
S                                    --=+++==-==--==-=-++====++++++++=---+++++++++===--                =+++++++++==----------==-   
S                                                                ** *     ******                        *******                    
S                                                                          .....                        ......                     
S                                                                          ----                         --=--                      
S                                                                                                                                  
S                                                                                                                                  
                                                                                                                                   
S          -==+++++)IZZMAZAAXXXXXAAMMOOOOOOOOOOOOOOOOOOOOOOOOOOOOOOOOOOOOOOOOOOOOOOOOOOMMXAZXXZAIXMOMZZXOOOOOOOOOOOOOOOOOOOOOOOOOOA
S                                    -=++=+---=--==-==+=-=+++++++++++++++++++++++++++--            -    ++++++++++=-------------=- 
S                                                                    **  ************                   ********                   
S                                                                         ..........                     ....                      
S                                                                         ----------                     ----                      
S                                                                                                                                  
S                                                                                                                                  
                                                                                                                                   
S         -==+++)))IXXAMMMMAAAZXMAXMOOOOOOOOOOOOOOOOOOOOOOOOOOOOOOOOOOOOOOOOOOOOOOOOOOOOOOOXXZZZAMZZXZZZAOOOOOOOOOOOOOOMMMMMMAAMMOO
S                                   -=+=------+-++--==--==++++++++++++++++++====++++++++=--              +++++++++=----          --
S                                                            ****      ***       ******                  ********                  
S                                                                                  ....                                            
S                                                                                   ---                                            
S                                                                                                                                  
S                                                                                                                                  
                                                                                                                                   
S        -==+++))IIZAMMOOOMAMZXZXAOOOOOOOMOOOOOOOOOOOOOOOOOOOOOOOOOOOOOOOOOOOOOOOOOOOOOOOOOOOOOOOMXZXMXOOMOOOOOOOOOOOOOOMMAMAXXXXXX
S                      ---        -====-- ----=++-------=++++++++++++++++++++++++++++++++++++=-=-      -- ++++++++++----           
S                                                         *************  ****        *******              *******                  
S                                                         ...........                 ......                                       
S                                                          --===-----                 ---=-                                        
S                                                                                                                                  
S                                                                                                                                  
                                                                                                                                   
S        -==+))IIIXXAOOOOOOMAAAMOOOOOOOOOOOOOOOOOOOOOOOOOOOOOOOOOOOOOOOOOOOOOOOOOOOOOOOOOOOOOOOOOXXXXOOOOIMOOOOOOOOOOOOMAXXXXXZZZZZ
S                    ------     ---=----------+=-------=+++XXXXXX+++++++++++++++++++++++++XXX+++=    ----  +++++++=----            
S                                                       ******************       ***    ********           ****                    
S                                                        ...............          .     ........                                   
S                                                        --HHHHHH===---                  =HHH=-                                    
S                                                          CCCCCC                         CBC                                      
S                                                                                                                                  
                                                                                                                                   
S        -=+)))IZZMMMOOOOOMMMOOOOOOOOOOOOOOOOOOOOOOOOOOOOOOOOOOOOOOOOOOOOOOOOOOOOOOOOOOOOOOOOOOOOOOOMOOOXZAMOOOOOOOOOOMMAAXXXZXZZXX
S                    -----   ---=+-------+-+-+=--=----=+++++++++++++++++++++++++++++++++++++XXXX+++- -+-    -+++====--             
S                                                      **********************      ***************                                 
S                                                       .....................        .............                                 
S                                                        ------------=------              -=HHHH=-                                 
S                                                                                           CBBC                                   
S                                                                                                                                  
                                                                                                                                   
S       -=++))IZXAMOOOOOOMAMOOOOOOOOMOOOOOOOOOOOOOOOOOOOOOOOOOOOOOOOOOOOOOOOOOOOOOOOOOOOOOOOOOOOOOOOOOMAIMOZAOOOOOOOOOMMMXXXXZZZZXX
S                  ------   -------- --=++-+++--=-----++++++++++++++++++++++++++=++++++++++++XXXXXX++-    -  ---=-----             
S                                          *           ***********  ***********        *************                               
S                                                       ..........   .........           ...........                               
S                                                       ---------    -----  --            --=HHHHHH-                               
S                                                                                            CBBBBB                                
S                                                                                                V                                 
                                                                                                                                   
S       -=++)IIXAMOOOOOOMMOOOOOOOOOOOOOOOOOOOOOOOOOOOOOOOOOOOOOOOOOOOOOOOOOOOOOOOOOOOOOOOOOOOOOOOOOOOOMXMMXOXXOOOOOOOOOMAAXZXXXZXXX
S                 ------  ------------=++--++=-=-----++++++++X++++++=++++++++++++++++++++++++++XXXXXX+     -  ---------            
S                                      **  **         ************       ********        *************                             
S                                           .          ..........          .....          ............                             
S                                                       ---==H=--          -----           --==HHHHHH                              
S                                                            C                                 CCBBBC                              
S                                                                                                                                  
                                                                                                                                   
S       -)+)IIZXMMOOOMMMMOOOMOOMOMOOOOOOOOOOOOOOOOOOOOOOOOOOOOOOOOOOOOOOOOOOOOOOOOOOOOOOOOOOOOOOOOOOOOOOAAMMXZXOOOMMMMAAXXXXXXXXZXX
S                 ---    --- -- - ---=+++--++--+----=++++++XXX++++++++++++++++++++++++++++++++++XXXXXX+-       =--                 
S                                      *   **        ************ * **** *********    *   *************                            
S                                      .   ..         ...........    ..      .....         ............                            
S                                          --          --==HHH=--     -       ---          ---==HHHHHH-                            
S                                                          CBC                                  CCCBBB                             
S                                                                                                                                  
                                                                                                                                   
S       -+))IZXXMOOOMAMMMOOMMOOOMOOOOOOOOOOOOOOOOOOOOOOOOOOOOOOOOOOOOOOOOOOOOOOOOOOOOOOOOOOOOOOOOOOOOOOOOMAMMXXXOOOOOMMMAAXZXXXXZXX
S                ---     --  --- ---++++++++==-=---=++++++XXX++X+++++++++++++++++++++++++++++++++XXXXXX++       -=---              
S                                     **  **         ****************** **  ********  *** ***************                          
S                                      .   .         ..................       .....         .............                          
S                                      -   -          --==HHH==H-----=-        ----         ---==HHHHHH=                           
S                                                         CBC  C                                 CCCCCB                            
S                                                                                                                                  
                                                                                                                                   
S       -+))IZXAMOMMMAMMOMOOMMMMOOOOOOOOOOOOOOOOOOOOOOOOOOOOOOOOOOOOOOOOOOOOOOOOOOOOOOOOOOOOOOOOOOOOOOOOOOOMXMAXAOOOOOOOMAXXZZXXXXM
S                -      - --    ----++++++++-+=----=+++++XXX+++XXX++++=-----++++++++++++++++++++++++XXXXX+-      -------           
S                                    **** ** *      ******************       *****************************                         
S                                     ..  ..         .................        .......       ..............                         
S                                     -   --         --==HHH-==HHH===-         -----        ---=====HHHHH-                         
S                                                        CBC   BBC                                  CCCCC                          
S                                                                                                                                  
                                                                                                                                   
S       -=)IZZXXMAXMMMAMMOOOOOMMOOOOOOOOOOOOOOOOOOOOOOOOOOOOOOOOOOOOOOOOOOOOOOOOOOOOOOOOOOOOOOOOOOOOOOOOOOOOOAXOMZOOOOOOOOOOXOOAOAO
S                        -----  =-=+=+++++X+=++----+++++XXX++++XXXX+++=-----=++++++++++++++++++++++++++X+X++-  -  -==+-==--- -- - =
S                                    ******   *     ******************         *****************************                       
S                                     .  ..         .................           ........    ................                       
S                                     -  -H          -==HHH=---HHHH=-           -------     --===--====H=H=-                       
S                                         C             CBC    BBCC                                    C C                         
S                                                              VV                                                                  
                                                                                                                                   
S       -=)IIXXAMXXMMMMMMOOOOOOOOOOOOOOOOOOOOOOOOOOOOOOOOOOOOOOOOOOOOOOOOOOOOOOOOOOOOOOOOOOOOOOOOOOOOOOOOOOOOOOMAAAZOOOOOOOOMOMMOMM
S                        -------=---+++++X+==++----+++++XX+++++XX+++=------==++++++++++++++++++++++++++++++++++     -=------ -  -  
S                                    ******  **    *****************          ********************************                     
S                                        ..   .     ......... .....             ..........  ..................                     
S                                        H=   -     --==HH=-  -HH=-              --------    --==-==========--                     
S                                        B              BC     BB                                                                  
S                                        V                     V                                                                   
                                                                                                                                   
S       -+)IIXXAXAAAMMMMOOOOOOOOOOOOOOOOOOOOOOOOOOOOOOOOOOOOOOOOOOOOOOOOOOOOOOOOOOOOOOOOOOOOOOOOOOOOOOOOOOOOOOOOOMMXXOOOOOOOOOOOOOO
S                       -----------=+++++X+++++=--=++++XX++++++XX+++------====++++++++++++++++++++++++++++++++++-    -+=------=----
S                                   *** ***  **    ****************            *********************************                   
S                                     . ...  ..    ...............              ................................                   
S                                       -H=  --     -==HH=-  --HH-               ---------   --================-                   
S                                        B             CB      BB                                                                  
S                                        V                     VV                                                                  
                                         A                     A                                                                   
S      -=+)+IXAXAAAOOMOOOOOOOOOOOOOOOOOOOOOOOOOOOOOOOOOOOOOOOOOOOOOOOOOOOOOOOOOOOOOOOOOOOOOOOOOOOOOOOOOOOOOOOOOOOOOMXZAOOOOOOOOAMAX
S                  -- ------------=++++++XX+++++--++++XXX++++++XX++=----====---=++++++++++++++++++++++++++++++++++=    -+++==--    
S                                  * **********    ********  ******             **********************************                 
S                                  .  ...... ..    ........  .....              ..................................                 
S                                     - -HH  --     -=HHH=    -HH=                ---------------========-----===-                 
S                                        BC           CBC      BB                                                                  
S                                        V                     VV                                                                  
                                         A                      A                                                                  
S      -=+)+ZAMXXXMOMAMOOOOOOOOOOOOOOOOOOOOOOOOOMOOOOOOOOOOOOOOOOOOOOOOOOOOOOOOOOOOOOOOOOOOOOOOOOOOOOOOOOOOOOOOOOOOOOXXZMOOOOOOOOOM
S                  -   ----=---=--++-++++XX+++++ -++++XX+++-+++XXX+-----=++++--=++++++++++++++++++++++++++++++++++++-    =+++=---- 
S                                  * **********    ********  ******        *    ************************************      **       
S                                    ....... ..    .......    .....              ...................................      ..       
S                                    ----HH- -=    --=HH=-    -HHH                 --------------=======-----======-      --       
S                                        BB           BC       BBC                                                                 
S                                        V                     VV                                                                  
                                         A                                                                                         
S     -==++)AAMXXAMAAMOOOOOOOOOOOOOOOOOOOOOOOOOOOOOOOOOOOOOOOOOOOOOOOOOOOOOOOOOOOOOOOOOOOOOOOOOOOOOOOOOOOOOOOOOOOOOOOOOAXAOOOOOAOMM
S                     -----+---=--=+=++++XX+++++--+++XXX++=--=+X+++=--=++++=---=+++++++++++++++++++X+++++++++++++++++++   =+++- -  
S                                    ***********   *******    *****      **     **************************************     *       
S                                    ..........    .......    .....              .....................................     .       
S                                    =---HH- -=    -=HHH--    -H==-               -------====----==H===------==----==-             
S                                        BB          BBC       B                                   C                               
S                                                                                                                                  
                                                                                                                                   
S     -=+)+ZMMMXXAMMMMOOOOOOOOOOOOOOOOOOOOOOOOOOOOOOOOOOOOOOOOOOOOOOOOOOOOOOOOOOOOOOOOOOOOOOOOOOOOOOOOOOOOOOOOOOOOOOOOOOOMZXMOXMMAM
S                     -----=------+++++++XX++++=--++XXX++++=++++++++-=+++++----=+++++++++++++++++++XX+++++++++++++++++=+-    -     
S                                    **********   ********   *******     **     *************************************              
S                                    ..........    .......    ... .              ....................................              
S                                    ==--HH=--=    -HHH=-     -=- -              -------======--===HH==-------------               
S                                        BB         CBC                                            CC                              
S                                                                                                                                  
                                                                                                                                   
S     -=+=)ZAAAXXAMMMAMMMOOOOOOOOOOOOOOOOOOOOOOOOOOOOOOOOOOOOOOOOOOOOOOOOOOOOOOOOOOOOOOOOOOOOOOOOOOOOOOOOOOOOOOOOOOAXZOOOOOOOOMXXZZ
S                        ---------+=+++++XXX+++=-+++X++++++++++++-++=-+++++--===++++++++++++++++++X+XX++++++++++++-   ++-=----     
S                                    **********   ********   **** **   ***      **********************************    **           
S                                    ..........   .......     ..  ..     .       .................................     .           
S                                    ===-HHH---   -=H=--      --  --             --=-----====-=-==H=HH=-----------                 
S                                        CBC        B                                             C CC                             
S                                         V                                                                                        
                                                                                                                                   
S     -===)XMOMAXMMOMMOOOOOOOOOOOOOOOOOOOOOOOOOOOOOOOOOOOOOOOOOOOOOOOOOOOOOOOOOOOOOOOOOOOOOOOOOOOOOOOOOOOOOOOOOOOMAXAOOOOOOOOOOOOOO
S            -     -  ------=-----++++++++XX+++=-++X+-++++=--=++++++==+++++=-=++++++++++++++++++++XXX++++++++++++    ++-=+---++----
S                                   ***********   ***  ***    ******  ****    * ********************************     **       *    
S                                   ...........   ...  ...    ... ..   ...       ...............................      .            
S                                    =====HH==-   -H-  --      -- --    -        --===----========HHH==-----=---      -            
S                                         BB       B                                              CCC                              
S                                                                                                                                  
                                                                                                                                   
S     -===IZMMMMMMMMMAOOOOOOOOOOOOOOOOOOOOOOOOOOOOOOOOOOOOOOOOOOOOOOOOOOOOOOOOOOOOOOOOOOOOOOOOOOOOOOOOOOOOOOOOOAAXIOOOOOOOOOMMMOOOO
S                     -----=+----==+++++++XXX++--=++--=+++-=+=+++=+++=+++++--=++++++++++++++++++++XXXX++++++++-    -+++-=---   ----
S                                  ***********    **   ***  * *** **  ****    * ******************************      **             
S                                   ..........    ..   ..      .. ..  ....    .  .............................      ..             
S                                   -=====HHH=    =-   -=      =- -=   --        --=====--===--===HHHH=-----=-      --             
S                                         CBC                                                     CCCC                             
S                                          V                                                                                       
                                                                                                                                   
S     ===+)IXOMMMMMMMMMOOOOOOOOOOOOOOOOOOOOOOOOOOOOOOOOOOOOOOOOOOOOOOOOOOOOOOOOOOOOOOOOOOOOOOOOOOOOOOOOOOOOOOXZXZAOOOOOOOOOMMMOOOOO
S            -         -----+=----=++++++XXXX+---++=---++++++++++++X++++++===+++++++++++++++++++++XXXX+++++++     ++++=----   -----
S                                  ***********    *    *************  ****    * ****************************       **              
S                                   ..........    .    ..... . .. ..  ....       ...........................       ..              
S                                   --===HHHH     -    -=-     -- -H   --        -======---=----==HHHH----=-       --              
S                                        CCBC                      C                              CCCC                             
S                                          V                                                                                       
                                                                                                                                   
S    -===++)XMOMMMAMMMMOOOOOOOOOOOOOOOOOOOOOOOOOOOOOOOOOOOOOOOOOOOOOOOOOOOOOOOOOOOOOOOOOOOOOOOOOOOOOOOOOOOOXZXZIOOOOOOOOOOOMOOOOOOO
S             -        --+--++---=++++++++XXX+---===--=+X+++++++X++X+++++++++++++++++++++++++++++XXXX++++++     =++++++==-- -------
S                            *     ***********         ************** ****    *****************************      ***               
S                                   .........          .....  ......  ....       ..........................      ...               
S                                    -=-==HHH          -H==-  -=H--H   --        -=======--==--==HHHH==-==-      =--               
S                                         CBC           C       C  B                             CCCC                              
S                                                                                                                                  
                                                                                                                                   
S    -==++=IXXOOOOMMMAMOOOOOOOOOOOOOOOOOOOOOOOOOOOOOOOOOOOOOOOOOOOOOOOOOOOOOOOOOOOOOOOOOOOOOOOOOOOOOOOOOOMZZZIOOOOOOOOOOOOOOOOOOOOO
S             ----     --+-=-+----=++++++++++=-----=--++++++++++X++X+++++++++++++++++++++++++++++XXXX++X+     -++++++++=-----------
S                            *     **********          ************** ***** * ***************************      ****                
S                                   .........          .............. ....       ........................      ...                 
S                                    --====-            -=-----=H- H-  ---       --======--==--==HHHH==H-      -=-                 
S                                                               C  C                             CCCC  C                           
S                                                                                                                                  
                                                                                                                                   
S    -=====IZAOOOOOMMMOOOOOOOOOOOOOOOOOOOOOOOOOOMOOOOOOOOOOOOOOOOOOOOOOOOOOOOOOOOOOOOOOOOOOOOOOOOOOOOOOOZZZZIOOOOOOOOOOOOOOOOOOOMMO
S             -----   ---=-=-+----=++++++++++-=- --=--++++++++++X++X++++++++++++++++++++++++++++XXXXX+X+     ++++++++++==-------  -
S                                  *********           ********************   **************************      ******               
S                                   ........           .............. ....    . ........................      ...                  
S                                   ---===-              -==- -=H--H-  ---       --=====--===-==HHHHH=H       =--                  
S                                                               C  C                            CCCCC C                            
S                                                                                                                                  
                                                                                                                                   
S    -====+)IAOOOOOOMMOOOOOOOOOOOOOOOOOOOOOOOOOOOOOOOOOOOOOOOOOOOOOOOOOOOOOOOOOOOOOOOOOOOOOOOOOOOOOOOOOXZXZAOOOOOOOOOOOOOOOOMMMMMMM
S             ------  ---+=-=+=---=++++++++-----------+++++++++++++X++++++++++++++++++++++++++++XXXXXX+     +++++++++++==---       
S                                  ********            *********************  ************************      *********              
S                                   .......             ............. .....     ......................      ....                   
S                                   ---==-              ---=-  -==-H- -----      -=====---======HHHHHH      -=-                    
S                                                                  B                            CBCCCC                             
S                                                                                                                                  
                                                                                                                                   
S    -===++)IXMOOOOOOMMOOOOOOOOMOOOOOOOOOOOOMOMMOOOOOOOOOOOOOOOOOOOOOOOOOOOOOOOOOOOOOOOOOOOOOOOOOOOOOOZXZIZOOOOOOOOOOOOOOOOMMMMMMMM
S              ------  --++-=+= --=++++++++- -  -----=++++++++++X++X+++++++++++++++++++++++++++XXXXXX+     ++++++++++++=---        
S                                  ********            ********************** ************************     ***********             
S                                   .......            .............. ......   .......................     ...   ..                
S                                   ---==-              ====- --H=-H= -----      --===---======HHHHHH      -=                      
S                                                               C  C                           CCCBBB                              
S                                                                                                                                  
                                                                                                                                   
S    -===+++IZMOOOOOOOOOOOOOOOOOOOOOOOOOOOOOMMOOOOOOOOOOOOOOOOOOOOOOOOOOOOOOOOOOOOOOOOOOOOOOOOOOOOOOOOOAIOOOOOOOOOOOOOOOOOMMAXXXXAA
S              ----------=+===+---=++++++++=  -------=+++++++++++++X+++++++++++++++++++++++++XXXXXX++--  -+++++++++++++==-         
S                         *        ********            **********************************************     ***********              
S                                   .......            .............. .....      ....................     .........                
S                                   ---=---            -====---==--H=  ----      --===--=====HHHHHH=-     ------                   
S                                                                  C                         CCCBBB                                
S                                                                                                                                  
                                                                                                                                   
S    -+=++++)ZXMOOOOOOOOOOOOOOOOOOOOOOOOOOOOOOOOOOOOOOOOOOOOOOOOOOOOOOOOOOOOOOOOOOOOOOOOOOOOOOOOOOOOOOAXOOOOOOOOOOOOOOOOOOMAXXXXMMA
S               =-=-------++==+---++++++++++---===---=+++++++++++++++++++++++++++++++++++++++XXXXX++=-  -++++++++++++++=--         
S                         **       ********           **********************************************     ************              
S                                   .......            .............. ......     ...................     ..........                
S                                    ------            -======--=--==  ----       --==--=====HHHHH=      --------                  
S                                                                                            CCBBB                                 
S                                                                                                                                  
                                                                                                                                   
S    -===+++)ZXXOOOOOOOOOOOOOOOMOOOOOOOOOOOOOOOOOOOOOOOOOOOOOOOOOOOOOOOOOOOOOOOOOOOOOOOOOOOOOOOOOOOOAXAOOOOOOOOOOOOOOOOOOAMAMMOOOMX
S               --++------++=-= --++++++++++++++++=--=++++++++++++++X+++++++++++++++++++++++XXXX+++-   ++++++++++++++++--     ---  
S                         **        ********   * *    ************************ * ******************    ***************             
S                          .         .......           ............... .....     ..................    ............                
S                                    ----=-            -====----=--=H  ----       ---=--====HHHH--     -===-------                 
S                                                                   C                       CCBC                                   
S                                                                                             V                                    
                                                                                                                                   
S    -==+=)+)ZXXMOOOOOOOOOOOOOOMOOOOOOOOOOOOOOOOOOOOOOOOOOOOOOOOOOOOOOOOOOOOOOOOOOOOOOOOOOOOOOOOOOOOAAOOOOOOOOOOOOOOOOOOMMMMOOOOXMM
S                --==----=++--= ---=++++++++++++++++==++++++++++++++X+++++++++++++++++++++++XX++++=-  ++++++++++++++++=-    ----   
S                         **        **************     ***********************   *****************    ***************              
S                                    ..........        ............... ......    .................     .............               
S                                    ----===--          -==-----=---H- ----       -----=====HH=---     =====------                 
S                                                                   C                       CB                                     
S                                                                                                                                  
                                                                                                                                   
S    -===+)))IZXMOOOOOOOOOOOOOOOOOOOOOOOOOOOOOOOOOOOOOOOOOOOOOOOOOOOOOOOOOOOOOOOOOOOOOOOOOOOOOOOOOOMMOOOOOOOOOOOOOOOOOOMOOOOOOMAAXM
S                ------=--++-=+----=++++++XXX++++++++++++++++++++++++++++++++++=+++++++++++X++++++-  ++X+++++++++++++-- ------     
S                         *         ***********  ***  ************************  ******************    **************               
S                                    ..........   .    ......................    .................    .............                
S                                    ----=HHH=-         --=-----=---=- -----     -----=--==H=---=-    =H====-----                  
S                                         BBB                                              C           C                           
S                                                                                                                                  
                                                                                                                                   
S     -+=++))IZZMOOOOOOOOOOOOOOOOOOOOOOOOOOOOOOOOOOOOOOOOOOOOOOOOOOOOOOOOOOOOOOOOOOOOOOOOOOOOOOOOOAMOOOOOOOOOOOOOOOOOOOOOOOAMOAAZMM
S                --------=+==++----=+++++XXXXX+++++++++++++++++++X+X++++++++++++++++++++++XX+++++-  ++XXX+++++++++++=------  -     
S                         *   *     ************* *** ************************  *****************   **************                 
S                                    ...........  ..   .....  ...............   ................     ............                  
S                                    --==HHHHH-    -    -=--   -=H=H=- -- --     --------=HH=---     =HHH===-----                  
S                                        CBBBC                   C C                      CC          BCC                          
S                                                                                                                                  
                                                                                                                                   
S     -==++)))IZXOOOOOOOOOOOOOOOOOOOOOOOOOOOOOOOOOOOOOOOOOOOOOOOOOOOOOOOOOOOOOOOOOOOOOOOOOOOOOOOOMOOOOOOOOOOOOOOOOOOOOOOOOAMOMOMAXX
S                ---=-----+=+++----++++++XXXXX++++++++-++++++++++XXX+++++++++++++++++++++XX+++++- -+XXXXXX++++++++=+===---  - -    
S                         *  **     *****************  **********************  ****************    **************                  
S                             .     ............. ...   ..... .............     ...............    .............                   
S                                    -===HHHHH=-   ==   -=--   -=HHH--          --------=HH=--     -HHHHHH==---                    
S                                        CBBBC                   BBB                     BC         BBBBBC                         
S                                                                VV                                 VV                             
                                                                 AA                                                                
S     -+++))))IZXMOOOOOOOOOOOOOOOOOOOOOOOOOOOOOOOOOOOOOOOOOOOOOOOOOOOOOOOOOOOOOOOOOOOOOOOOOOOOOOOOOOOOOOOOOOOOOOOOOOOOOOOMAMOOOXMAX
S                 =-==----+++++----++++++XXXX++++++++++++++++++++XX++++++++++++++++++++XX++++=-=++XXXXXXXX++++++++++===--   ---    
S                         *  **     **************************************** ****************   ****************  *                
S                         .         ........................   ..........      ..............   ...............                    
S                                    -===HHHH===   -==--==-     =HH=---         ------=HH=--    --HHHHHHHH==--                     
S                                        CCBB                    BB                    CC         BBBBBBBC                         
S                                                                VV                                VV                              
                                                                 AA                                                                
S     -=++))))IZXXOOOOOOOOOOOOOOOOOOOOOOOOOOOOOOOOOOOOOOOOOOOOOOOOOOOOOOOOOOOOOOOOOOOOOOOOOOOOOOOOOOOOOOOOOOOOOOOOOOOOOOAMMMMXZMOAX
S                 ---=====++=++-===+++++XX+XX++X++++++XXXX+++++++XX+++++++++++++++++++XX+++++++XXXXXXXXXXX++++++++++=---        -  
S                         *  **     *************  ************************ ***************************************                
S                         .         .............   .........  .........      ...............................   ..                 
S                         -          -==HH=HH==H-   -=HHHH=--   -HH=---        ------=HH--- --=HHHHHHHHHHH=--                      
S                                       CC BB  C      BBBC       BB                   CC       BBBBBBBBBBC                         
S                                           V         V          VV                            VVVVVVV                             
                                                                                                AA                                 
S      -=+)))))IXXAOOOOOOOOOOOOOOOOOOOOOOOOOOOOOOOOOOOOOOOOOOOOOOOOOOOOOOOOOOOOOOOOOOOOOOOOOOOOOOOOOOOOOOOOOOOOOOOOOOOOOAAAXMXXXAXX
S                  --=++==+==++-=+==+++++++XX+++X++++++XXXX++++++XXX++++++++++++++++XX+++++++XXXXXXXXXX++++++++++=++----           
S                         *  *      **************  *************************************   *********************                  
S                                    .............   ...................     ............   ....................                   
S                                    -=====HH===H-   -=HHHH--- --HHH=---      -----=HH=-    -HHHHHHHHHH==----- -                   
S                                          BB   C      CBBC      BBC                CC       BBBBBBBBBC                            
S                                           V                                                VVVVVVVV                              
                                                                                             AAA                                   
S       =)))))IIZXAAOOOOOOOOOOOOOOOOOOOOOOOOOOOOOOOOOOOOOOOOOOOOOOOOOOOOOOOOOOOOOOOOOOOOOOOOOOOOOOOOOOOOOOOOOOOOOOOOOOOOMOXXMZZZZAM
S                   -=+++=+=+++-++==+++++++XX++++++=++++XXXX+++++XXX+++++++++++++++++++=--=-+XXXXXXXXXX++++++++++=------ -         
S                         *  *   *  **************   **********************************     ******************  *                  
S                            .       .............   .................................      .................                      
S                                    -===--HH=-===    -=HHHH=----HHH===--    ------=--      -HHHHHHHHHH==---                       
S                                          BB           CBBC     CBC                         BBBBBBBBBC                            
S                                           V                                                VVVVVV                                
                                                                                             A                                     
S       -=))))IIIZXAMOOOOOOOOOOOOOOOOOOOOOOOOOOOOOOOOOOOOOOOOOOOOOOOOOOOOOOOOOOOOOOOOOOOOOOOOOOOOOOOOOOOOOOOOOOOOOOOOOOAMOAAXZXOOXX
S                    --++++++++=++-++++++++XX++++++=++++++XXXX+++XX++++++++++++++++++===++=-+XXXXXXXXXX++++++=-=+--=---  -     --  
S                       *    **  *  ***************  *******************************        ***************                        
S                            .       .............    .............................         ...............                        
S                                    -=----HH=--==    --==HHHH===HH=--------------          -HHHHHHHHHH==-                         
S                                          BB             CBBC   CC                          BBBBBBBBBC                            
S                                          VV                                                VVVVVVVV                              
                                            A                                                A                                     
S        -+II)IIIIZXMOMOOOOOOOOOOOOOOOOOOOOOOOOOOOOOOOOOOOOOOOOOOOOOOOOOOOOOOOOOOOOOOOOOOOOOOOOOOOOOOOOOOOOOOOOOOOOOMOOAXXZMMMOOXAO
S                    - -=+++++++++-++++++++XX++++++-=++++++XXXXX+X++++++++++++++++====+++=--+XXXXXXX++++++++++++==-- --       --  -
S                           **  **  ***************   ***************************       *    *************                         
S                           ..      ..............     ..........................            .............                         
S                                    -=--- HH=---=     --==HHHHH=H=-- -- --------            HHHHHHH=---                           
S                                          BB              CBBBC C                           BBBBBCC                               
S                                           V                                                 VV                                   
                                                                                                                                   
S         -II)IIIZZXAOOOOOOOOOOOOOOOOOOOOOOOOOOOOOOOOOOOOOOOOOOOOOOOOOOOOOOOOOOOOOOOOOOOOOOOMOOOOOOOOOOOOOOOOOOOOOOOOOMXXXOOOMMOOOO
S                    ----=++++++++=++++++++XX++++++=-=+++++++XXXXX++++++++++++++===+=+++=--- +XXXX+++++++++=++=+++----    ---  -+++
S                           **  **  ***************   **************************             *************     *                ***
S                            .  ..  ...............    ........................               ......  ...                       .. 
S                            -       ----= HH=---=      --===HHHHH=------------               HHHH--                               
S                                          CB                CBBBC                            BBBC                                 
S                                                                                                                                  
                                                                                                                                   
S          -ZIIIIZZZXAOOOOOOOOOOOOOOOOOOOOOOOOOOOOOOOOOOOOOOOOOOOOOOOOOOOOOOOOOOOOOOOOOOOOOOOOOOOOOOOOOOOOOOOOOOOOOOOAOOMMMZMOOOOOM
S                     -=---=++=+++++++++++++XX+++++===+++++++++XX++++++++++++++-=====+=-------++++++++++++==++==+=--- --     -=--- 
S                               ** ****************    ***********************                ***** ***     *                      
S                                .  ..............     .......................                .....                                
S                                -  -----=-=HH-- -      ---====HH=-----------                  ---                                 
S                                           BC                 CC                                                                  
S                                           V                                                                                      
                                                                                                                                   
S          -=ZIIIIZZXMMMOOOOOOOOOOOOOOOOOOOOOOOOOOOOOOOOOOOOOOOOOOOOOOOOOOOOOOOOOOOOOOOOOOOMOOOOOOOOOOOOOOOOOOOOOOOAOOOOZMOOOMAZAMM
S                       -+--=+++-+++++++++++XX++++++=++++++++++++++++++++++++-------------- ---=+++++++++++++++==+- -=--  ===      
S                            *** * ****************   **********************                      ********                         
S                                  ............. ..     ....................                            .                          
S                                   - ---=--HH-- -      ------==-----==----                                                        
S                                           BB                                                                                     
S                                            V                                                                                     
                                                                                                                                   
S        --  -ZZIIZZXXAOOOOOOOOOOOOOOOOOOOOOOOOOOOOOOOOOOOOOOOOOOOOOOOOOOOOOOOOOOOOOOOOOOOOOOOOOOOOOOOOOOOOOOOOOOOOOOMOOOOOOOOOMOOO
S                      -----==++++++++++++++++++++++++++++++++++++++++++++++++++++========+===+++++++++++++++=+=-=--- ---=--=-- ---
S                              ** * ****************  *********************  ***               * * *********                       
S                              .    . ..........  .   ....................                          . .                            
S                                      ---=---=-        ---------====----                                                          
S                                                                                                                                  
S                                                                                                                                  
                                                                                                                                   
S         --  -IZIIZZXXAOOOOOOOOOOOOOOOOOOOOOOOOOOOOOOOOOOOOOOOOOOOOOOOOX)OOOOOOOOOOOOOOOOOOOOOOOOOOOOOOOOOOOOOOOOMOOOOOOOOOOOOOOMO
S                       -------=++++++++++++++++++++++++++++++++XX++++++  -++=++++++++++=++++++++++++++++++++++==- --++=+===--=-- -
S                               ******************** *******************      *      *       * ********** ***        **            
S                               . .  ............      ................                            ....               .            
S                                     -----== -=-      -- -----=HH==---                                                            
S                                                               CC                                                                 
S                                                                                                                                  
                                                                                                                                   
S          -   -+ZZZZXXAAOOOOOOOOOOOOOOOOOOOOOOOOOOOOOOOOOOOOOOOOOOOOI=-  =OOOOOOOOOOOOOOOOOOOOOOOOOOOOOOOOOOOOOOOOOOOOOOMMMAMOOAAM
S                        -------=++++++++++++++++++++++++++++++++++++      -=+===+++++++++++++++++++++++++++=+=-=+++++=--     --   
S                                  *********************************                   *    **  **********       **                
S                                   .  ....... .. .      ...........                                  .                            
S                                       -----  --          ---===---                                                               
S                                                                                                                                  
S                                                                                                                                  
                                                                                                                                   
S               -+XZZZXXXXMOOOOOOOOOOOOOOOOOOOOOOOOOOOOOOOOOOOOOOOOI-   - -MOOOOOOOOOOOOOOOOOOOOOOOOOOOOOOOOOOOOOOOMMOAMAMMXAXXOXMO
S                          --=----=++++++++++++++++++++++++++++++++         ==+=++++++++++++++++++++++++++==+==++==  -         -  -
S                                   ******************************                *   ** ** * *****  ** **                         
S                                        ....  .. ..       .......                    .        .                                   
S                                          -                ------                                                                 
S                                                                                                                                  
S                                                                                                                                  
                                                                                                                                   
S                -=XXZZXAAAAMMMOOOOOOOOOOOOOOOOOOOOOOOOOOOOOOOOI=--        XOOOOOOOOOOOOOOOOOOOOOOOOOOOOOOOOOOOOOOOMOOOOOOMOOOOOOOO
S                              ----=++++++++++++++++++++++++++-             +-++++++++++++++++++++++++++==++++=---- ---==- ---=-+-=
S                                    ********* ***************                  *  *  ***************     ****                     
S                                        ...    .        ..                            .                                           
S                                                                                                                                  
S                                                                                                                                  
S                                                                                                                                  
                                                                                                                                   
S                  +XXXXAAAAXAMOOOOOOOOOOOOOOOOOOOOOOOOOOM)=---            IOOOOOOOOOOOOOOOOOOOOOOOOOOOOOOOOOOOOOOOOOOOOOOOOOOOOOOO
S                              ----==+++++++++++++++++++=                   +++++++++++++++++++++++++=+++++++++==+--+++++=-+--+-=-=
S                                     ******************                    ******************* *   * ** *****         *           
S                                      ....... ..  .                        ..    .  . ..                 . .                      
S                                               -                                                                                  
S                                                                                                                                  
S                                                                                                                                  
                                                                                                                                   
S                   =XXXXXAXAAMMMOOOOOOOOOOOOOOOOOOOOOOZ-                  -OOOOOOOOOOOOOOOOOOOOOOOOOOOOOOOOOOOOOOOOMOOOAMOMAAMMAOM
S                                ------++++++++++++++++                     -++++++++++++++++-+++++++++++++++++====- ---  -      - 
S                                       *************                        *********  *  **     **********                       
S                                         ..........                           ......      .       ........                        
S                                          -----  --                            -                   -------                        
S                                                                                                                                  
S                                                                                                                                  
                                                                                                                                   
S                   -+ZXXAAAAXXAAMMOOOOOOOOOOOOOOOOOOO=-               --   ZOOOOOOOOOOOOOOOOOOOOOOOOOOOOOOOOOOOOOOOAXMMOMOMAOMMXOO
S                                  ------==++++++++=--                       --+++++++++++++++++++++++++++++==------    - -  -   --
S                                           ******                                *   *  * *   ******** *                          
S                                                                                                ....                              
S                                                                                                ---                               
S                                                                                                                                  
S                                                                                                                                  
                                                                                                                                   
S                     =XXXXAXXAAMMAMOOOOOOOOOOOOOOOOO) --              --   IOOOOOOOOOOOOOOOOOOOOOOOOOOOOOOOOOOOOOOOOOMXOOMMOOOOZOO
S                                   ---------=++++=--                        ++=+++++++=+++++++++++++++===-====+-----=  --  ---- --
S                                              *                             *      ***  *** ****     *                            
S                                                                                    ..   ..  ..                                   
S                                                                                                                                  
S                                                                                                                                  
S                                                                                                                                  
                                                                                                                                   
S                     -=IXXXAXXAAAMMMOOOOOOOOOOOOOOOM- -                  - -OOOOOOOOOOOOOOOOOOOOOOOOOOOOOOOOOOOOOOOOOOOOOOOOOOOOOO
S                                    ----------=----                         =++++++++++++++++++++++++++++++++++++++++==++=+++++=++
S                                                                             *********************************  * **       ***    
S                                                                               ............. .... ....  .....     .          .    
S                                                                                ------------       -     -                   -    
S                                                                                                                                  
S                                                                                                                                  
                                                                                                                                   
S                       -=ZXXXXXXAAMMMMOOOOOOOOOOOOO)                        )OOOOOOOOOOOOOOOOOOOOOOOOOOOOOOOOOOOOOOOOOOOOOOAAOOOOO
S                                      -------------                          =+++++++++++++++++++++++++++++=+++--=--++==---  =----
S                                                                               ****** ****************   *  *                     
S                                                                                   .     ...         .                            
S                                                                                           -                                      
S                                                                                                                                  
S                                                                                                                                  
                                                                                                                                   
S               --        --+XXXXXXXAAMMOOOOOMMOOOZ=-                        -MOOOOOOOOOOOOOOOOOOOOOOOOOOOOOOOOOOOOOOOOOOOAOOMOOOAA
S                                       -----  ---                             =-=+++=+=-++==+++++-====++=-==-----==------ -= ---  
S                                                                                  **           *                                  
S                                                                                  .                                               
S                                                                                                                                  
S                                                                                                                                  
S                                                                                                                                  
                                                                                                                                   
S               --          --=+IZXXXAMMOOOOOMMAZ=-                     --    AOOOOOOOOOOOOOOOOOOOOOOOOOOOMOOOOOOOOOOMOOOMOOOOOOOAM
S                                       -----                                  +=+++++++++++++=+++==-=-==- -----=---- --- -------  
S                                                                              *  ******  * *  **                                  
S                                                                                  .      .                                        
S                                                                                                                                  
S                                                                                                                                  
S                                                                                                                                  
                                                                                                                                   
S                               -----========----  --                   --    +OOOOOOOOOOOOOOOOOOOOOOOOOOOOOOOOOOOOOOOOOOOOOOOOOOOO
S                                                                              +=+++++++++++++++++++++++++++++-=+==+=--=-=--==-==--
S                                                                                 * *******************  ****                      
S                                                                                       ....... ......                             
S                                                                                          ---- --   -                             
S                                                                                                                                  
S                                                                                                                                  
                                                                                                                                   
S                                                 ----                        -OOOOOOOOOOOOOOOOOOOOOOOOOOOOOOOOOOMOOOOOOOMOOOOOOOOM
S                                                                              -+++=+=--==++++++++++++++-+++++--- -==+++- -+=-+=-- 
S                                                                                           ***   *** *   ****        *            
S                                                                                           ..            .. .                     
S                                                                                                         -  -                     
S                                                                                                                                  
S                                                                                                                                  
                                                                                                                                   
S                                                   --                         +OOOOOOOOOOOOOOOOOOOOOOOOOOOOOOOOOOOOOOOOOAMOOMMOOOO
S                                                                               =-=+=-=---=-++=-=-=+---==+-==------------  --  ----
S                                                                                                                                  
S                                                                                                                                  
S                                                                                                                                  
S                                                                                                                                  
S                                                                                                                                  
                                                                                                                                   
S                                                                              -MOOOOOOOOOOOOOOOOOOOOOOOOOOOOOOOOOOOOMOOOOOOOOOOOOO
S                                                                                -=++==-=-==++=++++--=-+++-=+=+=----- ----=--------
S                                                                                  **                  **                          
S                                                                                                                                  
S                                                                                                                                  
S                                                                                                                                  
S                                                                                                                                  
                                                                                                                                   
S                                                                               IOOOOOOOOOOOOOOOOOOOOOOOOOOOOOOOOOOOOOOOOOOOOOOOOOO
S                                                                                -+++++++++++++++++++++++===++++==-=---==+=--=--++-
S                                                                                  ****  * * *******    *                          
S                                                                                   ..          . .                                
S                                                                                                                                  
S                                                                                                                                  
S                                                                                                                                  
                                                                                                                                   
S                                                                               +OOOOOOOOOOOOOOOOOOOOOOOOOOOOOOOOOMOOOOOOMMOOOOOOOO
S                                                                                --=+++=+++=++++++++++++=-+++++=-- ==----  ---+-+=-
S                                                                                        **  **** ***     ** *                     
S                                                                                        .    .    ..                              
S                                                                                                                                  
S                                                                                                                                  
S                                                                                                                                  
                                                                                                                                   
S                                                                               =OMOOOOOOOOOOOOOOOOOOOOOOOOOOOOOOOOOMMOOMOOMXOOOOMO
S                                                                                - --======++=++++-=++=++==+===-----  -- --  ---- -
S                                                                                               *                                  
S                                                                                                                                  
S                                                                                                                                  
S                                                                                                                                  
S                                                                                                                                  
                                                                                                                                   
S                                                                               -OOOOOOOOOOOOOOOOOOOOOOOOOOOOOOOOOMMOMOOMOOMOOOOAMO
S                                                                                ----------++===+++=+++=++--------  - -- -- ----  -
S                                                                                          *    *                                  
S                                                                                                                                  
S                                                                                                                                  
S                                                                                                                                  
S                                                                                                                                  
                                                                                                                                   
S                                                                               -MOOOOOOOOOOOOOOOOOOOOOOOOOOOOOOOOOOOOOOOOOOOOOOOOO
S                                                                                 ---++++++++++++++++++++++++++++++-+==+++++=+===++
S                                                                                          **  ***** *****     ***                *
S                                                                                                     ....     .                   
S                                                                                                                                  
S                                                                                                                                  
S                                                                                                                                  
                                                                                                                                   
Processing date = 04/17/15, Time = 15:25:48 File = C:\1401Pictures\Bob Erickson\BobErickson.raw                                     
