S                                                                            -------------------------------ZOOOOOOOOOOOOOOOOOOOOOO
S                                                                                                            =+++++++++++++++++++++
S                                                                                                             *********************
S                                                                                                              ....................
S                                                                                                              ---                 
S                                                                                                                                  
S                                                                                                                                  
                                                                                                                                   
S                                                                            ------------------------------IOOOOOOOOOOOOOOOOOOOOOOO
S                                                                                                           =++++++++++++++++++++++
S                                                                                                             *********************
S                                                                                                             .....................
S                                                                                                              ---   - ----- ------
S                                                                                                                                  
S                                                                                                                                  
                                                                                                                                   
S                                                                          -------------------------------+OOOOOOOOOOOOOOOOOOOOOOOO
S                                                                                                          -+++++++++++++++++++++++
S                                                                                                            **********************
S                                                                                                            ......................
S                                                                                                             ---------------------
S                                                                                                                                  
S                                                                                                                                  
                                                                                                                                   
S                                                                          ------------------------------=OOOOOOOOOOOOOOOOOOOOOOOOO
S                                                                                                         -++++++++++++++++++++++++
S                                                                                                           ***********************
S                                                                                                            ......................
S                                                                                                            ----------------------
S                                                                                                                                  
S                                                                                                                                  
                                                                                                                                   
S                                                                        --------------------------------ZOOOOOOOOOOOOOOOOOOOOOOOOO
S                                                                                                         +++++++++++++++++++++++++
S                                                                                                          ************************
S                                                                                                           .......................
S                                                                                                           -----------------------
S                                                                                                                                  
S                                                                                                                                  
                                                                                                                                   
S                                                                        -------------------------------=OOOOOOOOOOOOOOOOOOOOOOOOOO
S                                                                                                        -+++++++++++++++++++++++++
S                                                                                                          ************************
S                                                                                                           .......................
S                                                                                                           ---------------------  
S                                                                                                                                  
S                                                                                                                                  
                                                                                                                                   
S                                                                       --------------------------------IOOOOOOOOOOOOOOOOOOOOOOOOOO
S                                                                                                        ++++++++++++++++++++++++++
S                                                                                                         *************************
S                                                                                                          ........................
S                                                                                                          ---------------------   
S                                                                                                                                  
S                                                                                                                                  
                                                                                                                                   
S                                                                        -------------------------------MOOOOOOOOOOOOOOOOOOOOOOOOOO
S                                                                                                        ++++++++++++++++++++++++++
S                                                                                                         *************************
S                                                                                                          ........................
S                                                                                                          --------------- ---     
S                                                                                                                                  
S                                                                                                                                  
                                                                                                                                   
S                                                                       -------------------------------=OOOOOOOOOOOOOOOOOOOOOOOOOOO
S                                                                                                       -++++++++++++++++++++++++++
S                                                                                                        **************************
S                                                                                                         .........................
S                                                                                                          ---------------         
S                                                                                                                                  
S                                                                                                                                  
                                                                                                                                   
S                                                                       -------------------------------)OOOOOOOOOOOOOOOOOOOOOOOOOOO
S                                                                                                       +++++++++++++++++++++++++++
S                                                                                                        **************************
S                                                                                                         .........................
S                                                                                                         ------------------       
S                                                                                                                                  
S                                                                                                                                  
                                                                                                                                   
S                                                                      -------------------------------=MOOOOOOOOOOOOOOOOOOOOOOOOOOO
S                                                                                                       +++++++++++++++++++++++++++
S                                                                                                       ***************************
S                                                                                                        ..........................
S                                                                                                         -------------------- -   
S                                                                                                                                  
S                                                                                                                                  
                                                                                                                                   
S                                                                     -------------------------------IOOOOOOOOOOOOOOOOOOOOOOOOOOOOO
S                                                                                                     +++++++++++++++++++++++++++++
S                                                                                                      ****************************
S                                                                                                        ..........................
S                                                                                                         ---------------------    
S                                                                                                                                  
S                                                                                                                                  
                                                                                                                                   
S                                                                      ------------------------------OOOOOOOOOOOOOOOOOOOOOOOOOOOOOO
S                                                                                                    -+++++++++++++++++++++++++++++
S                                                                                                     *****************************
S                                                                                                      ............................
S                                                                                                         -----------------------  
S                                                                                                                                  
S                                                                                                                                  
                                                                                                                                   
S                                                                      -----------------------------IOOOOOOOOOOOOOOOOOOOOOOOOOOOOOO
S                                                                                                    ++++++++++++++++++++++++++++++
S                                                                                                     *****************************
S                                                                                                      ............................
S                                                                                                       -------------------------  
S                                                                                                                                  
S                                                                                                                                  
                                                                                                                                   
S                                                      ---              ---------------------------=OOOOOOOOOOOOOOOOOOOOOOOOOOOOOOO
S                                                                                                   =++++++++++++++++++++++++++++++
S                                                                                                    ******************************
S                                                                                                      ............................
S                                                                                                        ------------------------  
S                                                                                                                                  
S                                                                                                                                  
                                                                                                                                   
S                              -----     ---     ----=+)+=---           --------------------------=OOOOOOOOOOOOOOOOOOOOOOOOOOOOOOOO
S                                                                                                  -+++++++++++++++++++++++++++++++
S                                                                                                    ******************************
S                                                                                                          ........................
S                                                                                                               -----------------  
S                                                                                                                                  
S                                                                                                                                  
                                                                                                                                   
S                          -=))==--------=+==-- -=ZIXOOIZI--- ---===--  -----------------------=)MOOOOOOOOOOOOOOOOOOOOOOOOOOOOOOOOO
S                                                    --                                           +++++++++++++++++++++++++++++++++
S                                                                                                  ********************************
S                                                                                                     .  ..........................
S                                                                                                                  --------------- 
S                                                                                                                                  
S                                                                                                                                  
                                                                                                                                   
S                        --XMOOI-----=)ZAZ)+ZZZ)IOOOOOOOZ==-- --=ZMMX-------------------------)OOOOOOOOOOOOOOOOOOOOOOOOOOOOOOOOOOOO
S                            --                  -+++++-                                       -+++++++++++++++++++++++++++++++++++
S                                                                                                **********************************
S                                                                                                 .................................
S                                                                                                    ----------      --------------
S                                                                                                                                  
S                                                                                                                                  
                                                                                                                                   
S                       -MOOOZXX=--)MOOOOX)ZOOOOOOOOOOOOOMMXI=---=AAOI-----------------------ZOOOOOOOOOOOOOOOOOOOOOOOOOOOOOOOOOOOOO
S                         ++-        ===-   -+++++++++++-           +                         +++++++++++++++++++++++++++++++++++++
S                         **                 ***********                                       ************************************
S                         ..                  .  ......                                        ....................................
S                          -                     -----                                          -------------------  --------------
S                                                                                                                                  
S                                                                                                                                  
                                                                                                                                   
S                       )OOOOOOO)IOOOOOOOOOOOOOOOOOOOOOOOOOOOOZ+==OOOX---------------------=OOOOOOOOOOOOOOOOOOOOOOOOOOOOOOOOOOOOOOO
S                        +++++-=  -++++++++++++++++++++++++++-    -=+                       -++++++++++++++++++++++++++++++++++++++
S                        *****      *************************       *                        **************************************
S                        .. .       .. .   .................        .                        ......................................
S                         - -        -     ----    -------                                    --------========---------------------
S                                                                                                                                  
S                                                                                                                                  
                                                                                                                                   
S                       -OOOOOOOOOOOOOOOOOOOOOOOOOOOOOOOOOOOOOOOOOOOOO=--------------------OOOOOOOOOOOOOOOOOOOOOOOOOOOOOOOOOOOOOOOO
S                        -+++++++++++++++++++++++++++++++++++++++=+++-                     -+++++++++++++++++++++++++++++++++++++++
S                         **************************************  ***                       ***************************************
S                           ...  ..............................   ...                       .......................................
S                           ---   --------- -    -------------    ---                       ------================-  - ------------
S                                                                                                                                  
S                                                                                                                                  
                                                                                                                                   
S                      --ZOOOOOOOOOOOOOOOOOOOOOOOOOOOOOOOOOOOOOOOOOOOO)=------------------ZOOOOOOOOOOOOOOOOOOOOOOOOOOOOOOOOOOOOOOOO
S                         +++++++++++++++++++++++++++++++++++++++++++-                     ++++++++++++++++++++++++++++++++++++++++
S                         ****************************************                         ****************************************
S                          .....................................                           ........................................
S                           ----------------------------==------                           ---=====-------------===----------------
S                                                                                                                                  
S                                                                                                                                  
                                                                                                                                   
S                     --+OOOOOOOOOOOOOOOOOOOOOOOMMMMOOOOOOOOMZI))+++++=++==--------------=OOOOOOOOOOOOOOOOOOOOOOOOOOOOOOOOOOOOOOOOO
S                        -+++++++++++++++++++=--    --==++=-                              +++++++++++++++++++++++++++++++++++++++++
S                         ******************                                               ****************************************
S                         .................                                                ........................................
S                         ----------------                                                 --===-------======---------  --- -------
S                                                                                                                                  
S                                                                                                                                  
                                                                                                                                   
S                    -IAOOOOOOOOOOOOOOOOOOMMXZIIII)))II)ZAZI))I)+++====++++++++))=-------ZOOOOOOOOOOOOOOOOOOOOOOOOOOOOOOOOOOOOOOOOO
S                       =+++++++++++++++=-                                                +++++++++++++++++++++++++++++++++++++++++
S                        ***************                                                  *****************************************
S                        ......... ....                                                   .........................................
S                         -------  ----                                                   ---==--------------====-----     -  -----
S                                                                                                                                  
S                                                                                                                                  
                                                                                                                                   
S                   =OOOOOOOOOOOOOOOOOOOMMMAXXZZI)))))+ZOAZZMOOXI))+========+++)))))+==--OOOOOOOOOOOOOOOOOOOOOOOOOOOOOOOOOOOOOOOOOO
S                    =++++++++++++++++=-                -    --                          -+++++++++++++++++++++++++++++++++++++++++
S                     ****************                                                    *****************************************
S                      ..............                                                     .........................................
S                       -----=-- ---                                                      --==----------------------------    -----
S                                                                                                                                  
S                                                                                                                                  
                                                                                                                                   
S                 -+OOOOOOOOOOOOOOOOOOOOOOMXXXZZI)))++IMOZXOOOOZIII)+=======+++))))))))))XOOOOOOOOOOOOOOOOOOOOOOOOOOOOOOOOOOOOOOOOO
S                   +++++++++++++++++-----              -  -++-                           +++++++++++++++++++++++++++++++++++++++++
S                    ***************                        **                             ****************************************
S                    ..............                          .                             ...............................   ......
S                    -------------                                                         -=----------------------------      ----
S                                                                                                                                  
S                                                                                                                                  
                                                                                                                                   
S               --IOOOOOOOOOOOOOOOOOOOOMMAXXZZZI)))+++ZOOZMOOXMAZZI)+=======++++))))))IIIIIMOOOOOOOOOOOOOOOOOOOOOOOOOOOOOOOOOOOOOOO
S                  +++++++++++++++++=--                --  +=                               +++++++++++++++++++++++++++++++++++++++
S                  *****************                                                         **************************************
S                   .............                                                            ......... ...................    .....
S                   -------------                                                            -------     -----------------      --=
S                                                                                                                                  
S                                                                                                                                  
                                                                                                                                   
S              --AOOOOOOOOOOOOOOOOOOOOAXXZZZZZI)))+==+ZOOAOOOOMMXXZI+=======+++)))I)))))IIZIIMOOOOOOOOOOOOOOOOOOOOOOOOOOOOOOOOOOOOO
S                 ++++++++++++++++++=-                 -= -+=-                                +++++++++++++++++++++++++++++++++++++
S                 ******************                       *                                  *************************************
S                  ..............                                                             ...  ....      ...............    ...
S                  -------------                                                              --              -------------      --
S                                                                                                                                  
S                                                                                                                                  
                                                                                                                                   
S              =OOOOOOOOOOOOOOOOOOOOOMXZZIIIII)))++==+XOOOOOOOOMXMZI+=======+))IIZZZII)IIIIZZIXOOOOOOOOOOOOOOOOOOOOOOOOOOOOOOOOOOOO
S               -+++++++++++++++++++-                  ++-+++++                                =+++++++++++++++++++++++++++++++++++
S                ******************                     *  ***                                  *************** *******************
S                .................                         ...                                  ............      ...........    ..
S                 ---------=------                         ---                                  -----------        ----------     -
S                                                                                                                                  
S                                                                                                                                  
                                                                                                                                   
S             =OOOOOOOOOOOOOOOOOOOOOMXII)III)))++=====AOOOOOOOOAMMXI+=====++)IIZZZZXZZZZIIIIIIIXOMAAXXXAMOOOOOOOOOOOOOOOOOOOOOOOOOO
S              -+++++++++++++++++++-                   ++++++++                                 -        -=++++++++++++++++++++++++
S               ******************                     *******                                              ***********************
S               ..................                      .  ...                                               .       .........  ...
S                ---------===----                          - -                                                        -------      
S                                                                                                                                  
S                                                                                                                                  
                                                                                                                                   
S            +OOOOOOOOOOOOOOOOOOOOOMZI)))))))++=======MOOOOOOOOMOMXI+====+)IZZIIIIZMMZIIIIII)IIZAXIIIIIIIIIZXOOOOOOOOOOOOOOOOOOOOOO
S             ++++++++++++++++++++=                    +++++++= -                                            -=++++++++++++++++++++
S              *******************                     *******                                                 ********************
S              ..................                       ......                                                  ..      .......  ..
S              -----------===----                        ----                                                            -----     
S                                                                                                                                  
S                                                                                                                                  
                                                                                                                                   
S           -OOOOOOOOOOOOOOOOOOOOOOAI)))++++++========IOOOOOOOOOOMZ)+===)ZZZIIIIIZZXOX)))IIII))IZMXZIZIIIIIIIIZZOOOOOOOOOOOOOOOOOOO
S            =++++++++++++++++++++-                    -+++++==--                   -                           -++++++++++++++++++
S             *******************                       *****                                                     ***     *********
S             ...................                        ...                                                      .        ........
S             -----------======-                          --                                                                ---    
S                                                                                                                                  
S                                                                                                                                  
                                                                                                                                   
S          -IOOOOOOOOOOOOOOOOOOOOOMZI)++++++=====--===IXOOOOOOOOOXI++++IZZIIIIIIZZZIOOZI)))II)))IZAXZIIIIIIIIIIIIZOOOOOOOOOOOOOOOOO
S            ++++++++++++++++++++-                      -+++++=--                   -=                            -++++++++++++++++
S             ******************                          ****                                                      **    *********
S             ..................                           .                                                        .       ...  ..
S              ----------======-                                                                                             --   -
S                                                                                                                                  
S                                                                                                                                  
                                                                                                                                   
S        --)IMOOOOOOOOOOOOOOOOOOOOZ)))))++============)XMOOOOOMMXZI))))II)+)ZZIIZZZIOOOZI))II)))IIZAAZIIIIIIIIIIIIIXOOOOOOOOOOOOOOO
S             +++++++++++++++++++-                       -+++=                      -+-                             -+++=++++++++++
S              *****************                            *                                                         *   ** ******
S              ................                                                                                               .....
S              ----------=====-                                                                                               -----
S                                                                                                                                  
S                                                                                                                                  
                                                                                                                                   
S        -=I==OOOOOOOOOOOOOOOOOOOOZ)++))+=========--===IXXAOOOZZZII)))+++=++XOMZZZIIMOOAIIII))))IIZXOMXII)IIIIII)IIIZXOOOOOOOOOOOOO
S             -++++++++++++++++++-                         -+-               -       +-             -                 -======++++++
S              *****************                                                                                              *****
S              ................                                                                                                ....
S              ---------=====--                                                                                                -=--
S                                                                                                                                  
S                                                                                                                                  
                                                                                                                                   
S       --=+-)MOOOOOOOOOOOOOOOOOOMZ)))+++========---===+++=+)+==========--=+ZOOXZII)MOMXZIII))))IIZXOOAXIIIIIIIIIIIIIIIAOOOOOOOOOOO
S              +++++++++++++++++-                                            --      =              --                  ==--==+++++
S              *****************                                                                                               ****
S              ................                                                                                                ....
S              -----=---=====-                                                                                                 ----
S                                                                                                                                  
S                                                                                                                                  
                                                                                                                                   
S      ---=)=IOOOOOOOOOOOOOOOOOOOMMZI)===========---======-----------------+ZAOAZI)=ZOZIIZZI))))IIXMOOOAXZIIIIIIIIIIIII)ZOOOOOOOOOO
S             -+++++++++++++++++=                                             -      -              ---                  -=---+++++
S               ****************                                                                                               ****
S               ...............                                                                                                ....
S                ---========---                                                                                                --- 
S                                                                                                                                  
S                                                                                                                                  
                                                                                                                                   
S      ----I+ZOOOOOOOOOOOOOOOOOOOOOXI)+===+======--=======-===---------==-=+ZAMMXI+=IOZIZXAZ)++)IIZAOOOMAZZIIIIIIIIII))+=)AOOOOOOOO
S             =++++++++++++++++++=-                                                  =              ---                    =--=++++
S               *****************                                                                                              ****
S                ..............                                                                                                ....
S                ----=====-----                                                                                                --- 
S                                                                                                                                  
S                                                                                                                                  
                                                                                                                                   
S      --==I)ZOOOOOOOOOOOOOOOOOOOOOXZI++==========-========++++++++++======)ZMOMXI++XOAIZAMZ)++)IZZAOOOOAXXZZIIIII)))+++===ZOOOOOOO
S             ++++++++++++++++++++=                                           -      =              ----                    -=-++++
S             ********************                                                                                             ****
S              ..................                                                                                               ...
S               -----====--- -                                                                                                  -- 
S                                                                                                                                  
S                                                                                                                                  
                                                                                                                                   
S      ---=IXOOOOOOOOOOOOOOOOOOOOOOOXI))++========-====IIZXXXZZZZIIII))))))IMOOXXI+)OOAZZXMZ)+))IZXAMOOOAXXXZZZZII))+++====-)MOOOOO
S            -+++++++++++++++++++++-                                         =-     -=               ---                      =++++
S             ********************                                                                                              ***
S             ...................                                                                                               ...
S             -----======-- -----                                                                                                --
S                                                                                                                                  
S                                                                                                                                  
                                                                                                                                   
S        --=IOOOOOOOOOOOOOOOOOOOOOOOOZI)++============)AOOOOOOMXZZIZIIIIII)IOOOZZZ)IOOZIIXAZ)))))ZXAOOOOMXXXXZZZZII))+=====--=ZOOOO
S            +++++++XXX++++++++++++--                   --=+=-              -+-     --              ----                       -+++
S             ********************                                                                                               **
S             ....................                                                                                               ..
S             ----==HHH==--------                                                                                                 -
S                   CCC                                                                                                            
S                                                                                                                                  
                                                                                                                                   
S         --+ZOOOOOOOOOOOOOOOOOOOOOOOAI)++============IOOOOOOOAMZIIIIIZZI))IOOAZIIIIOO)IIZZI))+)IZXAOOOOAZZXXZZZZIII)+===------+AOO
S             ++++++XX+++++++++++++=-                  -==+++-              -=      --              ----                         -+
S              ********************                                                                                               *
S              ...................                                                                                                 
S              --===HH===---------                                                                                                 
S                   CC                                                                                                             
S                                                                                                                                  
                                                                                                                                   
S        ---=)OOOOOOOOOOOOOOOOOOOOOOOOXI)++===========XOOOOOOOOOAI)I))ZXZIIZXZIIIIIZOOZIIII)))))IZXMOOOOXZZZZXXXZIIII)==--------=)A
S             -++++++++X++++++++++++--                 ++++++---                    --              ----                           
S              *********************                    *  *                                                                       
S              ...................                                                                                                 
S              -=======H==-------                                                                                                  
S                      C                                                                                                           
S                                                                                                                                  
                                                                                                                                   
S     -------+OOOOOOOOOOOOOOOOOOOOOOOOMZI)++==========MOOOOOOOOOMI+===)XMAZZII)IIIIZOOXIIII))+))IIXMOOOOXZZZZXXXXIIIZI)=--------===
S             =+++++++XX+++++++++++++-                 +++++++--                    ==              ----                           
S              *********************                   ** ****                                                                     
S              ...................                      .  ..                                                                      
S              -======HH====-----                                                                                                  
S                     CC                                                                                                           
S                                                                                                                                  
                                                                                                                                   
S      ------)OOOOOOOOOOOOOOOOOOOOOOOOOZI)++=========+OOOOOOOOOOOZ)====+XMZII))IIIIZOOXZIIII))))IZXOOOOOXZZZZZZXXIIIIII+==--------=
S             ++++++++++++++++++++++++-               -+++++++---                   =+             -----                           
S              *******************                     ** ***                                                                      
S              ...................                     .  ..                                                                       
S              --============-----                                                                                                 
S                                                                                                                                  
S                                                                                                                                  
                                                                                                                                   
S           -IOOOOOOOOOOOOOOOOOOOOOOOOOZII)++========+OOOOOOOAMMOXI======IZZI))IIIZXOOZIIIIII))IIZXOOOOMXZZZZZZZZIIIIII)+=-------=X
S             ++++++++++++++++++++++++-               -+++++-   -                   =-             ----                            
S              *********************                   *  **                                                                       
S              ...................                        ..                                                                       
S              --=============----                                                                                                 
S                                                                                                                                  
S                                                                                                                                  
                                                                                                                                   
S          --ZOOOOOOOOOOOOOOOOOOOOOOOOOAZI))++=======+MOOOOOOOOAAXI+=----=+IIIIIZZXOOXIIIIIIIIIIZZXOOOOAXZZZZIIZZIIIIII)+=------+MO
S             ++++++++++++++++++++++++=                +=-++++-                    -+              ----                           +
S              *********************                      ***                                                                     *
S              ....................                        ..                                                                      
S              --==========-=------                        -                                                                       
S                                                                                                                                  
S                                                                                                                                  
                                                                                                                                   
S          -=MOOOOOOOOOOOOOOOOOOOOOOOOOOMXZII)+++++==+XOOMOOOOOXZXI)==---==+)IIIIZAOOXIIIIIIIIIIZXOOOOOAXZZZZIZZZIIIII))+=-----)OOO
S             +++++++++++++++++++++++++-               -- ++++-                    -=             -----                         -++
S             **********************                       ***                                                                    *
S             ......................                       ...                                                                    .
S              --------------------                        ---                                                                     
S                                                                                                                                  
S                                                                                                                                  
                                                                                                                                   
S         --IOOOOOOOOOOOOOOOOOOOOOOOOOOOOMXXXZ)))+++=+XOMXOOOOOAZXZI==---====+)IIIXMMXZIIIIIIIIIZMOOOOMXXXZZZZIIIIII)))+==----ZOOOO
S            ++++++++++++++++++++++++++--              -  =+++-                                   ----                         --++
S             ***********************                      ***                                                                   **
S             ......................                       ...                                                                    .
S             ----------------------                       ---                                                                    -
S                                                                                                                                  
S                                                                                                                                  
                                                                                                                                   
S         -=OOOOOOOOOOOOOOOOOOOOOOOOOOOOOOMAXI)))))+=+ZOAZOOOOOAZXZI==----====+)IIZZZZZZZZIIIIIZXOOOOOAXXXZZZZIII)))))++===-=XOOOOO
S           -+++++++++++++++++++++++++++--             -  -++--                                  -----                        --=++
S            **************************                    **                                                                    **
S            ..........................                    ..                                                                    ..
S             -===--------------------                     -                                                                     --
S                                                                                                                                  
S                                                                                                                                  
                                                                                                                                   
S        --)OOOOOOOOOOOOOOOOOOOOOOOOOOOOOOOMIII)))))++IMXZOOOOOAXZI)==---====++))III)))IIIIIIIZZAOOOOMXZZZZZIIII))))))++===+AOOOOOO
S           +++++++++++++++++++++++++++++++               -++--                                  ----                        ---+++
S            ******************************                 *                                                                    **
S            .............................                                                                                       ..
S            --=======--======------------                                                                                       --
S                                                                                                                                  
S                                                                                                                                  
                                                                                                                                   
S         -XOOOOOOOOOOOOOOOOOOOOOOOOOOOOOOOZIIII))I))))XAZXOOOOXZI))+==-====+++))))))))IIIIIIIZZMOOOMAXZZZZZIIII))))II))++)OOOOOOOO
S           ++++++X+++++++++++++++++++++++-                =++-                                  ---                       -----+++
S           ******************************                  **                                                                  ***
S           ..............................                  .                                                                   ...
S           --====H===--=======----------                                                                                        --
S                 C                                                                                                                
S                                                                                                                                  
                                                                                                                                   
S         -MOOOOOOOOOOOOOOOOOOOOOOOOOOOOOOOXIIIIIIIIIIIZAMZXOOMZII)+========+++))))))IIIIIIIIIZXOOOMXXZZZZZZZZZIIIIZIII))IOOOOOOOOO
S           ++++++++++++++++++++++++++++++-                 -+                                  ---                       -=---=+++
S           *****************************                                                                                       ***
S           .............................                                                                                       ...
S           --==--===--=======----=====--                                                                                       ---
S                                                                                                                                  
S                                                                                                                                  
                                                                                                                                   
S         -OOOOOOOOOOOOOOOOOOOOOOOOOOOOOOOOXIIIZZIIIIZZIXAXZZAXI))+====++++++)))))IIIIIIIIIIIZXOOOAXZZZZZZZIZZZZZZZZZII)IOOOOOOOOOO
S          -++++++++++++++++++++++++++++++-                                                    ---                       -=====++++
S           ***** ************************                                                                                      ***
S           ..... ........................                                                                                      ...
S           --==-  =---=======-=========--                                                                                      ---
S                                                                                                                                  
S                                                                                                                                  
                                                                                                                                   
S         -AOOOOOOOOOOOOOOOOOOOOOOOOOOOOOOOZZZZZZZZZZZZZZZZZIII))+++=+++++))))))IIIIIIIIIIIZZXOOOXZZZZZZZZZZZZZXXXXZZIIZOOOOOOOOOOO
S           ++++++++++++++++++++++++++++++-                                                   ---                       -+==+++++++
S           ****** ***********************                                                                                     ****
S           ...... .......................                                                                                      ...
S           --==-  ----==================-                                                                                      ---
S                                                                                                                                  
S                                                                                                                                  
                                                                                                                                   
S          )OOOOOOOOOOOOOOOOOOOOOOOOOOOOOOMXXXXXXZZZZZZZZZZIII)))+++++))))))))IIIIIIIIIIZZZXAOOMXZZZZZZZXZZXXAAXXXXXZZXOOOOOOOOOOOO
S           ++++++++++++++++++++++++X+++++                                                   --                        =+++++++++++
S           *****************************                                                                                    ******
S           .............................                                                                                     .....
S           ---==-----====-=========H=---                                                                                        --
S                                   C                                                                                              
S                                                                                                                                  
                                                                                                                                   
S          -OOOOOOOOOOOOOOOOOOOOOOOOOOOOOMAAMMMMMMMAXXZZZZZIII)))))))))IIIIIIIIIIIIIIIZZZZXMOOMXXXZZXXXXXAMMMMAXXXXXXOOOOOOOOOOOOOO
S           -+++++++++++++++++++++XXXX++-                                                   --                       -+++++++++++++
S            ***************************                                                                               *  *********
S            ...........................                                                                                     ......
S            ----=---====--=======HHHH=-                                                                                       ----
S                                 CCCC                                                                                             
S                                                                                                                                  
                                                                                                                                   
S           -XOOOOOOOOOOOOOOOOOOOOOOOOOOOOOOOOOOOOOOOOMAZZZIII))))))))IIIIIIIIIIIIIIZZZZZXMOOMAXAAAAMMMMMOMMAXXXXXXMOOOOOOOOOOOOOOO
S             ++++++++++++++++++++XXXX+++----=====+=--                                     --            -          =++++++++++++++
S             ***************************                                                                            **   *********
S             ..........................                                                                                   ........
S              -------==----======HHHH=-                                                                                       ----
S                                 CCCC                                                                                             
S                                                                                                                                  
                                                                                                                                   
S            -=XOOOOOOOOOOOOOOOOOOOOOOOOOOOOOOOOOOOOOOOOOOAXZIIIIIIIIIIIIZZIIIIIIIIZZZZXAMOOMMMMMMOOOOOOOMMAXXXZZXOOOOOOOOOOOOOOOOO
S               ---=+=-=+++++++++++XXX+++++++++++++++++=--                                --      -------         -++++++++++++++++
S                       *****************************                                                               *** ***********
S                       ....................      ..                                                                     ..........
S                       -------====HHH==--                                                                                 --- ----
S                                  CCC                                                                                             
S                                                                                                                                  
                                                                                                                                   
S                -------=MOOOOOOOOOOOOOOOOOOOOOOOOOOOOOOOOOOOOXZIIIIIIIZZZZZIIZZZZZZZZXMOOOOOOOOOOOOOOOOMAXXXXZZXOOOOOOOOOOOOOOOOOO
S                         +++++++++XX+++++++++++++++++++++++=-                          ----------------         =+++++++++++++++++
S                         *********************************                                                       *****************
S                         ................................                                                           ..............
S                          -----===HH====-----------------                                                            -------------
S                                  CC                                                                                              
S                                                                                                                                  
                                                                                                                                   
S                        -=XOOOOOOOOOOOOOOOOOOOOOOOOOOOOOOOOOOOOOOOOOAXZZZZZZZZZZZXMXX-AOOOOOOOOOOOOOOOOMAAAAMOOOOOOOOOOOOOOOOOOOOO
S                           =+++++++++++++++++++++++++++++++++++-----                   +++++++++++-----      --+++++++++++++++++++
S                            **********************************                         **********              *******************
S                            ..................................                         ..........               ..................
S                            ----=========--------------==----                          -------==-                 --------------==
S                                                                                                                                  
S                                                                                                                                  
                                                                                                                                   
S                          --)OOOOOOOOOOOOOOOOOOOOOOOOOOOOOOOOOOOOOOOOOOMZZZZZZXOOOOOZ-=OOOOOOOOOOOOOOOOOOOOOOOOOOOOOOOOOOOOOOOOOOO
S                             -++++++++++++++++++++++++++++++++++++++++=        =+++-   +++++++++++++++++++++++++++++++++++++++++++
S                              ****************************************          ***    **************       **********************
S                              ........................................          ...     ............         .....................
S                              ----========---------------=====-------            -      -===--===--           ----------------====
S                                                                                                                                  
S                                                                                                                                  
                                                                                                                                   
S                             -IOOOOOOOOOOOOOOOOOOOOOOOOOOOOOOOOOOOOOOOOOXIII)IZOOOOZ)--ZOOOOOOOOOOOOOOOOOOOOOOOOOOOOOOOOOOOOOOOOOO
S                               ++++++++++++++++++++++++++++++++++++++++=       ++=-     ++++++++++++++++++++++++++++++++++++++++++
S                                ***************************************         *       ******************************************
S                                .......................................                 ..........................................
S                                -----==-=====-------------=======------                 ---===-----------------------------==----=
S                                                                                                                                  
S                                                                                                                                  
                                                                                                                                   
S                               -ZOOOOOOOOOOOOOOOOOOOOOOOOOOOOOOOOOOOOOOMI)IIIIXOOAZI-- IOOOOOOOOOOOOOOOOOOOOOOOOOOOOOOOOOOOOOOOOOO
S                                 ++++++++++++++++++++++++++++++++++++++        --       ++++++++++++++++++++++++++++++++++++++++++
S                                 **************************************                 ******************************************
S                                  .....................................                 ..........................................
S                                  ----------=---------------=====-----                  - ----------------------------------------
S                                                                                                                                  
S                                                                                                                                  
                                                                                                                                   
S                                -+OOOOOOOOOOOOOOOOOOOOOOOOOOOOOOOOOOOOOXMOOOOXOMI+=--- IOOOOOOOOOOOOOOOOOOOOOOOOOOOOOOOOOOOOOOOOOO
S                                  -+++++++++++++++++++++++++++++++++-=-  -++- -         ++++++++++++++++++++++++++++++++++++++++++
S                                   *********************************       *            ******************************************
S                                   ................................                     ..........................................
S                                    -------------------------------                     ------------------------------------------
S                                                                                                                                  
S                                                                                                                                  
                                                                                                                                   
S                                 -=IOOOOOOOOOOOOOOOOOOOOOOOOOOOOOOOOOO)IOOOOOIII=----- =OOOOOOOOOOOOOOOOOOOOOOOOOOOOOOOOOOOOOOOOOO
S                                    =++++++++++++++++++++++++++++++++=  ++---           ++++++++++++++++++++++++++++++++++++++++++
S                                     ********************************    *              ******************************************
S                                     ...........................  .                      .........................................
S                                     ---=====------------------                          ------------------====-------------------
S                                                                                                                                  
S                                                                                                                                  
                                                                                                                                   
S                                   -=ZOOOOOOOOOOOOOOOOOOOOOOOOOOOOOOOO--+)==))=)=-- ----MOOOOOOOOOOOOOOOOOOOOOOOOOOOOOOOOOOOOOOOOO
S                                      +++++++++++++++++++++++++++++++-                   +++++++++++++++++++++++++++++++++++++++++
S                                       ******************************                    *****************************************
S                                       .......................... ...                    .........................................
S                                       --========---------------  -==                    ----===============----------------------
S                                                                                                                                  
S                                                                                                                                  
                                                                                                                                   
S                                   -- -+OOOOOOOOOOOOOOOOOOOOOOOOOOOOM--------=-==-- -----OOOOOOOOOOOOOOOOOOOOOOOOOOOOOOOOOOOOOOOOO
S                                        -+++++++++++++++++++++++++++                     -++++++++++++++++++++++++++++++++++++++++
S                                         ********************** ****                      ****************************************
S                                         ................. ...   ..                       ........................................
S                                         -===========-=--   -     -                       ----------------------------------------
S                                                                                                                                  
S                                                                                                                                  
                                                                                                                                   
S                                        -ZOOOOOOOOOOOOOOOI)++I+-=ZZ=-      --=-----------=OOOOOOOOOOOOOOOOOOOOOOOOOOOOOOOOOOOOOOOO
S                                          ++++++++++++++-                                 -+++++++++++++++++++++++++++++++++++++++
S                                          *************                                    ***************************************
S                                          .............                                    .......................................
S                                          ---========--                                    ---------------------------------------
S                                                                                                                                  
S                                                                                                                                  
                                                                                                                                   
S                                         -ZXXOOOMOOOOO+--------   -       -----  ---------=OOOOOOOOOOOOOOOOOOOOOOOOOOOOOOOOOOOOOOO
S                                             --- -----                                     -++++++++++++++++++++++++++++++++++++++
S                                                                                            **************************************
S                                                                                             .....................................
S                                                                                               -----------------------------------
S                                                                                                                                  
S                                                                                                                                  
                                                                                                                                   
S                                             --- -----     --              --    -----------)OOOOOOOOOOOOOOOOOOOOOOOOOOOOOOOOOOOOO
S                                                                                             -++++++++++++++++++++++++++++++++++++
S                                                                                              ************************************
S                                                                                                 .................................
S                                                                                                            ----------------------
S                                                                                                                                  
S                                                                                                                                  
                                                                                                                                   
S                                                                                 -------------)OOOOOOOOOOOOOOOOOOOOOOOOOOOOOOOOOOO
S                                                                                               -++++++++++++++++++++++++++++++++++
S                                                                                                 *********************************
S                                                                                                   .. ............................
S                                                                                                        --------------------------
S                                                                                                                                  
S                                                                                                                                  
                                                                                                                                   
S                                                                                 --------------ZOOOOOOOOOOOOOOOOOOOOOOOOOOOOOOOOOO
S                                                                                                ++++++++++++++++++++++++++++++++++
S                                                                                                **********************************
S                                                                                                   ...............................
S                                                                                                    ------------------------------
S                                                                                                                                  
S                                                                                                                                  
                                                                                                                                   
S                                                                             -------------------AOOOOOOOOOOOOOOOOOOOOOOOOOOOOOOOOO
S                                                                                                 +++++++++++++++++++++++++++++++++
S                                                                                                  ********************************
S                                                                                                   ...............................
S                                                                                                    ------------------------------
S                                                                                                                                  
S                                                                                                                                  
                                                                                                                                   
S                                                                            ---------------------IOOOOOOOOOOOOOOOOOOOOOOOOOOOOOOOO
S                                                                                                  ++++++++++++++++++++++++++++++++
S                                                                                                   *******************************
S                                                                                                    ..............................
S                                                                                                     -----------------------------
S                                                                                                                                  
S                                                                                                                                  
                                                                                                                                   
S                                                                              --------------------MOOOOOOOOOOOOOOOOOOOOOOOOOOOOOOO
S                                                                                                   +++++++++++++++++++++++++++++++
S                                                                                                   *******************************
S                                                                                                   ...............................
S                                                                                                     -----------------------------
S                                                                                                                                  
S                                                                                                                                  
                                                                                                                                   
S                                                                             ---------------------IOOOOOOOOOOOOOOOOOOOOOOOOOOOOOOO
S                                                                                                   +++++++++++++++++++++++++++++++
S                                                                                                   *******************************
S                                                                                                    ..............................
S                                                                                                      ----------------------------
S                                                                                                                                  
S                                                                                                                                  
                                                                                                                                   
S                                                                            -----------------------OOOOOOOOOOOOOOOOOOOOOOOOOOOOOOO
S                                                                                                   -++++++++++++++++++++++++++++++
S                                                                                                    ******************************
S                                                                                                     .............................
S                                                                                                      ----------------------------
S                                                                                                                                  
S                                                                                                                                  
                                                                                                                                   
S                                                                            -----------------------=ZOOOOOOOOOOOOOOOOOOOOOOOOOOOOO
S                                                                                                     +++++++++++++++++++++++++++++
S                                                                                                      ****************************
S                                                                                                      ............................
S                                                                                                      ----------------------------
S                                                                                                                                  
S                                                                                                                                  
                                                                                                                                   
S                                                                             ------------------------XOOOOOOOOOOOOOOOOOOOOOOOOOOOO
S                                                                                                      ++++++++++++++++++++++++++++
S                                                                                                      ****************************
S                                                                                                      ............................
S                                                                                                      ----------------------------
S                                                                                                                                  
S                                                                                                                                  
                                                                                                                                   
S                                                                            -------------------------IOOOOOOOOOOOOOOOOOOOOOOOOOOOO
S                                                                                                      ++++++++++++++++++++++++++++
S                                                                                                      ****************************
S                                                                                                       ...........................
S                                                                                                       ---------------------------
S                                                                                                                                  
S                                                                                                                                  
                                                                                                                                   
S                                                                             ------------------------=OOOOOOOOOOOOOOOOOOOOOOOOOOOO
S                                                                                                      ++++++++++++++++++++++++++++
S                                                                                                       ***************************
S                                                                                                       ...........................
S                                                                                                       ---------------------------
S                                                                                                                                  
S                                                                                                                                  
                                                                                                                                   
S                                                                            --------------------------OOOOOOOOOOOOOOOOOOOOOOOOOOOO
S                                                                                                      -+++++++++++++++++++++++++++
S                                                                                                       ***************************
S                                                                                                       ...........................
S                                                                                                       ---------------------------
S                                                                                                                                  
S                                                                                                                                  
                                                                                                                                   
S                                                                            --------------------------ZOOOOOOOOOOOOOOOOOOOOOOOOOOO
S                                                                                                       +++++++++++++++++++++++++++
S                                                                                                       ***************************
S                                                                                                       ...........................
S                                                                                                        --------------------------
S                                                                                                                                  
S                                                                                                                                  
                                                                                                                                   
S                                                                            --------------------------=OOOOOOOOOOOOOOOOOOOOOOOOOOO
S                                                                                                       +++++++++++++++++++++++++++
S                                                                                                        **************************
S                                                                                                        ..........................
S                                                                                                        --------------------------
S                                                                                                                                  
S                                                                                                                                  
                                                                                                                                   
Processing date = 04/17/15, Time = 15:29:24 File = C:\1401Pictures\Luca\Luca.raw                                                    
