S                                                                                          -XOOOOOOOOMAOOOOOOOOOOOOOOOOOOOOOOOOOOOO
S                                                                                            --==+++-  --++=++---==+++++++++==+++++
S                                                                                                **       * *       ** ***    *****
S                                                                                                ..         .          ...      ...
S                                                                                                -                     --         -
S                                                                                                                                  
S                                                                                                                                  
                                                                                                                                   
S                                                                                          -AOOOXOOOOOMOOOOOOOOZXAOOOOOOOOOOOOOOOOO
S                                                                                            --- =++=- --==-+--   --==-+++=-==+++++
S                                                                                                 *                     *       ***
S                                                                                                                                ..
S                                                                                                                                 -
S                                                                                                                                  
S                                                                                                                                  
                                                                                                                                   
S                                                                                          -+AXM=+ZIZMMOOOOOOOOAXXAOOOOOOOMXAMMOOOO
S                                                                                                      -----===    --=--=-     ----
S                                                                                                                                  
S                                                                                                                                  
S                                                                                                                                  
S                                                                                                                                  
S                                                                                                                                  
                                                                                                                                   
S                                                                                         -==)IMX)+=-=)AXMAZAMAI+++IZMMXOOAZZXAOMOO
S                                                                                                                       --     - --
S                                                                                                                                  
S                                                                                                                                  
S                                                                                                                                  
S                                                                                                                                  
S                                                                                                                                  
                                                                                                                                   
S                                                                                         -II)+)OOMOZ==)IMMXMMMZ)++I)IIZZAI+===IIIZ
S                                                                                               -- -                               
S                                                                                                                                  
S                                                                                                                                  
S                                                                                                                                  
S                                                                                                                                  
S                                                                                                                                  
                                                                                                                                   
S                                                                                        -+III))XZIZXZI)+)XZMAMZIIIZIXXXXMZ)===)III
S                                                                                                                                  
S                                                                                                                                  
S                                                                                                                                  
S                                                                                                                                  
S                                                                                                                                  
S                                                                                                                                  
                                                                                                                                   
S                                                                                        -ZMAXXMMMMMXIII))IIAOMXIZZAXOMOMOXZ)+++IIZ
S                                                                                                            -       - - -         
S                                                                                                                                  
S                                                                                                                                  
S                                                                                                                                  
S                                                                                                                                  
S                                                                                                                                  
                                                                                                                                   
S                                                                                       -)OOAXXMOOAOOMAXXMMOAAZIIZZMMOOOOOOOXZZZAAO
S                                                                                         --    -- --      -         ----+--      -
S                                                                                                                                  
S                                                                                                                                  
S                                                                                                                                  
S                                                                                                                                  
S                                                                                                                                  
                                                                                                                                   
S                                                                                      -=OOOOOOOOOOOOOAXXMOOOMOXI)IXXOOOOOOOAMAAOMO
S                                                                                        -+-----+++=--    -=- -      ---=+--    - -
S                                                                                         *      *                                 
S                                                                                                                                  
S                                                                                                                                  
S                                                                                                                                  
S                                                                                                                                  
                                                                                                                                   
S                                                                                      -XOOOOOOOAOOOOOOOOOOOOOOOMZZAOOOOOOOOOOOOOOO
S                                                                                        +++---= ++++------=+-+=    ---+++++-===+++
S                                                                                         *      ****         *         ***        
S                                                                                         .      . ..                    .         
S                                                                                         -                              -         
S                                                                                                                                  
S                                                                                                                                  
                                                                                                                                   
S                                                                                     -=OO)+)ZMO-OOOOOOOOOOOOOOOOOMMOOOOOOOOOOOOOOO
S                                                                                       --     - -=+++---=+++++++-  ----=+------+++
S                                                                                                  **      ******        *        *
S                                                                                                   .       ....                   
S                                                                                                   -         -                    
S                                                                                                                                  
S                                                                                                                                  
                                                                                                                                   
S                                                                                    --AOOMMOOOOAOOOMMOOOOOOOOOOOOOOOOOOOOOOOOOOOOO
S                                                                                       +-  ---- -=-  -+++++++===-++++++++++++=++++
S                                                                                                        ****     *********    ****
S                                                                                                        .  .       .......     ...
S                                                                                                                   --  -        --
S                                                                                                                                  
S                                                                                                                                  
                                                                                                                                   
S                                                                                    -)OOOAXXAOOOOOOOOOOOOOOOOOOOOOOOOOOOOOOOMMOOOO
S                                                                                      -++    --=++=---+++++++----==++=++==--  --==
S                                                                                       *        **     ** **          **          
S                                                                                                ..        .                       
S                                                                                                --                                
S                                                                                                                                  
S                                                                                                                                  
                                                                                                                                   
S                                                                                  --)OOOOMMOOOOOOOOOMOOOOOOOOMMMOOOOOOOOOMAAMMOOOO
S                                                                                     -++-  --+++++-- -----=--   ---=+-+=-     --++
S                                                                                      **      ****                                
S                                                                                                .                                 
S                                                                                                -                                 
S                                                                                                                                  
S                                                                                                                                  
                                                                                                                                   
S                                                                                  -ZOOOOOOOOOOOOOAXXOOOOOOOOOMOMMOOOOOOOOXXXXAMMOO
S                                                                                    -+++=--+++=--   ---==+++- -  --==-+--       --
S                                                                                      **                              *           
S                                                                                      .                                           
S                                                                                      -                                           
S                                                                                                                                  
S                                                                                                                                  
                                                                                                                                   
S                                                                                --ZMOOOOOMMOOMOOOMAXOOOOOOMAZ))))IZZXIMZI++==+)IZX
S                                                                                    -+++-  -- =--   ------                        
S                                                                                     ***                                          
S                                                                                      ..                                          
S                                                                                      -                                           
S                                                                                                                                  
S                                                                                                                                  
                                                                                                                                   
S                                                                               --ZOMOOOMZZAMMAOXZ))=Z)ZIIIZI+===+)III)MII++++I)ZZZ
S                                                                                  - ++=       -                                   
S                                                                                     *                                            
S                                                                                     .                                            
S                                                                                                                                  
S                                                                                                                                  
S                                                                                                                                  
                                                                                                                                   
S                                                                                -MMOOOI))IIZZIAI)===)+IZ+ZZI====I)ZIIIXI)====Z)ZZZ
S                                                                                   =+-                                            
S                                                                                                                                  
S                                                                                                                                  
S                                                                                                                                  
S                                                                                                                                  
S                                                                                                                                  
                                                                                                                                   
S                          ------                                                -AOOZ)++++)IIIZ)=-===)II+AZI))))AXMOMOMMXIIIZMXOOM
S                                                                                  -+                               - -         -- 
S                                                                                                                                  
S                                                                                                                                  
S                                                                                                                                  
S                                                                                                                                  
S                                                                                                                                  
                                                                                                                                   
S                 ----------------  --------                                     =MOOZI===))ZIAXZ)))XAOOOOOOMXXAMMOOOOOAMZI))ZXZAAZ
S                                                                                  =+                 ----=-      -----            
S                                                                                                                                  
S                                                                                                                                  
S                                                                                                                                  
S                                                                                                                                  
S                                                                                                                                  
                                                                                                                                   
S                ----------=====+==--IZIZXMOOM)----------                       +MOOOZZ))XOOOAAX)===IIXAXOMAZIIZZXMOOOOOOMAMAOOOOOO
S                                          --                                     ==-     ---            -         ------    ---++=
S                                                                                                                                  
S                                                                                                                                  
S                                                                                                                                  
S                                                                                                                                  
S                                                                                                                                  
                                                                                                                                   
S             -----========+===))))IZXZAMXXMMZZXXZZXXXXMX=--=-                --OOOOOOA))ZZMAOOMXXXAMOOOOOOOMMMMOOOOOOOOOOOOOOOOOOO
S                                                                               --+++=       --      --=-+==    --=++=+=+------=+++
S                                                                                 ***                    *            *          * 
S                                                                                                                                  
S                                                                                                                                  
S                                                                                                                                  
S                                                                                                                                  
                                                                                                                                   
S           ----==+==+++==+++))))IZZXAOOOOOXZXOOZZIIIZXIZIIIIXI              -=MOOOOOOAXXAOOOOOOOOOOOOOOOOOOOOOOOOOOOOOOOOOOOOOOOOO
S                                     ---=-   --                                +++++-    -==+=----=++++++++++++++++++++++=++++++++
S                                                                                ***                ********   **********    ******
S                                                                                 ..                 .......    ........       ....
S                                                                                 -                   - ---       ------       --- 
S                                                                                                                                  
S                                                                                                                                  
                                                                                                                                   
S           --===++++++++=++))))IIZOOOOOOOXAOOOOMXIIZAAXXXZZZZM=---          =XMOOOOOOOOOOMOOOOOOOOOOOOOOOOOOOOOOOOOOOOOOOOOOOOOOOO
S                                  -=++++-  ----                                -++++++++- ----==++++++++++++++++++++++++++++++++++
S                                     ***                                         ******           ***********************   ******
S                                       .                                         .....             .....................      ... 
S                                                                                   ---             ------=--------------      --  
S                                                                                                                                  
S                                                                                                                                  
                                                                                                                                   
S          --===+++++++++=++))))IIMOOOMOOIOOMXXZIIIZZXZZZZZXZZZZXAZZZ+=-   ---XZXI)++)IXMXAOOOOOOOOAOOOOOOOOOOOOOOOOOOOOOMMMMOOOOOO
S                                  --- == --                                               --===--- -----+++-----==++=+=-    ---==-
S                                                                                                                  ** *            
S                                                                                                                                  
S                                                                                                                                  
S                                                                                                                                  
S                                                                                                                                  
                                                                                                                                   
S          --===+++++++++=++)))IIZMOMOOOOAOOXMMAXMXIIZXXXXZZZZXXXXXXXXMOA=IIZOOOOOOOZZXZ=)II)ZXOMZOOOXAXMOMMXAAAOOOOOOOOOMMMAOOOOOO
S                                  - --== +-                           -     -++++=-           -  ==-    -      ---==-+==    --=++=
S                                         *                                   ****                                    *          * 
S                                         .                                     .                                                  
S                                                                                                                                  
S                                                                                                                                  
S                                                                                                                                  
                                                                                                                                   
S          --===++++))+++++)))IIIXOOOMXMOOOOMOOOOMOOXZXXXZZZXXXXXXAXAXAAXMMMOOOOOOOOOOOOOOAI++==MOOOOOMZMOMXZZIIAZAMAMOOMXXZZAAOOOX
S                                 ---   ---- =--- --                        --=+++XXX++++=       +++++   -            --       --- 
S                                                                              **********         ***                              
S                                                                               ........           ..                              
S                                                                               -=HHH==-            -                              
S                                                                                 CCC                                              
S                                                                                                                                  
                                                                                                                                   
S          -=))))))))))))))))IIIIZZZZIMOMMOOOOOOAMAMOAZIZZXXXAMAMAMMMMMMMAAMMOOOOOOOOOOOOOOOOMXOOOOOOOOOXZMOAXZAAXMMZMXXI+++)ZIZZI)
S                                      -  -----=    -                        ---++++++++XX++=  +XXXXX++=   -                       
S                                                                                 **********   ********                            
S                                                                                  .........   ........                            
S                                                                                   --==HH=-   -HHHHH=-                            
S                                                                                       CB      BBBCC                              
S                                                                                               VVV                                
                                                                                                AAA                                
S        --=ZIII))))))))))))IIII))III)OOOOOOOOOOOAMXMOIZZXXXAMMOAAMMOOMMMMMOOOOOOOOOOOOOOOOOOOOOOOOOOOOOOOOOOXXAMMMOXOZXI))+)ZZZZ)I
S                                     -------++=-    =         -    --     ------=++=++++++X++-+++XXXXX++--=-      - -             
S                                             *                                       ******** **********                          
S                                             .                                        ......  ..........                          
S                                                                                      ---=H-  --=HHHHH=                           
S                                                                                          C      BBBBB                            
S                                                                                                 VVV                              
                                                                                                  A                                
S       --IZXZZIII)))))IIIIIZZII)IIIIMOOOOOOOOOOOOMAXOZZXXAMOOOOOMOOMAMMMOOOOOOOOOOOOOOOOOOOOOOOOOOOOOOOOOOOOOAOOOOOXOXX++++))ZZZ)X
S                                     ------++++--   -      ----- --     --------=+++++++++++++++=-+XXXXX+++== =+=-- -             
S                                           ***                                        **********  *********    *                  
S                                           ...                                          ........  ........                        
S                                                                                        --------  =HHHHH=                         
S                                                                                                   BBBBB                          
S                                                                                                   VVV                            
                                                                                                    AA                             
S       -XAMOOOAXZZIIIIZZZZXXXZI)+)IZOOOAMOOOOOOOOAAXMOXXAMOOOOOOOOOZXAMMOOOOOMOOOOOOOOOOOOOOOOOOOOOOOOOOOOOOOOOOOOOOOOOOMXXMMOOOOO
S           ---                      ---  -++==+=-    =    ---------     ----- --=+++++++++++++++++-+XXXXXX+++++++=-=++=-     -=+-+
S                                          **  *                                  **  ******* ***** *************    *            *
S                                          ..                                            .... ....   ............                  
S                                           -                                              -- -==-   HHHHHH==---                   
S                                                                                                    CBBBBB                        
S                                                                                                     VVVV                         
                                                                                                                                   
S       =AOOOOOOOZII)IIIIZZZZZ))++IIAAOAMOOOOOOOOOXAXXOMXAOOOOOOOOOOAAAMOOAAXAXXMOOOOOOOOOOOOOOOOOOOOOOOOOOOOOOOOOOOOOOMXZZZMMOOOMO
S         -=++++-                     -  -+++-+=+-    +   ---==++++-    --       -+++++++++++++++++++++XXXX++++++++-+--       --- -
S            **                           ***   *                                  *********** ******************** *              
S                                          .                                       ...  ...... ...................                 
S                                          -                                        -    -- -- -----  -HHHH====--                  
S                                                                                                      CBBC                        
S                                                                                                       V                          
                                                                                                                                   
S       ZOOOOOOOAI))))))IZIIII)++)ZMMXOMMOOOOOOOOOMZZZOOXAMOOOOOOOOOOOMMOAZXXXAXAOOOOOOOOOOOOOOOOOOOOOOOOOOOOOOOOOOOOOOOOOMOOOOOOOO
S        -+++++=                      -  -+++=+-++    =-   -=+++++++=-  -        --+++++++++++++++++++++XXXX+++++++++++=-- ---=++++
S          ****                           ***                  ****                 *********** ***********************           *
S           ...                           ...                   ..                  ........... ...  ................              
S                                         -=                                        -- -------- --   - -HHHH====--- -              
S                                                                                                       BBBC                       
S                                                                                                       VV                         
                                                                                                                                   
S      -XOOOOOOMZ)+++)))II))ZII++=)XOMMMMOOOOOOOOOOXZZOOXAMOOOOOOOOOOOOOMZIZZZZZXAOOOOOOOOOOOOOOOOOOOOOOOOOOOOOOOOOOOOOOOOOOOOOOOOO
S        =+++++                     -    =+++++=++-   =-   -+++++++++=--          --+++++++++++++++++=+++XXXXXX+++++++++==-++++++++
S          ***                            ***    *            ******                ****************    ***************       **  *
S           ..                            ...                   .                    .......... ...     ...............            
S                                         ==-                                          --------  --     -HHHHHH===---              
S                                                                                                        BBBCCC                    
S                                                                                                        V                         
                                                                                                                                   
S       IOOOOOOZ))=++++)I))I)))))=+IOOOOOOOOOOOOOOOAZZOOZAOOOOOOOOOOOOOAXZZZIIIZZXMOOOOOOOOOOOOOOOOOOOOOOOOOOOOOOOOOOOOOOOOOOOOOOOO
S        --=++-                     -----+++++++++-   =-  -=+++++=+++=-            --++++++++++++++++-=++++++++XXX++++++==-++++++++
S                                        **** * *           ****   **                *********** **     ****************    **** **
S                                         ...   .            ..    .                  .......... ..      ..............      ..  ..
S                                         ==-                                         - -------  --      -==-==HHH=----            
S                                                                                                              CCC                 
S                                                                                                                                  
                                                                                                                                   
S      -)OOOOOXI+)+===+))))I+++I)++IXOOOOOOOOOOOOOOXXXOMZMOOOOOOOOOOOOMXZZZZZ))IZXMOOOOOOOOOOOOOOOOOOOOOOOOOOOOOOOOOOOOOOOOOOOOOOOO
S        =+++-                       -+=-+++++++++-   +   =++++=--=++=             --=+++++++++++++++--++-++++++++++X++++++++++++++
S         **                          *  *********         ***      *                 ********** ***    * *************************
S                                        ....   .           ..      .                 .......... ..       . .............  ........
S                                        -==-                       -                  ----=---- --         ----====H=--    ---- --
S                                                                                                                   C              
S                                                                                                                                  
                                                                                                                                   
S      -AOOOOOZ)++=====+)I+)==+))+=IMOOOOOOOOOOOOOOXXXOAXOOOOOOOMMOOOOAZZZXXZI+)IZAMOOOOOOOOOOOOOOOOOOOOOOOOXOOOOOOOOOOOOOOOOOOOOOO
S        ++++-                       -++=+++++++++-   +  =+++---  -=++              -=+++++++++++++++--=+++- =++++++++++++++++++++-
S         ***                         *  ********     *   **        **                 *************    **    *******************  
S          .                             ....  ..         ..        ..                 .......... ..          ..... ............   
S                                        ---                        --                  --------- --          -==-  -----  ----    
S                                                                                                                                  
S                                                                                                                                  
                                                                                                                                   
S      -OOOOOMI)======+++)++===))+=)OIOOOOOOOOOOOOMAZOOMOOOOOMMXXMOOOOOZIZAMAXI)IIZMOOOOOOOOOOOOOOOOOOOOOOOOOMOOOOOOOOOOMMOOMOOIOOM
S       -++++                       - +++++++++++=   -+ =+==-     -=+X=             -=+++++++++++++++=--+++-- -+X++++++-  ++ -- -- 
S          *                          ***********                   **                 ********** ***          *******             
S                                     .. ........                   ..                 .......... ..           ......              
S                                        ---   --                   -H                  --------- --           =H=---              
S                                                                    B                                          C                  
S                                                                                                                                  
                                                                                                                                   
S     --AOOOOMI)+======+++++===+)++IMIOOOOOOOOOOOOOMOOOOMZOOMMMMMMOOOOOZIIXOMMXI+)IAOOOOOOOOOOOOOOOOOOOOOOOOOOOOOOOOOOOOOOOOOOOOOOO
S        ----                         +++++++++++-- =+--  -=      -=+X+    -        -=++++++++++++++++--==+--=--+++X+++++=+++++-+++
S                                     **********                    ***               ***************           ********  **    ***
S                                      .........                    ...                ..............           .......    .     . 
S                                      - -=-- --                    -H-                 --------=- -            -=-H=--            
S                                                                    B                                             C               
S                                                                                                                                  
                                                                                                                                   
S    --=ZXXXXXI)+======+)+==--===+IIXMOOOOOOOOOOOOOOOOOI=ZOOOOOOOOOOOOOXZIMOOOX)))IZOOOOOOOOOOOOOOOOOOOOOOOOMOOOOOOOOOOOOOOOOOOOOOO
S                                     ++++++++++---=--=   +++------=+++    ---      -=++++++++++X+++++=-==+- -+--++++++++++++++-+++
S                                     *********           ***       ***               ************ **            *************  ***
S                                      ........            .        ...                ........... ..            .......  ..     . 
S                                      ------ -            -        -=-                 - ------H= -             -====-   --       
S                                                                                               C                                  
S                                                                                                                                  
                                                                                                                                   
S   ---+IIZZIZI)+=====++)+===-==+)IIZOOOOOOOOOOOOOOOOOI==ZOOOOOOOOOOOOOOIZOOOOA))IIZOOOOOOOOOOOOOOOOOOOOOOOOAOOOOOOOOOOOOOOOOOOOOOO
S                                    -=++++++++=+++---    +++=----=++++-  -=--      -=+++++++++++++++++-==+- -++--+++++++++++++++++
S                                       ******   *        ***       ***               ************ ***            *****************
S                                       ......            ...       ...                ........... ..              ................
S                                       -----              --       --                  --  ----== --              -===-----    =--
S                                                                                                                                  
S                                                                                                                                  
                                                                                                                                   
S   --=+IIZIIIII+=====++++=+====+)IZXAOOOOOOOOOOOOOOMXI+)XOOOOOOOOOOOOOOZXOOOOO)IZIZOOOOOOOOOOOOOOOOOOOOOOOOAMOOOOOOOOOOOOOOOOOOOOO
S                                     ++++++++++++--      ++++---=-=+++=  ==---     -=+++++++++++++++++=+++-  ++=+-+++++++=++++++++
S                                     * *********          **       ***                ***************              ****** ********
S                                       .........          ..       ...                ........... ..               ...... ........
S                                        ---- ---          --       --                  --   ----=  -               --=---  ----=--
S                                                                                                                                  
S                                                                                                                                  
                                                                                                                                   
S   --==IIIIIIII)+====+++=+=====+IZZAAOOOOOOOOOOOOAZIIZZXOOOOOOOOOOOOOOOXXOOOOOIIZZAOOOOOOOOOOOOOOOOOOOOOOOOAOOOOOOOOOOOOOOOOOOOOOO
S                                     ++++++++++--       -=+++==++++++++  -=---     -=+++++++++++++++++++++= -+++++++++++++++++++++
S                                     **  * ***            ***      ***                ****************  *         ****************
S                                     ..  .  ..            ..       ..                  ...  ...... ..                .... ........
S                                      -  -   -            --       --                        ----- -                 -=-- ---=----
S                                                                                                                                  
S                                                                                                                                  
                                                                                                                                   
S   --=+)))IIIII)+====+++++======)IIZZOOOOX)IXZ))I)+++)ZMOOOOOOOOOOOOOOOMXOOOOOIIZXMMOOOOOOOOOOOOOOOOOOOOOOOMOOOOOOOOOOOOOOOOOOOOOO
S                                     ++--               =++++++++=+++++  -----      -=++++++++++++++++++++= -++++++++-++++++++=+++
S                                      *                   ***      ***                ****************  **   *******   ******* ***
S                                      .                    ..      ..                  ... ..........         .  ...    ......    
S                                                           --      --                   -    ----= --            ---    -=----    
S                                                                                                                                  
S                                                                                                                                  
                                                                                                                                   
S   --=+)))))III)))==++++++======+IZXZOOMO)==I)+======)XOOOOOOOOOOOOOOOOMXOOOOOIIZXAXOOOOOOOOOOOOOOOOOOOOOOOMOOOOOOOOOOOZXOOOOOOOOO
S                                     -+ -              -=++++++++++++++  -----      -++++++++++++++++++++++ -+++++++++-  +++++-+++
S                                      *                  ********  ***                ****************  **   ********    * *** * *
S                                      .                    ..       .                  ... .  .......   .    .......        .     
S                                      -                    --       -                   -      --= --        -- ==--              
S                                                                                                                                  
S                                                                                                                                  
                                                                                                                                   
S   ---+)))))IZZ))+==+++))+))++)IZZXAOZOOOI==))=======+ZOOOOOOOOOOOOOOOOMXOOOOOIIZIXAOOOOOOOOOOOOOOOOOOOOOOOOOOOOOOOOOOOOOOOOOOMOOO
S                                    - +--              -=++++++++++++++  -==--      -+++++++++++X++++++++++--+++++++++++++++=- ---
S                                      *                  ********  ***                ****************  **    ************        
S                                                           ..      ..                  ..      ......   ..    .........           
S                                                                    -                          -H= --         -------             
S                                                                                                C                                 
S                                                                                                                                  
                                                                                                                                   
S   ---=)))))IZZI))++++))))++===++))IAZOOOOI)IIII)==+=+ZMOOOOOOOOOOOOOOOAXMOOOMZ)IIZAOOOOOOOOOOOOOOOOOOOOOOOOOOOOOOOOOOOOOOOOOOOOOO
S                                      +---              -++++++++=+++++   -=-       -+++++++++++++++++++++=-++++++++++++++++++++++
S                                      *                    ***     ****               ****************  **   *********************
S                                      .                            ..                  .      .......   ..   .......... ..........
S                                                                    -                          -=----   --   -----=--   ----- =---
S                                                                                                                                  
S                                                                                                                                  
                                                                                                                                   
S   ---=))))IIZZZI)+++++)++===-=+))ZXOZOOOOOOOOOOOA)))IZXMOOOOOOOOOOOOOOAXMOOOMXIIIXAOOOOOOOOOOOOOOOOOOOOOOOOOOOOOOOOOOOOOOOOOOOOOO
S                                    - ++=+++++++-        -++++--=--++++   ---       -++++++++++++++++++++=+++++++X++++++++++++++++
S                                       *  ******           *       ****                *************** ** *********************** 
S                                       .    ...                    ..                        .........  .  ...........  ......... 
S                                       -      -                                              --------   -  -=-- -H=-      -   -   
S                                                                                                                 C                
S                                                                                                                                  
                                                                                                                                   
S   --===)))IIZXZI)+++)+))+===-=+)IZZXXOOOOOOOOOOOOOMXZZIZMOOOOOOOOOOOOOMMMOOOXZI)ZXAOOOOOOOOOOOOOOOOOOOOOOOOOOOOOOOOOOOOOOOOOOOOOO
S                                      -+++++++++++=       ++=------++++   ---       -=++++++++++++++++++++++++++++++==--=++++++++-
S                                       ***********        **       ****                 ****************************      ** **   
S                                       .. .......         ..        ..                     ...... .... . ..........          ..   
S                                       -  -----           -         --                      ----- ---    -==---===-               
S                                                                                                                                  
S                                                                                                                                  
                                                                                                                                   
S   --===)))IIZXZII))+))))++====+)IZIZMMOOOOOOOOOOOOOOOI=)OOOOOOMMOOOOOOAMMOMMZI)IZXMOOOOOOOOOOOOOOOOOOOOOOOOOOOOOOOOOOOOOOOOOOOOOM
S                                       ++++++++====+++   -++---  --++X+   -         -=++++++++++++++++++++++++++++++=====++++++=- 
S                                       *******      *     **        **                 ***************************        ** *    
S                                        .....             ..        ..                    ....... ................           .    
S                                        -----             -         =H                    ------- ==----==-- -=--                 
S                                                                     C                                                            
S                                                                                                                                  
                                                                                                                                   
S   ---=+))IIIXXZZI))))))I)++====+)))IOMOOOOOOOOOOOMXOOOIZMOOOMMMAOOOOOOXAAMAZII)ZXAOOOOOOOOOOOOOOOOOOOOOOOOOOOOOOOOOMMXMXMMMXOXXI)
S                                     - ++++++++++-  -++   ==-    --=+X-            ---++++++++++++X+++XX++++++++++=-         -    
S                                       *********     **             **                  **************************                
S                                       .........     .              ..                   ...................... .                 
S                                       ----=-                       =H                   ---------H=-=HH=------ -                 
S                                                                     C                            C   CB                          
S                                                                                                                                  
                                                                                                                                   
S   ---=))IIIZXXZZZ)))))II)+=====++++IOOOOOOOOOOOOOMAXMOOOOOOOOOMAMOOOOMMAXXZZIIZZXMOOOOOOOOOOOOOOOOOOOOOOOOOOOOAOMXI)))ZZZXAXOAXI)
S                                     =-+++++++++++    +++++=---   --++             --+++++++++++++X++XXX+++++++ -            -    
S                                       **********     ** **         **                  **********************                    
S                                       ..........     .             ..                  ......................                    
S                                       - ---- ---                   -                    --------=H==HHH====--                    
S                                                                                                  B  CBC                          
S                                                                                                                                  
                                                                                                                                   
S   ---=)IIZZXAXXZZI))))II)++++++)++=)OOOOOOOOOOOOOOAXXOOOOOOOOOOOMOOOOOAXXZZZZZXXXAOOOOOOOOOOOOOOOOOOOOOOOOOOOOMOOMZIIIZZXAAXOXXI+
S                                     =-+++++++++++-   =+-+++++=-- --++-            -=+++++++++++++++XXXXXX+++++ --           -    
S                                       ***********     *  ***       **                 ***********************                    
S                                       ...........     .  ..                            ......................                    
S                                       - -=--  ---     -  --                            ---------=--HHHHHH=--                     
S                                                                                                    BBBBCC                        
S                                                                                                                                  
                                                                                                                                   
S    ---)IZZAOMAXZZIIII)II))++)++I)==)OOOOOOOOOOOOOOOAXOOOOOOOOOOOOOOOOOOXXZZZZZXXAOOOOOOOOOOOOOOOOOOOOOOOOOOOOOOOOMXZIIZZAMOOOOOMA
S            -                        --++++++++++++-  -+--=+++++=---=+--          -=+++++++++++++++XXXXX+++--++=--         --+--  
S                                       ***********     *   ****                       *******************    **                   
S                                       . ....  ...     .    ..                         .........  .......    ..                   
S                                         -==-   --     -    -                           -----==   -HHHHH=    -                    
S                                                                                                   BBBBC                          
S                                                                                                    V                             
                                                                                                                                   
S    ---)ZXMOOOMXXZZIIIIIII))+)))))==)OOOOOOOOOOOOOOMAXMOOMOOOOOOOOOOOOOOOMOAXXXAMOOOOOOOOOOOOOOOOOOOOOOOOOOOOOOOOOOOAXXAAOOOMOOOXZ
S           -=-                       --++++++++++++    += -=++++++====--- -      --+++++++++++-++XXXXX+++-=--=+++++-     --- ---  
S                                         *********     *    *****                     *******   ********      * **                
S                                         .....  ..           ...                       ......   ........      . .                 
S                                         -==-    -            -                        ------   -HHHHH=                           
S                                                                                                 BBBBB                            
S                                                                                                  VVVV                            
                                                                                                                                   
S     --=XOOOOOOMAXZZIIIIIIII))I)))==IOOOOOOOOOOOOOOAXZAOOAOOOOOOOOOOOOOMOOOOOOMOOOOOOOOOOOOOOOOOOOOOOOMAOOOOOOOAOMMAXAAMOOOOOOOOOA
S         -=++=-                      ---=+++++++++=    =+ --=+++++++--- ---=-- ---===++++X+++++XXXXX++  -+++++= +       --=+=+==- 
S                                          *****  *            *****                   ***************                        *    
S                                          ....                 ...                    ...............                             
S                                          ---                   -                     ---H=---=HHHHH-                             
S                                                                                         C     BBBBB                              
S                                                                                               VVVV                               
                                                                                                  A                                
S      --MOOOOOOMXAXZZIZZZZIIIIII))=)ZXOOOOOOOOOOOOOAZZAOOAMOOOOOOOOOOMAMOOOOOOOOOOOOOOOOOOOOOOOOOOOOXIZOOOMOOOOMOOOOOOOOOOOOOOOOOM
S         +++++-                       ----++++++-+=    =+  --=+++++=-   ----------=-+++XX+++XXXXX+++   --- ---- +++=---==+++++++- 
S                                          ****                 ****                 ****** ********                        * *    
S                                          ...                                        .....  .......                          .    
S                                          ---                                        -=HH=  HHHHH=-                               
S                                                                                       CB   CBBBB                                 
S                                                                                             VV                                   
                                                                                              A                                    
S       =OOOOOOOXZZZIZZZZZZZXZIII)))+ZAMOAMOOOOOOOOOXXXAOOAMMOOOOOOOOOAAAMOOOOOOOOOOOOOOOOI))ZOOOOOOZXOOOOOOOOOOOOOOOOOOOOOOOOOOOOO
S        -++++=-                        -  ++++=+-+-    -+   --=++==--    ---------+++XX++    -+++--  -+===++++++++++++++++++=+++--
S          ***                              ***                                    ******       **          *********   ***** **   
S          ..                               ..                                      .....                    .......          .    
S                                           --                                      -=HH=                     -- ---          -    
S                                                                                     CC                                           
S                                                                                                                                  
                                                                                                                                   
S       -MOOOOOMXIIIIIZXXXZZXXZIII)I)XOMOAMOOOOOOOOOMMAXAOAXAOOOOOOOMAAMMMMOOOOOOOOOOOOOMI)IZMOOOZOOOOOOOOOOOOOOOOOOOOOOOOOOOOOOOOO
S         =++=-                       - -  -+++=-+=-     -   -------       -------+++++-      ++= --=++++++++++++++++++=+++++++++++
S           *                               ***                                   *****        *     ***************    *********  
S                                            ..                                   .....        .     ...............    ..... ...  
S                                            --                                   -==-         -     -   -----=--=--       -- --   
S                                                                                                                                  
S                                                                                                                                  
                                                                                                                                   
S        -XOOOOMZI))IIIZAXAAZXXZZZIIZZMMXOOMOOOOOOOMMMAXMMXXAAOOOMMAXXAAAMMMMMMOOOOAIZXXAOMMMOOMMOOOOOOOOOOOOOOOOOOOOOOOOOOOOOOOOOO
S          ==--                          -- -+++++-           ---              --++      -   --  -++++++++++++++++++==+=+++++++++++
S                                            ***                                 **                *****************    ********** 
S                                             .                                  .                 ................       .......  
S                                             -                                                     ----   ----- --       --- =--  
S                                                                                                                                  
S                                                                                                                                  
                                                                                                                                   
S          =MOOXZII))IIIZAMOMAXXXXXXZZXXXOOOMMOOOOOMXXMXOXXXXXAMAXXAMMMAAXXAMMAOMAZZXAOOOMZOOAMOOOOOOOOOOOOOOOOOOOOOMMMMOOOOOOOOOOO
S            --            -             ---  =+++-     -                      -      -=+  --  =+++++++=---=-++--+=-    --==+-+++--
S                                              **                                               *******          *            *    
S                                               .                                                .. .                         .    
S                                                                                                --                                
S                                                                                                                                  
S                                                                                                                                  
                                                                                                                                   
S          -AMMAIII)))))ZAMMMMXZZZZIIZZIAOOOOOMOOOMMOXXOMZZZXXAMMMAXXXXXXAM= -AOOOOOZZXMOOOOOOOOOOOOOOOOOMOOOOOOOOOOOOOOOOOOOOOOOOM
S                                        =---- -+-  -  -                       ++++-    --+++==++++=+++-- -=-++=-++=----+=+++-+==- 
S                                                                              ****       **    *** **           *            *    
S                                                                               ...        .                     .            .    
S                                                                               ==-                                                
S                                                                                                                                  
S                                                                                                                                  
                                                                                                                                   
S          -=ZXZI)))))))ZAAOOAAXXZZZZIIZZAOOOOXMMAOMAOOMIZZXXXAAAXXZZXXII-    IOOOOOMZZZXZMXIIIZZMMXMMMZIIIZXMOOZOOMZZZZMMOOOOOOOAA
S                          --             ----    -  --                        -++++                          -- --       ----+--  
S                                                                               ****                                          *    
S                                                                               ...                                                
S                                                                               -=-                                                
S                                                                                                                                  
S                                                                                                                                  
                                                                                                                                   
S          ---==+)+++)))XOOOOMAXMAAAXZZZZZXMOOMMOOOOMAZIZZZZZZXZZZZXX)--       MOOOOOOOOOMMA)++IIXZZXZII++++)IXA)XXI)++=))ZZZIMXZ)+
S                        ----               =-  ---=                            ++=+++=--                                          
S                                                                                *  **                                             
S                                                                                .  .                                              
S                                                                                -  -                                              
S                                                                                                                                  
S                                                                                                                                  
                                                                                                                                   
S           ---=+++++))IXOOMOOMAOAMAXAZZXXIZXMOOOOAXIIZZIZZZZZZZZXA--          -OOOIXOOOOOOM)++)ZZZZIAII+=+++)XXIZXZ)+++))IZXIMXZ)+
S                        -- --  -             ++--                              -+-  -+++==                                        
S                                             *                                  *                                                 
S                                             .                                                                                    
S                                                                                                                                  
S                                                                                                                                  
S                                                                                                                                  
                                                                                                                                   
S            ---=+++))IIXOOOOOOMMMOXMAAMAAXOOAOXZZZXZZZZAXZZXXAX)=-             =OOMZZZAAOOOXZZZXMOOZOAAIIIIXZMMXXAZ)+++))IZXIXZZ)=
S                        ------   -        -- -                                  ++      ---      -- -                             
S                                                                                                                                  
S                                                                                                                                  
S                                                                                                                                  
S                                                                                                                                  
S                                                                                                                                  
                                                                                                                                   
S             --===+))IIAOOOMOOMMOMXMMOOMOOOOAXZZZXZZZZXOMXXX=---                IOOOMOOOMOOMZIIZXOOAOMAIIZZOMOOOOOMXZZZZZAOOMOOOAI
S                        --- --  -    -- -=+-           -                         +=- --- --      -- -      - ==-==        -- ---  
S                                                                                                                                  
S                                                                                                                                  
S                                                                                                                                  
S                                                                                                                                  
S                                                                                                                                  
                                                                                                                                   
S             ---====))IZXOOOOOOMOMXMOOOOOOOOXZI)IXZI))MMZI=-                    -OOOOOOOOOOOAXXAOOOOOOOOMMMOMOOOOOMXIIIZXXMMXMOAXI
S                         ------ -   ----=++-                                     -++++==+-+=    -++-+++-   - -----            -   
S                                         *                                        * *               **                            
S                                                                                  .                                               
S                                                                                  -                                               
S                                                                                                                                  
S                                                                                                                                  
                                                                                                                                   
S              --====)))XOOOOOOOOMMAAAOOOOOOOAZI)+)MXZ=-                          =OOOOOOOOOOOOMMOOOOOOOOMMOOOOOOOOOOOOOOOOOOOOOOOO
S                        -++++=--     ----=++                                      -+=++++++++-  ----++=-  -+=++++++-----==+++++==-
S                          **              *                                        * ***** *                    *          *  *   
S                                          .                                          ....  .                                      
S                                                                                     -- -                                         
S                                                                                                                                  
S                                                                                                                                  
                                                                                                                                   
S              ----==+)ZMOOOOOOOOOXXAXAOMAOOOXOOI=---                             --AOOOOOOOOOOOOOOOOOOOOMMMOOOOOOOOOMOOOOOOOOOOOOO
S                        -+++++---     -  --- --                                     --+++++++=--==++=+=-   --==+++=- -----++==+==-
S                          **                                                          *******        *                        *   
S                                                                                      .......                                     
S                                                                                       --- -                                      
S                                                                                                                                  
S                                                                                                                                  
                                                                                                                                   
S               ------+IXMOOOOOOOOXXZIIZAMX=----                                   --MAXOOOOOOOOOOOOOOOOOOOOOOOOOOOOOOOOOOOOOOOOOOO
S                         -++++=--                                                      -++++++--++++++++=---==++++++----==+++=+==-
S                           *                                                            *****    *******       * ***      *** *   
S                                                                                         ....      ....          .                
S                                                                                           -          -          -                
S                                                                                                                                  
S                                                                                                                                  
                                                                                                                                   
S                 ------=ZZAOOOOOOAIII+)++--                                        -=OI)OOOOOOOMAOOOOOOOOOOOOOOOOOOOOOOOOOOOOOOOOO
S                           -==---                                                    -  --=+++-  --++=++---==+++++++++==+++++++++=
S                                                                                           **       * *       ** ***    ***** *** 
S                                                                                           ..         .          ...      ... .   
S                                                                                           -                     --         - -   
S                                                                                                                                  
S                                                                                                                                  
                                                                                                                                   
S                       -==IIIZZZZZI-=---                                            -=O=+ZXOOOOOMOOOOOOOOZXAOOOOOOOOOOOOOOOOOOOOOO
S                                                                                      -    =++=- --==-+--   --==-+++=-==++++++++++
S                                                                                            *                     *       *** ****
S                                                                                                                           .. ... 
S                                                                                                                            - --- 
S                                                                                                                                  
S                                                                                                                                  
                                                                                                                                   
S                         -------==--                                                 -ZZ===+ZIZMMOOOOOOOOAXXAOOOOOOOMXAMMOOOOOOOOO
S                                                                                                 -----===    --=--=-     ----=+++=
S                                                                                                                                * 
S                                                                                                                                  
S                                                                                                                                  
S                                                                                                                                  
S                                                                                                                                  
                                                                                                                                   
S                             -                                                        =MZIX)+=-=)AXMAZAMAI+++IZMMXOOAZZXAOMOOOOOOO
S                                                                                                                  --     - -------
S                                                                                                                                  
S                                                                                                                                  
S                                                                                                                                  
S                                                                                                                                  
S                                                                                                                                  
                                                                                                                                   
S                                                                                      -OMIOOMOZ==)IMMXMMMZ)++I)IIZZAI+===IIIZZ)AZZ
S                                                                                       -  -- -                                    
S                                                                                                                                  
S                                                                                                                                  
S                                                                                                                                  
S                                                                                                                                  
S                                                                                                                                  
                                                                                                                                   
S                                                                                      -+OXXOOOOOOOOOOOOOOOOOOOOOOOOOOOOOOOOOOOOOOO
S                                                                                        =  ++++--++++++++=---==++++++----==+++=+==
S                                                                                           ***    *******       * ***      *** *  
S                                                                                           ...      ....          .               
S                                                                                            -          -          -               
S                                                                                                                                  
S                                                                                                                                  
                                                                                                                                   
S                                                                                       -OOMOOOOOMAOOOOOOOOOOOOOOOOOOOOOOOOOOOOOOOO
S                                                                                        -- =+++-  --++=++---==+++++++++==+++++++++
S                                                                                            **       * *       ** ***    ***** ***
S                                                                                            ..         .          ...      ... .  
S                                                                                            -                     --         - -  
S                                                                                                                                  
S                                                                                                                                  
                                                                                                                                   
S                                                                                        -OOXOOOOOMOOOOOOOOZXAOOOOOOOOOOOOOOOOOOOOO
S                                                                                         -- =++=- --==-+--   --==-+++=-==+++++++++
S                                                                                             *                     *       *** ***
S                                                                                                                            .. ...
S                                                                                                                             - ---
S                                                                                                                                  
S                                                                                                                                  
                                                                                                                                   
S                                                                                         -O=+ZIZMMOOOOOOOOAXXAOOOOOOOMXAMMOOOOOOOO
S                                                                                          =       -----===    --=--=-     ----=+++
S                                                                                                                                 *
S                                                                                                                                  
S                                                                                                                                  
S                                                                                                                                  
S                                                                                                                                  
                                                                                                                                   
S                                                                                          )I)+=-=)AXMAZAMAI+++IZMMXOOAZZXAOMOOOOOO
S                                                                                                                   --     - ------
S                                                                                                                                  
S                                                                                                                                  
S                                                                                                                                  
S                                                                                                                                  
S                                                                                                                                  
                                                                                                                                   
S                                                                                           ZOMOZ==)IMMXMMMZ)++I)IIZZAI+===IIIZZ)AZ
S                                                                                            - -                                   
S                                                                                                                                  
S                                                                                                                                  
S                                                                                                                                  
S                                                                                                                                  
S                                                                                                                                  
                                                                                                                                   
S                                                                                           -IIZXZI)+)XZMAMZIIIZIXXXXMZ)===)IIIZ)AZ
S                                                                                                                                  
S                                                                                                                                  
S                                                                                                                                  
S                                                                                                                                  
S                                                                                                                                  
S                                                                                                                                  
                                                                                                                                   
S                                                                                           -)MMXIII))IIAOMXIZZAXOMOMOXZ)+++IIZZ)AZ
S                                                                                                        -       - - -             
S                                                                                                                                  
S                                                                                                                                  
S                                                                                                                                  
S                                                                                                                                  
S                                                                                                                                  
                                                                                                                                   
S                                                                                           -=XOOMAXXMMOAAZIIZZMMOOOOOOOXZZZAAOOOOO
S                                                                                              --      -         ----+--      ---++
S                                                                                                                                  
S                                                                                                                                  
S                                                                                                                                  
S                                                                                                                                  
S                                                                                                                                  
                                                                                                                                   
Processing date = 04/17/15, Time = 15:26:59 File = C:\1401Pictures\FrankKing\FrankKing.raw                                          
