S----------------------------------------------------------------------------------------------------------------------==------=---
S                                                                                                                                  
S                                                                                                                                  
S                                                                                                                                  
S                                                                                                                                  
S                                                                                                                                  
S                                                                                                                                  
                                                                                                                                   
S------------------------------------------------------------------------------------------------------------=-------------------=-
S                                                                                                                                  
S                                                                                                                                  
S                                                                                                                                  
S                                                                                                                                  
S                                                                                                                                  
S                                                                                                                                  
                                                                                                                                   
S-------------------------------------------------------------------------------------------------------------------------=--------
S                                                                                                                                  
S                                                                                                                                  
S                                                                                                                                  
S                                                                                                                                  
S                                                                                                                                  
S                                                                                                                                  
                                                                                                                                   
S----------------------------------------------------------------------------------------------------------------------------------
S                                                                                                                                  
S                                                                                                                                  
S                                                                                                                                  
S                                                                                                                                  
S                                                                                                                                  
S                                                                                                                                  
                                                                                                                                   
S----------------------------------------------------------------------------------------------------------------------------------
S                                                                                                                                  
S                                                                                                                                  
S                                                                                                                                  
S                                                                                                                                  
S                                                                                                                                  
S                                                                                                                                  
                                                                                                                                   
S-------------------------------------------------------------------------------------------------------=--------=-=---------------
S                                                                                                                                  
S                                                                                                                                  
S                                                                                                                                  
S                                                                                                                                  
S                                                                                                                                  
S                                                                                                                                  
                                                                                                                                   
S-----------------------------------------------------------------------------------    -------------------------=----------------=
S                                                                                                                                  
S                                                                                                                                  
S                                                                                                                                  
S                                                                                                                                  
S                                                                                                                                  
S                                                                                                                                  
                                                                                                                                   
S-----------------------------------------------------------------------------------    ----------=--------------=-----------------
S                                                                                                                                  
S                                                                                                                                  
S                                                                                                                                  
S                                                                                                                                  
S                                                                                                                                  
S                                                                                                                                  
                                                                                                                                   
S------------------------------------------------------    --------------  --------     ---------==---------=----------------------
S                                                                                                                                  
S                                                                                                                                  
S                                                                                                                                  
S                                                                                                                                  
S                                                                                                                                  
S                                                                                                                                  
                                                                                                                                   
S------------------------------------------------------      -----------    ----        -   -----=------===------------------------
S                                                                                                                                  
S                                                                                                                                  
S                                                                                                                                  
S                                                                                                                                  
S                                                                                                                                  
S                                                                                                                                  
                                                                                                                                   
S-------------------------------------------------------      ---------     ---             ----=+-==--==--------------------------
S                                                                                                                                  
S                                                                                                                                  
S                                                                                                                                  
S                                                                                                                                  
S                                                                                                                                  
S                                                                                                                                  
                                                                                                                                   
S--------------------------------------------------------         -----     -               ----===-===----------------------------
S                                                                                                                                  
S                                                                                                                                  
S                                                                                                                                  
S                                                                                                                                  
S                                                                                                                                  
S                                                                                                                                  
                                                                                                                                   
S-----------------------------------------------------------                               ----=+---==-----------------------=---=-
S                                                                                                                                  
S                                                                                                                                  
S                                                                                                                                  
S                                                                                                                                  
S                                                                                                                                  
S                                                                                                                                  
                                                                                                                                   
S-------------------------------------------------------------                            ----===--=---------------------------=---
S                                                                                                                                  
S                                                                                                                                  
S                                                                                                                                  
S                                                                                                                                  
S                                                                                                                                  
S                                                                                                                                  
                                                                                                                                   
S---------------------------------------------------------------              --          ----===-===-=---=--------------------=---
S                                                                                                                                  
S                                                                                                                                  
S                                                                                                                                  
S                                                                                                                                  
S                                                                                                                                  
S                                                                                                                                  
                                                                                                                                   
S------------------------------------------------------------                 ---        -----=====+=--=-=-------------------------
S                                                                                                                                  
S                                                                                                                                  
S                                                                                                                                  
S                                                                                                                                  
S                                                                                                                                  
S                                                                                                                                  
                                                                                                                                   
S---------------------------------- --------------------                                 ----=)=======-----------------==----------
S                                                                                                                                  
S                                                                                                                                  
S                                                                                                                                  
S                                                                                                                                  
S                                                                                                                                  
S                                                                                                                                  
                                                                                                                                   
S-------------------------------------------------------                                -----=======---=--------------------=------
S                                                                                                                                  
S                                                                                                                                  
S                                                                                                                                  
S                                                                                                                                  
S                                                                                                                                  
S                                                                                                                                  
                                                                                                                                   
S-------------------------------- )M- ----   -----------                               -----=)=====----==-----=---=----=-----------
S                                                                                                                                  
S                                                                                                                                  
S                                                                                                                                  
S                                                                                                                                  
S                                                                                                                                  
S                                                                                                                                  
                                                                                                                                   
S------------------------------- -ZO--=+=+==---------------                           ------++=--======-=--------------------------
S                                  -                                                                                               
S                                                                                                                                  
S                                                                                                                                  
S                                                                                                                                  
S                                                                                                                                  
S                                                                                                                                  
                                                                                                                                   
S--------------------------------IIZIIIIIZZI++++++)+==---------                       ----==+-=-=======-==-------------------------
S                                                                                                                                  
S                                                                                                                                  
S                                                                                                                                  
S                                                                                                                                  
S                                                                                                                                  
S                                                                                                                                  
                                                                                                                                   
S-------------------------------Z+========+II==))+)+++++===------                    ----==)+=================-----=---------------
S                                                                                                                                  
S                                                                                                                                  
S                                                                                                                                  
S                                                                                                                                  
S                                                                                                                                  
S                                                                                                                                  
                                                                                                                                   
S------------------------======I====++=+)))=)Z)+)+++=++)+++=---------                ---=--====-=====-===-===)======--=------=-----
S                                                                                                                                  
S                                                                                                                                  
S                                                                                                                                  
S                                                                                                                                  
S                                                                                                                                  
S                                                                                                                                  
                                                                                                                                   
S---------------===============I==++++=))Z)+++Z)+)++++++++))+++++===----          -------------------------------====-=-=-=--=----=
S                                                                                                                                  
S                                                                                                                                  
S                                                                                                                                  
S                                                                                                                                  
S                                                                                                                                  
S                                                                                                                                  
                                                                                                                                   
S---------------=-===========-II==++++)IIZI)+=+I+))++++)))++)))))))+++=----      ----------------------------------==------------=-
S                                                                                                                                  
S                                                                                                                                  
S                                                                                                                                  
S                                                                                                                                  
S                                                                                                                                  
S                                                                                                                                  
                                                                                                                                   
S-----------================--X)==))IZXZI))I)+=Z+++)+)))))))II)++++))))+=---------------------------------=--=-------)+--+=--------
S                                                                                                                                  
S                                                                                                                                  
S                                                                                                                                  
S                                                                                                                                  
S                                                                                                                                  
S                                                                                                                                  
                                                                                                                                   
S-------==-===========+====-==X+=+IZMOMZ+=))))=ZI))))))))IIIII)))+++++)))====+)III+====----------------======-====-+OOO-)Z---------
S                                    -                                                                              -+-            
S                                                                                                                    *             
S                                                                                                                                  
S                                                                                                                                  
S                                                                                                                                  
S                                                                                                                                  
                                                                                                                                   
S---------==============+====-X==)AOOOZ))=+=)I)IXZI)+++)IIIZZZZZZI)))))))I)))IIZXMOOMZ))+=======---=-----=--=------=ZIII)----------
S                                  ---                                            --                                               
S                                                                                                                                  
S                                                                                                                                  
S                                                                                                                                  
S                                                                                                                                  
S                                                                                                                                  
                                                                                                                                   
S----=--===========++========-X==IOOOOXI)===)I+IXZI++=+)IIZXAMMOOXZZZZIIIIIIII))))ZAOOOAZ)))))+===---=)+=----------=)XA)=------=---
S                                 --==                         --                   -+=                                            
S                                                                                                                                  
S                                                                                                                                  
S                                                                                                                                  
S                                                                                                                                  
S                                                                                                                                  
                                                                                                                                   
S------=============+========-X=+XOOOMAZ)++)II)IAZI+=++)IIXMOOOOMMMOMMAAAAXZIZZII))IZAOOOOMZI+))+=--ZOOOOMZ)===+IZIZZI====----=----
S                                 -=-                       ----   -                  -++-           ++++                          
S                                                                                                     **                           
S                                                                                                     .                            
S                                                                                                                                  
S                                                                                                                                  
S                                                                                                                                  
                                                                                                                                   
S-----=============++===++=+==X==MOOOMXZ)+)III)XMXI=+)))IXOOMXXIIZAMMAAAAXXZIIIZXZIIIIZXOOOOOAZ))==)OOOOOOOOOOOOOOMII+-=-=-=--=----
S                                 -=-                     --                            -+++-       ++++++++----=-                 
S                                                                                         *         *******                        
S                                                                                                   ......                         
S                                                                                                   ------                         
S                                                                                                                                  
S                                                                                                                                  
                                                                                                                                   
S-----=============+====+++)+=M=+MOOOOOXI+)III+AMX)+)IIZMMAZIII)ZXOAZIIIIII)+)))ZXZIIIIIZXOOOOOAZ)=OOOOOOOOOOOOMAIMIZ==+===--------
S                                 ====-                           -                       -=++-    -++++++++=--                    
S                                                                                           *       *******                        
S                                                                                                   ...                            
S                                                                                                   --                             
S                                                                                                                                  
S                                                                                                                                  
                                                                                                                                   
S----==============++===++))+=M+)MOOOOOAZ)IIZI)MAI+IIZXXXI))IIIIZAOZ)))))))))))))IAAXXZIIZXXOOOOOAIOOOOOOOOOOOOMXI)===-==-=-=------
S                                 ==+==                           -                         -=++-  -++++++++=--                    
S                                                                                                   ***                            
S                                                                                                   ..                             
S                                                                                                   -                              
S                                                                                                                                  
S                                                                                                                                  
                                                                                                                                   
S---===============++===++)I+=OZ)MOOOOOAZIIIZ)ZOZ)IZXAZI))IIIIIIZOOII))))II))))I)IZMOOMXZZZZXMOOOOMZOOOOOOOOOOMAI+=-==-==-=--------
S                             -   =+++-        -                 --                 --        -=++  -++==-----                     
S                                   *                                                                *                             
S                                                                                                                                  
S                                                                                                                                  
S                                                                                                                                  
S                                                                                                                                  
                                                                                                                                   
S---================+===++)I))OX)XOOOOOMXZZI)ZOXII)IZZIIIIIIIIZZXOOZI))))III)))IIIZZMOOMZZXXAXXMOOOO+MOOOOOOOOMA=-=-====-=---------
S                             -   +++=-       -                  --                  --         --=-  +=------                     
S                                                                                                                                  
S                                                                                                                                  
S                                                                                                                                  
S                                                                                                                                  
S                                                                                                                                  
                                                                                                                                   
S--=================)===+))II)MMXZOOOOOOMXIIXMZZI=)ZAMAIIIIIIZZXXOOZIIII)III)))IIZZXXMOOMAAMMAXXMMOOO+MOOMOMOMZZ-=-----==------=---
S                                 -=+++-                         -=                   --          -=-  =- - -                      
S                                                                                                                                  
S                                                                                                                                  
S                                                                                                                                  
S                                                                                                                                  
S                                                                                                                                  
                                                                                                                                   
S--==============+++)+==+)+)IIMZOMOOOOOOOMAMZ++)==+ZOOOXIIZZZZXXAOOMZIIZIZZI))IZZZXAMMOOOMMMMOAAMMMOOA+MOMMMOMI)----=-===+=-=-=----
S                               - --=++--           ---          -+                   ---    -     --   -   -                      
S                                                                                                                                  
S                                                                                                                                  
S                                                                                                                                  
S                                                                                                                                  
S                                                                                                                                  
                                                                                                                                   
S--=============+++))+=++))))ZOZXOOOOOOOOMAZ+-==++)IOOOAZZZZXXXAMOOOZIZZXZZI))IZZXXMMOMAAMMMOOMMOOOOOOXIZIIZMAI)----===-==-==-+-==-
S                             -  ---===++           =+-          -+-                 -      --  ------                             
S                                                                 *                                                                
S                                                                                                                                  
S                                                                                                                                  
S                                                                                                                                  
S                                                                                                                                  
                                                                                                                                   
S-==============++++)+++++)))IOXZMOOOOOOOXI+=+++++)IAOOMXXZZXXXAMOOOXIZAAXXI)IZZZXAMMOOOMAAMOOMMOOOOOOOII)IIXZ+===-=--===--=-======
S                             -   -=--++=            =-          -++                 ---    --  -------                            
S                                      *                          *                                                                
S                                                                                                                                  
S                                                                                                                                  
S                                                                                                                                  
S                                                                                                                                  
                                                                                                                                   
S-================++))+++++))IMXXOOMIZZI+==+++++=+IZZAMOOXZXXAAMMOOOMIZMOMXIIIIZXXMMOOOOOOOOOOOOMOMAMAMMIZZZXX)+-----=--=--=-======
S                                -=                    --        -++    -           ------------ -                                 
S                                                                 **                                                               
S                                                                  .                                                               
S                                                                                                                                  
S                                                                                                                                  
S                                                                                                                                  
                                                                                                                                   
S-===============+++))==+)+))IOMOOAXIZ+==+++++)++)IXMAMOOMMMMMMMMOOOOIZMOOMZIIZZZXMOOOOOOOOOOOOOOMOOOOOOOXIZXMI------=-------=--===
S                             - --                     --        -++-   --         ----=--------- -------                          
S                                                                  *                                                               
S                                                                  .                                                               
S                                                                  -                                                               
S                                                                                                                                  
S                                                                                                                                  
                                                                                                                                   
S=============++++++)I==+++)IZOOOZIAIZ++++==+++=+IZAMMOOOOOOOOOMAOOOOIXOOOOZ)IZZZXMOOOOOOOOOOOOOOOOOOOOOAAX=)M+---=--=-=--=-=----==
S                             ---                     ---------  -++-  ----        ------------=====----                           
S                                                                  *                                                               
S                                                                  .                                                               
S                                                                  -                                                               
S                                                                                                                                  
S                                                                                                                                  
                                                                                                                                   
S==============+==++))==++++)IOXMMZAZXI+))++))++)IZXMMOOOOMAMMMMMOOOOIXMOOOXIIZZXAMMOOOOOOOOOOOOOOOOOOMAZZZ=-)+)XZIIIII+)III+)))=++
S                             -                       ----       -++-   ---         ---==------++====-                             
S                                                                  *                                                               
S                                                                  .                                                               
S                                                                  -                                                               
S                                                                                                                                  
S                                                                                                                                  
                                                                                                                                   
S=============++==++)======+))OXXOOOMMOOXI))IIIIIIZXMOOOOOAXXAAMOOOOMIXMOOOAIZZXXXMOOOOOOOOOOOOOOOOOOOMXZ)I)=ZZIIZZZ))I)IZIX))I)I))
S                             -  ---  --             =-=--      --++    ---        -----------=++-=---                             
S                                                                  *                                                               
S                                                                  .                                                               
S                                                                                                                                  
S                                                                                                                                  
S                                                                                                                                  
                                                                                                                                   
S=============++=+++)===+++))IOXXOOOOOOOOOMZ))IIIIIAOOOOOMXXXXAMOOOOAIZMOMMAIIIXXAMOOOOOOOOOOOOOOOOOOMZ)+))XZ)XIZZI)III)I)II+)++)I+
S                             -  ---===++-          ++=--       --++    -          -----------==+----                              
S                                                    *            **                                                               
S                                                                                                                                  
S                                                                                                                                  
S                                                                                                                                  
S                                                                                                                                  
                                                                                                                                   
S=============+==++)+=++++))IIOAAOOOOOOOOMOOMI)I))IMOOOOOXZZZXXAOOOOXIZMMMAXIIZZXAMMOOOOOOOOOOOOOOOOXIIZ))IZXIZAZ))=I+Z))++)++=+=))
S                             -  ----=--- --        ++---       --++                --------==-=+=--                               
S                                                   *                                                                              
S                                                   .                                                                              
S                                                                                                                                  
S                                                                                                                                  
S                                                                                                                                  
                                                                                                                                   
S===============+++)++++++)IIIOOOAOOOOOOOXZXOOMAI+IAOOOOAZZZZXXMOOOOXZZMAAXZZIZZXAMMMOOOOOOOOOOOOOOOIXIZZI)XAIIA)I+++=I)+)))=)++)==
S                             --- --=+=--   --      ----        --+=                 -------=--=+=--                               
S                                                                                                                                  
S                                                                                                                                  
S                                                                                                                                  
S                                                                                                                                  
S                                                                                                                                  
                                                                                                                                   
S===============))))++++))IZZIMOXXOOOOOOOOMXZMOOA))ZXOOMXZZZZXXMOOOOXXXAXXXZZIZZXXAMOOOOOOOOOOOOOOOXIIZOMOZZMIZI)++===))))++==+=+==
S                              =  --=++---    --     --         --+-                ------------==-    - -                         
S                                                                                                                                  
S                                                                                                                                  
S                                                                                                                                  
S                                                                                                                                  
S                                                                                                                                  
                                                                                                                                   
S===============+)))+++)))IZZIOOAMOOOOOOOMMXXZZOMXZXAXZZZIZZZZAMOOOOXXXZZZZIIIIZZXAMOOOOOOOOOOOOOOOZ))OOOOOXOXII))+=)+I)+=====)====
S                             --  --===--      -                --+-                --------=----=-   -+++- -                      
S                                                                 *                                    ***                         
S                                                                                                      ..                          
S                                                                                                                                  
S                                                                                                                                  
S                                                                                                                                  
                                                                                                                                   
S===============++))+++)))IIZIMMZMOOOOOOMMAAAAIXOXZAOOAZZIZZXXXAMOOOMXZZZZZIIIIZZXMMOOOOOOOOOOOOOOMIIOOOOOOMOX))==)II+)=====I======
S                                 -==+=-        -   --           -+-                ------==------   -++++- -                      
S                                                                                                     ***                          
S                                                                                                     ...                          
S                                                                                                      -                           
S                                                                                                                                  
S                                                                                                                                  
                                                                                                                                   
S===============+)I)+++))))IZ)ZM)AOOOOOOOMZZXAZIMMI)XMOOMXZZXXXXMOOOOAXXXZIIIIZZXMOOOOOOOOOOOMMMOOZIAOOOOOMMOZ++)III))=====+I=--=-=
S                                 =+++=--             --         --=-             -------==--   --   =++=-  -                      
S                                                                                                     **                           
S                                                                                                                                  
S                                                                                                                                  
S                                                                                                                                  
S                                                                                                                                  
                                                                                                                                   
S-=============++)I))+)))))II)IX)IOOOOOOOMZIZXOZMOZ)IZXMOOOMXXXXAOOOOOAXXXZIIIZAMOOOOOOOOOOOMXXAOMIOOOOOOOOOOXAOOZ)+=+==-=)=+-=-=--
S                                 -++++=-     -  -      ---      -----           -------==--    -  -+==--===-  --                  
S                                  ****                                                             *                              
S                                                                                                                                  
S                                                                                                                                  
S                                                                                                                                  
S                                                                                                                                  
                                                                                                                                   
S-=====++======++)I))))))))II))ZIZOOOOOOOMZ)IZMAAOX))IIZXMOOOMMAAMMOOMAXXAXZZZXAMOOOMMOOOOMMAZXMA)ZOOOOOOOOOOOOOOMAI==-====-=-=-=--
S                                 -+++++=        -        ---      --            ---  ----         ++++=+++==+=--                  
S                                   **                                                             ***                             
S                                                                                                  ..                              
S                                                                                                                                  
S                                                                                                                                  
S                                                                                                                                  
                                                                                                                                   
S-=====+++==+==+))I))I)))))I)++I+IMOOOOOOMZ+)ZXAMMAI))IIZZXMOOOOOOMXZZXXAAAXZXXMMAAAMOOOMAAAXMMXI++OOOOOOOOOOMZZIIXMX+===--=--=-===
S                                  =++++-                   ------                   ---           +++++++++=                      
S                                   **                                                             ****** **                       
S                                                                                                   .                              
S                                                                                                                                  
S                                                                                                                                  
S                                                                                                                                  
                                                                                                                                   
S--====+=++===+)))IIII)))))))+)I=)XOOOOOOAZ++IXAAAXZ)))IIZZXAMMMOOMZIIIZZXXZZXAXXXAMMOMXXXXAOAZI++-ZOOOOOOOAII))+==)IMZ=-=-=====-=-
S                                  -+++=-                       --                   -      -       +++++++                        
S                                   **                                                              *******                        
S                                                                                                   ......                         
S                                                                                                                                  
S                                                                                                                                  
S                                                                                                                                  
                                                                                                                                   
S--=======+=+++))III)))))))+)))I=)IMOOOOOMZ+))ZXMXZXZ)IIZZZXXXAAXZXXZZZZZIZZZZZZXAAMMAXXXXOOXZI+==-=IOOOOOZ)I+=+==XOI=XZ=+===-====-
S                                   ++=--                                                 --         =+++-         -               
S                                                                                                     **                           
S                                                                                                     ..                           
S                                                                                                                                  
S                                                                                                                                  
S                                                                                                                                  
                                                                                                                                   
S---=======+++))))))))))))++))+)+)IAOOOOOMI+))IIMXZXAZIZZZZXXZZZZIIIZZZZZZZZZZAMMAAAXXZXMOAZI+========+I)))+=====-)OO)-AM=====-=---
S                                   =++--                                                -                         ++              
S                                                                                                                   *              
S                                                                                                                                  
S                                                                                                                                  
S                                                                                                                                  
S                                                                                                                                  
                                                                                                                                   
S---====++=++)))))))))))))))++=I+)ZXOOOOOI)I)I))AXXAMAXZZZZZZZZZXXAAXXXXXZZXAMMMMMAZZZAMAZ))+======+++++)+===--=-=-)A)=+)-==-=--=-=
S                                   -===-                                                                                          
S                                                                                                                                  
S                                                                                                                                  
S                                                                                                                                  
S                                                                                                                                  
S                                                                                                                                  
                                                                                                                                   
S---====++++++))))))))))))))+++X))IIZMOOO)+)I))IXZAAAXXXZXXXXAMMMMMAXZZXXXAAMMMMAXZZAMAI++=+=====++))+===-=====-====+=+==+==------=
S                                     -+-                                                                                          
S                                                                                                                                  
S                                                                                                                                  
S                                                                                                                                  
S                                                                                                                                  
S                                                                                                                                  
                                                                                                                                   
S---=====++++++)+))))))))))++++ZI+ZZZAAOMXI)+=)XIZXXXXXAMAXXXXXXXZZZZZZXXXXMMMAXXXAMMZ++====++++))++=+====--=--===+=+=====-------==
S                                      -                                                                                           
S                                                                                                                                  
S                                                                                                                                  
S                                                                                                                                  
S                                                                                                                                  
S                                                                                                                                  
                                                                                                                                   
S---=====+++)+++))+))++)))I))+++XIZZXZZAIZXI)+ZZZZZZZZXXZZZZZZZZZZZZZZZZXXAXI)+)IXZ)+====+++++=+++==========-=+=+===I+==---=----+==
S                                                                                                                                  
S                                                                                                                                  
S                                                                                                                                  
S                                                                                                                                  
S                                                                                                                                  
S                                                                                                                                  
                                                                                                                                   
S---====+++++++++++)))))))IIII)+)MZIZIII+)ZIXXZIZXZZZZZIIIIIIIZIIIIIIZZI)+=----------===+++++++=========++==========)=-----=-==-=-=
S                                                                                                                                  
S                                                                                                                                  
S                                                                                                                                  
S                                                                                                                                  
S                                                                                                                                  
S                                                                                                                                  
                                                                                                                                   
S----======++++++)))))))))III)))))AXXZXIIZXXXIIZZZZZZZII)))IIIIIIII))+=------------------=====+=+=====+))=++==+=====)==-==-===+==--
S                                                                                                                                  
S                                                                                                                                  
S                                                                                                                                  
S                                                                                                                                  
S                                                                                                                                  
S                                                                                                                                  
                                                                                                                                   
S-----===+==+==+++))))))))))I)II)+IIOZZIIIZI)IIIIZZIIII)))))))I)+=------------------------======+))+++++=++=+=+=+=+=====-+=======--
S                                   -                                                                                              
S                                                                                                                                  
S                                                                                                                                  
S                                                                                                                                  
S                                                                                                                                  
S                                                                                                                                  
                                                                                                                                   
S------===+++==++++)++)))))))))III))O)))))II)IIIIZZI))))))))I)----------------------------===)=======================+=======---=--
S                                   -                                                                                              
S                                                                                                                                  
S                                                                                                                                  
S                                                                                                                                  
S                                                                                                                                  
S                                                                                                                                  
                                                                                                                                   
S--------==++====+++++++))))))))IIIIOI))I))))))IIZII))IIZIII)------       -----------------===+==========================-=-------=
S                                   -                                                                                              
S                                                                                                                                  
S                                                                                                                                  
S                                                                                                                                  
S                                                                                                                                  
S                                                                                                                                  
                                                                                                                                   
S --------===--=====+++++)++))))))I))))))+=====)I))+))IIZI+)------         -----------------==)===================-====-=-=---=----
S                                                                                                                                  
S                                                                                                                                  
S                                                                                                                                  
S                                                                                                                                  
S                                                                                                                                  
S                                                                                                                                  
                                                                                                                                   
S --------=--=--======+++=++++++)+)+)))+====+IMOOXI)++++)++=-----    ----  ------------------==========-=-==-==========-==--=--=---
S                                              --                                                                                  
S                                                                                                                                  
S                                                                                                                                  
S                                                                                                                                  
S                                                                                                                                  
S                                                                                                                                  
                                                                                                                                   
S  ----------=---=======++++====+=+XI++==+IZXXAAMMXZ)++))+=------   -------------------------==+============-==========-=-=-=--=-=-
S                                                                                                                                  
S                                                                                                                                  
S                                                                                                                                  
S                                                                                                                                  
S                                                                                                                                  
S                                                                                                                                  
                                                                                                                                   
S    ----------------------====--==I)==+IXMAZIIZIIII))I)=-------    -------------------------==++=====--=================-=-=--=-=-
S                                                                                                                                  
S                                                                                                                                  
S                                                                                                                                  
S                                                                                                                                  
S                                                                                                                                  
S                                                                                                                                  
                                                                                                                                   
S     -------------------------------)IXMXZIIIIII)==+=----------   ---------------------------========---==========-=======----=---
S                                                                                                                                  
S                                                                                                                                  
S                                                                                                                                  
S                                                                                                                                  
S                                                                                                                                  
S                                                                                                                                  
                                                                                                                                   
S       --------------------------- -)IOOOOAXI+=------ ---------   ----------------------------====================-==========-----
S                                      ----                                                                                        
S                                                                                                                                  
S                                                                                                                                  
S                                                                                                                                  
S                                                                                                                                  
S                                                                                                                                  
                                                                                                                                   
S  -    ------------------------------=)I))+=------------------    ----------------------------==+-========-=-================-----
S                                                                                                                                  
S                                                                                                                                  
S                                                                                                                                  
S                                                                                                                                  
S                                                                                                                                  
S                                                                                                                                  
                                                                                                                                   
S  --     -------------------------------- - ------------------   ------------------------------===---======================-=-=---
S                                                                                                                                  
S                                                                                                                                  
S                                                                                                                                  
S                                                                                                                                  
S                                                                                                                                  
S                                                                                                                                  
                                                                                                                                   
S   --     ---------------------------------------------------    -------------------------------==-=--===--===-======--====-=-=-==
S                                                                                                                                  
S                                                                                                                                  
S                                                                                                                                  
S                                                                                                                                  
S                                                                                                                                  
S                                                                                                                                  
                                                                                                                                   
S    --     ------------------------------------------------     --------------------------------=====================-=====---=-=-
S                                                                                                                                  
S                                                                                                                                  
S                                                                                                                                  
S                                                                                                                                  
S                                                                                                                                  
S                                                                                                                                  
                                                                                                                                   
S-     -       --------------------------------------------      ---------------------------------=========--=====-===-=====----=-=
S                                                                                                                                  
S                                                                                                                                  
S                                                                                                                                  
S                                                                                                                                  
S                                                                                                                                  
S                                                                                                                                  
                                                                                                                                   
S--              -----------------------------------------        --------------------------------===========-======-=======-=-==-=
S                                                                                                                                  
S                                                                                                                                  
S                                                                                                                                  
S                                                                                                                                  
S                                                                                                                                  
S                                                                                                                                  
                                                                                                                                   
S---                -------------------------------------        ----------------------------------====-==-==--=--========-=-======
S                                                                                                                                  
S                                                                                                                                  
S                                                                                                                                  
S                                                                                                                                  
S                                                                                                                                  
S                                                                                                                                  
                                                                                                                                   
S-----                 ---------------------------------         -----------------------------------=====---=====-========-===-===+
S                                                                                                                                  
S                                                                                                                                  
S                                                                                                                                  
S                                                                                                                                  
S                                                                                                                                  
S                                                                                                                                  
                                                                                                                                   
S--------                   ---------------------------         ------------------------------------==-===-===+=================+==
S                                                                                                                                  
S                                                                                                                                  
S                                                                                                                                  
S                                                                                                                                  
S                                                                                                                                  
S                                                                                                                                  
                                                                                                                                   
S----------                     ----------------------          -------------------------------------===----=======================
S                                                                                                                                  
S                                                                                                                                  
S                                                                                                                                  
S                                                                                                                                  
S                                                                                                                                  
S                                                                                                                                  
                                                                                                                                   
S--------------                     ----------------           --------------------------------------=------======-=-===========-==
S                                                                                                                                  
S                                                                                                                                  
S                                                                                                                                  
S                                                                                                                                  
S                                                                                                                                  
S                                                                                                                                  
                                                                                                                                   
S------------------                     ----------            ----------------------------------------=-==--==============+=====-=-
S                                                                                                                                  
S                                                                                                                                  
S                                                                                                                                  
S                                                                                                                                  
S                                                                                                                                  
S                                                                                                                                  
                                                                                                                                   
S----------------------                                      -----------------------------------------+-------===========++==+-===-
S                                                                                                                                  
S                                                                                                                                  
S                                                                                                                                  
S                                                                                                                                  
S                                                                                                                                  
S                                                                                                                                  
                                                                                                                                   
Processing date = 04/17/15, Time = 15:27:09 File = C:\1401Pictures\GeorgeAhearn\GeorgeAheran.raw                                    
