S                                                                                            =OOOOOOOOOOOOOOOOOOOOOOOOOOOOOOOOOOOOO
S                                                                                             +++X+++++++++++++++++++++++++++++++++
S                                                                                             *************************************
S                                                                                             .....................................
S                                                                                             ===H==----------=--==================
S                                                                                                C                                 
S                                                                                                                                  
                                                                                                                                   
S                                                                                            OOOOOOOOOOOOOOOOOOOOOOOOOOOOOOOOOOOOOO
S                                                                                            =++X++++++++++++++++++++++++++++++++++
S                                                                                             *************************************
S                                                                                             .....................................
S                                                                                             ==H--  ------------==================
S                                                                                               C                                  
S                                                                                                                                  
                                                                                                                                   
S                                                                                           -OOOOOOOOOOOOOOOOOOOOOOOOOOOOOOOOOOOOOO
S                                                                                            +X++++++++++++++++++++++++++++++++++++
S                                                                                            **************************************
S                                                                                            ......................................
S                                                                                            -H=---================================
S                                                                                             C                                    
S                                                                                                                                  
                                                                                                                                   
S                                                                                           OOOOOOOOOOOOOOOOOOOOOOOOOOOOOOOOOOOOOOO
S                                                                                           -++++++++++++++++++++++++++++++++++++++
S                                                                                            **************************************
S                                                                                            ......................................
S                                                                                            =--===================================
S                                                                                                                                  
S                                                                                                                                  
                                                                                                                                   
S                                                                                         -XOOOOOOOOOOOOOOOOOOOOOOOOOOOOOOOOOOOOOOO
S                                                                                           ++++++++XX+++++++++++++++++++++++++++++
S                                                                                           ***************************************
S                                                                                           .......................................
S                                                                                           -=======HH=============================
S                                                                                                   CC                             
S                                                                                                                                  
                                                                                                                                   
S                                                                                        IOOOOOOOOOOOOOOOOOOOOOOOOOOOOOOOOOOOOOOOOO
S                                                                                         ++X++XXXXXXXXXXXXXX++++++++++++++++++++++
S                                                                                         *****************************************
S                                                                                         .........................................
S                                                                                          =H==HHHHHHHHHHHHHH======================
S                                                                                           C  CCCCCCCCCCCCCC                      
S                                                                                                                                  
                                                                                                                                   
S                                                                                      =OOOOOOOOOOOOOOOOOOOOOOOOOOOOOOOOOOOOOOOOOOO
S                                                                                       ++XXXXXXXXXXXXXXXXXXX++++++++++++++++++++++
S                                                                                       *******************************************
S                                                                                       ...........................................
S                                                                                        =HHHHHHHHHHHHHHHHHHH======================
S                                                                                         CCCCCCCCCCCCCCCCCCC                      
S                                                                                                                                  
                                                                                                                                   
S                                              -)MOOMZ+=---                          -OOOOOOOOOOOOOOOOOOOOOOOOOOOOOOOOOOOOOOOOOOOOO
S                                                 --                                  -++XXXXXXXXXXXXXXXXXXXX++X+++++++++++++++++++
S                                                                                      ********************************************
S                                                                                      ............................................
S                                                                                      ==HHHHHHHHHHHHHHHHHHHH==H===================
S                                                                                        CCCCCCCCCCCCCCCCCCCC  C                   
S                                                                                                                                  
                                                                                                                                   
S                                           -MOOOOOOOOOOOMZ+--                      -OOOOOOOOOOOOOOOOOOOOOOOOOOOOOOOOOOOOOOOOOOOOOO
S                                             =+++++++++-                            +XXXXXXXXXXXXXXXX+XXXXXX+XXX++++++++++++++++++
S                                              ********                               *********************************************
S                                              ....                                   .............................................
S                                                 -                                   HHHHHHHHHHHHHHHH=HHHHHH=HHH==================
S                                                                                     CCCBBBBBCCBBBBCC CCCCCC CCC                  
S                                                                                                                                  
                                                                                                                                   
S                                          +OOOOOOOOOOOOOOOOOX=--                  -OOOOOOOOOOOOOOOOOOOOOOOOOOOOOOOOOOOOOOOOOOOOOOO
S                                           =++++++++++++++++                       +XXXXXXXXXXXXXXXXXXXXXXXXXXXX++++++++++++++++++
S                                            ***************                         **********************************************
S                                            ...............                         ..............................................
S                                            ---------------                         HHHHHHHHHHHHHHHHHHHHHHHHHHHH==================
S                                                                                    BCBBBBBBBBBBBBBBBCCCCCCCCCCC                  
S                                                                                                                                  
                                                                                                                                   
S                                       -)MOOOOOOOOOOOOOOOOOOOOXZZII)==--        -=OOOOOOOOOOOOOOOOOOOOOOOOOOOOOOOOOOOOOOOOOOOOOOOO
S                                          +++++++++++++++++++-                    +XXXXXXXXXXXXX+++++++++++++++XXXXX++++++++++++++
S                                          ******************                      ************************************************
S                                           .............  ..                      ................................................
S                                           ------------                            HHHHHHHHHHHHH===============HHHHH==============
S                                                                                   BBBBBBBBBBBCC               CCCCC              
S                                                                                                                                  
                                                                                                                                   
S                                     =OOOOOOOOOOOOOOOOOOOOOMOOOMAXXAOMAXXI)=---==OOOOOOOOOOOOOOOOOOOOOOOOOOOOOOOOOOOOOOOOOOOOOOOOO
S                                      -++++++++++++++++=--- ---     -            +XXXXXXXXXXX+++++++++++++++++++++++++++++++++++++
S                                       ***************                            ************************************************
S                                       ..............                             ................................................
S                                        --==--==-----                             HHHHHHHHHHH=------  -     ----==================
S                                                                                  BBBBBBBBBBC                                     
S                                                                                                                                  
                                                                                                                                   
S                                  -=MOOOOOOOOOOOOOOOOOOOOOOOOOOOMMMMXXXXMMMOMAZI)OOOOOOOOOOOOOOOOOOOOOOOOOOOOOOOOOOOOOOOOOOOOOOOOO
S                                     +++++++++++++++++++++++=-=-           -     +XXXXXXXXX+++++++++++++++++++++++++++++++++++++++
S                                     **********************                      *********************   * ***********************
S                                      ...................                        .................            ....................
S                                      --===-=======-----                         -HHHHHHHHH=---                ----===============
S                                                                                  BBBBBBBBB                                       
S                                                                                                                                  
                                                                                                                                   
S                               -=ZOOOOOOOOOOOOOOOOOOOOOOOOOOOOOOOOOOOOOOOMOOOOOXXOOOOOOOOOOOOOOOOOOOOOOOOOOOOOOOOOOOOOOOOOOOOOOOOO
S                                  -++++++++++++++++++++++++++===++=------ -----  -+XXXXXXX++++++++++++++++++++++++++++++++++++++++
S                                   **************************   *                 ****************         * *********************
S                                    ........................                      ..............              ....................
S                                    --=======--=======----                        -HHHHHHH=--                  -------============
S                                                                                   BBBBBBB                                        
S                                                                                                                                  
                                                                                                                                   
S                            -ZMOOOOOOOOOOOOOOOOOOOOOOOOOOOOOOOOOOOOOOOOMMMMOOOOOOOOOOOOOOOOOOOOOOOOOOOOOOOOOOOOOOOOOOOOOOOOOOOOOOO
S                               -+++++++++++++++++++++++++++++=-=++=----    ----=---++XXXX++++++++++++++==+++++++++++++++++++++++++
S                                 ************************** *    *                 ***************            ********************
S                                 ....................... .                         ............                 ..................
S                                  ---==----=--=======--                            -=HHHH=--                     -------==========
S                                                                                     CBBC                                         
S                                                                                                                                  
                                                                                                                                   
S                          =XOOOOOOOOOOOOOOOOOOOOOOOOOOOOOOOOOOOOOOOOOOOOOOOOOOOOOOOOOOOOOOOOOOOOOOOOOOOOOOOOOOOOOOOOOOOOOOOOOOOOOO
S                            =+++++++++++++++++X+++++===-------===--------------=-==--+++++++++++++++++++===+++++++++++++++++++++++
S                             ***********************                                 ************             ********************
S                              .....................                                  ........                   ..................
S                               --=--------====H==--                                  -- ---                        ------=========
S                                              C                                                                                   
S                                                                                                                                  
                                                                                                                                   
S                       -)MOOOOOOOOOOOOOOOOOOOOOOOOOOOOOOMMOOOOOOOOOOOOOOOOOOOOOOOMMOOOOOOOOOOOOOOOOOOOOOOOOOOOOOOOOOOOOOOOOOOOOOOO
S                          =++++++++++++++++++++++=------  -------=---==----------  ---=+++++++++++++++++=====+++++++++++++++++++++
S                           **********************                                      **********             ********************
S                            ....................                                                                  ................
S                            ----------------==--                                                                   -------========
S                                                                                                                                  
S                                                                                                                                  
                                                                                                                                   
S                     -MOOOOOOOOOOOOOOOOOOOOOOOOOOOOOOOMMMMMOOOOOOOOOOOOOOOOOOMAMAOOOOOOOOOOOOOOOOOOOOOOOOOOOOOOOOOOOOOOOOOOOOOOOOO
S                       =++++++++++++++++X++++++==-----     ------=--==--++=--    ---=---==++++++++++++++======++++++++++++++++++++
S                         **********************                                            ****** *            *******************
S                         .....................                                             ..                    .................
S                          -----------===H==---                                                                    --------========
S                                        C                                                                                         
S                                                                                                                                  
                                                                                                                                   
S                   -IOOOOOOOOOOOOOOOOOOOOOOOOOOOOOOOOMMMMMOOOOOOOOOOOOOOOOOOOOOOOOOOOOOOOOOOOOOOOOOOOOOOOOOOOOOOOOOOOOOOOOOOOOOOOO
S                     -+++++++++++++++X++++++++=------     --------==+===---=-+=--==--===--=++++++++++++++=====++++++++++++++++++++
S                       *********************                                                *** *               ******************
S                        ...................                                                 ..                   .................
S                        ---=======--=H==--                                                                          -------=======
S                                     C                                                                                            
S                                                                                                                                  
                                                                                                                                   
S               --=IOOOOOOOOOOOOOOOOOOOOOOOOOOOOOOOOOMMMMMMOOOOOOOOOOOOOOOOOOOOOOOOOOOOOOOOOOOOOOOOOOOOOOOOOOOOOOOOOOOOOOOOOOOOOOOO
S                   -++++++++++++++++++++++=---------      ---------=+=======+====+++++++=--=+++++++++++++=====++++++++++++++++++++
S                     *******************                                          *           **                 *****************
S                      ................                                                        .                   ................
S                      --======-------                                                                              --------=======
S                                                                                                                                  
S                                                                                                                                  
                                                                                                                                   
S              IOOOOOOOOOOOOOOOOOOOOOOOOOOOOOOOOOOOOMMMMMMMOOOOOOOOOOOOOOOOOOOOOOOOOOOOOOOOOOOOOOOOOOOOOOOOOOOOOOOOOOOOOOOOOOOOOOOO
S               ---+++XX+++++++++=++=====------==---       --------=+=+==-=++++++++++++-+++-=-=++++++++++++=====+++++++++++++++++++
S                  *************                                            ******** *             *             ******************
S                  ..........                                                ......                                ................
S                  ---HH=----                                                ------                                  -------=======
S                     CC                                                                                                           
S                                                                                                                                  
                                                                                                                                   
S            =MOOOOOOOOOOOOOOOOOOOOOOOOOOOOOOOOOOOOOMMMMMMOOOOOOOOOOOOOOOOOOOOOOOOOOOOOOOOOOOOOOOOOOOOOOOOOOOOOOOOOOOOOOOOOOOOOOOOO
S              ==++++X++++++==-=-----------=--==+---      --------=+++++++++++++++==+==+++=---===++++++++++===+++++++++++++++++++++
S                ***********                                       ****  *********      **       **             *******************
S                 .........                                              .........                                 ................
S                 -==H=----                                               --------                                   --------======
S                    C                                                                                                             
S                                                                                                                                  
                                                                                                                                   
S          -ZOOOOOOOOOOOOOOOOOOOOOOOOOOOOOOOOOOOOOOOOOMMMMOOOOOOOOOOOOOOOOOOOOOOOOOOOOOOOOOOOOOOOOOOOOOOOOOOOOOOOOOOOOOOOOOOOOOOOOO
S            -++++++++++++=------------------=++=-----    -------=+++++++++++++++-+=----=+++==--=+++==+++=====+++++++++++++++++++++
S              **********                                         ***************         *       **            *******************
S               ........                                           . ............                                  ................
S               -=-==--                                               ----------                                     --------======
S                                                                                                                                  
S                                                                                                                                  
                                                                                                                                   
S         -IOOOOOOOOOOOOOOOOOOOOOOOOOOMMMOOOOOOOOOOOOOMMMMOOOOOOOOOOOOOOOOOOOOOOOMMAMOOOOOOOOOOOOOOOOOOOOOOOOOOOOOOOOOOOOOOOOOOOOOO
S           =+++X++++++==-------------   ----+++-=+---    -------+++++++++++++++-    -=----++=++++++++========+++++++++++++++++++++
S            *********                       ***                 **************            *       **            ******************
S             .......                         ..                  .............                                    ................
S             --H=---                                                ----------                                      --------======
S               C                                                                                                                  
S                                                                                                                                  
                                                                                                                                   
S       -IMOOOOOOOOOOOOOOOOOOOOOOOOOMMMAOOOOOOOOOOOOOOMMMMOOOOOOOOOOOOOOOOOOOOOOOOOOOOOMMMMOOOOOOOOOOOOOOOOOOOOOOOOOOOOOOOOOOOOOOOO
S          +++++++++=---------------    ----++++-+++--    ------++++++++++++++++++=----    -+=----==++======+++++++++++++++++++++++
S           *******                         ****  *              *****************                  *            ******************
S           ......                           ...                 ..  ..........  .                                .................
S            -----                            --                     ----==---                                       -------=======
S                                                                                                                                  
S                                                                                                                                  
                                                                                                                                   
S      -IOOOOOOOOOOOOOOOOOMOOMMMMOOOMMMAOOOOOOOOOOOOOOMMMOOOOOOOOOOOOOOOOOOOOOOOOOOOOOMMMAXAMOOOOOOOOOOOOOOOOOOOOOOOOOOOOOOOOOOOOOO
S        +++++++++=------- --    ---    ---+++++-+++=-   ------=+++=+++++++++++++++=--       -=-----++====+=+++++++++++++++++++++++
S        *******                            ****  *             *** **************                               ******************
S        .......                            ...   .              ..  ............                                 .................
S         -----                              -=                  --  ----------                                     --------=======
S                                                                                                                                  
S                                                                                                                                  
                                                                                                                                   
S     -)OOOOOOOOOOOOOOOOOOMOOMMMMOMMMMAAMOOOOOOOOOOOOOMMMOOOOOOOOOOOOOOOOOOOOOOOOOOOOOOOOOOMMMOOOOOOOOOOOOOOOOOOOOOOOOOOOOOOOOOOOOO
S       ++++++++==-------- --    -       --+++++=+++=-   ------++++=+++++++++++++++++------   -=-----=====+++++++++++++++++++++++++
S       *******                            *****  **            ***  ***************                             ******************
S       ......                              ...   .             ..   ..............                                ................
S        -----                               --                  -   ---- ---------                                ---------=======
S                                                                                                                                  
S                                                                                                                                  
                                                                                                                                   
S     =OOOOOOOOOOOOOOOOOOOMMMMMMMMOMAXMMOOOOOOOOOOOOOMMOOOOOOOOOOOOOOOOOOOOOOOOOOOOOOOOOOMMXZXAOOOOOOOOOOOOOOOOOOOOOOOOOOOOOOOOOOOO
S      ++++++++===--------        -     ---++X++==++=  ---=====++++-=+++++++++++++++--=--      -=-----++===++++++++++++++++++++++++
S      *******                             *****  **           ***   **** *********                           *  ******************
S       .....                              ....   ..            ..   ...   .......                                .................
S       -----                               -H-   -                  --    -------                                 ---------=======
S                                            B                                                                                     
S                                                                                                                                  
                                                                                                                                   
S    -OOOOOOOOOOOOOMOMOOOOMMMMMMAMMMAXMOOOOOOOOOOOOOOMMMOOOOOOOOOOOOOOOOOOOOOOOOOOOOOOOMAXZIZXXAOOMOOOOOOOOOOOOOOOOOOOOOOOOOOOOOOOO
S     =+++++++=---- - ----             ---=++X++=+++=   --=+++++++--=+++++=+++++++++++=         -= ---+===+++++++++++++++++++++++++
S      ******                              *****  **           ***   ***    **********                         ********************
S      ......                              ....   ..                 ...     .......                              .................
S      -----                               -=H-   --                 -=-      -----                                 -------========
S                                            C                                                                                     
S                                                                                                                                  
                                                                                                                                   
S    MOOOOOOOOOOOOOMMMMMOMMMMMMMAAAAXXXOOOOOOOOOOOOOOMMOOOOOOOOOOOOOOOOOOOOOOOOOOOOOOOOOZXXXZXXXMOOOOOOOOOOOOOOOOOOOOOOOOOOOOOOOOOO
S     ++++++++=----     -              -=+++++++++++=  --=+++++++==-=+X++++===+++++++=--         -----======+++++++++++++++++++++++
S     *******                              ***** ***       **        ****      ******                        **********************
S     ......                               ....   ..                 ....       ....                             ..................
S     -----                                -==-   -                  -H=        ----                               --------========
S                                                                     B                                                            
S                                                                                                                                  
                                                                                                                                   
S   )OOOOOOOOOOOOOMMMMMMMMMMMMAMMMAXAXXOOOOOOOOOOOOOOOOOOOOOOOOOOOOOOOOOOOOOOOOOOOOOOOOXXMAZIIXXMOOOOOOOOOOOOOOOOOOOOOOOOOOOOOOOOOO
S    +++++++++----                     -=++++X++++++-----+++++++=++==++++++===+++++++=-          -------=-=++++++++++++++++++++++++
S    ********                            ***********      ***        *****       ****                         *********************
S     .....                                ....  ..                  ....         ...                            ..................
S     -----                                -=H-   -                  -==-         --                              ----------=======
S                                            B                                                                                     
S                                                                                                                                  
                                                                                                                                   
S  -OOOOOOOOOOOOOOOMMMOMAMMAMMXMAXAAAAXAOOOOOOOOOOOOOMOOOOOOOOOOOOOOOOOOOOOOOOOOOOOOOOOOOXAXZ)IZXMOMMOOOOOOOOOOOOOOOOOOOOOOOOOOOOOO
S   -++++++++=-----   -                 =+++++++++++- -=++++++++++++++++++++++==+++++=---         -  --==--=+++++++++++++++++++++++
S    ******                              **********      **          ******     *****                           *******************
S    ......                                ........                  .....       ...                             ..................
S     ----                                 --=-  --                  --=-         --                              ----------=======
S                                                                                                                                  
S                                                                                                                                  
                                                                                                                                   
S  =OOOOOOOOOOOOOOOMMMMMAMMMMMXXAXXXXAAMOOOOOOOOOOOOOMOOOOOOOOOOOOOOOOOOOOOOOOOOOOOOOOOOOMAXIIIZXMOMMOOOOOOOOOOOOOOOOOOOOOOOOOOOOOO
S   ++++++++++=----                     -++++++++++=- -++++++++++++++++++++++==+++++++==-         -  ---=--====++++++++++++++++++++
S    ******                               *********     ****  *************     ** *                            *******************
S    ......                                .......                   .....       .                               ..................
S     ----                                 ----  -                   -==-                                          ---------=======
S                                                                                                                                  
S                                                                                                                                  
                                                                                                                                   
S  ZOOOOOOOOOOOOOOOMAAMMMMAMMMMXXXXXAMAAOOOOOOOOOOOOOOOOOOOOOOOOOOOOOOOOOOOOOOOOOOOOOOOXXZAXZIIIZMOOMOOOOOOOOOOOOOOOOOOOOOOOOOOOOOO
S   +++++++=++=----                     -=+++++++++=---+++++++++++++++++++++++++++=++=-           -- ------==++++++++++++++++++++++
S   ******* *                              *******          * **************  ***  **                          ********************
S    ......                                .... ..             .  .  .....                                       ..................
S     ----                                 ---= --                   ----                                          ----------======
S                                                                                                                                  
S                                                                                                                                  
                                                                                                                                   
S -OOOOOOOOOOOOOOMOMAXAMMMAAAAAXAXXAMMMAMOOOOOOOOOOOOOOOOOOOOOOOOOOOOOOOOOOOOOOOOOOOOOOOOMZZZZZZZZAOMOOOOOOOOOOOOOOOOOOOOOOOOOOOOOO
S  -+++++++=++--- -                      -=+++++++==--==----=++++++++++++++++++++++++==--          - ------===+++++++++++++++++++++
S   ******* *                              *******           ****************    ***                           ********************
S    .....                                 .... .            .....   .....        ..                             ..................
S    -----                                  ---               ----      --        --                               ----------======
S                                                                                                                                  
S                                                                                                                                  
                                                                                                                                   
S IOOOOOOOOOOOOOOMMAAAAAAAAAXAXXXXXXAAAMMOOOOOOOOOOOOOOOOMOOOOOOOOOOOOOOOOOOOOOOOOOOOOOOOOOOMAMOAMMMMMOOOOOOOOOOOOOOOOOOOOOOOOOOOOO
S  +++++++++++---                        -=+++++++=---=-- --+++++++++++=++++++++++++++++----   -      -----==++++++++++++++++++++++
S   ******* *                               *** *           ******  **  *****  ********                       *********************
S   ......                                  ...             .....    .  ..     ....                              ..................
S    -----                                  --               -=--       --       -                                 ----------======
S                                                                                                                                  
S                                                                                                                                  
                                                                                                                                   
S MOOOOOOOOOOOOOOMAXAMAXAAAAAMXXXXXXAAMMMMOOOOOOOOOOOOOOMOOOOOOOOOOOOOOOOOOOOOOOOOOOOOOOOOOOOMZXMOOOOOOOOOOOOOOOOOOOOOOOOOOOOOOOOOO
S  +++++++++++==-                         -++++++==---=- --++++++++++++=+++++++++++++++++++--    ------=---==++++++++++++++++++++++
S   ******  *                               ****           ************ ********  ***** **                    * *******************
S   ......                                   ..             ..... .  .. ...        ....                            ................
S    ----                                    --             =---        ---        ---                               ----------====
S                                                                                                                                  
S                                                                                                                                  
                                                                                                                                   
S-OOOOOOOOOOOOOOOOMXAMMAAAMMAMXMAXAAMMMMMMOOOOOOOOOOOOOOOOOOOOOOOOOOOOOOOOOOOOOOOOOOOOOOOMMMOMMMMMAOOOOOOOOOOOOOOOOOOOOOOOOOOOOOOOO
S -+++++++=+++==--                        -=++++==---------=+++++++++++-++++++++++++++++-   -      ---+----=+++++++++++++++++++++++
S  *******                                   ***            **********   **************                        ********************
S   .....                                    ..             .......  .   ...    .......                            ................
S    ----                                                   =------      --      --- -                                ----------=-=
S                                                                                                                                  
S                                                                                                                                  
                                                                                                                                   
S+OOOOOOOOOOOOOOOOMAMMAMMMAAMAAAAXAAMMMMMMOOOOOOOOOOOOOMMOOOOOOOOOOOOOOOOOOOOOOOOOOOOOOOOOOOOOOOAAMOOOOOOOOOOOOOOOOOOOOOOOOOOOOOOOO
S -+++++++=+++=---                        --===--------  ---+++++++++++--++++++++++++++++---=---   ---=---==+++++++++++++++++++++++
S   ****** *                                                 *********   ***************                        *******************
S   .. ...                                                   ....... .   .... .........                          .   ..............
S   -- --                                                     -----      --    -------                                -------------
S                                                                                                                                  
S                                                                                                                                  
                                                                                                                                   
SIOOOOOOOOOOOOOOOOMMMMMMMMAMAXXAAAAAMMMMMMMMMMMMMMMMMOAAMMOMOOOOOOOOOOOOOOOOOOOOOOOOOOOOOOOOOOOMMOOOOOOOOOOOOOOOOOOOOOOOOOOOOOOOOOO
S ==+++++++++===--                                   -    - --=++++++++++++++++++++++++++++=---  -++=-=---===++++++++++++++++++++++
S   ********                                                   *****************  ** *****                      *******************
S   .....  .                                                   .....  .  ....        .....                       .. ...............
S    -- -                                                      --==-  -  --           -                              --------------
S                                                                                                                                  
S                                                                                                                                  
                                                                                                                                   
SZOOOOOOOOOOOOOOOOMMMMMMMMMAMAAAAAAAAMOOOMMMAXZZZXXAXZXXMOOOMOOOOOOOOOOOOOOOOOOOOOOOOOOOOOOOOMOMMOOOOOOOOOOOOOOOOOOOOOOOOOOOOOOOOOO
S ==+++++++++==---                    ---                --- -=+++++++++=++++++++++++++=+---- -  --==-----==+++++++++++++++++++++++
S   ***** **                                                   ********* *******    **                        *  ******************
S   .....                                                      ........  ....                                      ................
S   - --                                                       -===-  -  --                                           -------------
S                                                                                                                                  
S                                                                                                                                  
                                                                                                                                   
SXOOOOOOOOOOOOOOOOOOMMMMMMMMAAAAAXMAMMMOOOMAXZIIIZZIIZXAOOOOOOOOOOOOOOOOOOOOOOOOOOOOOOOOOOOOMXXXMMOOOOOOOOOOOOOOOOOOOOOOOOOOOOOOOOO
S =+++++++++++=-----                   ---              ------=++++++++--++++++++++++++=+++-      --=+-=====+++++++++++++++++++++++
S   *****  *                                                   ********  **********                              ******************
S   ....                                                       ..... .   ....  .. .                                ................
S   - --                                                       -=--      --                                           -------------
S                                                                                                                                  
S                                                                                                                                  
                                                                                                                                   
SXOOOOOOOOOOOOOOOOOOMMMMMMMMMMAAAMMMMMMOOOMMXZII+)+++IZMOOOOOOOOOOOOOOOOOOOOOOOOOOOOOOOOOOOOOMMMAMOOOOOOOOOOOOOOOOOOOOOOOOOOOOOOOOO
S =+++++++++++==----                   ---              ------=++++++++--++++++++++++===-----     -+++===++=+++++++++++++++++++++++
S   *****  **                                                  ********  ************                        *  *******************
S   .....  .                                                   ..... .   ....     ..                               ................
S     --                                                       -----     --       --                                   ------------
S                                                                                                                                  
S                                                                                                                                  
                                                                                                                                   
SAOOOOOOOOOOOOOOOOOOMMOMMMMMMMAAAMMMMMOOOOOMMXZIIIIIIIZAOOOOOOOOOOOOOOOOOOOOOOOOOOOOOOOOOOOOMAAXZMOOOOOOOOOOOOOOOOOOOOOOOOOOOOOOOOO
S =+++++++++++==----  -               -----             ------++++++++++++++++++=+++++=-----      -=+=====+++++++++++++++++++++++++
S   ****** *                                                  *********  ******   ***                           *******************
S   .....                                                      ..... ..  ....       .                              ................
S      -                                                       ----      =--                                          -------------
S                                                                                                                                  
S                                                                                                                                  
                                                                                                                                   
SXOOOOOOOOOOOOOOOOOOOOOOMMMMMMMAMMMMMOOOOOOOOOMXMMOOMMMMOOOOOOOOOOOOOOOOOOOOOOOOOOOOOOOMMXXZZAZIXOOOOOOOOOOOOOOOOOOOOOOOOOOOOOOOOOO
S =+++++++++=+----------             ---------    --    ---==+++++++++++++++++++++++++=          --++=+++++++++++++++++++++++++++++
S   ********                                                 ******************    ***                 *    *   *******************
S    ...                                                     .......  .  ....                                     . ...............
S     --                                                      ------     =--                                          -------------
S                                                                                                                                  
S                                                                                                                                  
                                                                                                                                   
SZOOOOOOOOOOOOOOOOOOOOOOMMMMMMMMMMMMOOOMMOOOOOOOOOOOOOOOOOOOOOOOOOOOOOOOOOOOOOOOOOOOOOOOOAMXZIZOOOOOOOOOOOOOOOOOOOOOOOOOOOOOOOOOOOO
S -=+++++++++==--=------            ---  -----==--==------==+++++++++++++++++++++++++++--      --=+++++++++++++++++++++++++++++++++
S   ***** **                                                *****************    *****                *       *********************
S    . .                                                     ........ .......     ....                          ... ...............
S      -                                                     --=--    ---=-        --                                   -----------
S                                                                                                                                  
S                                                                                                                                  
                                                                                                                                   
S+OOOOOOOOOOOOOOOOOOOOOOOOMMMOMMMMMMOOOOOOOOOOOOOOOOOOOOOOOOOOOOOOOOOOOOOOOOOOOOOOOOOOOOOMOMAAMOOOOOOOOOOOOOOOOOOOOOOOOOOOOOOOOOOOO
S -++++++++++==--+--------   -      --------=++++++==-==----+++++++++++++++++++++++++++=- -    ----++++++++++++++++++++++++++++++++
S    ****  **                                 ***           *****************   *******            ******      ********************
S       .                                                   ...... .. .......     ...               .           ...................
S                                                           ---=--  - ---=--       -                                 - ------------
S                                                                                                                                  
S                                                                                                                                  
                                                                                                                                   
S-OOOOOOOOOOOOOOOOOOOOOOOOOOOOMMMOMMMOOOOOOOOOOOOOOOOOOOOOOOOOOOOOOOOOOOOOOOOOOOOOOOOOOOOOOMMOOOOOOOOOOOOOOOOOOOOOOOOOOOOOOOOOOOOOO
S -=++++++++++=--=------------   -   -------++++++++=--+=---=++++++++++++X+++==++++++++=---  -----=++++++++++++++++++++++++++++++++
S   *****   *                                ******          ****************    *****             ** **     **********************
S     .                                       ....            ..............      ...                           ...................
S                                             ---             ---- --  -=H--                                        --------------=
S                                                                        C                                                         
S                                                                                                                                  
                                                                                                                                   
S ZOOOOOOOOOOOOOOOOOOOOOOOOOOOOMMMMMOOOOOOOOOOOOOOOOOOOOOOOOOOOOOOOOOOOOOOOOOOOOOOOOOOOOOOMAMAAAOOOOOOOOOOOOOOOOOOOOOOOOOOOOOOOOOOO
S  =++++++++++=-===------------     -------=+++++++++--++----=++++++++++XX++++++++++++++=-      -=++=++++++++++++++++++++++++++++++
S   *****                                   ********          **************   *******               ***     **********************
S     ..                                     ......           ....     .....     .....                .        ... ................
S                                             --              ---      -HH-      ----                                -----------===
S                                                                       BC                                                         
S                                                                                                                                  
                                                                                                                                   
S =OOOOOOOOOOOOOOOOOOOOOOOOOOOOOOOMMMMOOOOOOOOOOOOOOOOOOOOOOOOOOOOOOOOOOOOOOOOOOOOOOOOOOOOOMAAMMOOOOOOOOOOOOOOOOOOOOOOOOOOOOOOOOOOO
S  -+++++++++++=-==---------------    -----++++++++++=--+++++++++++==+=+XX++++++++++++===--     -=+++++++++++++++++++++++++++++++++
S   ******  **                              *********   *   *****      *****  *******               ****  *************************
S      ..                                    .......         ..        ....   ......                  .      ...... ...............
S                                            ---- -                    -HH-     ---                             -    -----------===
S                                                                       BC                                                         
S                                                                                                                                  
                                                                                                                                   
S -XOOOOOOOOOOOOOOOOOOOOOOOOOOOOOOMMMOOOOOOOOOOOOOOOOOOOOOOOOOOOOOOOOOOOOOOOOOOOOOOOOOOOOMOOMMMOOOOOOOOOOOOOOOOOOOOOOOOOOOOOOOOOOOO
S   ++++++++++++====-----=--------   -----=+++++++++++=-=++++++++++=-==+X++++++++++++++-- --   -+++++++++++++++++++++++++++++++++++
S    *****  **                              *********    **********    ***************           ** ***   *************************
S      ..                                   ........      ....          ...   .......                .      .......................
S                                            --=- -       ---           H-    ------                                 ----------====
S                                                                       C                                                          
S                                                                                                                                  
                                                                                                                                   
S  IOOOOOOOOOOOOOOOOOOOOOOOOOOOOOOMMOOOOOOOOOOOOOOOOOOOOOOOOOOOOOOOOOOOOOOOOOOOOOOOOOOOOXZIAMOOOOOOOOOOOOOOOOOOOOOOOOOOOOOOOOOOOOOO
S   =+++++++++++=+=+-----=--------  ------=++++++++++++--=++++++++++--=++++++++++++++==-     --=+++++++++++++++++++++++++++++++++++
S    ****** ****                            *********      ********    **************           ******* ***************************
S    . ..    .                              ........        ..         ..............             .  .     ...... .................
S                                           -=--- --                    =--   ------                                 ---------=====
S                                                                                                                                  
S                                                                                                                                  
                                                                                                                                   
S  +OOOOOOOOOOOOOOOOOOOOOOOOOOOOMMOMMOOOOOOOOOOOOOOOOOOOOOOOOOOOOOOOOOOOOOOOOOOOOOOOOOOOOOOOOOOOOOOOOOOOOOOOOOOOOOOOOOOOOOOOOOOOOOO
S   =++++++++++++++==-----------  -  -----=++++++++++++---=++++++++++=-=+++++++++++++++=+=+++=-=+++++++++++++++++++++++++++++++++++
S    ******  ***                           **********       ********    ***************          *  *******************************
S       .                                   .........        ..   ..    ..............                   ..........................
S                                           -=--- --                    ----------- --                              ----------=====
S                                                                                                                                  
S                                                                                                                                  
                                                                                                                                   
S  -OOOOOOOOOOOOOOOOOOOOOOOOOOOOOOOOMMMOMOOOOOOOOOOOOOOOOOOOOOOOOOOOOOOOOOOOOOOOOOOOOOOOOOOOOOOOOOOOOOOOOOOOOOOOOOOOOOOOOOOOOOOOOOO
S   -++++++++++++++===--------------   - -+++++++++++++-----=+++++++++++++++++++++++=+++++======+++++++++++++++++++++++++++++++++++
S     ***********                          ***********            ****************** ***         **********************************
S     .  .    ..                            .........              .    ..........    .                 ........ ..................
S                                           --==-  --                   ----=-----                                 - --------======
S                                                                                                                                  
S                                                                                                                                  
                                                                                                                                   
S  -OOOOOOOOOOOOOOOOOOOOOOOOOOOOOOOOMMMMMOOOOOOOOOOOOOOOOOOOOOOOOOOOOOOOOOOOOOOOOOOOOOOOOOOOOOOOOOOOOOOOOOOOOOOOOOOOOOOOOOOOOOOOOOO
S   -=++++++++++++++===-------------     -++++X++++++++=-------====++=++++++X++++++==------++++++++++++++++++++++++++++++++++++++++
S     *************                         **********             **   ***********            ************************************
S        .. .....                           ...... ...                  ...........              ..................................
S        -    -                              -H=-   -                   --==H=----                                 ----------======
S                                             C                             C                                                      
S                                                                                                                                  
                                                                                                                                   
S  -AOOOOOOOOOOOOOOOOOOOOOOOOOOOOOOOOMMMMOOOOOOOOOOOOOOOOOOOOOOOOOOOOOOOOOOOOOOOOOOOOOOOOOOOOOOOOOOOOOOOOOOOOOOOOOOOOOOOOOOOOOOOOOO
S    -++++++++++++++==+---=----------    -++++X++++++++=-----=---==++++=+++++++++++++++=+==++++++++++++++++++++++++++++++++++++++++
S     ** ***********                         ***** ****             ***  **********  **       *************************************
S      . .. .....                            .....  ..              ..   ..........  .          .   ...............................
S        --                                  -H=-   -                    -==-==----                           ----  --------=======
S                                             C                                                                                    
S                                                                                                                                  
                                                                                                                                   
S   )AOOOOOOOOOOOOOOOOOOOOOOOOOOOOOOOOOMMOOOOOOOOOOOOOOOOOOOOOOOOOOOOOOOOOOOOOOOOOOOOOOOOOOOOOOOOOOOOOOOOOOOOOOOOOOOOOOOOOOOOOOOOOO
S     +++++++++++++++++=-==------------  -=+=++X+++++++=-----------=+++++++++++++++++-++-++==++++++++++++++++++++++++++++++++++++++
S      *************                         ****** ***              ****************  *  *    ************************************
S      . ..   ....                           .....  ..               . .............           . .. ...............................
S         -     -                            -=H=-                        ----------                             - -------=========
S                                              C                                                                                   
S                                                                                                                                  
                                                                                                                                   
S    =MOOOOOOOOOOOOOOOOOOOOOOOOOOOOOOOMMMOOOOOOOOOOOOOOOOOOOOOOOOOOOOOOOOOOOOOOOOOOOOOOOOOOOOOOOOOOOOOOOOOOOOOOOOOOOOOOOOOOOOOOOOOO
S      +++++++++++++++++=-===---------   -==-++++++=++++-----------=+++==+++++++++++++++=--=+++++++++++++++++++++++++++++++++++++++
S      **************                        *****  ***              **    **********  *     ** ***********************************
S       . ..  .....                           ....   .                     ... .....               ................................
S         -     -                             ----                         ---  --                    ---       -- -----===========
S                                                                                                                                  
S                                                                                                                                  
                                                                                                                                   
S     =OOOOOOOOOOOOOOOOOOOOOOOOOOOOOOOOMOOOOOOOOOOOOOOOOOOOOOOOOOOOOOOOOOOOOOOOOOOOOOOOOOOOOOOOOOOOOOOOOOOOOOOOOOOOOOOOOOOOOOOOOOOO
S      -++++++++++++++++======--------- ---=--+++++=+++++----------==+++++++++++++++++++=-+++++++++++++++++++++++++++++++++++++++++
S       *************                         ***** ****               ****** **** ***     ****************************************
S         ...  ......                         ....                            .            ........................................
S                                              -=-                                          -------------------------==============
S                                                                                                                                  
S                                                                                                                                  
                                                                                                                                   
S      +OOOOOOOOOOOOOOOOOOOOOOOOOOOOOOOOOMOOOOOOOOOOOOOOOOOOOOOOOOOOOOOOOOOOOOOOOOOOOOOOOOOOOOOOOOOOOOOOOOOOOOOOOOOOOOOOOOOOOOOOOOO
S       =+++++++++++++++++====----------- ----=++++=++===--------=======+++++==+=-=+++==++++XXXX+++++++++++++++++++XX++++++++++++++
S        ************* *                       ****  *                   *          *   *******************************************
S          ... ......                          ...                                       ..........................................
S               ---                            --=                                       --=HHHH=----------=-----==HH==============
S                                                                                           CCCC                   CC              
S                                                                                                                                  
                                                                                                                                   
S       IOOOOOOOOOOOOOOOOOOOOOOOOOOOOOOOOOOOOOOOOOOOOOOOOOOMOOOOOOOOOOOOOOOOOMOOOOMOOOOOOOOOOOOOOOOOOOOOOOOOOOOOOOOOOOOOOOOOOOOOOOO
S        +++++++++++++++++==+=-----------------++++==+=---- --------=======-- ---- -==-=++XXXXXXX++++++++++++++XXXX++XX++++++++++++
S         ***************                       ***                                     *******************************************
S          ... .......                          ...                                     ...........................................
S               ----                            ---                                     -=HHHHHHH==----------==HHHH==HH============
S                                                                                         BBBBBBC              CCCC  CC            
S                                                                                                                                  
                                                                                                                                   
S        ZOOOOOOOOOOOOOOOOOOOOOOOOOOOOOOOOOOOOOOOOOOOOOOOOOOOOOOOOOOOOOOOOOOOMXAMMOMOOOOOOOOOOOOOOOOOOOOOOOOOOOOOOOOOOOOOOOOOOOOOOO
S         =+++++++++++++++++====----------------++++=---------------===+++=--     - -=+++X+XXXXXXXX+++++++++XXXXXXX++++++++++++++++
S           **************                       ***                                   ********************************************
S           ............                          .                                    ............................................
S               ----                                                                   -=H=HHHHHHHH=========HHHHHHH================
S                                                                                        C BBBBBBBC         CBCCBCC                
S                                                                                                                                  
                                                                                                                                   
S         =OOOOOOOOOOOOOOOOOOOOOOOOOOOOOOOOOOOOOOOOOOOOOOOOOMOOOOOOOOOOOOOOOOOMMOOOMOOOOOOOOOOOOOOOOOOOOOOOOOOOOOOOOOOOOOOOOOOOOOOO
S          -+++++++++++++++++++=-==----------=====+++=------ ------======-----  --- -==++X+XXXXXXXXXXXXXXXXXXXXXXXXX+++++++++++++++
S            **************                        *                                   ********************************************
S            ............                                                              ............................................
S                ----                                                                  -=H=HHHHHHHHHHHHHHHHHHHHHHHHH===============
S                                                                                        C CBBBBBBBBBBBBCCCCBBCCCCCC               
S                                                                                                                                  
                                                                                                                                   
S           IOOOOOOOOOOOOOOOOOOOOOOOOOOOOOOOOOOOOOOOOOOOOOOOOOOOOOOOOOOOOOOOOOOOMOMMI==AOOOOOOOOOOOOOOOOOOOOOOOOOOOOOOOOOOOOOOOOOOO
S            -+++++++++++++++++++======--==============------------==++++------- -      +XXXXXXXXXXXXXXXXXXXXXX++XX++++++++++++++++
S             **************                                                            *******************************************
S              ............                                                             ...........................................
S                 ----                                                                  -HHHHHHHHHHHHHHHHHHHHHH==HH================
S                                                                                        CCBBBBBBBBBBBBBBBBBCCC  CC                
S                                                                                                                                  
                                                                                                                                   
S            -IOOOOOOOOOOOOOOOOOOOOOOOOOOOOOOOOOOOOOOOOOOOOOOOOOOOOOOOOOOOOOOOOOOO)-    -OOOOOOOOOOOOOOOOOOOOOOOOOOOOOOOOOOOOOOOOOO
S              +++++++++++++++++++++========++++++++++++++==------=+++++++=-------       =+XXXXXXXXXXXXXXXXXXXXX+++++++++++++++++++
S               *****************                *****                *                   *****************************************
S               ..............                                                            .........................................
S               ----------                                                                =HHHHHHHHHHHHHHHHHHHHH===================
S                                                                                          CCCBBBCCCCCCCCCCCCCCC                   
S                                                                                                                                  
                                                                                                                                   
S              -MOOOOOOOOOOOOOOOOOOOOOOOOOOOOOOOOOOOOOOOOOOOOOOOOOOOOOOOOOOOOOOOO=        IOOOOOOOOOOOOOOOOOOOOOOOOOOOOOOOOOOOOOOOO
S                ++++++++++++++++++++++++++++++++++++++++++++++++++++++=---------          +XXXXXXXXXXXXXXXX+++++++++++++++++++++++
S                ***************************************************                       ****************************************
S                ...................       ..................                              ........................................
S                  -------------            -------------                                  -HHHHHHHHHHHHHHHH=======================
S                                                                                           CCCCCCCCCCCCCCCC                       
S                                                                                                                                  
                                                                                                                                   
S                =OOOOOOOOOOOOOOOOOOOOOOOOOOOOOOOOOOOOOOOOOOOOOOOOOOXXZZZAOAOMXZ-          =OOOOOOOOOOOOOOOOOOOOOOOOOOOOOOOOOOOOOOO
S                 -+++++++++++++++++++++++++XXXXX+++XX+++++++++++++-      - -               +XXXX+XXX++X+++++++++++++++++++++++++++
S                  ************************************************                         ***************************************
S                   ..............................................                          .......................................
S                   ---------------------===HHHHH===HH=----------                           -HHHH=HHH==H===========================
S                                           CCCCC   CC                                       CCCC CCC  C                           
S                                                                                                                                  
                                                                                                                                   
S                  +OOOOOOOOOOOOOOOOOOOOOOOOOOOOOOOOOOOOOOOOOOOOOOI-      -=II)=            =ZOOOOOOOOOOOOOOOOOOOOOOOOOOOOOOOOOOOOO
S                   =++++++++++++++++++++XXXXXX++++XXX+++++++++++-                            -++++++++++++++++++++++++++++++++++++
S                    *******************************************                               ************************************
S                    ..........................................                                 ...................................
S                    -----------------===HHHHHH====HHH=====---                                  -==-==-----------==================
S                                        CBBBBC    CCC                                                                             
S                                                                                                                                  
                                                                                                                                   
S                   -MOOOOOOOOOOOOOOOOOOOOOOOOOOOOOOOOOOOOOOOOOOO-                            -=XOOOOOOOOOOOOOOOOOOOOOOOOOOOOOOOOOO
S                     ++++++++++++++++++++++++++XXX++X+X++++++==-                                +XX+++++++++++++++++++++++++++++++
S                     ****************************************                                   **********************************
S                     .......................................                                    ..................................
S                      ----------====-=======--=HHH==H=H==---                                    =HH============-==================
S                                               CCC  C C                                          BC                               
S                                                                                                                                  
                                                                                                                                   
S                     )OOOOOOOOOOOOOOOOOOOOOOOOOOOOOOOOOOOOOOOO+                                -OOOOOOOOOOOOOOOOOOOOOOOOOOOOOOOOOO
S                      +++++++++++++XX++++++++XXXXX+++++++++++-                                  ++XX++++++++++++++++++++++++++++++
S                      ***************************************                                    *********************************
S                       ......................................                                    .................................
S                       -----------=HH====---=HHHHH========--                                     =HH==============================
S                                   CC        CBCCC                                                CB                              
S                                                                                                                                  
                                                                                                                                   
S                      -OOOOOOOOOOOOOOOOOOOOOOOOOOOOOOOOOOOOOI-                                  =OOOOOOOOOOOOOOOOOOOOOOOOOOOOOOOOO
S                       -+++++++++++++XXXXXXXXXXXXXXX+++++++=                                     ++XXX++++++++++++++++++++++++++++
S                        ***********************************                                      *********************************
S                        ...................................                                      .................................
S                        ------------=HHHHHHHHHHHHHHH==----                                       -=HHH============================
S                                     CBBCCCBBBBBBBBC                                               CBC                            
S                                                                                                                                  
                                                                                                                                   
S                        IOOOOOOOOOOOOOOOOOOOOOOOOOOOOOOOOOO=                                     OOOOOOOOOOOOOOOOOOOOOOOOOOOOOOOOO
S                         ++++++++++++++++XXXXXXX+++++++++++                                      -+++XXX++++++++++++++++++++++++++
S                          ********************************                                        ********************************
S                          ................................                                        ................................
S                          -------------==HHHHHHH===-------                                        ===HHH==========================
S                                         CCBCCCC                                                     CBC                          
S                                                                                                                                  
                                                                                                                                   
S                          +OOOOOOOOOOOOOOOOOOOOOOOOOOOOOOM-                                      =OOOOOOOOOOOOOOOOOOOOOOOOOOOOOOOO
S                           -+++++++++++++++++++++++++++++                                         +++++XXX++++++++++++++++++++++++
S                            ****************************                                          ********************************
S                             ...........................                                          ................................
S                             ---------------------------                                          -====HHH========================
S                                                                                                       CCC                        
S                                                                                                                                  
                                                                                                                                   
S                            -+XMOOOOOOOOOOOOOOOOOOOOAI+--                                        -OOOOOOOOOOOOOOOOOOOOOOOOOOOOOOOO
S                                =++++++++++++++++++=                                              ++++++++++XXXXXXX+++++++++++++++
S                                 ******************                                                *******************************
S                                  .................                                                ...............................
S                                   ----------   --                                                 =========HHHHHHH===============
S                                                                                                            CCCCCCC               
S                                                                                                                                  
                                                                                                                                   
S                               --=+IXOOMMMOOA)=---                                              --MOOOOOOOOOOOOOOOOOOOOOOOOOOOOOOO
S                                     --   --                                                       +++++++++++++XXXXXXX+++++++++++
S                                                                                                   *******************************
S                                                                                                   ...............................
S                                                                                                   =============HHHHHHH===========
S                                                                                                                CCCCCCC           
S                                                                                                                                  
                                                                                                                                   
S                                                                                               ---ZOOOOOOOOOOOOOOOOOOOOOOOOOOOOOOO
S                                                                                                   +++++++++++++++++++++++++++++++
S                                                                                                   *******************************
S                                                                                                   ...............................
S                                                                                                   -==============================
S                                                                                                                                  
S                                                                                                                                  
                                                                                                                                   
S                                                                                              ----)OOOOOOOOOOOOOOOOOOOOOOOOOOOOOOO
S                                                                                                   +++++++++++++++++++++++++++++++
S                                                                                                   *******************************
S                                                                                                    ..............................
S                                                                                                    ==============================
S                                                                                                                                  
S                                                                                                                                  
                                                                                                                                   
S                                                                                             ----=+MOOOOOOOOOOOOOOOOOOOOOOOOOOOOOO
S                                                                                                    ++++++++++++++++++++++++++++++
S                                                                                                    ******************************
S                                                                                                    ..............................
S                                                                                                    -=============================
S                                                                                                                                  
S                                                                                                                                  
                                                                                                                                   
S                                                                                            ----=+)ZOOOOOOOOOOOOOOOOOOOOOOOOOOOOOO
S                                                                                                    ++++++++++++++++++++++++++++++
S                                                                                                    ******************************
S                                                                                                     .............................
S                                                                                                     =============================
S                                                                                                                                  
S                                                                                                                                  
                                                                                                                                   
S                                                                                            ---==)IXOOOOOOOOOOOOOOOOOOOOOOOOOOOOOO
S                                                                                                    -+++++++++++++++++++++++++++++
S                                                                                                     *****************************
S                                                                                                     .............................
S                                                                                                     -============================
S                                                                                                                                  
S                                                                                                                                  
                                                                                                                                   
S                                                                                           ----=+IZAOOOOOOOOOOOOOOOOOOOOOOOOOOOOOO
S                                                                                                    -+++++++++++++++++++++++++++++
S                                                                                                     *****************************
S                                                                                                     .............................
S                                                                                                     -============================
S                                                                                                                                  
S                                                                                                                                  
                                                                                                                                   
S                                                                                           ---=+)ZAMOOOOOOOOOOOOOOOOOOOOOOOOOOOOOO
S                                                                                                    -+++++++++++++++++++++++++++++
S                                                                                                     *****************************
S                                                                                                     .............................
S                                                                                                      ============================
S                                                                                                                                  
S                                                                                                                                  
                                                                                                                                   
S                                                                                          ----=)IXMOOOOOOOOOOOOOOOOOOOOOOOOOOOOOOO
S                                                                                                   -=+++++++++++++++++++++++++++++
S                                                                                                     *****************************
S                                                                                                      ............................
S                                                                                                      -===========================
S                                                                                                                                  
S                                                                                                                                  
                                                                                                                                   
S                                                                                          ---=+)ZAOOOOOOOOOOOOOOOOOOOOOOOOOOOOOOOO
S                                                                                                  --=+++++++++++++++++++++++++++++
S                                                                                                     *****************************
S                                                                                                      ............................
S                                                                                                      -===========================
S                                                                                                                                  
S                                                                                                                                  
                                                                                                                                   
S                                                                                          ---=+IXMOOOOOOOOOOOOOOOOOOOOOOOOOOOOOOOO
S                                                                                                  -=++++++++++++++++++++++++++++++
S                                                                                                     *****************************
S                                                                                                      ............................
S                                                                                                      -===========================
S                                                                                                                                  
S                                                                                                                                  
                                                                                                                                   
Processing date = 04/17/15, Time = 15:26:02 File = C:\1401Pictures\BobFeretich\BobFeretich.raw                                      
