S                                                                                                    --    ----==+I)ZOOOOOOOOOOOOOO
S                                                                                                                    -==++++++++=--
S                                                                                                                       ******     
S                                                                                                                       .....      
S                                                                                                                           -      
S                                                                                                                                  
S                                                                                                                                  
                                                                                                                                   
S                                                                                                        --+ZAOOOOOOOOOOOOOOOOOOOOO
S                                                                                                             ++++++++++XXXXXXXXXXX
S                                                                                                              ****** *************
S                                                                                                              .....  .............
S                                                                                                              -----  -=HHHHHHHHHHH
S                                                                                                                       BBBBBBBBBBB
S                                                                                                                        VVVVVVVVVV
                                                                                                                          AAAAAA   
S                                                                                                ------=)ZXOOOOOOOOOOXXXXMOOOOOOOOO
S                                                                                                          ----+=--=-     --+++++XX
S                                                                                                                            ******
S                                                                                                                             .....
S                                                                                                                             --=HH
S                                                                                                                                BC
S                                                                                                                                  
                                                                                                                                   
S                                                                                                =OOOOOOOOOOOOOMXIOOOOOOOOOXZZIIAMX
S                                                                                                 --==++++++++-   -+++=+---        
S                                                                                                     ********     ***             
S                                                                                                      .. ...      ..              
S                                                                                                      -   --      --              
S                                                                                                                                  
S                                                                                                                                  
                                                                                                                                   
S                                                                                            -=MOOOOOOOOOOOOOOOOOAZXMOOOOOOOOOOOOOO
S                                                                                               +++++++XX+XX++++-    ++++++++=+++=-
S                                                                                               ****************      ****      *  
S                                                                                                ...............      ....         
S                                                                                                --====HH=HH==--      ---          
S                                                                                                      CC BC                       
S                                                                                                                                  
                                                                                                                                   
S                                                                                         --=MOOOOOOOOOOOOOOOOOOOOOMIXOOOOAMOAZZXZX
S                                                                                             +X++++++X++XXXXXXX++=   -=+-  -      
S                                                                                             ********************                 
S                                                                                             ....................                 
S                                                                                             -H=--===H==HHHHHHH=-                 
S                                                                                              B      C  CBBBBBB                   
S                                                                                              V          VVVVVV                   
                                                                                                             AA                    
S                                                                                  -    --=XOOOOOOOOOOOOOOOOOOOOOZZOOOOOOAXMOOMOOOO
S                                                                                           ++++++XXXXXX+XXX+++=-  ------   -- =+=-
S                                                                                           *******************                 *  
S                                                                                           ...................                    
S                                                                                            --  =HHHHHH=HHH=-                     
S                                                                                                 BBCBCC BBB                       
S                                                                                                 V       V                        
                                                                                                                                   
S                                                                                      -+))OOOAOOOOOOOOOOOOOOOOOOOOOOOOOOOOOOOOOOOO
S                                                                                          ++- -++++++++++++=---+++++++++++++++++++
S                                                                                          **   ************       ****************
S                                                                                           .   .... .......       ................
S                                                                                               -==  -====-        -----=----- -=-=
S                                                                                                                                  
S                                                                                                                                  
                                                                                                                                   
S                                                                                     -=-=XM+ZOOOOOMOOMMOOOOOOOOOOOOOOOOOOOOOOOOOOO
S                                                                                             ++++- ==  ++++++++++++XXXXX++++++XXXX
S                                                                                             ****       **************************
S                                                                                             ....         ........................
S                                                                                             --=-         -=- ----=HHHHH====--HHHH
S                                                                                                                   CCBBB      CBBB
S                                                                                                                                 V
                                                                                                                                  A
S                                                                                    ---+IIIZOOOOOXOOOOOOOOOOOOOOOOOOOOOOOOOOOOOOOO
S                                                                                            ++++- -++++XXXXXX+XXXXXXXXXX+++++XXXXX
S                                                                                            ****     *****************************
S                                                                                            ...       ............................
S                                                                                            ---       -HHHHHH=HHHHHHHHHH==-  HHHHH
S                                                                                                       CCBBBC CCCCBBBBBB     CBBBB
S                                                                                                                  VVVVV       VVVV
                                                                                                                                AAA
S                                                                                   ----)+AOOOOOOOOOOOOOOOOOOOOOOOOOOOOOOOOOOOOOOOO
S                                                                                          -=+++++++XXXXXXXXX++++++XX+++++==+++++++
S                                                                                            * **************************     *****
S                                                                                              ..........................     .....
S                                                                                               ====HHHHHHHHH======HH===-      --==
S                                                                                                   CCCBBBBBB      BB              
S                                                                                                       V                          
                                                                                                                                   
S                                                                                   ---MOOOOOOOOOOOOOOOOOOOOOOOOOOOOOOOOOMOOOOOOOOO
S                                                                                       -++-+++XXX+XX++XXXXXX+++++++++++- -===+++++
S                                                                                           ****************************      ** **
S                                                                                            ........................          .  .
S                                                                                            -=HHH=HH==HHHHHH====---               
S                                                                                              BBC CC  CBCCBB                      
S                                                                                               V                                  
                                                                                                                                   
S                                                                                  ---OOOOOOOOOOOOOOOOOOOOOOOOOOOOMOOOOOOOOOOOOOOOO
S                                                                                     +++==+XXXXXX++X++XXXXXX++++- --=+++++++++++++
S                                                                                      *   *********************      **  **  *****
S                                                                                      .   .....................       .      .....
S                                                                                      -   -HHHHHH==H==HHHHHH=--       -       --==
S                                                                                           CBBBBC  C  CBBBBB                      
S                                                                                               V       V   V                      
                                                                                                                                   
S                                                                                 -=-ZOOOOOOOOOOOOOOOOOOOOOOOOMMAOOOOOOOOOOOOOOOOOO
S                                                                                     +-+++XXXXXXX++++++X++++-   -++++++---==++++++
S                                                                                     *  ********************     ******      *****
S                                                                                     .  ...................       ....       .....
S                                                                                        -=HHHHHHH=----=H=--                  -====
S                                                                                          CBBBBBC      C                          
S                                                                                           VV                                     
                                                                                                                                   
S                                                                                -=-)OOOOOOOOOOOOOOOOOOOOOOOMMOOOOOOOOOOOOOOOOOOOOO
S                                                                                    +++++++++++++++++++++==  ---=++=-+=-++++++++++
S                                                                                    *************  ******        **      *********
S                                                                                     . .........      ..         .       .........
S                                                                                     - -=--==---      --                  ---==-==
S                                                                                                                                  
S                                                                                                                                  
                                                                                                                                   
S                                                                                ---ZOOOOOOOOOOOOOOOOOOOOOOOMOOOOOOOOOOOOOOOOOOOOOO
S                                                                                    --=+=--++++++++++++=--= ----++++XXX++X++XXXXXX
S                                                                                             ******** *         ******************
S                                                                                               ..  ..            .................
S                                                                                               -   -             --=HHH==H==HHHHHH
S                                                                                                                    CBC  C  CBBBBB
S                                                                                                                             VV   
                                                                                                                                   
S                                                                               ----MOOOMMOOOOOOOOOOOOOOOOOOOOOOOOOOOOOOOOOOOOOOOOO
S                                                                                    -+-  -=+++++++++--=++++=++++XXXXXXX++X++XXXXXX
S                                                                                           *********    *** **********************
S                                                                                           ........      .   .....................
S                                                                                           ----=-            --=HHHHHHH==H==HHHHHH
S                                                                                                                BBBBBBB  C  CBBBBB
S                                                                                                                 V  VV       V    
                                                                                                                  A                
S                                                                              ----XOOOXMOOOOOOOOOOOOOOOOOOOOOOOOOOOOOOOOOOOOOOOOOO
S                                                                                   ===  =++++++++---+++++++++X++XXXXXX+++++++XXXXX
S                                                                                          *******    *****************************
S                                                                                          ......     .............................
S                                                                                           -----     ----=--=H==HHHHHH=====-=HHHHH
S                                                                                                             C  BBCBBB       BCCCC
S                                                                                                                                  
                                                                                                                                   
S                                                                              ---=OOOMMOOOOOOOOOOOOOOOOOOOOOOOOOOOOOOOOOOOOOOOOOOO
S                                                                                  +--  =++++++++--+++++XXXX+++++XXXXXX+++++++X++++
S                                                                                  *       ******   *******************************
S                                                                                           .....    ..............................
S                                                                                           -----    -==HHHH=====HHHHHH====---H=-==
S                                                                                                       CBBC     CBCCBB       C    
S                                                                                                         V                        
                                                                                                                                   
S                           -----            -                                ----OOOOOOOOOOOOOOOOOOOOOOOOOOOOOOOOOOOOOOOOOOOOOOOOO
S                                                                                 ---+++++++X++++++++XXXXXX++++++++++++++==---+++++
S                                                                                    ***********************************      *****
S                                                                                    ........... ......................       .....
S                                                                                       ----H=--  --=HHHHHH=---  ------          --
S                                                                                           C        BBBBBB                        
S                                                                                                     VV VV                        
                                                                                                                                   
S       -                 ---------------    --                           - - --=ZOOOOOOOOOOOOOOOOOOOOOOOOOOOOOOOOOOOOOOOOOOOOOOOOO
S                                                                                 +++X+++++++++++++++++++++=-----++++++---=--++++++
S                                                                                 *************************      ******      ******
S                                                                                 .........................      ..           .....
S                                                                                 ===H=--- ---==-===--=----                   -----
S                                                                                    C                                             
S                                                                                                                                  
                                                                                                                                   
S                    -- ------ --------=--     --                            ---=OOOOOOOOOOOOOOOOOOOOOOOOOOOOOOOOOOOOOOOOOOOOOOOOOO
S                                                                                +X+++++++++++X+++++=++++++--====++++++++++++++++++
S                                                                                ******   *********   *  *       ****** ***********
S                                                                                 .....   .........   .          ......  ..........
S                                                                                 H===-   -===H=-                --  --   -- -====-
S                                                                                 C           C                                    
S                                                                                                                                  
                                                                                                                                   
S                   -- -- -------------------  --      -                    ---=MOOOOOOOOOOOOOOOOOOOOOOOOOOOOOOOOOOOOOOOOOOOOOOOOOO
S                                                                                ++++--++++++++++++--++++++-=+==+++++++++++++++++++
S                                                                                ***    ********     ** **      ******* **** ******
S                                                                                ...     .......         .       ......      .... .
S                                                                                -=       -=----                 ------       -   -
S                                                                                                                                  
S                                                                                                                                  
                                                                                                                                   
S                  --------==-=+==--------====-                        --   ---IOOXXOOOOOOOOOOOOOOOMOOOOOOOOOOOOOOOOOOOOOOOOOOOOOOO
S                                                                               =+  ++++++++++++--- -++=++=--===+++++++++++++++++++
S                                                                                   ************         *      *******************
S                                                                                    ..........                  ......      ......
S                                                                                     --- --- -                  ------      -----=
S                                                                                                                                  
S                                                                                                                                  
                                                                                                                                   
S                 -------=)I)++)+==---------+I+--------                     ---ZZMOOOOOOOOOOOOOOMOOOOOOOOOOOOOOOOOOOOOOOOOOOOOOOOOO
S                                                                                 ++++==--==-=+- ---=++++++++++++XXXXX++++++++XX+++
S                                                                                 ****               ******************************
S                                                                                 ....               ..............................
S                                                                                 -==                ----=------=HHHHH=------=HH---
S                                                                                                                CCCCC        BC   
S                                                                                                                                  
                                                                                                                                   
S                ----=)I))ZXI)+===--=====--------ZZ)+==---                 ---+MOOOOOZXAXOOOOOOOOOOOOOOOOOOOOOOOOOOOOOOOOOOOOOOOOOO
S                                                                               ++++-    -+++++++++++X++XX+++++++++++++++++++XX+XXX
S                                                                                **        ****************************************
S                                                                                ..         ...  ..................................
S                                                                                =-          --  ----H==HH-------=====-   ---HH=HHH
S                                                                                                    C  CC                   CB BBB
S                                                                                                                                VV
                                                                                                                                   
S               ----=)ZIII))+=======+==========-==+)++=++=-        --    -== =MOOOAOOOOOOOOOOOOOOOOOOOOOOOOOOOOOOOOOOOOOOOOOOOOOOOO
S                                                                              ++- =+=+++++++++++++++X+++X+++++++++++X+++++++XX+++X
S                                                                                     *********************************************
S                                                                                     .  ..........................................
S                                                                                        -=====-----=H===H-------====H=--=---HH===H
S                                                                                                    C   C           C       CC   B
S                                                                                                                                  
                                                                                                                                   
S             -----=))+=======+++++++++)+)))))++====++=+=+====-----   -=)XXAZOOAAOOOOOOOOOOOOOOOOOOOOOOOOOOOOOOOOOOOOOOOOOOOOOOOOOO
S                                                                            --  -+++++++++++++++++++X++XX+++++++XX++X+++++++++++++
S                                                                                  ************************************************
S                                                                                  ..   .................................... ......
S                                                                                  -     -=====--=--=H==HH------=HH==H=----  ------
S                                                                                                    B  CC       BC  C             
S                                                                                                                                  
                                                                                                                                   
S            -----)+-----====++))))++++====)I)I)))IZZZZZZZZZXXZI)+=--)OOOOOOOOOOOOOOOOOOOOOOOOOOOOOOOOOOOOOOOOOOOOOOOOOOOOOOOOOOOOO
S                                                                     +++++++++-------+++++++++++++++++++++++++=+++++++==++++++++++
S                                                                     *********        ************ ******** *   ******      ******
S                                                                      .......         ............ .......      .   .       ......
S                                                                      ===----         ---=--=-  -  ------                    ----=
S                                                                                                                                  
S                                                                                                                                  
                                                                                                                                   
S           ----==-----=====+++))))+++=====)ZOAXZZXMMAAXXZIXOOOOOZI+MOOOOOOOOOOOOOOOOOOOOOOOOOOOOOOOOOOOOOOOOOOOOOOOOOOOOOOOOOOOOOO
S                                            -              -----    +XXXXXXXX++=---+XXXX++++++===--++++++=--=--+++++++++++++++++++
S                                                                    ***********     **********      *****       ******  **  ******
S                                                                    ..........      ..........      .   .       ......      ......
S                                                                    =HHHHHHHH-      HHHH=----                   -   -        - --=
S                                                                     BBBBCBBC       CBBB                                          
S                                                                     V               VV                                           
                                                                      A                A                                           
S          ---=++- --=====+)IIZZIII))))ZZI+IZOOOMMMOOOOOOMXZOOOOOOOX)MOOOOOOOOOOOOOOOOOOOOOOOOOOOOOOOOOOOOOOOOOOOOOOOOOOOOOOOOOOOOO
S                                            ++-   ------   -+++++-   XXXXXXXXXX+++-XXXXXX++++++++==+++++++==+==++++++++++=--++++++
S                                                            ****     ************  *********** **  ******      *******       *****
S                                                            ....     ............  ...........      .....       ......       .....
S                                                             --      HHHHHHHHHH-   HHHHHH=----      -  --       ------       ----=
S                                                                     CBBBCBBBBC    CBBBBB                                         
S                                                                      VV    V       VVVVV                                         
                                                                       A             AAAAA                                         
S          --+)+- ---=)IIZXXXXXZZIZZZZMOOMXZOOOOOOOOOOOOOOAZZMOOOOOOOZZOOOOOOOOOOOOOOOOOOOOOOOOOOOOOOOOOOOOOOOOOOOOOOOOOOOOOOOOOOOO
S                                      --   ++----++===+=-    =++++=-  ++XXXX+++++++++XXXXX+++++++++++++++=-==--+++++++-----+++++++
S                                            *                   **    ************************  *  ******       ******      ******
S                                            .                          .......................     ......       .....       ......
S                                            -                          =HHHH=====----HHHHH=---      -               -       -=====
S                                                                        BBBC         BBBBB                                        
S                                                                        VV           VVVVV                                        
                                                                          A            A                                           
S        ---=)I=----=ZAAMMXXAMMMXXXZXMOOOOOOOOOOOOOOOOOOOOOAZZZXXXAMMMXIZOOOOOOOOOOOOOOOOOOOOOOAOOOOOOOOOOOOOOOOOOOOOOOOOOOOOOOOOOO
S                                     -==--+++-=++++++++++-              +++++++++XXX++XXXXXX++ -=--++++++---=--++++++++++++XXXXXXX
S                                           **    *******                 ********************      ******      *******************
S                                           .      ..                     ............ .......          ..      .......  ..........
S                                           -                             ------==HHH  HHHHHH-                   ----=-   -=HHHHHHH
S                                                                                 CCC  BBBBBC                               CBBBBBB
S                                                                                       VVVV                                 VVVVVV
                                                                                        A                                     A    
S       ---==++-=++)ZAMMOOOOOOOOMMXAOOOOOOOOOOOOOOOOOOOOOOOOOOOOOOOOMAAMXXOOOOOOOOOOOOOOOOOOOOOOOOOOOOOOOOOOOOOOOOOOOOOOOOOOOOOOOOO
S                       --------    ---=+++++=+++++++++++++++=+++=--      -+++++++XXXX++XXXXXX+-++++++++++++++++XXXXXX+++++XXXXXXXX
S                                       ** ** *************                ******************** ***********************************
S                                          ..  ..  .......                  ........... ......   ..................................
S                                          --  -                             ---==HHHH- HHHHHH   ----=--==-----=HHHHHH---==HHHHHHHH
S                                                                                 CCBB  BBBBBB                  BBBBBB     CBBBBBBB
S                                                                                       VVVVV                                VV  VV
                                                                                         AAAA                                      
S       ---=++-=IIIXAMMOOOOOOOOOOOMOOOMOOOOOOOOOOOOOOOOOOOOOOOOOOOOOOOOOOMOOOOOOOOOOOOOOOOOOOOOOOOOOOOOOOOOOOOOOOOOOOOOOOOOOOOOOOOO
S                      -----===--- --- -+++X+++++++++++++++++++++++++=--- -++++++++XXXX++XXXXXXXXXXXXX++XX++++++XXX++++++XXXXXXXXXX
S                                       *****************************      ********************************************************
S                                       ..... ....  ................        .......................................................
S                                       ---H=  -       ------------          ----==HHHH  HHHHHHHHHHHHH==HH--==-=HHH===--=HHHHHHHHHH
S                                          C                                       CBBB  BBBBBBBBBBCCC  BC      BBC      CCCBBBBBBB
S                                                                                        VVVVVVVVV                           V   VV
                                                                                          AAAAAAA                                  
S    - ---==+==IIIZXAMOOOOOOOOOOOOOOOOMOOOOOOOOOOOOOOOOOOOOOOOOOOOOOOOOOOOOOOOOOOOOOOOOOOOOOOOOOOOOOOOOOOOOOOOOOOOOOOOOOOOOOOOOOOOO
S                     ---==+==+=---=== -+++XX+++++++++++++++++++++++++++---=++++++++XXX+++XXXXXXXXX+++++X+++++++XX++++++XXXXXXXXXXX
S                                       *******************************     *******************************************************
S                                       ..... ....  ...................     ............ ..........................................
S                                       --=HH ----    -----------------      ----===HHH= =HHHHHHHHH=====H=---=-=HH=-====HHHHHHHHHHH
S                                          BC                                       CBB   BBBBBBBBC     C       BC      CBCBBBBBBBB
S                                          V                                                VVVVVV                          VVVVVVV
                                                                                             AAAA                            A     
S      --=))+=)IIZXXMMOOOOOOOOOOOOOOOOOOOOOOOOOOOOOOOOOOOOOOOOOOOOOOOOOOOMOOOOOOOOOOOOOOOOOOOOOOOOOOOOOOOOOOOOOOOOOOOOOOOOOOOOOOOOO
S                     --==+++++==-==+++-++XXX++++++++++++++++++++++++++=- --+++++++++XXX++++++++XXXXXXXXX++++++XX++++X+++X++XXX++XX
S                                    *  *********** *******************      ******************************************************
S                                       ..........   .................       ......................................................
S                                       --HHH-----    ---=========---        ------==HHH-=-----=HHHHHHHHH=--===HH=--=H===H==HHH==HH
S                                         CBC                                        CCC        BBBBBCCBB      CB    C   C  CBC  CC
S                                          V                                                      VVV                              
                                                                                                                                   
S     ---+))==)ZZXXAMOOOOOOOOOOOOOOOOOOOOOOOOOOOOOOOOOOOOOOOOOOOOOOOOOMAXZZOOOOOOOOOOOOOOOOOOOMXOOOOOOOOOOOOOOOOOOOOOOOOOOOOOOOOOOO
S                    ---=+++++++====+++=++XX+++++++++++++++++++X++++--     -=+++++++++XXX+++=+  +++XXXX++++++++++++++++++++++++++++
S                          ****      *  **********  ****************         **************      **********************************
S                                       ..........  ...............           .............      ................ .................
S                                       --HH=----    -====----=H=--           ----====HHH--      --HHHH==- ----   --=------ -=---=-
S                                         CC                   B                      CCC          CBBC                            
S                                                                                                   V                              
                                                                                                                                   
S     -=-)))=)ZZXXAMOOOOOOOOOOOOOOOOOOOOOOOOOOOOOOOOOOOOOOOOOOOOOOOOOOOMXXZXOOOOOOOOOOOOOOOOOOOOOOOOOOOOOOOOOOOOOOOOOOOOOOOOOOOOOOO
S                   ---=++++++++++++++=++++XX+++++=++++++++++++X++++=--     -=+++++++++XXXXX++++++++X+++++++++=++++++++++++++++++X+
S                          *****    *   **********  ********* *****           *******************  *******  *  ********************
S                                       .........   ... ...   ....            ...................  ......   .  ....................
S                                       -==HH=---   --  --    =H--             ---=====HHHHH===--  -H=---       ---==-------=====H=
S                                          BC                  C                       CCCCC        C                            C 
S                                                                                                                                  
                                                                                                                                   
S     -==II))ZZZXXMOOOOOOOOOOOOOOOOOOOOOOOOOOOOOOOMOOOXZOOOOOMOOOOOOOOOOOMXZZOOOOOOOOOOOOOOOOOOOOOOOOOOOOOOOOOOOOOOOOOOOOOOOOOOOOOO
S                  ---==+++++++++++++++=++XXX++++- -+-  +++++ +X+-==++=--    -++++++++++X+XXX+XXXX+++XXXX++++++XXXXXXXX+++++XXXXXXX
S                          ******* ***  ********         **   ***              ****************************************************
S                             .         ........         .    ..               .................... ...............................
S                                        =HHH=--         -    -H                ---=====H=HHH=HHHH= -HHHH=-=---HHHHHHHH=====HHHHHHH
S                                         CCC                  C                        C CCC CBBB   CBBC      BBBBBBCC     BBCBBBB
S                                                                                                               V  VV            VV
                                                                                                                                 A 
S     -+IZXZIZZZXAMOOOOOOOOOOOOOOOOOOOOOOOOOOOOOOXZXXXXXOOOOOOOOOOOOOOOOOOOOAMOOOOOOOOOOOOOOOOOOOOOOOOOOOOOOOOOOOOOOOOOOOOOOOOOOOOO
S                  ---=++++++++++++++++++++++++=-       +++==-+X+---=++===--  -++++++++XX++X++XXXXXX+++XXXXXX++XXXXXXX++++++XXXXX++
S                         *************  ******         **    ***               ***************************************************
S                           ...     ...  .....          .     ...               ...................................................
S                                        -==--          -     -H                 ---===HH==H==HHHHHH=-=HHHHHH--HHHHHHH======HHHHH- 
S                                                              B                       CC  C  CCCCBB   BBBCBC  BBBBBBC      BBBBB  
S                                                                                                      VV           V       V      
                                                                                                                                   
S     -)XMMXXXXXXMOOOOOOOOOOOOOOOOOOOOOOOOOOOOOMMMMAXMOXOOOOOOOOOOOOOOOOOOOOOOOOOOOOOOOOOOOOOOOOOOOOOOOOOOAOOOOOOOOOOOOOOOOOOOOOOZA
S                 ----=+++++++++++++++++=------       - -+++=++X++=++++++++++==+++X+XXXXX++++++XXXXXX++++- ++++XXXXXXX++++++XXXX+  
S                         **************                  *  *****   **   **   **************************  **********************  
S                           ...    ....                       ...              ..........................  ......................  
S                                    --                       -H-               -=H=HHHHH======HHHHHH=---  -=-=HHHHHHH=-====HHHH   
S                                                              B                  C CCBCC      CCCCCC          BBBBBBC      BBCB   
S                                                                                                              VV   V              
                                                                                                                                   
S     -)XMOMAMMXXMOOOOOOOOOOOOOOOOOOOOOOOOOOOOOOOOOOOOOOMOOOOOOOOOOOOOOOOOOOOOOOOOOOOOOOOOOOOOOOOOOOOOOOOMZOOOOOOOOOOOOOOOOOOOOOOOO
S         -       ---=++++++++++++++++++++------=-=+++++ ++++++X+++++++++++++++++XXXXXXXX+++++++XXXXXXXX+  ++++XX++XX+++++++XXXX++=
S                        ****************            *** ************************************************  *********************** 
S                           ...     ...               .  .............    .... .........................    .....................  
S                                    -                -   -  --H- ---      --  -=HHHHHHHH=======HHHHHHHH    -==HH==HH=--====HHHH=  
S                                                              C                 CCCCBBCC       CBCCCBBC       CC  CC       BBCC   
S                                                                                                     V                            
                                                                                                                                   
S     -+ZMOMMMAZXMOOOOOOOOOOOOOOOOOOOOOOOOOOOOOOOOOOOOOOOOOOOOOOOOOOOOOOOOOOOOOOOOOOOOOOOOOOOOOOOOOOOOOOOOOOOOOOOOOOOOOOOOOOOOOOOOO
S         -       ----=+++++++++++++++++++--====++++++++=++++++X++++++++++++++++XXXXXXXXXX+++++++XXXXXXX+++++++++++++++++++++++++++
S                        ****************          ***** **************************************************************************
S                            . ..   ...              ... ..............  ................................. ...........  ...........
S                                                     -- ------H------    ---- =HHHHHHHHHH=======HHHHHHH=- ----------   ---------=-
S                                                              C                CBCCCBBCCC       BBCBBBB                           
S                                                                                                   VV                             
                                                                                                                                   
S     -)ZXOMMXXXAMOOOOOOOOOOOOOOOOOOOOOOOOOOOOOOOOOOOOOOOOOOOOOOOOOOOOOOOOOOOOOOOOOOOOOOOOOOOOOOOOOOOOOOOOOOOOOOOOOOOOOOOOOOOOOOOOO
S         -       ----=++++++++++++++++++++++++++++++++++++++++X+++++++++++++++XXXXXXXXXX+++++++++XXXXXX++++++=++++++++++++++++++++
S                      * ******** ******    ******* **** ***************************************************** ********************
S                          ...       .               ..  .............   ....................................     ....  ..  .......
S                                                     -  -----=H=-----    -----HHHHHHHHHH=========HHHHHH-----      --       -------
S                                                              B               CBCCCCCCCC         CBBBBC                           
S                                                                                                  VV                              
                                                                                                                                   
S     -)XMMMAMXZXMOOOOOOOOOOOOOOOOOOOOOOOOOOOOOOOOOOOOOOOOOOOOOOOOOOOOOOOOOOOOOOOOOOOOOOOOOOOOOOOOOOOOOOOOOOOOOOOOOOOOOOOOOOOOOOOOO
S                 --=-=++++++++++++++++++++++++++++++++++++++++X+++++++++++++++XXXXXXXXXX+++++++XXXXXX+++++++++++++++++++++++++++++
S                        *******   **************    ** ***************************************************************************
S                         ...           .......         ..............   ..........................................................
S                                       --=---          --- ---H------    -----HHHHHHHHHH=======HHHHHH=-------===---=-------=-=-==-
S                                                              B               BCCCCCCCCC       CCBBBB                             
S                                                                                                  VV                              
                                                                                                                                   
S      )MOOMMOXIXMOOOOOOOOOOOOOOOOOOOOOOOOOOOOOOOOOOOOOOOOOOOOOOOOOOOOOOOOOOOOOOOOOOOOOOOOOOOOOOOOOOOOOOOOOOOOOOOOOOOOOOOOOOOOOOOOO
S        --  -    ---==+++++++++=++++++++XXX++++++++++++++++++XX+++++++++++++++XXXXXXXXXX++++++XXXXXX++X++++++XXXXXXXXXXXXXXXXXXXXX
S                        ******    *****************   ****************************************************************************
S                         ..        .  .........  ..   ...  ..........   ..........................................................
S                                      -=HHH=--        ---  --HH------    -----HHHHHHHHHH======HHHHHH==H===--=HHHHHHHHHHHHHHHHHHHHH
S                                        CBC                  CC               CCCCCCCCCC      CBBBBB  C      BBBBBBBBBBBCBBBBBBBBC
S                                                                                                  V           V  VV       VVVVVVV 
                                                                                                                            A AAA  
S      =XOOOMAXIZMOOOOOOOOOOOOOOOOOOOOOOOOOOOOOOOOOOOOOOOOOOOOOOOOOOOOOOOOOOOOOOOOOOOOOOOOOOOOOOOOOOOOOOOOOOOOOOOOOOOOOOOOOOOOOOOOO
S        ---      ---==+++++++++==++++++++XX++++++++++++++++++X++++++++++++++++XXXXXXX+++++++XXXXXXXXXXXXXXXXXXXXXXXXXXX++XXXXXXXX+
S                        *****     *****************  *****************************************************************************
S                                   .  .........  ..   ...   .........   ..........................................................
S                                      -==HH=---  -    --    -H=   --      ----HHHHHHH=======HHHHHHHHHHHHHHHHHHHHHHHHHHH==HHHHHHHH=
S                                         BC                  B                CCCCCCC       CBBBCCBBBBBCCCCCBBBBBBBCCCC  CBBBBBBC 
S                                                             V                                    V  VV      VV  VV       VVVVVV  
                                                                                                                                   
S      -)XMMIZZ))XOOOOOOOOOOOOOOOOOOOOOOOOOOOOOOOOOOOOOOOOOOOOOOOOOOOOOOOOOOOOOOOOOOOOOOOOOOOOOOOOOOOOOOOOOOOOOOOOOOOOOOOOOOOOOOOOO
S                 ---==+++++++++-=+++++++XX+++++++++++++++++++X++++++++++++++++XXXXXX+++X+X+XXXXXXXXXXXX++++++XXXXXX++++++XXXXXXXX+
S                        *****     ***********************  ***********************************************************************
S                                      ........  .... ....   ...  ....   ..........................................................
S                                      -=HH=---   --- ---    =H-           -- -HHHHHH===H=H=HHHHHHHHHHHH======HHHHHH======HHHHHHHH=
S                                        CC                   B                CCCCCC   C C CBBBBBBBBBBC      BCCCBB      CBBBBBBC 
S                                                             V                                   V   V                    V    V  
                                                                                                                                   
S      -=IAMIII))ZOOOOOOOOOOOOOOOOOOOOOOOOOOOOOOOOOOOOOOOOOOOOOOOOOOOOOOOOOOOOOOOOOOOOOOOOOOOOOOOOOOOOOOOOOOOOOOOOOOOOOOOOOOOOOOOOO
S                 ----==+++++++===+++++++XX++++++++++X+++++++XX+++++++++++++++++XXXXXX+XXXXXXXXXXXXXXXXX+++++XXXXXXXXXXXX+XXXXXXXX+
S                        *****        ********************* ***********************************************************************
S                                     ..........  ........  ...... ..     .. ......................................................
S                                      -=HH----   --=H=--    HH-              -=HHHHHH=HHHHHHHHHHHHHHHHH=====HHHHHHHHHHHH=HHHHHHHH=
S                                        BB          C       BC                 CCCCCC CBBCCBBBBBBBBBBBC     CBBBBBBCCCCC CBBBBBBC 
S                                                            V                               VVVVVVVV             V        VV  VV  
                                                                                                                                   
S       -+ZAI))))IMOOOOOOOOOOOOOOOOOOOOOOOOOOOOOOOOOOOOOOOOOOOOOOOOOOOOOOOOOOOOOOOOOOOOOOOOOOOOOOOOOOOOOOOOOOOOOOOOOOOOOOOOOOOOOOOO
S                  ------=+++++=====+++++XX++++++++++++++++++XX+++++++++++++++++XXXXXXXXXXXXXXXXXXXXXXXX++++XXXXXXXXXXXXX+XXXXXXX++
S                                     **********************************   ********************************************************
S                                     ...... ...  ...................        ......................................................
S                                     ---HH- ---   --===--  -HH--            --=HHHHHHHHHHHHHHHHHHHHHHHH====HHHHHHHHHHHHH=HHHHHHH==
S                                        BB                  BC                 CCBBBCBBBBBBBBBBCBBBBBBC    CBBBBBBBCCCCC CBBBBBB  
S                                        VV                                                 VVVV VVVVVV       VVVVV        V   VV  
                                                                                             AA   AA                               
S       -=IIXZ))IZZMOOOOOOOOOOOOOOOOOOOOOOOOOOOOOOOOOOOOOOOOOOOOOOOOOOOOOOOOOOOOOOOOOOOOOOOOOOOOOOOOOOOOOOOOOOOOOOOOOOOOOOOOOOOOOOO
S                   ------++++==---==++++XX+++++++++++++++++++X++++++++++++++++XXXXXXX++XXXXXXXXXXX++++++++++++++++++++++++++++++++
S                                    ********************************      ********************************************************
S                                     ...... ....................          .............................................. .........
S                                     ---HH- ---    ----------H=-           ---HHHHHHH==HHHHHHHHHHH===-  --  -=---=- --   -=-----  
S                                        BC                   C                CBBBBBB  BBBBBBBBBCC                                
S                                                                                         VVVVVV                                   
                                                                                           AAAA                                    
S        =+)MAI)IZXMOOOOOOOOOOOOOOOOOOOOOOOOOOOOOOOOOOOOOOOOOOOOOOOOOOOOOOOOOOOOOOOOOOOOOOOOOOOOOOOOOOOOOOOOOOOOOOOOOOOOOOOOOOOOOOO
S                   ----======------+++++++++++++++++++++++++++++++++++++++++++XXXXXX+++XXXX++XX+++++++++++++++++++++++++++++++++++
S                                    ********************************    ****************************** ***************************
S                                      ..... ......................       .............................   .  .......  .   .........
S                                       -==- --   ----------- ==--         ---=HHHHHH--=HHHH=-HH==-----      -------      -=-----  
S                                                                              BBBBBC   BBBB  CC                                   
S                                                                                 V      VVV                                       
                                                                                         AA                                        
S        =+)XOMIIZAMMOOOOOOOOOOOOOOOOOOOOOOOOOOOOOOOOOOOOOOOOOOOOOOOOOOOOOOOOOOOOOOOOOOOOOOOOOOOOOOOOOOOOOOOOOOOOOOOOOOOOOOOOOOOOOO
S            -       --====--------=++++++++++++++++++++++++++++++++++++++++++XXXXXX++XXXXX++++++++++++++++++++++++++++++++++++++++
S                                      ********************************************************************************************
S                                        ... .  ......................   ..............................  ..........................
S                                        -=  -  - ---------   -------     ---=HHHHHH==HHHHH=--=--=---=-   -  -----=- ------======--
S                                                                             CBBBBC  CBBBB                                        
S                                                                                VV    VVV                                         
                                                                                        AA                                         
S        -ZIIAOAZXAMMOOOOOOOOOOOOOOOOOOOOOOOOOOOOOOOOOOOOOOOOOOOOOOOOOOOOOOOOOOOOOOOOOOOOOOOOOOOOOOOOOOOOOOOOOOOOOOOOOOOOOOOOOOOOOO
S             -      ---------------=++=+++++++++++++++++++++++++++++++++++++XXXXXXXXXXXXXXXX++++++++++++++++++++++++++++++++++++++
S                                         **** ************************************************************************************
S                                         ..    .. ...................   ..............................  ..  ......................
S                                         --       ---------  --- ---     --=HHHHHHHHHHHHHHHH=---=---=-  -   -------  - ---=--==---
S                                                                            BBBBBCBBBBBBBCBC                                      
S                                                                              VV  VVVVVV                                          
                                                                                    AAAAA                                          
S        -XAIZMOMXXXMMMOOOOOOOOOOOOOOOOOOOOOOOOOOOOOOOOOOOOOOOOOOOOOOOOOOOOOOOOOOOOOOOOOOOOOOOOOOOOOOOOOOOOOOOOOOOOOOOOOOOOOOOOOOOO
S              -       ----------------==+++++=+++++++++++++++++++++++++++++XXXXXXXXXXXX+XX++++++++++++==+=++++++++++++++++++++++++
S                                         **    *****************    ** *******************************      ******* **************
S                                         ..        .........            ...................... ......       .......      .......  
S                                          -          --    -             -=HHHHHHHHHHHH=HH=--- ------       ------       -----=-  
S                                                                           BBBBBCCBBBBB CB                                        
S                                                                            VVV    VVVV                                           
                                                                              A     AAA                                            
S         =MXZAOOMAXAMOOMOOOOOOOOOOOMMOOOOOOOOOOOOOOOOOOOOOOOOOOOOOOOOOOOOOOOOOOOOOOOOOOOOOOOOOOOOOOOOOOOOOOOOOOOOOOOOOOOOOOOOOOOOO
S              --     -- -----------  ---++++==++++++++++++++++++++++++++++XXXXX++++++XXXX+++++++++++++++++++++++XX+++++++XXXXXX+++
S                                          *      *  ********  *  *****************************************************************
S                                          .                             ..........................................................
S                                                                        -=HHHHH======HHHH=---  -=---=- -----====HH=------HHHHHH=--
S                                                                          BBBCC      CCBB                       CC       CBCCCB   
S                                                                          VVV                                                     
                                                                            A                                                      
S         -ZOIZMOOOMXXMMOOMOOOOOOOOOOOOOOOOOOOOOOOOOOOOOOOOOOOOOOOOOOOOOOOOOOOOOOOOOOOOOOOOOOOOOOOOOOOOOOOOOOOOOOOOOOOOOOOOOOOOOOOO
S           -   ---     -- --------------==+=-======+++++++++++++++++++++XXX++++++++++XXXXX++++++XXXXXX++X+++XXXXXXX+XXX++XXXXXXXXX
S                                                     **  **********  *************************************************************
S                                                            ......    ............................................................
S                                                             ----      -HHH=--------=HHHHH====-=HHHHHH==H===HHHHHHH=HHH==HHHHHHHHH
S                                                                        CBB          BBBBC      BBBBBB  C   BBBBBBC CCC  BBBBBBBCC
S                                                                         V            V             V        V  VV       VVVVVV   
                                                                                                                                   
S        - -AXZXXMOOMAXXAMAMMMOOOOOOOOOOOOOOOOOOOOOOOOOOOOOOOOOOOOOOOOOOOOOOOOOOOOOOOOOOOOOOOOOOOOOOOOOOOOOOOOOOOOOOOOOOOOOOOOOOOOO
S                 --          -------------=-=----=+===++++++++++++++++XXXX++++++++++XXX+XX++++++XXXXXX++++++XXXXXXX++++++XXXXXXX++
S                                                        **************************************************************************
S                                                          ....     ...............................................................
S                                                                    -=HHHH----- -=-=HHH=HH-----=HHHHHH--==-=HHHHHHH======HHHHHHH==
S                                                                      CBCC          BBC CC      BBBCBC      BBCBBBC      BBBBBBC  
S                                                                                                                              V   
                                                                                                                                   
S        -- -ZZZZXAXMOMXAXXXMAAMOOOOOOOOOOOOOOOOOOOOOOOOOOOOOOOOOOOAOOOOOOOOOOOOOOOOOOOOOOOOOOOOOOOOOOOOOOOOOOOOOOOOOOOOOOOOOOOOOOO
S                    -          -------------------=====++++++++++- -+++++++++++++++++XX+XX++++++XXXXXX++++++XXXXXX+++++++XXXXXXX++
S                                                        ** *****     *************************************************************
S                                                            .         ............................................................
S                                                                       ---   ----=---HH=HH====-=HHHHHH--====HHHHHH=======HHHHHHH==
S                                                                                     CC CC      BBBCBC      BBCCBB       BBCCBBC  
S                                                                                                                              V   
                                                                                                                                   
S            =ZIIZZZAAMMMMAAAXXXXAAAOOOOOOOOOOOOOOOOOOOOOOOOOOOMI-- ----=OOOXOOOOOOOOOOOOOOOOOOOOOOOOOOOOOOOOOOOOOOOOOOOOOOOOOOOOOO
S                                   -----------------==+++++++-          -+- +++++++++XXXXX++++++XXXXXX++++++XXXXXXXXXXXXXXXXXXXXX+
S                                                         *                  ******************************************************
S                                                                            ......................................................
S                                                                             --=----=HHHHH======HHHHHH-=====HHHHHHHHHHHHHHHHHHHHH=
S                                                                                     BBBBB      BBBBBC      BBBBBBCCCCCCCBBBBBBBC 
S                                                                                                                 V       VV  VV   
                                                                                                                                   
S             -IZIZZXXXAMMAMAXXXXXXMOOMMAAMOOOOOOOOOOOXZIIZ)=--          )OOZZMOOOOOOOOOOOOOOOOOOOOOOOOOOOOOOOOOOOOOOOOOOOOOOOOOOOO
S                                   --     ----++-==--                    --   -+--==++++++++++++++++++++++++++++++++++++++X+++X+++
S                                                                                     ****** *  ******* ***************************
S                                                                                     .....      ......      ......................
S                                                                                     -----      ------      ----==-------=H===H=--
S                                                                                                                          C   C   
S                                                                                                                                  
                                                                                                                                   
S        --    -=IIXAXXAMAMMAXZZXAMMOOOOOOX+===+===+=--               -  -IOOOOOOOXMOOOOOOOOOOOOOOOOOOOOOOOOOOOOOOOOOOOOOOOOOOOOOOO
S                                   ---=+=                                 -=-+---  --++++++=++++++++++++++++++++++++++++++++++++++
S                                                                                     *****     *******  **  **********************
S                                                                                       ...      ......      .......  .  ..........
S                                                                                         -      ------      ------       -------  
S                                                                                                                                  
S                                                                                                                                  
                                                                                                                                   
S         -      -)ZZXAAMMMAXXZZZXXAAZ))I+-                 ---       - - -AOXOOOOOOOOOOOOOOOOOOOOOOOOOOOOOOOOOOOOOOOOOOOOOOOOOOOOO
S                                                                           - =+++----++++++=++++++++++++++++++++++++++++++++++++++
S                                                                               **    ****** ** ******* ***************************
S                                                                                      .....     ......      ....... ..............
S                                                                                      ----      ------      -------      -----=- -
S                                                                                                                                  
S                                                                                                                                  
                                                                                                                                   
S                 -=)IZZXMMXZZZIII)=--      --                             =AAZAOOAOOOOOOOOOOOOOOOOOOOOOOOOOOOOOOOOOOOOOOOOOOOOOOOO
S                                                                               -- ---++++++-=+==++++++++++++++++++++++++++++++++++
S                                                                                     ******     ******  **  **********************
S                                                                                      ....      ......      ....... ..............
S                                                                                      -  -       - ---      -------  -  -=--===---
S                                                                                                                                  
S                                                                                                                                  
                                                                                                                                   
S          -        ----=====------    --                                  -MOOOOOOOOOOOOOOOOOOOOOOOOOOOOOOOOOOOOOOOOOOOOOOOOOOOOOO
S                                                                            +++++----=+++++====-++++++==+++=++++++++++++++++++++++
S                                                                            *****     *****     ******      *******  ** **********
S                                                                            ...       .....      . ...      ......       .........
S                                                                             --       -  -       -  --      ------       -----=-  
S                                                                                                                                  
S                                                                                                                                  
                                                                                                                                   
S         --                                  -                             )OOOOOOOOOOOOOOOOOOOOOOOOOOOOOOOOOOOOOOOOOOOOOOOOOOOOOO
S                                                                            +++++++++++X++X+++++++++++++++++++++++++++++++++++++++
S                                                                            ***************************************  *   *********
S                                                                             .....  . ................. ..  ......       .........
S                                                                             -----    -H==H---- -=--=-      ------       -------  
S                                                                                       C  C                                       
S                                                                                                                                  
                                                                                                                                   
S                                                                           -MOOOOOOOOOOOOOOOOOOOOOOOOOOOOOOOOOOOOOOOOOOOOOOOOOOOOO
S                                                                             +++++++++++++X+++++XXXXXX++++++XXXXXXX++++++XX+XXX+++
S                                                                             ***** ***********************************************
S                                                                             .....  ..............................................
S                                                                             -----    -===H-----HHHHHH--==-=HHHHHHH====--HH=HHH=-=
S                                                                                          C     CBCCCC      CBBBCBC      CC CCB   
S                                                                                                             V                    
                                                                                                                                   
S                                                                           -IOOOOOOOOOOOOOOOOOOOOOOOOOOOOOOOOOOOOOOOOOOOOOOOOOOOOO
S                                                                             ++++++++++++X+++++++X+++X+++++++X+X+X+++++++XXXXXXX+X
S                                                                             *****************************************************
S                                                                             ..... ...............................................
S                                                                              ---- ---===H=-----=H===H=--=--=H=H=H=--==-=HHHHHHH=H
S                                                                                         C       C   C       C C C       BBCCBBC C
S                                                                                                                              V   
                                                                                                                                   
S                                                                           -=AAOOOOOOOOOOOOOOOOOOOOOOOOOOOOOOOOOOOOOOOOOOOOOOOOOOO
S                                                                               -=--++++++++++++++XXXXXX++++++XX++X+++++++XX+XXX+++
S                                                                                     *********************************************
S                                                                                     .............................................
S                                                                                      ---==-----=HHHHHH=-=--=HH==H=------HH=HHH===
S                                                                                                 BBCCBC      BC  B       CC CCB   
S                                                                                                                                  
                                                                                                                                   
S                                                                            -=XIOMXAAAOOOOOOOOOOOOOOOOOOOOOOOOOOOOOOOOOOOOOOOOOOOO
S                                                                                -     =+++++=++++++++++++++++XXXXX+++++++XXXXXXX++
S                                                                                         ***    **********************************
S                                                                                          .      .................................
S                                                                                          -      -=====--=--=HHHHH=-====-HHHHHHH==
S                                                                                                             BBBBB       BCCCBBC  
S                                                                                                                 V                
                                                                                                                                   
S                                                                             -OMOOAOOOOOOOOOOOOOOOOOOOOOOOOOOOOOOOOOOOOOOOOOOOOOOO
S                                                                              = -- +=-++++++==+++++++++++++=+++++++++++++XXXXXXXXX
S                                                                                      ******  *  ******  *  **********************
S                                                                                       .  .      ......     ......................
S                                                                                       -  -      ------      ----=- ----=HHHHHHHHH
S                                                                                                                         BBBBBBBCC
S                                                                                                                             VV   
                                                                                                                                   
S                                                                             -IMMZ)OOOOOOOOOOOOOOOOOOOOOOOOOOOOOOOOOOOOOOOOOOOOOOO
S                                                                                   -==+++++++++++++++++++++++++++++==+++++++++++++
S                                                                                      ********************* *******     **********
S                                                                                      .....  .  ....... .   ......      ..........
S                                                                                       ----      -----      ------       ----==---
S                                                                                                                                  
S                                                                                                                                  
                                                                                                                                   
S                                                                             --ZX))ZXOOOOOOOOOOOOOOOOOOOOOOOOOOOOOOOOOOOOOOOOOOOOO
S                                                                                     =+++++=++++++++++++++++++++++++++++++++++++++
S                                                                                      * ***  *  ******************** *  **********
S                                                                                         .      ......     .......       .........
S                                                                                                ------     -------       ------- -
S                                                                                                                                  
S                                                                                                                                  
                                                                                                                                   
S                                                                             --ZOOMOOOOOOOOOOOOOOOOOOOOOOOOOOOOOOOOOOOOOOOOOOOOOOO
S                                                                                +- --+++++++++==++++++--+==+++++++++++++++++++++++
S                                                                                *    ****** *   ******     ******* ***************
S                                                                                .    ......     ... .       ......   . ...........
S                                                                                      -----     -   -       ------      -----==---
S                                                                                                                                  
S                                                                                                                                  
                                                                                                                                   
S                                                                              --MOMOOOOOOOOOOOOOOOOOOOOOOOOOOOOOOOOOOOOOOOOOOOOOOO
S                                                                                 + --+++XX++++++++++++++==-=++++++==++++++++++++++
S                                                                                     ******************     *** **  ** ***********
S                                                                                      ................      ..  ..      ..........
S                                                                                      -=HH=-----==----                  -----==---
S                                                                                        CB                                        
S                                                                                                                                  
                                                                                                                                   
S                                                                               -=OMMMOOOOOOOOOOOOOOOOOOOOOOOOOOOOOOOOOOOOOOOOOOOOO
S                                                                                 =   =+++XX++++++XXXXXX++++++++++++=++++++++++++++
S                                                                                      *****************************     **********
S                                                                                      ............................       .........
S                                                                                      -==HH-----=HHHHHH=-=---=----       ------   
S                                                                                         CC      BBBBBB                           
S                                                                                                                                  
                                                                                                                                   
S                                                                               -=OOOOOOOOOOOOOOOOOOOOOOOOOOOOOOOOOOOOOOOOOOOOOOOOO
S                                                                                 ----+++XXXX+++++XXXXXXXX+X++XXXXXX+++++++++++++++
S                                                                                     *********************************************
S                                                                                      .......................................... .
S                                                                                      ==HHHH=====HHHHHHHH=H==HHHHHH------=----=   
S                                                                                        CCBC     BBBBBBCC C  CBBCCC               
S                                                                                                  VVVVV                           
                                                                                                                                   
S                                                                               -++I+ZAOOOOOOOOOOOOOOOOOOOOOOOOOOOOOOOOOOOOOOOOOOOO
S                                                                                      ++++++++++++++++++++++++++++++++++++++XXX+++
S                                                                                      ********************************************
S                                                                                      ..............................    ..........
S                                                                                       --==-------=====- --- -=-----     ===HHH---
S                                                                                                                            CCC   
S                                                                                                                                  
                                                                                                                                   
S                                                                               -+-I===AOOOOOOOOOOOOOOOOOOOOOOOOOOOOOOOOOOOOOOOOOOO
S                                                                                       =++++-===++++++++++++++++++++++++++++++X+++
S                                                                                         **      ************************ ********
S                                                                                          .      ....................     ........
S                                                                                                 -----=- -----=-----      ---=H===
S                                                                                                                              C   
S                                                                                                                                  
                                                                                                                                   
S                                                                                --=++)XOOOOOOOOOOOOOOOOOOOOOOOOOOOOOOOOOOOOOOOOOOO
S                                                                                       ==+++-=++++++++++++++++++++++++++++++++++++
S                                                                                          *      *********************************
S                                                                                          .      .................................
S                                                                                                 ---===-------======-  -  -=----- 
S                                                                                                                                  
S                                                                                                                                  
                                                                                                                                   
S                                                                                ---+=)ZOOOOOOOOOOOOOOOOOOOOOOOOOOOOOOOOOOOOOOOOOOO
S                                                                                       ===++--++=++++++++++++++++++++++++++++++++=
S                                                                                          **     *******************************  
S                                                                                                 .................... ..........  
S                                                                                                  ---===------======-     -----   
S                                                                                                                                  
S                                                                                                                                  
                                                                                                                                   
S                                                                                 --))==MOOOOOOOOOOOOOOOOOOOOOOOOOOOOOOOOOOOOOOOOOO
S                                                                                        --=+--=--=+++++++++++++X+X+X++++++++XXXXX+
S                                                                                           *      ********************************
S                                                                                                  .  .............................
S                                                                                                      --  ----=H=H=H-------=HHHHH=
S                                                                                                               C C C        CCCBB 
S                                                                                                                                  
                                                                                                                                   
S                                                                           -     --IOXZOOOOOOOOOOOOOOOOOOOOOOOOOOOOOOOOOOOOOOOOOOO
S                                                                                    -  -++++=-++++++++++++++++XXXXXXXXXXXXXXXXXXXX
S                                                                                           *     *********************************
S                                                                                           .     .................................
S                                                                                                  -=---=---===HHHHHHHHHHHHHHHHHHHH
S                                                                                                              BBBBBBBBBBBBBBBBBBBB
S                                                                                                               VVVVVV      VVVVVVV
                                                                                                                    A       AA  AA 
S                                                                                  -+)AOOOOOOOOOOOOOOOOOOOOOOOOOOOOOOOOOOOOOOOOOOOO
S                                                                                      -=++++++++++XXXXXXX+++++XXXXXXXXXXXXXXXXXXXX
S                                                                                        ******************************************
S                                                                                        ..........................................
S                                                                                        ---=-----=HHHHHHH--==-HHHHHHHHHHHHHHHHHHHH
S                                                                                                  BBBBBBC     CBBBBBBBBBBCCBBBBBBB
S                                                                                                   VV  V       VVVVVV      VVVVVVV
                                                                                                                             A   A 
Processing date = 04/17/15, Time = 15:30:31 File = C:\1401Pictures\RonWilliams\RonWilliams.raw                                      
