S                                                                                                                    ZAXOOOOOOOOOOO
S                                                                                                                       -----------
S                                                                                                                                  
S                                                                                                                                  
S                                                                                                                                  
S                                                                                                                                  
S                                                                                                                                  
                                                                                                                                   
S                                                                                                                   -AXMOOOOOOOOOOO
S                                                                                                                       -----------
S                                                                                                                                  
S                                                                                                                                  
S                                                                                                                                  
S                                                                                                                                  
S                                                                                                                                  
                                                                                                                                   
S                                                                                                                  -XAAOOOOOOOOOOOO
S                                                                                                                      ------------
S                                                                                                                                  
S                                                                                                                                  
S                                                                                                                                  
S                                                                                                                                  
S                                                                                                                                  
                                                                                                                                   
S                                                                                                                  ZXXMMMMOOOOOOOOO
S                                                                                                                         ---------
S                                                                                                                                  
S                                                                                                                                  
S                                                                                                                                  
S                                                                                                                                  
S                                                                                                                                  
                                                                                                                                   
S                                                                                                                 -XXMOMOOOOOOOOOOO
S                                                                                                                     - -----------
S                                                                                                                                  
S                                                                                                                                  
S                                                                                                                                  
S                                                                                                                                  
S                                                                                                                                  
                                                                                                                                   
S                                                                                                                 ZXAOOOOOOOOOOOOOO
S                                                                                                                    --------------
S                                                                                                                                  
S                                                                                                                                  
S                                                                                                                                  
S                                                                                                                                  
S                                                                                                                                  
                                                                                                                                   
S                                                                                                                =AAMOOOOOOOOOOOOOO
S                                                                                                                    -----====-----
S                                                                                                                                  
S                                                                                                                                  
S                                                                                                                                  
S                                                                                                                                  
S                                                                                                                                  
                                                                                                                                   
S                                                                                                                XMMOOOOOOOOOOOOOOO
S                                                                                                                   ---=---==+++==-
S                                                                                                                                  
S                                                                                                                                  
S                                                                                                                                  
S                                                                                                                                  
S                                                                                                                                  
                                                                                                                                   
S                                                                                                               -MOMOOOOOOOOOOOOOOO
S                                                                                                                 - -------=====---
S                                                                                                                                  
S                                                                                                                                  
S                                                                                                                                  
S                                                                                                                                  
S                                                                                                                                  
                                                                                                                                   
S                                                                                                               ZMOMOOOOOOOOMAAXXXX
S                                                                                                                 - --------       
S                                                                                                                                  
S                                                                                                                                  
S                                                                                                                                  
S                                                                                                                                  
S                                                                                                                                  
                                                                                                                                   
S                                                                                                              )OMMOOOOOMAXXXXXXXAA
S                                                                                                               -  -===-           
S                                                                                                                                  
S                                                                                                                                  
S                                                                                                                                  
S                                                                                                                                  
S                                                                                                                                  
                                                                                                                                   
S                                                        -+AMMAAAAAXZI+=-                                     =OMMOOOMAXXXXXXXXAAAA
S                                                                                                              -  ---              
S                                                                                                                                  
S                                                                                                                                  
S                                                                                                                                  
S                                                                                                                                  
S                                                                                                                                  
                                                                                                                                   
S                                                      -)IZOOOOOOOMMMAXXAXI=-                                -OOMAAXXXZXXXXAAAAAAAA
S                                                          -++++--                                            --                   
S                                                           **                                                                     
S                                                                                                                                  
S                                                                                                                                  
S                                                                                                                                  
S                                                                                                                                  
                                                                                                                                   
S                                            ----==- -ZOOMAMOOOMAAOOOOOOXXMZZ)=-                             IMXXXXXXXXAMMMMMMMMMMM
S                                                      -=   ==-   ---=--                                                           
S                                                                                                                                  
S                                                                                                                                  
S                                                                                                                                  
S                                                                                                                                  
S                                                                                                                                  
                                                                                                                                   
S                                        -IOOOOOOOOOOOOOOOOOOOOOOOOOOOOOMIIZZAMAZ-                          -AXXXXXAAMMMMMMMOMOOOMM
S                                          -+++++++++++++++++++=-====++=                                                    - ---  
S                                           **************                                                                         
S                                            ......  ..                                                                            
S                                            -----   -                                                                             
S                                                                                                                                  
S                                                                                                                                  
                                                                                                                                   
S                                    -+OOOOOOOOOOOOOOOOOOOOOOOOOOOOOOOOOMIIZZXXXXO=                        -ZAAMMMOOOOOOOOOOOOOOOMM
S                                      -++++++++++++++++++++++++++++++++         -                                ---------------  
S                                       **********  *****************                                                              
S                                        .....            ........                                                                 
S                                        ----                                                                                      
S                                                                                                                                  
S                                                                                                                                  
                                                                                                                                   
S                                  -OOOOOOOOOOOOOOOOOOOOOOOOOOOOOOOOOOMOOMZAMAXZXOI                       IOOOOOOOOOOOOOOOOOOOOOOOO
S                                   -++++++++===+++++++++++++++++++++- --        -                         ------------------------
S                                    **** **     *******************                                                               
S                                    ...          ..................                                                               
S                                    --            ----      ------                                                                
S                                                                                                                                  
S                                                                                                                                  
                                                                                                                                   
S                                 IOOOOOOOOOOOOOOOOOOOOOOOOOOOOOOOOOOOMAAAMOOMAMOOO                    -XOOOOOOOOOOOOOOOOOOOOOOOOOO
S                                  +++++++=-=++++++++++++++++++++++++-     --   -=-                      =++++++++++++++++++===----
S                                  ** *       **********************                                      ************             
S                                              .....................                                                               
S                                               --------    -------                                                                
S                                                                                                                                  
S                                                                                                                                  
                                                                                                                                   
S                              -XOOOOOOOOOOOOOOOOOOOOOOOOOOOOOOOOOOOOOOOMMAAMMMMOOM-                 )OOOOOOOOOOOOOOOOOOOOOOOOOOOOO
S                                +++++=---+++++++++++++===-===+++++++---        --                    ++++++++++++++++++++++++++++=
S                                 *        ***********          ****                                   ************************    
S                                          ..........            ...                                   ...................         
S                                           --------              -                                    ----------------            
S                                                                                                                                  
S                                                                                                                                  
                                                                                                                                   
S                            +OOOOOOOOOOOOOOOOOOOOOOAAAAAXXXXAAMOOOOMMAAAXXXXXAAAXAMXAX)--        +AOOOOOOOOOOOOOOOOOOOOOOOOOOOOOOO
S                             -=+++=---=++++++++++=-            ----                                +++++++++++++++++++++++++++++++
S                                        *********                                                  ************************** **  
S                                        ........                                                    ........................      
S                                         ------                                                     ---------------------         
S                                                                                                                                  
S                                                                                                                                  
                                                                                                                                   
S                           MOOOOOMMOOOOOOOOOOOOMXZZZZZXZZZZZZXXXXXAXXXXXAAAMMMMMAAAAMMMOOMXIIIIZMOOOMMMMOOOOOOOOOOOOOOOOOOOOOOOOOO
S                            +----  -=+++++++++-                                        --        ---    --------=+++++++++++++++++
S                                      *******                                                                      ************* *
S                                       ......                                                                        ........     
S                                        ----                                                                                      
S                                                                                                                                  
S                                                                                                                                  
                                                                                                                                   
S                          AOAMMMMMOOOOOOOOOOAZZZIIIZZZXIZZZZZZXXXZZZZXXXMMMMMMMMMAMAAAAMAMMMOOMMAAAXXAAMMMMMMMMMMMOOOOOOOOOOOOOOOO
S                           -      -=+++++++-                                                --                    ---+++++++++++++
S                                     *****                                                                                 *******
S                                                                                                                                  
S                                                                                                                                  
S                                                                                                                                  
S                                                                                                                                  
                                                                                                                                   
S                         MOXXAMMOOOOOOOOOMXZZZZZZZIZZZIIIIIIZZZZZZZZZXXAMMOMMMMMMAMMMAMMMMMMMMMMMMMMMMMMMMMMMOOMMMOOOOOOOOOOOOOOOO
S                          -     ---====--                                 -                                  --   ----=+++++++++++
S                                                                                                                              ****
S                                                                                                                                  
S                                                                                                                                  
S                                                                                                                                  
S                                                                                                                                  
                                                                                                                                   
S                    =I+=OOAXAAAAMOOOOMAZZZZZZXXZZZZXZIIII))IIZZIZZZXXAMMOOOOOMMMMMMMOMMMMAMMAMMOOOOMMMOMMOMOOOOOOOOOOOOOOOOOOOOOOO
S                        --       ----                                   -----       -          ----   -  - ------------=++++++++++
S                                                                                                                                  
S                                                                                                                                  
S                                                                                                                                  
S                                                                                                                                  
S                                                                                                                                  
                                                                                                                                   
S                 -XOOOOOOZIIZXXXXXXZZZZZZXXXAMMAXZAMZZI))))IIIIZZZZXXAMOOOOOOMMMMMMMMMMMMAMMMMMMOOOOOMOOOOOOOOOOOOOOOOOOOOOOOOOOOO
S                   -++++-                                              ------                   ----- -------------------=++++++++
S                     **                                                                                                           
S                      .                                                                                                           
S                                                                                                                                  
S                                                                                                                                  
S                                                                                                                                  
                                                                                                                                   
S                IOOOOOOZ)))IIIIIZZZIIIIIXMMOOOOOOMOMZIII++))))IIZZZXXAMOOOOOOMMMXXAMMMMMMMMAMMMMMOOOOOOOOOOOOOOOOOOOOOOOOOOOOOOOOO
S                 =++++=                    ------ =                    ------                    -------------------------=+++++++
S                  ****                                                                                                       ** **
S                   ...                                                                                                            
S                     -                                                                                                            
S                                                                                                                                  
S                                                                                                                                  
                                                                                                                                   
S              -OOOOOOOI))))))IIIIIIII))XMOOOOOOOOOOXZZZZ))++))IIIZZXAMOOOOOOOOMAXAMMMMMAAMMMMMAAMOOOOOOOOOOOOOOOOOOOOOOOOOOOOOOOOO
S               -+++++-                   --=--==-+-                   ---==---                   -----=--------------------=++++++
S                  ***                                                                                                         ****
S                  ...                                                                                                             
S                  --                                                                                                              
S                                                                                                                                  
S                                                                                                                                  
                                                                                                                                   
S             XOOOOOOMI)+))))))))II))))ZOOOOOOOOOOOZMAXXZ))++))IIIZXAMOOOOOOOOOMMAMMAAAMMAAAAAAXXAMMMOOOOOOOOOOOOOOOOOOOOOOOOOOOOOO
S              ++++++                   --+++++==+=                   ----==---                      ---==-------------------==++++
S               *****                            *                                                                              ***
S                 ...                                                                                                              
S                 --                                                                                                               
S                                                                                                                                  
S                                                                                                                                  
                                                                                                                                   
S            OOOOOOOAI)+++++++)))))++)ZMOOOOOOOOOOOXOOAXZI))+)))IIXXMOOOOOOOOOOMOMMMAAAAMMMAAAXXAXAAAMMOOOOOOOOOOOOOOOOOOOOOOOOOOOO
S            -++++++                    -+++++--++- --               ----==---- -                      --==--------------------=+++
S             * ****                     ** **  **                                                                                 
S               ...                             ..                                                                                 
S               - -                              -                                                                                 
S                                                                                                                                  
S                                                                                                                                  
                                                                                                                                   
S           OOOOOOOMI))+++++++++)+++)ZAOOOOOOOOOOOOAMOMAZI))+))IIZAMOOOOOOOOOMOOOOMMMAAAAAAXXXXXXXAXXXAMOOOOOOOOOOOOOOOOOOOOOOOOOOO
S           -++++++                    -+++++--+++-  =              ---====-- ----                      --=+=-------------------==+
S            ******                     *****  ***                                                                                 
S              ...                       ...    .                                                                                  
S              --                        -                                                                                         
S                                                                                                                                  
S                                                                                                                                  
                                                                                                                                   
S          XOOOOOOOZ))++++++++++++++)ZMOOOOOOMOOOOOAMOOXZ)))+)IZZXMOOOOOOOOMMOOOOOAAMXXAXXAAXXXXXXXXZZXAMOOOOOOOOOOOOOOOOOOOOOOOOOO
S           ++++++-                    -++++= ++++-  +-            --====--  -----                       --=+=-----------------====
S           ******                      ****   ***                                                                                 
S           . ...                        ...   ..                                                                                  
S             ---                        -     -                                                                                   
S                                                                                                                                  
S                                                                                                                                  
                                                                                                                                   
S         =OOOOOOOZ))+++++++++++++++)ZMOOOOOOOOOOOOOMOOXZII)))IZXMOOOOOOOMAMMOOOOOOAAXZZXXXAAAXXXXXXZZXXAMOOOOOOOOOOOOOOOOOOOOOOOOO
S          ++++++-                     -++++=-++++-- +-           -=++==-    ---+=-                       --++=----------------==-=
S          ******                       ****  ****                                                                                 
S          . ....                        ..   ....                                                                                 
S            ----                        --   ----                                                                                 
S                                                                                                                                  
S                                                                                                                                  
                                                                                                                                   
S         OOOOOOOXI)++++++++++++++)))ZAOOOOOOOOOOOOOOOOXZI)++)IZAOOOOOOOMXAMOMOOOOOMXXXXZXXAAAAAAAXZZZXXAMOOOOOOOOOOOOOOOOOOOOOOOOO
S         +++++++                      -++++--++++=--+-          -+++---    - --+++                       --=+++=--------------===-
S          *****                        ****  ****   *                           **                                                
S          .....                         ..   ....                               ..                                                
S           ----                         --   ----                                                                                 
S                                                                                                                                  
S                                                                                                                                  
                                                                                                                                   
S        MOOOOOOOZ)+++=+++++++++++)))ZMOOOOOOOOOOOOOOOOXZI)++)IXOOOOOOOMAAAAMMOOOOOOMXAAAXAAAMMMMMXZZZZZAMOOOOOOOOOOOOOOOOOOOOOOOOO
S         ++++++-                      -+++++=++++=--+-         -+++---       --++++                      --=++++=-------------====
S         ******                        ****  ****                *              ***                          **                   
S         ......                         ..   ....                               ..                                                
S          ----                          --   ----                               --                                                
S                                                                                                                                  
S                                                                                                                                  
                                                                                                                                   
S       IOOOOOOOMI)+====+++=+===++)))ZMOOOOOOOOOOOOOOOMXZI)++IXOOOOOOOMAAAAXXMOOOOOOOXAAAMMMMMOOMMAXZZZZXMOOOOOOOOOOOOOOOOOOOOOOOOO
S        +++++++                       +++++++++++=-=+         -+++=--        -=++++=         --          --++++++=-------------===
S        ******                         ***** ****               *               ***                          ***                  
S        ......                         ....  ....                               ...                                               
S          ----                          --   ----                               - -                                               
S                                                                                                                                  
S                                                                                                                                  
                                                                                                                                   
S       OOOOOOOOZI)+====+++=+===++))IZMOOOOOOOOOOOOOOOMXZ))))IMOOOOOOOMMAXXXXMOOOOOOOAXXXAMOOOOOOOMXZZXZXAOOOOOOOOOOOOOOOOOOOOOOOOO
S       =++++++-                       +++++++++--=-+-         --++---        -=++=++      -------        --=++++++=------=------==
S        ******                         ********                                **  *                         ****                 
S        ......                         ..... ..                                 .                                                 
S          ---                          ----                                                                                       
S                                                                                                                                  
S                                                                                                                                  
                                                                                                                                   
S      IOOOOOOOOZ)+=============++)))IOOOOOOOOOOOOOOOOAZI)))IXXZXOOOOOMMAMMAMOOOOOMOOOZZXXMOOOOOOOOMXZZXXMOOOOOOOOOOOOOOOOOOOOOOOOO
S       +++++++-                      -++++++++++++=+-           -+---       --++- ---     --------       --++++++++=----===---===+
S       *******                        *********                                *                             *****                
S        .....                          ...... .                                                                 .                 
S         ----                             --                                                                                      
S                                                                                                                                  
S                                                                                                                                  
                                                                                                                                   
S      OOOOOOOOMZ)+=============++)I)IOOOOOOOOOOOOOOOOXZIIIIZZ))XOOOOOOOMMMAMOOOOOMMOOZZXAAMOOOOOOOMXXZXXMOOOOOOOOOOOOOOOOOOOOOOOOO
S      -+++++++                       -++++++++++++==-           =++=---     --++-  -=      --=----       --+++++++++==---======+++
S       ******                          **********                *            **                             *****                
S       . ....                             .......                                                             ....                
S         ----                               -  -                                                                                  
S                                                                                                                                  
S                                                                                                                                  
                                                                                                                                   
S     =OOOOOOOOAI)+==============+)IIZOOOOOOOOOOOOOOOMXZZZZZZ))IAOOOOOOOOMOMAOOOOOAXMOOZZXAMOOOOOOOMAXZZXMOOOOOOOOOOOOOOOOOOOOOOOOO
S      +++++++=                       -+++++++++++=--            +++==--- -  -=++-   =-     -====--       -=+++++++++==----=+==++++
S       ******                              ******               **            **                            *******            ** 
S        ....                                ...                  .                                            ....                
S         ---                                 -                                                                                    
S                                                                                                                                  
S                                                                                                                                  
                                                                                                                                   
S     IOOOOOOOOXI++==============))IIZMOOOOOOOOOOOOOOXXXZZIIIIIZXOOOOOOOOOOOMOOOOOMAZOOXZZAAMOOOOOOMMXXAAMOOOOOOOOOOOOOOOOOOOOOOOOO
S      +++++++-                        -==++++++++---            +++===----- -=++-   =+      -+++=-       -+++++++++++==---====++++
S      *******                               ****                 *            **     *                     *********          *** 
S        ....                                 ...                 .                                             ...                
S         ---                                                     -                                                                
S                                                                                                                                  
S                                                                                                                                  
                                                                                                                                   
S     MOOOOOOOOXI)+==============+)IIZAOOOOOOOOOOOOMXZZZZIIIIIIZXOOOOOOOOOOOOOOOOOZZXOOOAZXMMOOOOOOOAXZXAOOOOOOOOOOOOOOOOOOOOOOOOOO
S      +++++++-                        ---=--=+++--              -++====-------++-   -+-     -++++=-     --+++++++++++==-====++++++
S      *******                                                    *            **     *                       *******         *****
S        ....                                                                         .                         ....           ..  
S         ---                                                                         -                                            
S                                                                                                                                  
S                                                                                                                                  
                                                                                                                                   
S     OOOOOOOOOXI)++=============++)IZZAOOOOMAMMAAXXXZZZZIII))IIAOOOOOOOOOOOOOOOOMZIZMOOMXZAMOOOOOOOAXXXXOOOOOOOOOOOOOOOOOOOOOOOOOO
S     -+++++++-                         ----                     --==+++=------++     ++     -++++=-     --+++++++++++======+++++++
S       *****                                                                   *     **       *               ******         *****
S        ....                                                                         .                         ....           ..  
S         --                                                                          -                           -                
S                                                                                                                                  
S                                                                                                                                  
                                                                                                                                   
S    -OOOOOOOOOXI)+===============+))IZZXAAXZIIIIIIZZZZZI))))))IAOOOOOOOOOOOOOOOOOMXXAOOOXZXMOOOOOOOMAXZAMOOOOOOOOOOOOOOOOOOOOOOOOO
S     =+++++++-                                                  -+++++++==---=++=    ++-    =+++++-      -==+++++++++======+++++++
S       *****                                                        ***        *     *        **             *******         *****
S        ....                                                                         .                         ...            .   
S        ---                                                                          -                                            
S                                                                                                                                  
S                                                                                                                                  
                                                                                                                                   
S    =OOOOOOOOOXZ)+===============++))IZZZZZI))++++))))+++++)))ZMOOOOOOOOOOOOOOOOOOOAMOOMMZZMOOOOOOOOAZZAMOOOOOOOOOOOOOOOOOOOOOOOOO
S     ++++++++-                                                  =++++++++==--=+++=-  ++     =+++++=-     --=+++++++++=----==++++++
S       *****                                                      *****        **    *        ***            ******          *** *
S       .....                                                         .               .                         ..                 
S        ----                                                                                                                      
S                                                                                                                                  
S                                                                                                                                  
                                                                                                                                   
S    +OOOOOOOOOXZ)++===============+))IIZZZZI++===+)++==+==+))IXOOOOOOOOOOOOOOOOOOZZAMOOOOZZMOOOOOOOMAXXXMOOOOOOOOOOOOOOOOOOOOOOOOO
S     ++++++++-                                                 -=++++++++=----++-    ++--   =+++++=      --=++++++++=-----=+++++++
S      ******                                                      *****        *      *       ****            ****                
S       .....                                                         .                                         ..                 
S        ----                                                                                                                      
S                                                                                                                                  
S                                                                                                                                  
                                                                                                                                   
S    ZOOOOOOOOOXZ)++===============++)IIZZZII+=====)+=+++=+)++)ZOOOOOOOOOOOOOOOOOOXXXMOOOOZZMOOOOOOOOAXXXMOOOOOOOOOOOOOOOOOOOOOOOOO
S     ++++++++-                                                 --+++++++=----=++-    ++--   -+++++=-     --=+++++++==---==+=++=+++
S       ******                                                     *****        *     **       **              ***                 
S       .....                                                                                                   .                  
S        ----                                                                                                                      
S                                                                                                                                  
S                                                                                                                                  
                                                                                                                                   
S    ZOOOOOOOOOAZI)+===============++)IIZZZII)+===+)))III)II))+IMOOOOOOOOOOOOOOOOOOMMOOOOZIZMOOOOOOOOMXZXMOOOOOOOOOOOOOOOOOOOOOOOOO
S     ++++++++-                                                  -==++++=------+++-  -++-    -=++++=-     ---=++++++=---==+==+==+==
S       *****                                                       ***         **    **        *              ***                 
S       .....                                                                   .     ..                        .                  
S        ---                                                                          -                                            
S                                                                                                                                  
S                                                                                                                                  
                                                                                                                                   
S    ZOOOOOOOOOMZI)+===============+))IZZZZZZI)))IZZZZZZZIIIIIIIAOOOOOOOOOOOOOOOOOOOOOOOOIZXMOOOOOOOOMAZZXMOOOOOOOOOOOOOOOOOOOOOOOO
S     =+++++++-                                                  --++++=-------+++---=++-    -=++==--      --=+++++==--============
S      *******                                                     ***          **    **                       **                  
S       .....                                                      ..           .     ..                                           
S       ----                                                                           -                                           
S                                                                                                                                  
S                                                                                                                                  
                                                                                                                                   
S    ZOOOOOOOOOMZZZ)+==============+))IZXAAAAAAAMMAXXXZZZZIIZZIIXMOOOOOOOMMOOMOOOOOOOOOOAZXMOOOOOOOOOMXZXXMMOOOOOOOOOOOOOOOOOOOOOOO
S     =+++++++=                                                   +++++--  -- -++++---++    --=+=----       -=+++==----==-=========
S      *******                                                    ****          **     *                       **                  
S       .....                                                      ..           ..     .                                           
S         ---                                                      -                   -                                           
S                                                                                                                                  
S                                                                                                                                  
                                                                                                                                   
S    XOOOOOOOOOOAZI)++=============+)IIXMOOOOOOOOOOOMAXZZZZIZZI)IAOOOOOOOMMMMMMOOOOOOOOOXXAMOOOOOOOOOMAXAAMMOOOOOOOOOOOOOOOOOOOOOOO
S     =++++++++-                         -----=+++--              ++++=--      -++++++++    --==-----       -=+++=-----------=-=+=-
S      *******                                  *                  ***          ***  ***                       *                   
S        .....                                                     ..            .    ..                                           
S        ----                                                      -                  -                                            
S                                                                                                                                  
S                                                                                                                                  
                                                                                                                                   
S    XOOOOOOOOOOMXI)++============++)IZAOOOOOOOOOOOOOOAZZZZIIZZ))XOOOOOOMAMMMMMOOOOOOOOOXAMOOOOOOOOOMAXAMAAMOOOOOOOOOOOOOOOOOOOOOOO
S     =++++++++-                        -==+++++++++=-            -+++=-       -+++++++=   ---------        -++=---------------====
S       ******                               ******                **            ******                                            
S        .....                                ...                                ......                                            
S         ----                                --                                  -- --                                            
S                                                                                                                                  
S                                                                                                                                  
                                                                                                                                   
S    ZOOOOOOOOOOMXI)++=============+)IZMOOOOOOOOOOOOOOOAZZZIIZXXIZOOOOOOMXXXMMOOOOOOOOOMMMOOOOMMOMMMAAMAMMMOOOOOOOOOOOOOOOOOOOOOOOO
S     +++++++++=                        =+++++++++++==-           -+++--      ---++++++   ----  -          -=+=-----------------=-=
S      * ******                            ********                              ******                                            
S        .....                              .... ..                               .....                                            
S         ----                               --                                   ----                                             
S                                                                                                                                  
S                                                                                                                                  
                                                                                                                                   
S    +OOOOOOOOOOMXZI)+============++)IZOOOOOOOOOOOOOOOOMXZII)IZMOOOOOOOOOMAXAMOOOOOOOOOMMOMMMAMMOMMMMMMMMOOOOOOOOOOOOOOOOOOOOOOOOOO
S     =++++++++=                       -++++++++++++==-         -=+++=---     ---+++++-  -      -        --=+=-==--------------==-=
S       *******                          ********* *               *              ****                                             
S         .....                            .......                                ....                                             
S          ---                              --                                     ---                                             
S                                                                                                                                  
S                                                                                                                                  
                                                                                                                                   
S    -OOOOOOOOOOOAXZI)++==========+))IXOOOOOOOOOOOOOOOOOAZI))))ZMOOOOOOOOOOMAMOOOOOOOOOOMAAXAAMMMMMMMMMMOOOOOOOOOOOOOOOOOOOOOOOOOOO
S     -++++++++=-                      -++++++++++++=+=-         =++++-----   ---+++++--                --=+====-----------------==
S        ******                         **********                ***             ***                                              
S         .....                          ...... .                                 ...                                              
S          ---                              --  -                                  --                                              
S                                                                                                                                  
S                                                                                                                                  
                                                                                                                                   
S     MOOOOOOOOOOMXZI)++=++++====++)))ZOOOOOOOOOOOOOOOOOAZZI)))IZMOOOOOOOOOOOMMOOOOOOOOOOMMMMMMMOMMMOMOOOOOOOOOOOOOOOOOOOOOOOOOOOOO
S      +++++++++-                      =++++++++++++==+-          -=+++=-----  --=+++=---       -   - --=+==--------------------==+
S        ******                         ************                               **                                              
S         .....                         ......  ...                                                                                
S          ----                         -----   ---                                                                                
S                                                                                                                                  
S                                                                                                                                  
                                                                                                                                   
S     )OOOOOOOOOOOAXZ))++++++++=+++++)XOOOOOOOOOOOOOOOOOXZZI))))IXOOOOOOOOOOOMMOOOOOOOOOOOOOOOOOOOOOOOOOOOOOOOOOOOOOOOOOOOOOOOOOOOO
S      +++++++++=-                     =++++++++++++=-+-          --=++===---  --=+++=-----------------=+---------------------==+++
S       ********                        ****** *****                               *                                             **
S          ....                         .....  .....                                                                              .
S          ----                          ---    ---                                                                                
S                                                                                                                                  
S                                                                                                                                  
                                                                                                                                   
S      AOOOOOOOOOOMAZII)+++++++++++++)IOOOOOOOOOOOOOOOOOXZZI)))))ZXMOOOOOOOOOOOOOOOOOOOOOOOOOOOOOOOOOOOOOOOOOOOOOOOOOOOOOOOOOOOOOOO
S       +++++++++-                     -++++++=+++++--=+            --======-------=+=----------------==--------------------=++++++
S       ** ******                        ***** *****                                                                          *****
S           ....                         ....  .....                                                                           ....
S           ----                          --   -----                                                                            ---
S                                                                                                                                  
S                                                                                                                                  
                                                                                                                                   
S       MOOOOOOOOOOMXZII))+++++++++++)IOOOOOOOOOOOOOOOOOMZZI)))))IZXAOOOOOOOOOOOOOOOOOOOMOOOOOOOOOOOOOOOMMMMOOOMOOMMMMOOOOOOOOOOOOO
S        +++++++++-                    -=+++++-+++++---+             ---===+====-------- -------=---==--    --- --    ---=+++++++++
S        ** *****                        ****  *****   *                                                                   ********
S        .  .....                        ....   ....                                                                       .....   
S           -----                         ---   ---                                                                          --    
S                                                                                                                                  
S                                                                                                                                  
                                                                                                                                   
S       -OOOOOOOOOOOMXZII)))))))++))+)IAOOOOOOOOOOOOOOOOOZZIII)+))ZZXAOOOOOOOOOOOOOOOOOOOOOOOOOOOOOOOOOOMMMMMMAAMMOOOOOOOOOOOOOOOOO
S        =+++++++++-                    -+++++--+++==--+-             ---==++===---------------===-==---          ---=+++++++++++++
S         * ******                       *****  ***                                                                    ************
S         .  .....                        ...   ..                                                                       .....     
S            -----                        ---   --                                                                        -        
S                                                                                                                                  
S                                                                                                                                  
                                                                                                                                   
S         XOOOOOOOOOOOMXII))))))+)))+)IXOOOOOOOOOOOOOMMOMZIIII)+))IZZXAOOOOOOOOOOOOOMMOOOOOOOOOOOOOOMAMMAMMMOOOOOOOOOOOOOOOOOOOOOOO
S          +++++++++--                  -++++++-++++=  =               ----=====----  ---------===--        ---=+++++++++++++++++++
S           ********                      ****   ***                                                              **************   
S             .....                       ....   ..                                                                .......         
S              ----                        ---   -                                                                 -----           
S                                                                                                                                  
S                                                                                                                                  
                                                                                                                                   
S          -OOOOOOOOOOOMZII)))++))))))IXOOOOOOOOOOOOOMMOAXZIII)+))IZZXXMOOOOOOOOOOOMOOOOOOOOOOOOM)-   =OOOOOOOOOOOOOOOOOOOOOOOOOOOO
S           +++++++++=-                 --++++++-++++  -                ----==----- ----------=-       --=++++++++++++++++++==-----
S            * ******                     *****   **                                                        *************          
S              .....                       ....   ..                                                           ..                  
S               ----                       -      --                                                                               
S                                                                                                                                  
S                                                                                                                                  
                                                                                                                                   
S           -OOOOOOOOOOOMXII))+)))))))+ZAOOOOOOOOOOOOOXMXXXZI))))IIIZXXAMOOOOOOOOOOOOOOOOOOOOI-        -MOOOOOOOOOOOOOOOOOOOOOOOOOO
S            ++++++++++-                 -=++++++++++-                   --------------------            -------=-===----=---------
S             ********                     ******  **                                                                              
S                .....                      ....                                                                                   
S                 ----                                                                                                             
S                                                                                                                                  
S                                                                                                                                  
                                                                                                                                   
S            -XOOOOOOOOOOOXI))I))IIIII))IAOOOOOOOOOOOOMXXZZZI)IIIIIIZZXXAMOOOOOOOOOOOOOOOOOM-           -ZOOOOOOOOOOOOOOOOOOOOOOOOO
S              +++++++++=-                -=+++++++=+=                    -----------------               -------------------------
S              *********                     ******                                                                                
S               . .....                                                                                                            
S                    --                                                                                                            
S                                                                                                                                  
S                                                                                                                                  
                                                                                                                                   
S              -MOOOOOOOOOOOXZIIIZZZIZIIIIXMOOOOOOOOOOOOXZZZ)IIIIIIIZZXXAMMOOOOOMMMMMOOOZ=-               -=XOOOOOOOOOOOOOOOOOOOOOO
S                +++++++++=-                -======---=-                   -----     ---                     ----------------------
S                *********                                                                                                         
S                   .....                                                                                                          
S                                                                                                                                  
S                                                                                                                                  
S                                                                                                                                  
                                                                                                                                   
S                =AOOOOOOOOOOOMAXXXXXXZZZZZZXAMMMOMMMAOMXZXZIIIZXXZZXZZXAMMOOOMMOMMMZ=--                     XOOOOOOOOOOOOOOOOOOOMM
S                  -+++++++++-                   -    -                    ---  -                             -------------------  
S                    *******                                                                                                       
S                    ......                                                                                                        
S                    ------                                                                                                        
S                                                                                                                                  
S                                                                                                                                  
                                                                                                                                   
S                  =+ZOOOOOOOOOOOOOOOOOOOOOMAXXZZZZZZZZXXZZZZZZZXXXXXZXXXAMMMMMMAMOO                          XOMMOOOOOOOOOOOOOOOOM
S                     =+++++++=+=----------                                       --                           -  ---------------- 
S                      ******                                                                                                      
S                      ......                                                                                                      
S                       ----                                                                                                       
S                                                                                                                                  
S                                                                                                                                  
                                                                                                                                   
S                     -ZOOOOOOOOOOOOOOOOOOOOOOOOMXZIIIIZZZIZZZZXXXAAMOOOOOMXZXXXAMOA                          -MOMMMMOOOOOOOOOOOOOO
S                       ++++++++++=---===+++++=-                     -----        =                             -    --------------
S                        ******           ***                                                                                      
S                        .....                                                                                                     
S                        ----                                                                                                      
S                                                                                                                                  
S                                                                                                                                  
                                                                                                                                   
S                       -ZOOOOOOOOOOOOOOOOOOOOOOOOOOOOOMAAXXXAMOOOOOOOOOOOXZZZXAMMI                            IOOOMAMMMOOOOOOOOOOO
S                         +++++++==----==+++++++++++=--        --+++++++++                                      ---     -----------
S                          *****           ********               *******                                                          
S                          .....            ......                 ....                                                            
S                          ----              -----                 ---                                                             
S                                                                                                                                  
S                                                                                                                                  
                                                                                                                                   
S                          =AZMOOOOOOOOOOOOOOOOOOOOOOOOOOOOOOOOOOOOOOOOOOMXIIII))-                             -AOOOOOMAMMMMMMMMMMM
S                              ++++++=--==++++++++++++++++++++++++++++=--                                        -----             
S                              *****         *************************                                                             
S                              ....            ......................                                                              
S                               -               --------       ------                                                              
S                                                                                                                                  
S                                                                                                                                  
                                                                                                                                   
S                              -=--+XOOOOOOOOOOOOOOOOOOOOOOOOOOOOOOOOX=---                                      -MOOOOOOOOOOOOOOOOO
S                                    -+=---=++++++++++++++++++++++++-                                             -----=-----------
S                                               * *******   ********                                                               
S                                                  .             ..                                                                
S                                                                 -                                                                
S                                                                                                                                  
S                                                                                                                                  
                                                                                                                                   
S                                           -------=OOOOOOOOOOOOOO+-                                             -OOOOOOOOOOOOOOOOO
S                                                   ==+++++++++++-                                                -----+++=-----===
S                                                         *******                                                                  
S                                                          ......                                                                  
S                                                             ---                                                                  
S                                                                                                                                  
S                                                                                                                                  
                                                                                                                                   
S                                                    ----===+)II=                                                 )OOOOOOOOOOOOOOOO
S                                                                                                                  ----=+=-------=+
S                                                                                                                                  
S                                                                                                                                  
S                                                                                                                                  
S                                                                                                                                  
S                                                                                                                                  
                                                                                                                                   
S                                                                                                                  MMMOOOOOOOOOOOOO
S                                                                                                                     ---=-----==++
S                                                                                                                                  
S                                                                                                                                  
S                                                                                                                                  
S                                                                                                                                  
S                                                                                                                                  
                                                                                                                                   
S                                                                                                                  IMMMMOOOOOOOOOOO
S                                                                                                                       ------=====
S                                                                                                                                  
S                                                                                                                                  
S                                                                                                                                  
S                                                                                                                                  
S                                                                                                                                  
                                                                                                                                   
S                                                                                                                   AMMMOOOOOOOOOOO
S                                                                                                                       -----======
S                                                                                                                                  
S                                                                                                                                  
S                                                                                                                                  
S                                                                                                                                  
S                                                                                                                                  
                                                                                                                                   
S                                                                                                                   -OMMMOOOOOOOOOO
S                                                                                                                    -   -----=+==-
S                                                                                                                                  
S                                                                                                                                  
S                                                                                                                                  
S                                                                                                                                  
S                                                                                                                                  
                                                                                                                                   
S                                                                                                                    ZOMMOOOOOOOOOO
S                                                                                                                     -  ----====--
S                                                                                                                                  
S                                                                                                                                  
S                                                                                                                                  
S                                                                                                                                  
S                                                                                                                                  
                                                                                                                                   
S                                                                                                                     XMMOOOOOOOOOO
S                                                                                                                        -=--=+===-
S                                                                                                                                  
S                                                                                                                                  
S                                                                                                                                  
S                                                                                                                                  
S                                                                                                                                  
                                                                                                                                   
S                                                                                                                     -MMMOOOOOOOOO
S                                                                                                                         -=-=====-
S                                                                                                                                  
S                                                                                                                                  
S                                                                                                                                  
S                                                                                                                                  
S                                                                                                                                  
                                                                                                                                   
S                                                                                                                      )OOOOOOOOOOO
S                                                                                                                       ----==--=--
S                                                                                                                                  
S                                                                                                                                  
S                                                                                                                                  
S                                                                                                                                  
S                                                                                                                                  
                                                                                                                                   
S                                                                                                                      -OOMOOOOOOOO
S                                                                                                                       -- -=------
S                                                                                                                                  
S                                                                                                                                  
S                                                                                                                                  
S                                                                                                                                  
S                                                                                                                                  
                                                                                                                                   
S                                                                                                                       =MOMOOOOOOO
S                                                                                                                         - -===---
S                                                                                                                                  
S                                                                                                                                  
S                                                                                                                                  
S                                                                                                                                  
S                                                                                                                                  
                                                                                                                                   
S                                                                                                                        ZMMMOOOOOO
S                                                                                                                            ------
S                                                                                                                                  
S                                                                                                                                  
S                                                                                                                                  
S                                                                                                                                  
S                                                                                                                                  
                                                                                                                                   
S                                                                                                                        =OMMOOOOOO
S                                                                                                                         -  ------
S                                                                                                                                  
S                                                                                                                                  
S                                                                                                                                  
S                                                                                                                                  
S                                                                                                                                  
                                                                                                                                   
S                                                                                                                         XMMMOOOOO
S                                                                                                                             -----
S                                                                                                                                  
S                                                                                                                                  
S                                                                                                                                  
S                                                                                                                                  
S                                                                                                                                  
                                                                                                                                   
Processing date = 04/17/15, Time = 15:28:47 File = C:\1401Pictures\KenShirriff\ShirriffKen.raw                                      
