S                                                                                                                         =OOOOOOOO
S                                                                                                                          --==----
S                                                                                                                                  
S                                                                                                                                  
S                                                                                                                                  
S                                                                                                                                  
S                                                                                                                                  
                                                                                                                                   
S                                                                                                                         ZOOOOOOOO
S                                                                                                                          -===----
S                                                                                                                                  
S                                                                                                                                  
S                                                                                                                                  
S                                                                                                                                  
S                                                                                                                                  
                                                                                                                                   
S                                                                                                                        =OOOOOOOOO
S                                                                                                                         --==----=
S                                                                                                                                  
S                                                                                                                                  
S                                                                                                                                  
S                                                                                                                                  
S                                                                                                                                  
                                                                                                                                   
S                                                                                                                       -AOOOOOOOOO
S                                                                                                                         ---------
S                                                                                                                                  
S                                                                                                                                  
S                                                                                                                                  
S                                                                                                                                  
S                                                                                                                                  
                                                                                                                                   
S                                                                                                                       IOOOOOOOOOO
S                                                                                                                        ---------=
S                                                                                                                                  
S                                                                                                                                  
S                                                                                                                                  
S                                                                                                                                  
S                                                                                                                                  
                                                                                                                                   
S                                                                                                                      =OOOOOOOOOOO
S                                                                                                                       ---==-==-+=
S                                                                                                                                  
S                                                                                                                                  
S                                                                                                                                  
S                                                                                                                                  
S                                                                                                                                  
                                                                                                                                   
S                                                                                                                      OOOOOOOOOOOO
S                                                                                                                      -==+=====+++
S                                                                                                                                  
S                                                                                                                                  
S                                                                                                                                  
S                                                                                                                                  
S                                                                                                                                  
                                                                                                                                   
S                                                                                                                     IOOOOOOOOOOOO
S                                                                                                                      =++++++====-
S                                                                                                                                  
S                                                                                                                                  
S                                                                                                                                  
S                                                                                                                                  
S                                                                                                                                  
                                                                                                                                   
S                                                                                                                    -OOOOOOOOOOOOO
S                                                                                                                     --=--==-==-+=
S                                                                                                                                  
S                                                                                                                                  
S                                                                                                                                  
S                                                                                                                                  
S                                                                                                                                  
                                                                                                                                   
S                                                  ------=)ZAMI=-                                                    ZOOOOOOOOOOOOO
S                                                                                                                     -===+=====+++
S                                                                                                                                  
S                                                                                                                                  
S                                                                                                                                  
S                                                                                                                                  
S                                                                                                                                  
                                                                                                                                   
S                                -+)ZZZZZZZI)+++)IIII)IXMOOOOOOOOO+                                                 )MOOOOOOOOOOOOO
S                                                        +++++++=-                                                    =+++++++====-
S                                                        *****                                                                     
S                                                                                                                                  
S                                                                                                                                  
S                                                                                                                                  
S                                                                                                                                  
                                                                                                                                   
S                          --+XOOOOOOOOOOMAMMAMMMOMMIXXOOOOOOOOOOOOA+-                                             -MOOOOOOOOOOOOOO
S                              ----------        -     --++++++=---                                                  -------===----
S                                                        ****                                                                      
S                                                        ...                                                                       
S                                                        -                                                                         
S                                                                                                                                  
S                                                                                                                                  
                                                                                                                                   
S                       --=)XAXXAMMMMMOOOOOOOOOOOMMMXOOOOOOOOOMMAMOAAZ+--                                         -IOOOOOOOOOOOOOOO
S                                     ----=------    ----++=--    -                                                 ----===-===----
S                                                        **                                                                        
S                                                                                                                                  
S                                                                                                                                  
S                                                                                                                                  
S                                                                                                                                  
                                                                                                                                   
S                     -)++ZXZIIIIIIZZXAMMMOOOOOOOOOOOOOOOOOOOOOOOOOOOOMXII+-                                      =AOOOOOOOOOOOOOOO
S                                         -=+==------=+-+++=-----==---                                              ----==--==----=
S                                                                                                                                  
S                                                                                                                                  
S                                                                                                                                  
S                                                                                                                                  
S                                                                                                                                  
                                                                                                                                   
S                    =XI)IZ)))IZZZZZXXAOOOOOOOOOOOOOOOOOOOOOOOOOOOOOOOOOMXMA)-                                   -IMOOOOOOOOOOOOOOO
S                                      ------=--=+=++++++++=++--+++++++=                                            ----=----------
S                                                   **  **  *    ****                                                              
S                                                                                                                                  
S                                                                                                                                  
S                                                                                                                                  
S                                                                                                                                  
                                                                                                                                   
S                  -=AXI))))IZXXXZXOOOOOOOOOOOOOOOOOOOOOOOOOOOOOOOOOOOOOMZZZZI+-                                 -ZMOOOOOOOOOOOOOOO
S                                  ---------=+++++++++++++++==-=++++++==                                            --------------=
S                                                 ***  ****     ****                                                               
S                                                       ..      ...                                                                
S                                                               -                                                                  
S                                                                                                                                  
S                                                                                                                                  
                                                                                                                                   
S                -=)AOMZIIIIXIIXZMOOOOOOOOOMMOOOOOOOOOOOOOOOOOOOOOOOOOOOAXZZZZI+-                                =MOOOOOOOOOOOOOOOO
S                    -            -=-------  -=+++==+=++++++---=+++++---                                           -----=--==-==-+=
S                                                      ****     ****                                                               
S                                                      . .                                                                         
S                                                                                                                                  
S                                                                                                                                  
S                                                                                                                                  
                                                                                                                                   
S               =IOOXAAIZIIII+IXOOOOMOOOOOOOOOOOOOOOOOOOOOOOOOOOOOOOXXXAAMXXXZIII+-                              IOOOOOOOOOOOOOOOOO
S                 --            -=-- ---=++==-=++++++++++++-------=-                                              ----====+=====+++
S                                               *                                                                                  
S                                                                                                                                  
S                                                                                                                                  
S                                                                                                                                  
S                                                                                                                                  
                                                                                                                                   
S             -=ZOOOMZXXXXAX))XMMXXMOOOOOOOOOOOOOOOOOOOOOOOOMMAAMMMZZZXXAMOOOXZZZZZX-                            XOOOOOOOOOOOOOOOOO
S                ---                -------=====++++++++++=-              ---                                     ---==+++++++====-
S                                                ********                                                                          
S                                                ...                                                                               
S                                                                                                                                  
S                                                                                                                                  
S                                                                                                                                  
                                                                                                                                   
S            -+MMOOMOMMMOOOOAAXAXZAOOOMOOOOOOOOOOOOOOOOOOOOMAAXXAZIZZZXMMOOOOOAXXXOO=--                         -MOOOOOOOOOOOOOOOOM
S                -- -   ----       --- --=+++=-=++++++++++-              -----    --                              --==++++=------- 
S                                          **    ********                                                              *           
S                                                 ......                                                                           
S                                                  - --                                                                            
S                                                                                                                                  
S                                                                                                                                  
                                                                                                                                   
S            -AOOOOMMOOOOOOOOOAXMMOOOOOOOOOOOOOOOOOOOOOOOOMAXZZZZZZXAMMMAMMOMOOOOOOZ==--                        )OOOOOOOOOOOOOOOOOO
S              ----  -----=---    -----=+++++++==++++++=--                 - -----+                              -=+++++=---=-+-+==
S                                       *    *    ****                                                              ***            
S                                                  ..                                                                              
S                                                                                                                                  
S                                                                                                                                  
S                                                                                                                                  
                                                                                                                                   
S          --)OOMOOOOOOOMAOOOOOOOOOOOOOOOOOOOOOOOOOOOOOOMAAXZXXZZZXXAAMMMAAMAAAAAAAAZI)+-                      -OOOOOOOOOOOOOOOOOOO
S             -- -------  -----++++=-===++++=-+++++++---                                                        -=+++++---------=--
S                                 *     ****   *                                                                  ****             
S                                                                                                                  ..              
S                                                                                                                                  
S                                                                                                                                  
S                                                                                                                                  
                                                                                                                                   
S          -=MOOOOOOOOOOOMMMMOOOOOOOOOOOOOOOOOOOOOOOOOMMAXZXZZXZZZZZXXXXAAAAXXXXXXXAAAAMAX)--                 -AOOOOOOOOOOOOOOOOOOO
S             =---=++=---    ----==--=-=+===-----==---                                                          ++++=--------------
S                  *                                                                                            ****               
S                                                                                                                ...               
S                                                                                                                ---               
S                                                                                                                                  
S                                                                                                                                  
                                                                                                                                   
S         --AOOOOOOOOZZXAXAMMMMOMMOOOOOOOOOOOOMMOOOMMAXXZZIIZZIZZZIZXZZXAAAMOOMOOMMMMMMMMOOOOOMZ)=--         -ZOOOOMAAXXXAAAAMOOOOO
S            --=---=-          -  ------------  ---                         -- --        -----                 +++-           -----
S                                                                                                              **                  
S                                                                                                               .                  
S                                                                                                                                  
S                                                                                                                                  
S                                                                                                                                  
                                                                                                                                   
S        --ZOAOOOXI++XAAMMOOOOOOOOMMOOOOMMAXAMAAMMMAXXZZI))IZXZZXZZI)ZAMOMOOOOMMMMMMMMOOOOOOOOOOOOI+=-    ---ZOOMAAMAAMMOOOOOOOOOOO
S           - ==-         --------  ----                                - ----        ------------            ++        -----------
S                                                                                                             *                    
S                                                                                                                                  
S                                                                                                                                  
S                                                                                                                                  
S                                                                                                                                  
                                                                                                                                   
S        -ZAOOOZ)IZXMMAMMOOOOOOOOOOOOOMAXXXZXXAXXXXXXZZIIIIZXMOOXXZIZMMXXXXXAMOOOOOOOOOOOOOOOOOOOOOOOOAXZZXXXOOMOOOOOOOOOOOOOOOOOOO
S           ---          --=+++=-==---                        --              -=++++====----------=---       -- ---=-=++++++++++===
S                            **                                                                                        ****        
S                                                                                                                                  
S                                                                                                                                  
S                                                                                                                                  
S                                                                                                                                  
                                                                                                                                   
S        +XMMA++ZXMOOOOOOOOOOOOOOOOOMMXZXXXXXXXZZZZZIIII)IZOOOOOAXIZMXZZZZZMOOOOOOOOOOOOOOOOOOOOOOOOOOOOOOOOOOOOOOOOOOOOOOOOOOOOOOO
S                  ---------++++++--                       --=+=            --=+++=====++===-------=+==-----------------+++++++++++
S                           **                                                                                           **********
S                                                                                                                         .......  
S                                                                                                                         ------   
S                                                                                                                                  
S                                                                                                                                  
                                                                                                                                   
S        )AOZ=)XMOOOOOMAMOOOOOOOOOAAXZIIIIZZZXXZIII)))IIIZAOOOOOMZZXZZIZZZXAOMOOAMOOOOOOOOOOOOOOOOOOOOOOOOOOOOOOOOOOOOOOOOOOOOOOOOO
S          -     -----   -===++=--                         -=+++            - --  ----------=-------+++=======-=====------=++++++++
S                                                             *                                                             *******
S                                                                                                                            ......
S                                                                                                                            ------
S                                                                                                                                  
S                                                                                                                                  
                                                                                                                                   
S        IMAIZXMOOOOOMAAMOOOOOOOMXI)))++))IIIZIIIII)))IIZXOOOOOOOXXZZZIZZZXAMOOMOOOOOOOOOMMOOOOOOOOOOOOOOOOOOOOOOOOOOOOOOOOOOOOOOOO
S               -----    -++++=-                          -=+++=-            -- --=+++---  ----------=++++==++===========-=++++++++
S                          *                                ***                    **                                        ******
S                                                             .                                                                ....
S                                                             -                                                                 ---
S                                                                                                                                  
S                                                                                                                                  
                                                                                                                                   
S       -ZAXMAOOOOOMAAOOOOOOOOOOMXI+====++))IIII)II)+)IIXOOOOOOOOMAZIIIIIZZAMOOOOOOOOOOOOOOOOOOOOOOOOOOOOOOOOOOOOOOOOOOOOOOOOOOOOOO
S             -----   ----=+++=-                         --++++=-            ---=++++------------------=++++==============+++++++++
S                                                           ***                   **                    *                    ** ***
S                                                            ..                   ..                                             ..
S                                                            --                                                                  --
S                                                                                                                                  
S                                                                                                                                  
                                                                                                                                   
S       +XXMMOOOOOOOOOOOOOOOOOOOOX)++===+==+)IIII)+++)IZAOOOOOOOOOMXIIIIZZZAMOOOOOOOOOOOOOOOOOOOOOOOOOOOOOOOOOOOOOOOOOOOOOOOOOOOOOO
S            --=-----=+++++++==--                        -=++++---           --=+++=-=++----------------+++++++++++++++++++++++++++
S                       **                                  ***                  **                      **                      **
S                                                           ..                   ..                                                
S                                                           --                                                                     
S                                                                                                                                  
S                                                                                                                                  
                                                                                                                                   
S      -IXAMOOOOOOOOOOOOOOOOOOOOOZ)++==+===+)+))))+++)IZAMOOOOOOOOOXZIIIZZXMOOOOOOOOOOOOOOOOOOOOOOOOOOOOOOOOOOOOOOOOOOOOOOOOOOOOOOO
S           -------++===+++++=---                         -++++----         --=+++=-=++++----------------=+++++++++++++++++++++++++
S                                                          ***                  **   ***                   **                  *   
S                                                           ..                  ..                                                 
S                                                           --                                                                     
S                                                                                                                                  
S                                                                                                                                  
                                                                                                                                   
S      +ZXMOOOOOOOOOOOOOOOOOOOOMXI++======+=+==++=++))IZMOOOOOOOOOOMXZIIIZZMOOOOOOOOOOOOOOOMMMMMMOOOOOOOOOOOOOOOOOOOOOOOOOOOOOOOOOO
S          =====+----=++++++=--                          -=++++----         -=++++--=++++=-      ---------=++++++++++++++++++++++++
S                                                          ****                **    ***                    ***  **             ** 
S                                                          ...                  .     ..                                           
S                                                          ---                                                                     
S                                                                                                                                  
S                                                                                                                                  
                                                                                                                                   
S     -ZZXOOOOOMOOOOOOOOOOOOOOMXI)+=++=++++=+=====+++)IZMOOOOOOOOOOMXZZIIZZMOOOOOOOOOOOOOOOMAXXXAMMMMMMMOOOOOOOOOOOOOOOOOOOOOOOOOOO
S         -=++- -=--=++++++=--                           -+++++=-=-         -++++=---++++--             ---++++++++++++++++++++++++
S                                                          ****               ***     ***                   ***  ***              *
S                                                          ....                .      ..                                           
S                                                          ---                         -                                           
S                                                                                                                                  
S                                                                                                                                  
                                                                                                                                   
S     =XZOOOOOOOMMAMOOOOOOOOMMXZI++====++++=+=====++))ZXMOOOOOOOOOOOAZZZIZXOOOOOOOMMOOOOOOMAAXXXXXAMMAAMMOOOOOOOOOOOOOOOOOOOOOOOOOO
S        ---++=-    -++=-==-                             -++++++-=--       -=++++-  -=++++               ---=++++++++++++++++++++++
S            *        *                                   *****              ***      ***                    ******               *
S                                                          ....               .        ..                                          
S                                                          ----                        --                                          
S                                                                                                                                  
S                                                                                                                                  
                                                                                                                                   
S    -)XOMOMOOOOOOMAAOOOOOOMXZXZI++===+++++========+)IXXXOOOOOOOOOOOAZZIIXMOOOOOOMAMOOOOOOOXXXXXXXAAAAXMAAMOOOOOOOOOOOOOOOOOOOOOOOO
S       - - --=---   --==--                              -++++++-=--       =+++=-   --=++++                --+++++++++======+++++++
S                                                         *****             **         ***                    ****             *  *
S                                                         .....                        ...                     .                   
S                                                          ----                        ---                                         
S                                                                                                                                  
S                                                                                                                                  
                                                                                                                                   
S    +ZMMOOOOOOOOOMMOOOOOOOMAXZI))+=====+======-===+)IZXAOOOOOOOOOOOAZZIZAOOOOOOMAMMOMOOOOOOXZXXMXXAAAZZXXMOOOOOOOOOOOOOOOOOOOOOOOO
S        -=---=+--  --=++--                              -++++++-=--      -+++=-    - -++++=               ---+++++++=====+++++++++
S                                                         *****             *          ****                    ****             ***
S                                                         .....                         ...                                        
S                                                         -----                         ---                                        
S                                                                                                                                  
S                                                                                                                                  
                                                                                                                                   
S   -)XAOOOOOMOOOOOOOOOOOOOMMXI))))=====+==========+)IXZOOOOOOOOOOOOAXZIXOOOOOOMAAXMMMOOOOOOOXZZXMMXXAZIIZXMOOOOOOOOOOOOOOOOOOOOOOO
S       -===- -=++=-==+++--                             --++++++==--     -=+=--       -+++++-               --=+++++++====+++++++++
S                                                         *****                         * **                   ****          ******
S                                                          ....                         .  .                     .                 
S                                                          ---                             -                                       
S                                                                                                                                  
S                                                                                                                                  
                                                                                                                                   
S  -=IZMOOOOOOOOOOOOOOOOOOOMXZI)))+================))IXAMOOOOOOOOOOOAXZZAOOOOOMMAAXAAAMOOOOOOMZZZMOMAXXZIIIXMOOOOOOOOOOOOOOOOOOOOOO
S       ====-----+=-==++=--                              =+++++++=--     --=--         +++=++     -          -=++++++++++++++++++++
S                                                         ******                        *                       *****       *******
S                                                          ....                         .                        ..                
S                                                          -- -                                                                    
S                                                                                                                                  
S                                                                                                                                  
                                                                                                                                   
S  -+ZMOOOOMMOOOOOOOOOOOOOMAXZIII)+=========-=--==++)IXMMOOOOOOOOOOMMAZXMOMOOOOMOMAAXAMOOOOOOOXZZAOOOMAZZIIZXOOOOOOOOOOOOOOOOOOOOOO
S      ++=+  +=----=++=---                               ++++++++=-      - ---- -      ++=--+-    ---        --++++++++++++++++++++
S       *    *                                            ******                        *                       *******      ******
S                                                          ....                                                  ...               
S                                                          ----                                                                    
S                                                                                                                                  
S                                                                                                                                  
                                                                                                                                   
S  =ZAOOOMOAOOOOOOOOOOOOMMAZZII)++)===++===========+)ZXMOOOOOOOOOOOMMAXAAZZIZAOOOOOMAAMOOOOOOOMZZAOOOOMXZZZZZAOOOOOOOOOOOOOOOOOOOOO
S     --- - -++=+==++=--                                -+++++++++-           -+=--    +++--++    ----        -=+++++++++++++++++++
S            *  *                                         *******                       **                       *********    *****
S            .                                             ....                         .                         ....             
S            -                                             ----                                                                    
S                                                                                                                                  
S                                                                                                                                  
                                                                                                                                   
S -)AMOOOOMOOOOOOOOOOOOOMAZII)))++====+)=========+=+)IXMOOOOOOOOOOOOOAXMZI))ZAOOOOOOMAMOOOOOOOOZZAOOOOOAZZIZXAMOOOOOOOOOOOOOOOOOOOO
S     ---- -=++==--++---                                -+++++++++---         =+++=-   ++++-++-   --=--        -+++++++++++++++++++
S            *                                            *******              **       **  **                   **********    ****
S                                                          ....                ..       ..   .                    .....            
S                                                           ---                -                                   --              
S                                                                                                                                  
S                                                                                                                                  
                                                                                                                                   
S -IMXOOOOOOOOOOOOOOOOOMAXZ))+)++===++++=========+=))IXOOOOOOOOOOOOOOAXMAZZZXMOOOOOOOMOOOOOMMOOXZAOOOOOMXZIIZAMOOOOOOOOOOOOOOOOOOOO
S     -++=--+++=+++++=-                                --++++++++=---         =++++=- -=++-  ==   --=--        -=++++++++++++++++++
S      **   *                                             *******              ***      **                       **********     ***
S       .                                                  .....               ..                                 ......         ..
S                                                           --                 -                                   --              
S                                                                                                                                  
S                                                                                                                                  
                                                                                                                                   
S -ZMMOOOOOOOOOOOOOOOOAXXZI)+==+==+=+)+)+========+=+IZXMOOOOOOOOOOOMAXXXXXZXAOOOOOOOOOOOOOOOMOOOXAOOOOOMXZIIZAMOOOOOOOOOOOOOOOOOOOO
S     -==+==+++++++==-                                  -++++++++--          -=+++++=--=+++- -+-  -===-        -=++++++++++++++++++
S           *****                                         ******               ****     ***   *                  ***********     **
S            .                                             .....               ..        .    .                   .......         .
S            -                                              ---                --                                  ---             
S                                                                                                                                  
S                                                                                                                                  
                                                                                                                                   
S -ZOOOOOOOOOOOOOOOOOMXXXZ))+=====+=+)+)+==+====+=++)ZAAOOOOOOOOOMAXXZZZIZZZXOOOOOOOOOOOOOOOMMOOMMOOOOOMAXZZZAMOOOOOOOOOOOOOOOOOOOO
S   --++++-=+++++++--                                   -=+++++=-            -=+++++++-=+++-  +=  -=+=-        -=++++++++++++++++++
S     ***   *****                                         *****                ******   ***                      ************    **
S           ....                                            ..                  ...      .                        .......         .
S           ----                                                                -                                  ----            
S                                                                                                                                  
S                                                                                                                                  
                                                                                                                                   
S  )OOOOOOOOOOOOOOOOOXXAZXI++====++++)+))+====+==+++IZXAOOOOOAIIZZZZZI)))IIIZOOOOOOOOOOOOOOOOOOOOMOOOOOOXZZXXAOOOOOOOOOOOOOOOOOOOOO
S   -++++--=+++++++--                                   --==-                -=+++++++==+++---=+- --==--      --=++++++++++++++++++
S     **    ****                                                                *****   **     *                  ***********   ***
S     ..    ....                                                                ....     .                        ......          .
S     -     ---                                                                  --                                 --             
S                                                                                                                                  
S                                                                                                                                  
                                                                                                                                   
S  )OOOOOAOOOOOOOOOOOXAXZXZ))+===++)))))))===++==++)IZXAMOOAZ)+==++)++++==+IZMOOOOOOOOOOOOOOOOOOOMMOOOOOAXXXXXMOOOOOOOOOOOOOOOOOOOO
S   -++++ -++++++++--                                    --                   -+++++++=-++++--++-  -==--       --++++++++++++++++++
S    ****   ******                                                              ******   **    *                  ************  ***
S     ..    ....                                                                 ....    .                         .....          .
S     --    ---                                                                  ---                                --             
S                                                                                                                                  
S                                                                                                                                  
                                                                                                                                   
S  +OOOOOMOOOOOOOOOOOMAXIZZI)+==++)++)))))======++))ZXXAAMMAZ)====-==-====))ZMOOOOOOOOOOOOOOOOOOOAMOOOOOAXZZZXMOOOOOOOOOOOOOOOOOOOO
S   -++++ -++++++++--                                                         -+++++++=-++++=--+-  -+=--       --++++++++++++++++++
S    ***    *** **                                                             *******   **    *                  ************ ****
S     .     ... .                                                                ....    ..                        .....         ..
S            --                                                                   --                               ---             
S                                                                                                                                  
S                                                                                                                                  
                                                                                                                                   
S  =MOOOOAOOOOOOOOOOOOMAIIZ)I)++++))+)))))==++==++)IZXXMMMOMZI+========++)))ZMOOOOOOOOOOOOOOOOOOOMOOOOOOAXXZZXMOOOOOOOOOOOOOOOOOOOO
S    +++= -++++++++==-                                    -                   -+++++++=-+++=---+- -=++--       -=++++++++++++++++++
S    ***   ******                                                              *******   **    *                  *****************
S          .  ..                                                                 ....    .                         ....          ..
S             --                                                                 ---                               ---             
S                                                                                                                                  
S                                                                                                                                  
                                                                                                                                   
S  =MOOOOMOOOOOOOOOOOOOMXZZIII+))+)))I))))==++==++)IIZAMOOOOAZ))))III))IIIIIXOOOOOOOOOOOOOOOOOOOOMOOOOOOOAXXZXMOOOOOOOOOOOOOOOOOOOO
S    ++++ -++++++++=---                                 ----                 -=+++++++=-++++--++- -==+=--      -=++++++++++++++++++
S     **   **  ***                                                              ******  ***    *                  ********* *******
S          .   ..                                                                ....    ..                        ....          ..
S               -                                                                -                                 --              
S                                                                                                                                  
S                                                                                                                                  
                                                                                                                                   
S  +MOOOOOOOOOOOOOOOOOOOOMXZZIII)))))I)))I==+=++=))))IXMOOOOOOOMMMMAAXZZZXXXXOOOOOOOOOOOOOOOOOOOOMOOOOOOOAXXXAMOOOOOOOOOOOOOOOOOOOO
S    ------+++=-++++===--                               -=+++=-              --+++++++==+++=--++- --=+=--      -=++++++++++++++++++
S          ***   ***                                                            *****   ***   *                   *****************
S                                                                               ...      .    .                    ..            ..
S                                                                                -                                                 
S                                                                                                                                  
S                                                                                                                                  
                                                                                                                                   
S  =MOOOXMOOOOOOOOOOOOOOOOMXZZZIIIIIII))II+++=)==))))ZXOOOOOOOOOOOOOOOAAAAAAMOOOOOOOOOOOOOOOOOOOMOOOOOOOOAAXXMOOOOOOOOOOOOOOOOOOOOO
S    -=-  -++===-==++++=--                             --++++++++=----       -=++++++=-=+++--=+= ---=+=--     -=+++++++++++++++++++
S          **       **                                    ******               *****    **    *                  ******      ******
S                                                          ....                 ..       .    .                    .               
S                                                                               -                                                  
S                                                                                                                                  
S                                                                                                                                  
                                                                                                                                   
S  -ZOOOOMMOOOOMMMOOOOOOOOOMXXZZZZZIIIIIII)++=+===+)IZXOOOOOOOOOOOOOOOOOOMMMMOOOOOOOOOOOOOOOOOOOMMOOOOOOMMAXMMOOOOOOOOOOOOOOOOOOOOO
S    ----  -++-   -+++++=--                            -=+++++++++=------    -=+++++=--=+++==++-  -=++--      -=+++++++++++++++++++
S            *      ***                                  *******               ***      ***  **                  ****        ******
S                                                          ...                  ..       .   .                                     
S                                                           -                   -            -                                     
S                                                                                                                                  
S                                                                                                                                  
                                                                                                                                   
S   -MOOOAMOOOOAXAAOOOOOOOOOMMXXZIZII))I))I==+====+)IZXOOOOOOOOOOOOOOOOMOOOMAOOOOOOOOOOOOOOOOOOOMMOOOOOOOMMMMOOOOOOOOOOOOOOOOOOOOOO
S     ==-  --+=    --+++++=-                           -++++++++++=---- ---  --+++==---=+++-=++-  -===---    --=+++++++++++++++++++
S                    ***                                 *******               **       **   *                   ***        *******
S                    .                                    .....                          .                                         
S                                                          ----                                                                    
S                                                                                                                                  
S                                                                                                                                  
                                                                                                                                   
S    =OOOMMOOOOOAMAMMOOOOOOOOOAXZIZZI)))I)I==++====+IXMOOOOOOOOOOOOOOOOMMOOOOMOOOOOOOOOOOOOOOOOOMOOOOOOOOMOOOOOOOOOOOOOOOOOOOOOOOOO
S     -==  ---++     -=++==---                         -++++++++++=----  ---- -==------=+++=++=- --==---- ----=+++++++++=++++++++++
S                                                        ********                       **  **                   **          ******
S                                                         .....                          .   .                                     
S                                                         -----                                                                    
S                                                                                                                                  
S                                                                                                                                  
                                                                                                                                   
S     )MOMMOOMMOOOOOOOOOOOOOAXXZIIII)))))))========+)XOOOOOOOOOOOOOOOMMAAMOOOOOOOOOOOOOOOOOOOOOMOOOOOOOOOOOOOOOOOOOOOOOOOOOOOOOOOOO
S       -  --  -=----=--==--                          --++++++++++---     --+=-=--------++++++- --------------=++++++++++++++++++++
S                                                       ********                         ****                   ** *              *
S                                                        ......                          ....                                      
S                                                         ----                           - --                                      
S                                                                                                                                  
S                                                                                                                                  
                                                                                                                                   
S     -ZAXXAOOOMOOOOOOOOOOOOXZIZIII))))III)++=====++IZAOOOOOOOOOOOOOOMMAXAMOOOOOOOOOOOOOOOOOOOOOOOOOOOOOOOOOOOOOOOOOOOOOOOOOOOOOOOO
S           -=- -==--+++=---                           -++++++++=+=--      -+++=--------+++++----------------=+++++++++++++++++++++
S                                                        *******             *          *****                  **** **             
S                                                        ......                          ...                                       
S                                                        ------                          ---                                       
S                                                                                                                                  
S                                                                                                                                  
                                                                                                                                   
S      +MIZZMOOOOOOOOOOOOOOXZII)II)))IIIII)++++==+))IZXOOOOOOOOOOOOOOMMMAAAOOOOOOOOOOOOOOOOOOOOOOMMOOOOOOMOOOOOOOOOOOOOOOOOOOOOOOOO
S            ---==++===+=--                            -=+++++++-+=--      -=++++=------++++-----  ------ --=++++++++++++++++++++++
S                 **                                     *******             **         ****                  *  **  *             
S                                                        ......                          ...                                       
S                                                         -----                          =-                                        
S                                                                                                                                  
S                                                                                                                                  
                                                                                                                                   
S       ZX)IZMOOOOOOOOOOOOAZI))))))I)I))II=++=+==+))IXXOOOOOOOOOOOOOOMMMMAXMOOOOOOOOOOOOOOOOOOOOOMOOOOOOOOOOOOOOOOOOOOOOOOOOOOOOOOO
S             ----++++----                             --+++++++-=+--       -++++++---=++++=----- ---------=+++++++++++++++++++++++
S                  *                                     *******              ****      ***                  **                    
S                                                         .....                         ...                                        
S                                                         -----                          -                                         
S                                                                                                                                  
S                                                                                                                                  
                                                                                                                                   
S       -XX+IAMOOOOOOOOOOOZIZII))))I))))II++)++=+++)IZXMOOOOOOOOOOOOOOMMAAXAOOOOOOOOOOOOOOOOOOOOOOOOOOOOOOOOOOOOOOOOOOOOOOOOOOOOOOO
S              ----+++=---                              -+++++++-=+---      --=+++++--+++++=-----------====++++++++++++++++=+++++++
S                                                        *******               ****    ****                 **                     
S                                                         .....                   .     ..                                         
S                                                         -----                          -                                         
S                                                                                                                                  
S                                                                                                                                  
                                                                                                                                   
S        -MOIXMOMOOOOOOOOOI+)))I)I)I))I))I+))+)=+++)IZAMOOOOOOOOOOOOOMMOAXXXMOOOOOOOOOOOOOOOOOOOOOOOOOOOOOOOOOOOOOOOOOOOOOOOOOOOOOO
S          -   - --=+++---                              -+++++++--=--  -     --+++++===++++=----==+++=====++++++++++++++++=++++++++
S                                                         *****                   **    ***                                        
S                                                         .....                   .      .                                         
S                                                         ---                                                                      
S                                                                                                                                  
S                                                                                                                                  
                                                                                                                                   
S         -OOZZAAXMOOOOOOOZI)++)IIII)))))I+)++)++++)IZMMOOOOOOOOOOOOMAXMAAXAAOOOOOOOOOOOOOOOOOOOOOOOOOOOOOOOOOOOOOOOOOOOOOOOOOOOOOO
S          --      -==----                              -+++++++----         ---=+++++=-+++=---=+++++====+++++++++===+++=++++++++++
S                                                         *****                   ***    *                                       **
S                                                         ...                      .                                               
S                                                         --                                                                       
S                                                                                                                                  
S                                                                                                                                  
                                                                                                                                   
S          -MOMMMMAMOOOOOOAX)+++)))))))))I)+)+))+)))IZAMOOOOOOOOOOOOMAXXAAXXAMOOOOOOOOOOOOOOOOOOOOOOOOOOOOOOOOOOOOOOOOOOOOOOOOOOOOO
S            -      ------                              -+++++++=---          ---=+++++-=+=----========+++===============++++++++++
S                                                         *****                    ***                                        *****
S                                                         ....                                                                   ..
S                                                          ---                                                                     
S                                                                                                                                  
S                                                                                                                                  
                                                                                                                                   
S           =MMAXAMOOOOOAAMMXI)+)))I))))))))I)II))))IZAMOOOOOOOOOOOOMAXXAAXAAOOOOOOOOOOOOOOOOOOOOOOOOOOOOOOOOOOOOOOOOOOOOOOOOOOOOOO
S                  -=++-                                --+++++++---         ----===+++==------====-===+==---------===+++++++++++++
S                                                         ******                     *                                  ***********
S                                                          ....                                                           .........
S                                                           --                                                             --------
S                                                                                                                                  
S                                                                                                                                  
                                                                                                                                   
S           -IXXMOOOOOOOOAMOMZI)+)))I))))IIIIZIZIII))ZAOOOOOOOOOOOOMMXXXAXAAMOOOOOOOOOOOOOOOOOOOOOOOOOOOOOOOOOOOOOOOOOOOOOOOOOOOOOO
S                ---=+++-  -                           ---=++++++--          --===---====-----==-=-===-----==++++++++++++++++++++++
S                     *                                    *****                                               ********************
S                                                            ...                                                 ..................
S                                                            --                                                   ------==========-
S                                                                                                                                  
S                                                                                                                                  
                                                                                                                                   
S            -XOOOOOOOOOOOAOOXI)))I)I))IZZZZZZZXZZI))IZAMOOOOOOOOOOOAAXXAAMOOOOOOOOOOOOOOOOOOOOOOOOA+=-===)XOOOOOOOOOOOOOOOOOOOOOOO
S              ---=--=+++- --                            --++++++---       -------=---========-----         -=+++++++++++++++++++++
S                      *                                     ***                                               ********************
S                                                             .                                                 ...................
S                                                                                                                 --------------   
S                                                                                                                                  
S                                                                                                                                  
                                                                                                                                   
S             =ZOOOOOOOOOOAOOOMZIIIIIIZZZZZZZZZZZZZI))IXAAOOOOOOOOMOAXAXXAAOOOOOOOOOOOOOOOOOOOOOZ=       --=ZMMMOOOOOOOOOOOOOOOOOOO
S               -==++++++- ---                            -==++++- -       ------=++++++====----                ----=++++++++++++++
S                  ** * *                                      *                  ***                                     *  ******
S                                                                                                                                  
S                                                                                                                                  
S                                                                                                                                  
S                                                                                                                                  
                                                                                                                                   
S              +IZOOOOOOOOOOOOOOOOAXXXZZXXXXXXXXXXZZIIIZXMMOOOOOOOOMOXXAMMMOOOOOOOOOOOOOOOOOOOZ-           -=XOOOOMMMMOOOOOOOOOOOOO
S                 --++++++----==--                         ---=+=-- -      -----====----------                ----    -------------
S                    ***                                                                                                           
S                    ...                                                                                                           
S                    ---                                                                                                           
S                                                                                                                                  
S                                                                                                                                  
                                                                                                                                   
S              -)ZIXAOOOOOOOOOOOOOOMMAXXXXXXXXAAAAXXXZIIZZXAXMMOOOAMMAXXAMOMMMOOOOOOOOOMAZII+-              -ZAOOOOOOOOOOOOOOOOOOOO
S                    -++-----------                            ---        -   ---------                        ---====-------------
S                                                                                                                                  
S                                                                                                                                  
S                                                                                                                                  
S                                                                                                                                  
S                                                                                                                                  
                                                                                                                                   
S               -ZIZXIZMAMMMOOOOOOOOOOOOMAXXXXXAMMMMMMAXXZZZZZZZZXZXAAXAMMMMMOOMMMOOA)+--                   -IAOOOOOOOOOOOOOOOOOOOO
S                           ----+++++=--                                     --   --                           ----=+++======-=----
S                                  *                                                                                               
S                                                                                                                                  
S                                                                                                                                  
S                                                                                                                                  
S                                                                                                                                  
                                                                                                                                   
S                =IZAOOAZXAAXOOOOOOOOOOOOOOOOOOOOOOOOOOOOOMXXZZZXXXXXXAAMMMOOOOMAAMOZ-                       =XAOOOOOOOOOOOOOOOOOOO
S                    --      --=+++++++++===-----=+=+==---                 ----    =                            ----+=++++++++=++==
S                                *******                                                                              *  *  *      
S                                                                                                                                  
S                                                                                                                                  
S                                                                                                                                  
S                                                                                                                                  
                                                                                                                                   
S                 =XXZMOOMAAXMOOOOOOOOOOOOOOOOOOOOOOOOOOOOMAXXXXAMMOMXXAMMMMOOMAXXMO=                        -IXMOOOOOOOOOOOOOOOOOO
S                      =-     -=++++++++++++++====+++++=--         -        --     -                             ---=-=++++=++=+=++
S                                * ***********                                                                           *  ** *   
S                                     ..                                                                                           
S                                                                                                                                  
S                                                                                                                                  
S                                                                                                                                  
                                                                                                                                   
S                  =IIIZAOOOOOOOOOOOOOOOOOOOOOOOOOOOOOOOOOOMMOMAOOOOOOOOMZZXAAAXXMO+                          -ZXOOOOOOOOOOOOOOOOOO
S                        ----====-=++=====++++++==---------  -  -+++=---          -                              ---=++++=+===-==+=
S                                  *       ***                                                                                     
S                                                                                                                                  
S                                                                                                                                  
S                                                                                                                                  
S                                                                                                                                  
                                                                                                                                   
S                    -)I)ZAMOOOOOOOOOOOOOOOOOOOOOOMOOOOOOOOOOOOAOOOOOOOOAZXXZZXAMZ=                            )XAOOOOOOOOOOOOOOOOO
S                           ----==+==----==++++++- ------------ -++++==-                                          ---=++++++++====+
S                                           ***                                                                                    
S                                                                                                                                  
S                                                                                                                                  
S                                                                                                                                  
S                                                                                                                                  
                                                                                                                                   
S                      =IZXXXXMMOOOOOOOOOOOOOOOOOOOOOOOMAOOOOOMMOOOOOOOAXOOMZZZZ=-                             -ZXOOOOOOOOOOOOOOOOO
S                               -----==-----=+++=------  -=+--  -------  --                                       ----++====+++++++
S                                             *                                                                                  **
S                                                                                                                                 .
S                                                                                                                                  
S                                                                                                                                  
S                                                                                                                                  
                                                                                                                                   
S                       =ZZXAAAMXXMOOMOMMOOMMOOOMXXAOOZZMOOOOOOOAZII)+++++==----                                )XMOOOOOOOOOOOOOOOO
S                                  -- -  --  ---    --   +++++=-                                                   ---=+++-==+===++
S                                                        ****                                                                     *
S                                                                                                                                  
S                                                                                                                                  
S                                                                                                                                  
S                                                                                                                                  
                                                                                                                                   
S                        =+))IIZZXXAAMMMAZXXXXZI=---ZOOXMOOOOAI=----                                            -ZAOOOOOOOOOOOOOOOO
S                                                    --  ++=-                                                      ---=+++=======++
S                                                                                                                                 *
S                                                                                                                                  
S                                                                                                                                  
S                                                                                                                                  
S                                                                                                                                  
                                                                                                                                   
S                         ------=+==)ZZ==-====--     -AI=-----                                                   -)AOOOOOOOOOOOOOOO
S                                                                                                                   ---======--==-=
S                                                                                                                                  
S                                                                                                                                  
S                                                                                                                                  
S                                                                                                                                  
S                                                                                                                                  
                                                                                                                                   
S                                   ----------         -                                                           )MOOOOOOOOOOOOXA
S                                                                                                                    ------------  
S                                                                                                                                  
S                                                                                                                                  
S                                                                                                                                  
S                                                                                                                                  
S                                                                                                                                  
                                                                                                                                   
S                                                                                                                   +OOOOOOOOOOOOOO
S                                                                                                                    ----------=---
S                                                                                                                                  
S                                                                                                                                  
S                                                                                                                                  
S                                                                                                                                  
S                                                                                                                                  
                                                                                                                                   
S                                                                                                                    +OOOOOOOOOOOOO
S                                                                                                                     -------===---
S                                                                                                                                  
S                                                                                                                                  
S                                                                                                                                  
S                                                                                                                                  
S                                                                                                                                  
                                                                                                                                   
S                                                                                                                     XOOOOOOOOOOOO
S                                                                                                                      --===-===---
S                                                                                                                                  
S                                                                                                                                  
S                                                                                                                                  
S                                                                                                                                  
S                                                                                                                                  
                                                                                                                                   
S                                                                                                                     =OOOOOOOOOOOO
S                                                                                                                      --==--==----
S                                                                                                                                  
S                                                                                                                                  
S                                                                                                                                  
S                                                                                                                                  
S                                                                                                                                  
                                                                                                                                   
S                                                                                                                      MOOOOOOOOOOO
S                                                                                                                       -=---------
S                                                                                                                                  
S                                                                                                                                  
S                                                                                                                                  
S                                                                                                                                  
S                                                                                                                                  
                                                                                                                                   
S                                                                                                                      IOOOOOOOOOOO
S                                                                                                                       -----------
S                                                                                                                                  
S                                                                                                                                  
S                                                                                                                                  
S                                                                                                                                  
S                                                                                                                                  
                                                                                                                                   
Processing date = 04/17/15, Time = 15:25:36 File = C:\1401Pictures\BillNewman\BillNewman.raw                                        
