S                                                                                      --------=)ZMOOOOOOOOOOOOOOOOOOOOOOOOOOOOOOOO
S                                                                                                  =+++XXXXXXXXXXXXXXXXXXXXXXXXXXXX
S                                                                                                   *******************************
S                                                                                                   ...............................
S                                                                                                    -=HHHHHHHHHHHHHHHHHHHHHHHHHHHH
S                                                                                                      CBBBBBBBBBBBBBBBBBBBBBBBBBBB
S                                                                                                         VVVVVVVVVVVVVVVVVVVVVVVVV
                                                                                                                                   
S                                                                                      --------=)ZMOOOOOOOOOOOOOOOOOOOOOOOOOOOOOOOO
S                                                                                                  +++XXXXXXXXXXXXXXXXXXXXXXXXXXXXX
S                                                                                                   *******************************
S                                                                                                   ...............................
S                                                                                                    =HHHHHHHHHHHHHHHHHHHHHHHHHHHHH
S                                                                                                     BBBBBBBBBBBBBBBBBBBBBBBBBBBBB
S                                                                                                        VVVVVVVVVVVVVVVVVVVVVVVVVV
                                                                                                                                   
S                                                                                      --------=)ZMOOOOOOOOOOOOOOOOOOOOOOOOOOOOOOOO
S                                                                                                  =+XXXXXXXXXXXXXXXXXXXXXXXXXXXXXX
S                                                                                                   *******************************
S                                                                                                   ...............................
S                                                                                                   -HHHHHHHHHHHHHHHHHHHHHHHHHHHHHH
S                                                                                                    CBBBBBBBBBBBBBBBBBBBBBBBBBBBBB
S                                                                                                        VVVVVVVVVVVVVVVVVVVVVVVVVV
                                                                                                                                   
S                                                                                     ---------=+ZMOOOOOOOOOOOOOOOOOOOOOOOOOOOOOOOO
S                                                                                                  =+XXXXXXXXXXXXXXXXXXXXXXXXXXXXXX
S                                                                                                   *******************************
S                                                                                                   ...............................
S                                                                                                   =HHHHHHHHHHHHHHHHHHHHHHHHHHHHHH
S                                                                                                    CBBBBBBBBBBBBBBBBBBBBBBBBBBBBB
S                                                                                                        VVVVVVVVVVVVVVVVVVVVVVVVVV
                                                                                                                                   
S                                                                                     ---------=+IAOOOOOOOOOOOOOOOOOOOOOOOOOOOOOOOO
S                                                                                                  -+XXXXXXXXXXXXXXXXXXXXXXXXXXXXXX
S                                                                                                   *******************************
S                                                                                                   ...............................
S                                                                                                   =HHHHHHHHHHHHHHHHHHHHHHHHHHHHHH
S                                                                                                    CBBBBBBBBBBBBBBBBBBBBBBBBBBBBB
S                                                                                                        VVVVVVVVVVVVVVVVVVVVVVVVVV
                                                                                                                                   
S                                                                                      --------=+IXOOOOOOOOOOOOOOOOOOOOOOOOOOOOOOOO
S                                                                                                  -+XXXXXXXXXXXXXXXXXXXXXXXXXXXXXX
S                                                                                                   *******************************
S                                                                                                   ...............................
S                                                                                                   =HHHHHHHHHHHHHHHHHHHHHHHHHHHHHH
S                                                                                                    CCBBBBBBBBBBBBBBBBBBBBBBBBBBBB
S                                                                                                         VVVVVVVVVVVVVVVVVVVVVVVVV
                                                                                                                                   
S                                                                                     ----------=)ZOOOOOOOOOOOOOOOOOOOOOOOOOOOOOOOO
S                                                                                                  -+XXXXXXXXXXXXXXXXXXXXXXXXXXXXXX
S                                                                                                   *******************************
S                                                                                                   ...............................
S                                                                                                   =HHHHHHHHHHHHHHHHHHHHHHHHHHHHHH
S                                                                                                    CCBBBBBBBBBBBBBBBBBBBBBBBBBBBB
S                                                                                                         VVVVVVVVVVVVVVVVVVVVVVVVV
                                                                                                                                   
S                                                                                       --------=+IOOOOOOOOOOOOOOOOOOOOOOOOOOOOOOOO
S                                                                                                  =+XXXXXXXXXXXXXXXXXXXXXXXXXXXXXX
S                                                                                                   *******************************
S                                                                                                   ...............................
S                                                                                                   =HHHHHHHHHHHHHHHHHHHHHHHHHHHHHH
S                                                                                                    CCCBBBBBBBBBBBBBBBBBBBBBBBBBBB
S                                                                                                          VVVVVVVVVVVVVVVVVVVVVVVV
                                                                                                                                   
S                                                                                       --------==IOOOOOOOOOOOOOOOOOOOOOOOOOOOOOOOO
S                                                                                                  +++XXXXXXXXXXXXXXXXXXXXXXXXXXXXX
S                                                                                                  ********************************
S                                                                                                   ...............................
S                                                                                                   ==HHHHHHHHHHHHHHHHHHHHHHHHHHHHH
S                                                                                                     CCBBBBBBBBBBBBBBBBBBBBBBBBBBB
S                                                                                                          VVVVVVVVVVVVVVVVVVVVVVVV
                                                                                                                                   
S                                                                                       --------==ZOOOOOOOOOOOOOOOOOOOOOOOOOOOOOOOO
S                                                                                                  +++XXXXXXXXXXXXXXXXXXXXXXXXXXXXX
S                                                                                                  ********************************
S                                                                                                  ................................
S                                                                                                  -==HHHHHHHHHHHHHHHHHHHHHHHHHHHHH
S                                                                                                     CCBBBBBBBBBBBBBBBBBBBBBBBBBBB
S                                                                                                          VVVVVVVVVVVVVVVVVVVVVVVV
                                                                                                                                   
S                                                                                      ----------=OOOOOOOOOOOOOOOOOOOOOOOOOOOOOOOOO
S                                                                                                 -++++XXXXXXXXXXXXXXXXXXXXXXXXXXXX
S                                                                                                  ********************************
S                                                                                                  ................................
S                                                                                                  -===HHHHHHHHHHHHHHHHHHHHHHHHHHHH
S                                                                                                      CCBBBBBBBBBBBBBBBBBBBBBBBBBB
S                                                                                                            VVVVVVVVVVVVVVVVVVVVVV
                                                                                                                                   
S                                                                                       ---------)OOOOOOOOOOOOOOOOOOOOOOOOOOOOOOOOO
S                                                                                                 ++++++XXXXXXXXXXXXXXXXXXXXXXXXXXX
S                                                                                                 *********************************
S                                                                                                  ................................
S                                                                                                  -====HHHHHHHHHHHHHHHHHHHHHHHHHHH
S                                                                                                       CCBBBBBBBBBBBBBBBBBBBBBBBBB
S                                                                                                             VVVVVVVVVVVVVVVVVVVV 
                                                                                                                                   
S                             ------                                                      -------OOOOOOOOOOOOOOOOOOOOOOOOOOOOOOOOOO
S                                                                                                -++++++XXXXXXXXXXXXXXXXXXXXXXXXXXX
S                                                                                                 *********************************
S                                                                                                 .................................
S                                                                                                 ----==HHHHHHHHHHHHHHHHHHHHHHHHHHH
S                                                                                                       CCBBBBBBBBBBBBBBBBBBBBBBBBB
S                                                                                                               VVVVVVVVVVVVVVVVVV 
                                                                                                                                   
S                         ------++)=--                                                    ------IOOOOOOOOOOOOOOOOOOOOOOOOOOOOOOOOOO
S                                                                                                ++++++++XXXXXXXXXXXXXXXXXXXXXXXXXX
S                                                                                                **********************************
S                                                                                                ..................................
S                                                                                                 -----==HHHHHHHHHHHHHHHHHHHHHHHHHH
S                                                                                                        CCCBBBBBBBBBBBBBBBBBBBBBBB
S                                                                                                                VVVVVVVVVVVVVVV   
                                                                                                                                   
S                    -----==ZIZ)ZXI))=--                                                   -----OOOOOOOOOOOOOOOOOOOOOOOOOOOOOOOOOOO
S                                                                                               +++++++++XXXXXXXXXXXXXXXXXXXXXXXXXX
S                                                                                                **********************************
S                                                                                                ..................................
S                                                                                                ------==HHHHHHHHHHHHHHHHHHHHHHHHHH
S                                                                                                        CCCCCBBBBBBBBBBBBBBBBBBBBB
S                                                                                                                   VVVVVVVV       
                                                                                                                                   
S                 ---==+XZXXOOOOOOZIIZ=-----        ------                                 ----)OOOOOOOOOOOOOOOOOOOOOOOOOOOOOOOOOOO
S                           ------                                                              ++++++++XX+XXXXXXXXXXXXXXXXXXXXXXXX
S                                                                                               ***********************************
S                                                                                               ...................................
S                                                                                               ------==HH=HHHHHHHHHHHHHHHHHHHHHHHH
S                                                                                                       CC CCCBBBBBBBBBBBBBBBBBBBBB
S                                                                                                                                  
                                                                                                                                   
S              ---IAOOOOOOOOOOOOOMXZZ)+===----------====-------                            ----OOOOOOOOOOOOOOOOOOOOOOOOOOOOOOOOOOOO
S                   -----+-+-----                                                              +++++++++X+XXXXXXXXXXXXXXXXXXXXXXXXX
S                                                                                               ***********************************
S                                                                                               ...................................
S                                                                                               ------==H=HHHHHHHHHHHHHHHHHHHHHHHHH
S                                                                                                       C CCCCCBBBBBBBBBBBBBBBBBBBB
S                                                                                                                                  
                                                                                                                                   
S            ---+AOOOOOOOOOOOOOMXZZI++++)))+)))+))))))+)I)++==---                           --AOOOOOOOOOOOOOOOOOOOOOOOOOOOOOOOOOOOO
S                 ---+=+++=+=--                                                                ++++++++++++++XXXXXXXXXXXXXXXXXXXXXX
S                    *  **                                                                     ************************************
S                    .                                                                         ....................................
S                                                                                              --------======HHHHHHHHHHHHHHHHHHHHHH
S                                                                                                            CCCBBBBBBBBBBBBBBBBBBC
S                                                                                                                                  
                                                                                                                                   
S           --+IOOOOOOOOOOOOMMZZII))))IIZIIIZZIIIZZIZZIIIIIII))+---                         -=OOOOOOOOOOOOOOOOOOOOOOOOOOOOOOOOOOOOO
S               -+=+=+++++=-                                                                  ++++++++++++++++++XXXXXXXXXXXXXXXXXXX
S                  * *****                                                                    *************************************
S                    ....                                                                     .....................................
S                     -                                                                        --------=========HHHHHHHHHHHHHHHHHHH
S                                                                                                               CCCCCCCBBBBBCCCCCCC
S                                                                                                                                  
                                                                                                                                   
S          --+OOOOOOOOOOOOOXZZII))IIZZZZIIIIIIIIIIIIIIIZIIZZZIII))+---                     --OOOOOOOOOOOOOOOOOOOOOOOOOOOOOOOOOOOOOO
S             +--++++++++--                                                                  -++++++++++++++++++++++++XXXXXXX++++++
S             *  * *****                                                                      *************************************
S             .  . ....                                                                       .....................................
S             -     - -                                                                       ---------=---===========HHHHHHH======
S                                                                                                                     CCCCCCC      
S                                                                                                                                  
                                                                                                                                   
S         ---XOOOOOOOOOOMAXZZZZZIIIII)))))))IIIIIIIIII)II)IIIZIZZI)I==--------           ---IOOOOOOOOOOOOOOOOOOOOOOOOOOOOOOOOOOOOOO
S             ==++++++==                                                                     ++++++++++++++++++++++++X+++XXXXXX++++
S                *****                                                                       **************************************
S                .....                                                                       ......................................
S                 ---                                                                        ---------==---==========H===HHHHHH====
S                                                                                                                    C   CCCCCC    
S                                                                                                                                  
                                                                                                                                   
S         --IXOOOOOOOOAXZZZIZZZZIIIIIIIII)))IIII)II)II)))IIII))IZZIIZZ)II))=--------------=+OOOOOOOOOOOOOOOOOOOOOOOOOOOOOOOOOOOOOOO
S             ++++++=-                                                                      ++++++++++X++++++++++++++XXXXXXXXX+++++
S             ******                                                                        ***************************************
S               ....                                                                         ......................................
S                ---                                                                         ----=====H====--========HHHHHHHHH=====
S                                                                                                     C              CCCCCCCCC     
S                                                                                                                                  
                                                                                                                                   
S         -=OOOOOOOOXXZIIIIIIIIIIIIIIIIII))II)))))IIIII))))))))))II)IIIZXZZXXI))==-----====ZOOOOOOOOOOOOOOOOOOOOOOOOOOOOOOOOOOOOOOO
S           ++++++=-                                                                        +++++++++++++++++++++++++++++++++++++++
S            * ***                                                                          ***************************************
S              ...                                                                          .......................................
S              --                                                                           ----------=-===========================
S                                                                                                                                  
S                                                                                                                                  
                                                                                                                                   
S        --IOOOOOOXZZI))))IIIIIIIIIIIIIIZIIIII))))IIIII)I))))))))))))IIIZIZZIZIIIXI)IZMXXI+OOOOOOOOOOOOOOOOOOOOOOOOOOOOOOOOOOOOOOOO
S           ==+++-                                                                         ++++++++++++++++++++++++++++++++++++++++
S             ***                                                                           ***************************************
S              .                                                                            .......................................
S              -                                                                            ----------------=======---------------=
S                                                                                                                                  
S                                                                                                                                  
                                                                                                                                   
S        -=OOOOOZZIZIIIIII))IIIIIIIIZIIIIIIIIZIZZZIZZZIIIII)II))II))IZIIZZZZZXXXZZXZMXMOMOOOOOOOOOOOOOOOOOOOOOOOOOOOOOOOOOOOOOOOOOO
S          --==-                                                                       = --++++++++++++++++++++++++++++++++++++++++
S                                                                                           ***************************************
S                                                                                           .......................................
S                                                                                            -------------------==========---------
S                                                                                                                                  
S                                                                                                                                  
                                                                                                                                   
S       --XOOOZIIIIZIIII))IIIZZIZZZZZZZIIZIIZXXXXAMXIIZZIIZZZIIII))IIIIZXXXZXXXXZZZXMXMOOOOOOOOOOOOOOOOOOOOOOOOOOOOOOOOOOOOOOOOOOOO
S          ---                                                                         =-----+++++++++++++++++++++++XXXXXX+++++++++
S                                                                                             *************************************
S                                                                                             .....................................
S                                                                                              ----------=====---===HHHHHH======---
S                                                                                                                   CCCCCC         
S                                                                                                                                  
                                                                                                                                   
S      --ZOOAZIIIIIIIIII)IIIIZZIZZZZZZZIIZMMXXXXXZIIZXZZZZZZXZZIIIIIIZIZZXMMMMOMXAAAXMOOOOOOOMOOOOOOOOOOOOOOOOOOOOOOOOOOOOOOOOOOOOO
S         --                                                                  -       ------- =+++++++++++++++++X+++++++XXXXXXX++++
S                                                                                              ************************************
S                                                                                              ....................................
S                                                                                               ------------====H=======HHHHHHH====
S                                                                                                               C       CCCCCCC    
S                                                                                                                                  
                                                                                                                                   
S      -XMMAZZZZZZZIII))IZZZZZZZZZZZZZZIIXOOAXZIIZXOOMZIZZZXXXZZIZZZZZZZXXOOOOOOOOOMAAOOOOOOOOOOOOOOOOOOOOOOOOOOOOOOOOOOOOOOOOOOOOO
S                                         =-       --                     --==+=---   ---------+++++++++++++++++++X+++++++++XXXXXXX
S                                                                                              ************************************
S                                                                                               ...................................
S                                                                                               --------------====H===---===HHHHHHH
S                                                                                                                 C         CCCCCCC
S                                                                                                                                  
                                                                                                                                   
S    --IAAXZZZZXXZZIIIIIZZZZXZXZZZZZIIZZXOOOMXXZOOOOIZZZZMXXAMXZZZZZXXAMMOOOAMMOOOMOMMOOOOMOOOOMOOOOOOOOOOOOOOOOOOOOOOOOOOOOOOOOOOO
S                                        ---    -++=                     ---   --- -  ---- ---- ++++++++++++++++++++++X++++++++XXXX
S                                                 *                                              **********************************
S                                                 .                                              ..................................
S                                                                                                ----------------=====H========HHHH
S                                                                                                                     C        CCCC
S                                                                                                                                  
                                                                                                                                   
S   --IMMXZZZZXXZZZZIIIZZZZXXXAZZXZIZXOMOOOOMMMOOOOMIIZZOMAXMMZZZZXXXMOOOOOMAAZZZXXXXAOOOOOOOOOMMOOOOOOOOOOOOOOOOOOOOOOOOOOOOOOOOOO
S                                     - ----   -+++     -             ---=-           -=-====+=  +++++++++++++++++++++++XXXX+++++++
S                                               **                                               **********************************
S                                                .                                               ..................................
S                                                                                                ---==--------------====HHHH=======
S                                                                                                                       CCCC       
S                                                                                                                                  
                                                                                                                                   
S  --+XAMXZZZZXXXZXZIZZZZZXXXXXXXZZZZXMOOOOOOOOOOOOZZXXMOOOMMAXAXXAOOOOOOOOOOOOOMAXXXMOOOOOOOOMOOOOOOOOOOOOOOOOOOOOOOOOOOOOOOOZOOOO
S                                      -----=-=+++-     ---        ----==+==----      ----+=-= ---++++++++++++++++++++++++++++ -+++
S                                              **                                                  ***************************  ***
S                                                                                                  ...........................  ...
S                                                                                                  --===---------------======-  =--
S                                                                                                                                  
S                                                                                                                                  
                                                                                                                                   
S --=ZZXAAZZXZXAAXAXZZXXXXXXXXXXXZZZZZAOOOOOOOOOOOOMMAOOOOOOOMMMMMOOOOOOOOOOOOOOOOOMOOMMOOOOMAXMOOOOOOOOOOOOOOOOOOOOOOOOOOOOOI=+OOO
S                                      --=+++=+++--   -------     ----=+++==+++=--- --  ==--    ---=++XXX++++++++++++++++++++   +++
S                                           * ***                            *                      *************************   ***
S                                             ...                                                   .........................   ...
S                                              --                                                   --HHH==--------------====   -==
S                                                                                                     CCC                          
S                                                                                                                                  
                                                                                                                                   
S -=ZXXXAMAXXXMMXAAXXZZXMAAXAAXAXXZXXXAOOOOOOOOOOOOOOOOOOOOOOOOOOOOOOOOOOOOOOOOOOOOOOOOOOOMZZZZIZXOOOOOOOOOOOOOOOOOOOOOOOOOOOZ=ZOOO
S                                      -=++++++++++=--=++=---------=++++++++++==+=======--        --=++XXXX++++++++++++++++++   ++X
S                                         ********     *            *********                        ************************   ***
S                                          .  ....                     . .                            .......................   ...
S                                             ----                                                    -HHHH==-------------=--   -=H
S                                                                                                      CBBC                       B
S                                                                                                                                  
                                                                                                                                   
S--IXXAMOMXMAAMMMAAAAAAMMXMMMAAAXXXXAMMOOOOOOOOOOOOOOOOOOOOOOOOOOOOOOOOOOOOOMOOOOOOOOOOOOAAOOM))ZXAMOOOOOOOOOOOOOOOOOOOOOOOOOOOOOOO
S       -                              -+++++++XX++++=++++-------=+++++++++- -=+++++++++-  --       ==++XXXXXX+++++++XXXX+++++=++XX
S                                        ***********  ****         ********     *******                *********************** ****
S                                         .........    .            ......      .. .. .                ....................... ....
S                                             -HH=     -             -----                             -HHHHHH==----=HHHH=---- -=HH
S                                              CB                                                       BBBBCC       BBBC        BB
S                                                                                                        V           VVV          V
                                                                                                                                   
S-)ZZXXMMMAAMMMOMAAAMMMMMMMOOOOMAAXXMOOOOOOOOOOOOOOOOOOOOOOMMMOOOOOOOOOOOOOOOOOOOOOOOOOOAMOOZIZZAXXMOOOOOOOOOOOOOOOOOOOOOOOOOOOOOOO
S              -           ----      --=+++++++XX+++++++++-   --++++++++++---+++++++++=-  --        --=+++XXXXXX+++XXXXXXXXXXXXXXXX
S                                       *****************        ********    ********                   ***************************
S                                        ..........   ..          ......       ......                   ...........................
S                                         ----=HH=    --           -----        ----                    -=HHHHHH=-=HHHHHHHHHHHHHHHH
S                                              CC                                                         BBBBCC   BBBBBBBBCCBBBBBB
S                                                                                                          VVV     VVVVVVV    VVVVV
                                                                                                                    AAAAA          
S=XXXMAMMMAMMMMMMMAAAAAMOOOOOOOOMMMMMOOOOOOOOOOOOOOOOOOOOOOMMMOOOOOOOOOOOOOOOOOOOOOOOOAXOOXIIZXZXZXMOOOOOOOOOOOOOOOOOOOOOOOOOOOOOOO
S                       --------     -=++++++++++++++++++--   -=++++++++=-=++++++++++-  --          --+++++XXXXXX+XXXXXXXXXXXXXXXXX
S                                       *****************       ********    *******                    ****************************
S                                       ............ ...         ......      .....                       ..........................
S                                        -----==----  --         --=---      ----                         -HHHHHH=HHHHHHHHHHHHHHHHH
S                                                                                                          CBBBBC BBBBBBBBBBBBBBBBB
S                                                                                                           VVVV  VVVVVVVVVVVVVVVV 
                                                                                                                   AAAAAAAAAAAAAA  
S)AAAMOOOOMMMMMMMMMMMMMMOOOOOOOMMOMOOOOOOOOOOOOOOOOOOOOOOOOOMOOOOOOOOOOOOOOOOOOOOOOOOOOMZI)IZIII)IZZZMOOOOOOOOOOOOOOOOOOOOOOOOOOOOO
S     ----              -------  - ---=+++++++++++++++++=--- -++++++++===-+++++++=-----               -=++++XXXXXXXXXXXXXXXXXXXXXXX
S                                       ****************       *******     *****                         **************************
S                                       ...............         .....      ....                          ..........................
S                                       ---=-===---- --         ----        -=-                           -=HHHHHHHHHHHHHHHHHHHHHHH
S                                                                                                           CBBBBBBBBBBBBBBBBBBBBBB
S                                                                                                             VVV  V VVVVVVVVVVVVVV
                                                                                                                      AAAA         
S+ZXAOOOOMOOMMMOOOOOMMMOOOOOOOOOOOOOOOOOOOOOOOOOOOOOOOOOOOMOOOOOOOOOOOOOOOOOOOOOOOOMMOOMXIII))+IZZIZXZXOOOOOOOOOOOOOOOOOOOOOOOOOOOO
S    ---- --   -----   ---------------++++++++X++++++++=-- --++++++++=----+++X+=---  --                -+++++XXXXXX++XXXXXXXXXXXXXX
S                                       ***************       ******        ***                          **************************
S                                       ...............       .....         ...                          ..........................
S                                       --=---H==-----         ---          -H=                          ----HHHHHH==HHHHHHHHHHHHHH
S                                             C                              B                               CBBBBC  BCBBBBBBBBBCCC
S                                                                            V                                  V       VVVV V     
                                                                             A                                                     
S=XAMMOOOOOMOOMOOMOOOOOOOOOOOOOOOOOOOOOOOOOOOOOOOOOOOOOOOMAMOOOOOOOOOOOOMMMOOOOOMMOOOOOOAXZ)III))))IIIXMOOOOOOOOOOOOOOOOOOOOOOOOOOO
S     ----- -- -- ------------------==++++++++++++++++=--   ++++++==----   -+XX+  ------                +++++++++XXX++++XXXXXXXXXXX
S                                      ***************       ****           ****                         **************************
S                                       ..............        ...           ....                         ..........................
S                                       -=----====---         ---           =HH-                          --=====HHH-=--HHHHHHHHHHH
S                                                                            CB                                  CBC    CCBBCBCCCCC
S                                                                                                                                  
                                                                                                                                   
S-MMOOOOOOMMOOOOOOOOOOOOOOOOOOOOOOOOOOOOOOOOOOOOOOOOOOOOMAAOOOOOOOOOOOOOOOOOOOOOOAXAMOOOMAAXXII)))II)+)AOOOOOOOOOOOOOOOOOOOOOOOOOOO
S   ------  ---------------------=--==+++++++++++++++=--   -+--------------+++++-    ---                +++++++++++X++++++XX+XX++XX
S                                      **************                      ** **                         **************************
S                                       .............                       . ..                         ..........................
S                                       --- --------                        - --                          -------==H===-==HH=HH==HH
S                                                                                                                  C      CC CC  CC
S                                                                                                                                  
                                                                                                                                   
S-AOOOOOOOOOOOOOOOOOOOOOOOOOOOOOOOOOOOOOOOOOOOOOOOOOOOMAXZZXAXZZXOOMOOOOOOOOXXXOOAXXXAOOOMXZZI)))))))))IOOOOOOOOOOOOOOOOOOOOOOOOOOO
S  -----------------------------==---==+++++++++++++--           -- ------++   +-     ---               -+++++++++++XX+X++XX+XX++++
S                                        ***********                       *                             **************************
S                                         . .......                                                       .........................
S                                            --=--                                                        --------==HH=H==HH=HH=-==
S                                                                                                                   CC C  CC CC    
S                                                                                                                                  
                                                                                                                                   
S-ZOOOOOOOOOOOOOOOOOOOOOOOOOOOOOOOOOOOOOOOOOOOOOOOOOMAXXXZZZZZZZOOOOOOOOOOOOOMOOOAAAMMOOMOXZZZZZXI===)XAOOOOOOOOOOOOOOOOOOOOOOOOOOO
S  ==----------------------------=---===--==++++++=-            -++-------++- -+=     -- -              -++++++++++XXX+++++XXX+++++
S                                            *****               **       **   *                         **************************
S                                             ...                ..       ..   .                         ..........................
S                                              --                -         -   -                          ----=====HHH=====HHH==---
S                                                                                                                  CBC     CCC     
S                                                                                                                                  
                                                                                                                                   
S-XOOOOOOOOOOOOOOOOOOOOOOOOOOOOOOOOOOOOOOOOOOOMMMMAXZZXXXXZZZAOOOOOOOOOOOOOOXZZOOAAMMAAMMMXI)ZII)IIIIIIXOOOOOOOOOOOOOOOOOOOOOOOOOOO
S  =+=--=====------=======----====-=-======---                ---++-------++   +-                       -++XXXXXXXXXX+++X+++XXX++++
S                                                                **       *                              **************************
S                                                                .        .                               .........................
S                                                                                                         =HHHHHHHHHH===H===HHH====
S                                                                                                          CBBBBBBBBC   C   CCC    
S                                                                                                                                  
                                                                                                                                   
S-XOOOOOOOOOOOOOOOOOOOOOOOOOOOOOOOOOOOOOOOOOOXXAAMMMXZAMOOMMOOOOOOOOOOOOOOOOMMAOOMOOOMXZZXZXZZIIIZZZXXZZMOOOOOOOOOOOOOOOOOOOOOOOOOO
S  +++=======------==++++=+=++===-==+++++++=-           --  -=++==---===--++   += ---                    ++XXXXXXXXXX+++XXXXXX+++++
S                                      ****                   **          *    *                          *************************
S                                                                         .                               .........................
S                                                                         -                               -HHHHHHHHHH===HHHHHH=-===
S                                                                                                          CBBBBBBBBC   CCCCCC     
S                                                                                                                                  
                                                                                                                                   
S-ZOOOOOOOOOOOOOOOOOOOOOOOOOOOOOOOOOOOOOOOOOOOOOOOOOOOOOOOOOOOOOOOOOOOOOOOOOMMOOOOOOAZZI+)IXZZZAXZZXMMMOOOOOOOOOOOOOOOOOOOOOOOOOOOO
S  =++++====------=-=++++++++++---==++++++=----------------=++++++-+++++--+-  -++-=+                   --+++++XXXXXXX+++++XXXX+++++
S                                     ***                      ***  ****  *    *                          *************************
S                                                               ..  ...        .                          .........................
S                                                               -              -                           --=HHHHHHH=====HHHH=====
S                                                                                                             CCCCCCC     BBBB     
S                                                                                                                         VVV      
                                                                                                                                   
S-ZOOOOOOOOOOOOOOOOOOOOOOOOOOOOOOOOOOOOOOOOOOOOOOOOOOOOOOOOOOOOOOOOOOOOOOOOAZXZOOOOOOMXZZI)IXXZIZZIZZAMOOOOOOOOOOOOOOOOOOOOOOOOOOOO
S  ++++=====+==========++++===------=+++++=++++===-==++=--=+++++++++++++=++    ++=+=-                  --+++++XXXX++++++++XXXXXXXXX
S    *                  *             *                      ** ********  *    **                        **************************
S                                                               .......        .                          .........................
S                                                               -------                                   ---=HHHH========HHHHHHHHH
S                                                                                                             CCCC        BBBBBBBBB
S                                                                                                                          VVVVVVVV
                                                                                                                           AA      
S-ZOOOOOOOOOOOOOOOOOOOOOOOOOOOOOOOOOOOOOOOOOOOOOOOOOOOOOOOOOOOOOOOOOOOOOOOOOOOOOOOOOOZIMXAXI)ZZZ)ZZZZXOOOOOOOOOOOOOOOOOOOOOOOOOOOOO
S  ++++++++=++==+++++====++===-=----=+++++++++++++++++++=++++++++++++++++++++=-++=++-                 --=+++++XXXX++++++++XXXXXXXXX
S   **                                ************ ****   ******************   ** *                      **************************
S                                        .......    ...    ..... ....... ...   .                          .........................
S                                        ------      -      ---- --==--  --    -                          --==HHHH========HHHHHHHHH
S                                                                                                             CCCC        CBBBBBBBB
S                                                                                                                          VVVVVVVV
                                                                                                                             AAAAAA
S-)OOOOOOOOOOOOOOOOOOOOOOOOOOOOOOOOOOOOOOOOOOOOOOOOOOOOOOOOOOOOOOOOOOOOOOOOOOOOOOOOOOOMXOOMAXZXXAXMMAMOOOOOOOOOOOOOOOOOOOOOOOOOOOOO
S  =++++++++++++=++++++++++++=------=+++++++XXX+++++++++++++++++++++++++++++++++++++--  --            -=+++++XXXXX++++++++XXXXXXXXX
S   ***  *                            ******************************************  **                     **************************
S                                       ....................................  ..  .                       .........................
S                                        --=HHH=-------------=====-=---  -=-  --                          -==HHHHH=-----==HHHHHHHHH
S                                           CCC                                                              CCCCC        CBBBBBBBB
S                                                                                                                          VV VVVVV
                                                                                                                               AA  
S-=OOOOOOOOOOOOOOOOOOOOOOOOOOOOOOOOOOOOOOOOOOOOOOOOOOOOOOOOOOOOOOOOOOOOOOOOOOOOOOOOOOAAMMMOOOOOOOOOOOOMOOOOOOOOOOOOOOOOOOOOOOOOOOOO
S  -++++=++++++++++++++++++===--=--=++++++++XXXXXXX++++++++++++XXXX+++++++++++++++++-     --=+-==----- -++XXXXXXXX+++++++++XXXXXXXX
S   **   **      *     *             ***********************************************                    ***************************
S                                     .  ...................................  ..  .                      ..........................
S                                         -=HHHHHHH====-----===HHHH=-- --=-   --  -                      -HHHHHHHH=-------=HHHHHHHH
S                                           CBBBBCC            CBBC                                       CCCBBBBC         BBCBBBBB
S                                             VV                V                                                          VV  VVVV
                                                                                                                               AA  
S -XOOOOOOOOOOOOOOOOOOOOOOOOOOOOOOOOOOOOOOOOOOOOOOOOOOOOOOOOOOOOOOOOOOOOOOOOOOOOOOOOOOAMOOOOOOOOOOOOOOOOOOOOOOOOOOOOOOOOOOOOOOOOOOO
S   =++++++++++++++++++++++=+-==+==+++++++++XXXXXXX+++++++++++++XXXX++++++++++++++++--  -===-====---=-==++XXXXXXXX+++++++++XXXXXXXX
S    *** ***          **            ***********************************************                     ***************************
S                                    ....................................... ... ..                      ..........................
S                                        -==HHHHHHH=============HHHH=----==- -=-  -                      -HHHHHHHH--------=HHHHHHHH
S                                           CBBBCCC             BBCC                                      BBBBBBBC         BCCBBBBB
S                                                               V                                             V               VVVVV
                                                                                                                               A   
S -IOOOOOOOOOOOOOOOOOOOOOOOOOOOOOOOOOOOOOOOOOOOOOOOOOOOOOOOOOOOOOOOOOOOOOOOOMOOOOOOOOOOOOOOOOOOOOOOOOOOOOOOOOOOOOOOOOOOOOOOOOOOOOOO
S   =++++++++++++=+++++++++++=+++==+++++++XXX+XXX+++++++++++++++XXXX++++++++ +++++++=--+==--++-------+++++XXXXXXX++++++++++++XXXXXX
S    *******       ******           ***************************************  ******                   *****************************
S                     .                 ...................................  ......                    ............................
S                                       -=HHH=HHH===========--==HHHH===--=-  --- --                    --=HHHHHHH=--------===HHHHHH
S                                         CCC CCC               CBCC                                      BBBBBBC            BBBBBB
S                                                                                                                            VVVVVV
                                                                                                                              AA  A
S -=OOOOOOOOOOOOOOOOOOOOOOOOOOOOOOOOOOOOOOOOOOOOOOOOOOOOOOOOOOOOOOOOOOOOOOOOOOOOOOOOOOMOOOOOOOOOOOOOOOOOOOOOOOOOOOOOOOOOOOOOOOOOOOO
S   =++++++++++++++++++++++++++++=++++++++X++XXX++++++++++++++++XX+++++++++++++++++++- -----++-------++++XXXXXXX+++++++++++XXXXXXXX
S     *** **       *********        ************************************************                  *****************************
S                  ..                   .................................... .......                   ............................
S                                       -=H==HHH=--=--===-======HH====---==- =-----                    --HHHHHHH==-------==HHHHHHHH
S                                         C  CCC                CC                                       CBBBBCC           CBBBBBBB
S                                                                                                                           VVVVVVV
                                                                                                                             AAA   
S  -MOOOOOOOOOOOOOOOOOOOOOOOOOOOOOOOOOOOOOOOOOOOOOOOOOOOOOOOOOOOOOOOOOOOOOOOOOOOOOOOOOOOOOOOOOMOOOOOOOOOOOOOOOOOOOOOOOOOOOOOOOOOOOO
S    =+++++++++++++++++++++++++++++++++++XX++X+++++++++++++++XXX++++++++++++++++++++++-++-==-- ------=+++XXXXXXX+++++++++XXXXXXXXXX
S     ***   ** *****************  ***************************************************  **             *****************************
S     .            ...  . ..       ..................................................  .               ............................
S                                      -=HH-=H==------------=HHH======---==--==--==-                   --HHHHHHH===----==HHHHHHHHHH
S                                        CC  C               CCC                                         CBBBBBC         CBBBBBBBBB
S                                                                                                                         V VVVVVVV
                                                                                                                             AAAAAA
S  -+OOOOOOOOOOOOOOOOOOOOOOOOOOOOOOOOOOOOOOOOOOOOOOOOOOOOOOOOOOOOOOOOOOOOOOOOOOOOOOOOOOOOOOOOOOOOOOOOOOOOOOOOOOOOOOOOOOOOOOOOOOOOOO
S    -+++++++++++++++++++++++++++++++++++XX+++X+++++++++++++++++++++++++++XX+X++++++++++++++++=---==-++++XXXXXXXXXXX+++XXX+XXXXXXXX
S     **    * ****************** ***************************************************** *** *          *****************************
S      .           .........      ................ ...................................                 ............................
S                      -             ---=HH-==H--  ----  -----========---=HH=H=====--                   -HHHHHHHHHHH===HHH=HHHHHHHH
S                                        CC   C                           CC C                           CBBBBBBBCCC   CBB CBBBBBBB
S                                                                                                                           VVVVVVV
                                                                                                                            AAAAAAA
S   -XOOOOOOOOOOOOOOOOOOOOOOOOOOOOOOOOOOOOOOOOOOOOOOOOOOOOOOOOOOOOOOOOOOOOOOOOOOOOOOOOOOOOOOOOOOOOOOOOOOOOOOOOOOOOOOOOOOOOOOOOOOOOO
S     +++++++++++++++++++++++++++++++++++X+++++++++++++++++++++++++++++++++XXX++++++++++++==+++=-==+==++XXXXXXXXXXXXXXXXX+XXXXXXXXX
S      **   ****************************************************************************     *        *****************************
S               ............ ... ................. ...... ..............................              .............................
S                     --- -       ------=H=----=-- -----     -----==-=--===HHH=====----               -=HHHHHHHHHHHHHHHHH=HHHHHHHHH
S                                        C                                 BBB                          CCBBBBBBBBBBCCBBB BBBBBBBBB
S                                                                          VVV                                         VV  VVVVVVVV
                                                                            A                                              AAAAAA  
S   --OOOOOOOOOOOOOOOOOOOOOOOOOOOOOOOOOOOOOOOOOOOOOOOOOOOOOOOOOOOOOOOOOOOOOOOOOOOOOOOOOOOOOOOOOOOOOOOOOOOOOOOOOOOOOOOOOOOOOOOOOOOOO
S     -+++++++++++++++++++++++++++++++++XX++++XX+++++++++++++++++++++++++++XXX++++++++++++++++++======++XXXXXXXXXXXXXXXXXXXXXXXXXXX
S       *   **********************************************************************************        *****************************
S               .........................................  .............................. .            ............................
S                   - ---- ----- -------HH---=HH-- -----      -----=======-HHH===-------               -HHHHHHHHHHHHHHHHHHHHHHHHHHH
S                                       CC    BC                           CBC                          CCBBBBBBBCCCBBBBBBBBBBBBBBB
S                                                                           V                                        VVVVVVVVVVVVVV
                                                                            A                                          AA AAAAAAA  
S    -IOOOOOOOOOOOOOOOOOOOOOOOOOOOOOOOOOOOOOOOOOOOOOOOOOOOOOOOOOOOOOOOOOOOOOOOOOOOOOOOOOOOOOOOOOOOOOOOOOOOOOOOOOOOOOOOOOOOOOOOOOOOO
S      +++++++++++++++++++++++++++++++++X++++XXX+++++++++++++++++++++++++++++++++++++++++++++++++++++++++XXXXXXXXXXXXXXXXXXXXXXXXXX
S       **  ****************************************************************************  *****     *******************************
S               .......................................... .. ..........................  ....       . ............................
S                ----------------------=H=--=HHH-- -----        -----==-==--===--------                -=HHHHHHHHHHHHHHHHHHHHHHHHHH
S                                       C    CBC                                                         CBBBBBBBCBBCBBBBBBBBBBBBBB
S                                             V                                                                      VVVVVVVVVVVVVV
                                                                                                                      AAAAAAAAAA   
S    --OOOOOOOOOOOOOOOOOOOOOOOOOOOOOOOOOOOOOOOOOOOOOOOOOOOOOOOOOOOOOOOOOOOOOOOOOOOOOOOOOOOOOOOOOOOOOOOOOOOOOOOOOOOOOOOOOOOOOOOOOOOO
S      -+++++++++++++++++++++++++++++++++++++XXX++++++++++++++++++++++++++++++++++++++++++++++++++++++++XXXXXXXXXXXXXXXXXXXXXXXXXXX
S       ***   ************************************************************************** * *** **  ********************************
S                .........................................  ..........................                .............................
S                ----------------------===--=HHH----=---          ----------------==-                 --HHHHHHHHHHHHHHHHHHHHHHHHHHH
S                                            CBC                                                        CBBBBBBBBBBBCBBBBBBBBBBBBBB
S                                                                                                                     VVVVVVVVVVVVV
                                                                                                                      AAAAAAAA     
S     -=OOOOOOOOOOOOOOOOOOOOOOOOOOOOOOOOOOOOOOOOOOOOOOOOOOOOOOOOOOOOOOOOOOOOOOOOOOOOOOOOOOOOOOOOOOOOOOOOOOOOOOOOOOOOOOOOOOOOOOOOOOO
S       +++++++++++++++++++++++++++++++++++++XXX+++++++++++++++++++++++++++++++++++++++++++++++++++++++XXXXXXXXXXXXXXXXXXXXXXXXX+++
S       ****   ********************************************************************************************************************
S        ...     .....................................................................    .      .  ...............................
S                 --------------------------=HHH--------            -----------==--=--               --HHHHHHHHHHHHHHHHHHHHHHHHH=-=
S                                            CBC                                                       CBBBBBBBBBBBBBBBBBBBBBBBB   
S                                                                                                        VVVVVVVV VVV  VVVVV       
                                                                                                                                   
S      -IOOOOOOOOOOOOOOOOOOOOOOOOOOOOOOOOOOOOOOOOOOOOOOOOOOOOOOOOOOOOOOOOOOOOOOOOOOOOOOOOOOOOOOOOOOOOOOOOOOOOOOOOOOOOOOOOOOOOOOOOOO
S        ++++++++++++++++++++++++++++++++++++XXX++++++++++++++++++++++++++++++++++++++++++++++++++++++XXXXXXXXXXXXXXXXXXXXXXXXXXX++
S        **************************************************************************************************************************
S        ....     ....................................................................... .........................................
S        - -      -----------------------=--=HHH=------  -   -------------------------     --  -------HHHHHHHHHHHHHHHHHHHHHHHHHHH==
S                                            CBB                                                      BBBBBBBBBBBBBBBBBBBBBBBBBBC  
S                                                                                                      VVVVVVVVVVVVVVVV      VVV   
                                                                                                                               A   
S      --AOOOOOOOOOOOOOOOOOOOOOOOOOOOOOOOOOOOOOOOOOOOOOOOOOOOOOOOOOOOOOOOOOOOOOOOOOOOOOOOOOOOOOOOOOOOOOOOOOOOOOOOOOOOOOOOOOOOOOOOOO
S         ++++++++++++++++++++++++++++++++++++XX++++++++++++++++++++++++++++++++++++++++++++++++++++++XXXXXXXXXXXXXXXXXXXXXXXXXXXXX
S         ****** ******************************************************************************************************************
S         .....   .................................................................................................................
S          ----    ---------------------====-=HH=-----   ---------------------------------- ---------=HHHHHHHHHHHHHHHHHHHHHHHHHHHHH
S                                             CB                                                      BBBBBBBBBBBBBBBBBBBBBBBBBBBBB
S                                                                                                      VVVVVVVVVVVVVVVVVVVVVVVVVVVV
                                                                                                          A                       A
S       -+OOOOOOOOOOOOOOOOOOOOOOOOOOOOOOOOOOOOOOOOOOOOOOOOOOOOOOOOOOOOOOOOOOOOOOOOOOOOOOOOOOOOOOOOOOOOOOOOOOOOOOOOOOOOOOOOOOOOOOOOO
S         ++++++++++++++++++++++++++++++++++++++X++++++++++++++++++++++++++++++++++++++++++++++++++++XXXXXXXXXXXXXXXXXXXXXXXXXXXXXX
S          ************************************************************************************************************************
S          ......  ................................................................................................................
S          -----    -------------------=========H=--------------------=-----------------------------=HHHHHHHHHHHHHHHHHHHHHHHHHHHHHH
S                                               C                                                    BBBBBBBBBBBBBBBBBBBBBBBBBBBBBB
S                                                                                                     VVVVVVVVVVVVVVVVVVVVVVVVVVVVV
                                                                                                                                   
S        -AOOOOOOOOOOOOOOOOOOOOOOOOOOOOOOOOOOOOOOOOOOOOOOOOOOOOOOOOOOOOOOOOOOOOOOOOOOOOOOOOOOOOOOOOOOOOOOOOOOOOOOOOOOOOOOOOOOOOOOOO
S          +++++++++++++++++++++++++++++++++++++++++++++++++++++++++++++++++++++++++++++++++++++++++XXXXXXXXXXXXXXXXXXXXXXXXXXXXXXX
S          ************************************************************************************************************************
S          ........................................................................................................................
S          -------- ------------------=============----------------=========--========-----------==-HHHHHHHHHHHHHHHHHHHHHHHHHHHHHHH
S                                                                                                   CBBBBBBBBBBBBBBBBBBBBBBBBBBBBBB
S                                                                                                    VVVVVVVVVVVVVVVVVVVVVVVVVVVVVV
                                                                                                                                   
S        --OOOOOOOOOOOOOOOOOOOOOOOOOOOOOOOOOOOOOOOOOOOOOOOOOOOOOOOOOOOOOOOOOOOOOOOOOOOOOOOOOOOOOOOOOOOOOOOOOOOOOOOOOOOOOOOOOOOOOOOO
S          =++++++++++++++++++++++++++++++++XX++++++++++++++++++++++++++++++++++++++++++++++++++++XXXXXXXXXXXXXXXXXXXXXXXXXXXXXXXXX
S           ***********************************************************************************************************************
S           .......................................................................................................................
S           ------------------------=---====HH=====--------------======================-----------HHHHHHHHHHHHHHHHHHHHHHHHHHHHHHHHH
S                                           CC                                                    CBBBBBBBBBBBBBBBBBBBBBBBBBBBBBBBB
S                                                                                                   VVVVVVVVVVVVVVVVVVVVVVVVVVVVVVV
                                                                                                                                   
S         --OOOOOOOOOOOOOOOOOOOOOOOOOOOOOOOOOOOOOOOOOOOOOOOOOOOOOOOOOOOOOOOOOOOOOOOOOOOOOOOOOOOOOOOOOOOOOOOOOOOOOOOOOOOOOOOOOOOOOOO
S           ++++++++++++++++++++++++++++++++++++++++++++++++++++++++++++++++++++++++++++++++++++++XXXXXXXXXXXXXXXXXXXXXXXXXXXXXXXXX
S            **********************************************************************************************************************
S            ......................................................................................................................
S            ---==----------------------==========-------------=======================---- ------=HHHHHHHHHHHHHHHHHHHHHHHHHHHHHHHHH
S                                                                                                 CBBBBBBBBBBBBBBBBBBBBBBBBBBBBBBBB
S                                                                                                        VVVVVVVVVVVVVVVVVVVVVVVVVV
                                                                                                                                   
S          --ZOOOOOOOOOOOOOOOOOOOOOOOOOOOOOOOOOOOOOOOOOOOOOOOOOOOOOOOOOOOOOOOOOOOOOOOOOOOOOOOOOOOOOOOOOOOOOOOOOOOOOOOOOOOOOOOOOOOOO
S             =++++++++++++++++++++++++++++++++++++++++++++++++++++++++++++++++++++++++++++++++XXXXXXXXXXXXXXXXXXXXXXXXXXXXXXXXXXXX
S              **************************************************************************** ***************************************
S              ..........................................................................    ......................................
S              -===-------------------------====------------======================-=--       ==HHHHHHHHHHHHHHHHHHHHHHHHHHHHHHHHHHHH
S                                                                                              CBBBBBBBBBBBBBBBBBBBBBBBBBBBBBBBBBBB
S                                                                                                     VVVVVVVVVVVVVVVVVVVVVVVVVVVVV
                                                                                                                                   
S           --+ZOOOOOOOOOOOOOOOOOOOOOOOOOOOOOOOOOOOOOOOOOOOOOOOOOOOOOOOOOOOOOOOOOOOOX=-=IMOOXOOOOOOOOOOOOOOOOOOOOOOOOOOOOOOOOOOOOOO
S               ++X++++++++++++++++++++++++++++++++++++++++++++++++++++++++++++++++=      -- +XXXXXXXXXXXXXXXXXXXXXXXXXXXXXXXXXXXXX
S               *******************************************************************          **************************************
S                ..................................................................          ......................................
S                =H--==-----------------------=---------=========================--          -HHHHHHHHHHHHHHHHHHHHHHHHHHHHHHHHHHHHH
S                 C                                                                           CBBBBBBBBBBBBBBBBBBBBBBBBBBBBBBBBBBBB
S                                                                                                 VV VVVVVVVVVVVVVVVVVVVVVVVVVVVVV 
                                                                                                                                   
S            --=+AOOOOOOOOOOOOOOOOOOOOOOOOOOOOOOOOOOOOOOOOOOOOOOOOOOOOOOOOOOOOOOOO=--   --=Z)OOOOOOOOOOOOOOOOOOOOOOOOOOOOOOOOOOOOOO
S                 +++++++++++++++++++++++++++++++++++++++++++++++++++++++++++++++-           -XXXXXXXXXXXXXXXXXXXXXXXXXXXXXXXXXXXXX
S                 ***************************************************************             *************************************
S                 ...............................................................             .....................................
S                 -=--=------------------------------------------==-=========----             HHHHHHHHHHHHHHHHHHHHHHHHHHHHHHHHHHHHH
S                                                                                             CCBBBBBBBBBBBBBBBBBBBBBBBBBBBBBBBBBBB
S                                                                                                  VVVVVVVVVVVVVVVVVVVVVVVVVVVVVVVV
                                                                                                                                   
S              ---=AOOOOOOOOOOOOOOOOOOOOOOOOOOOOOOOOOOOOOOOOOOOOOOOOOOOOOOOOOOOOZ-     -----)AOOOOOOOOOOOOOOOOOOOOOOOOOOOOOOOOOOOOO
S                   ++++++++++++++++++++++++++++++++++++++++++++++++++++++++++++              +XXXXXXXXXXXXXXXXXXXXXXXXXXXXXXXXXXXX
S                   ***********************************************************               *************************************
S                   ...........................................................               .....................................
S                   ---------------==-------------------------=---------------                =HHHHHHHHHHHHHHHHHHHHHHHHHHHHHHHHHHHH
S                                                                                              CBBBBBBBBBBBBBBBBBBBBBBBBBBBBBBBBBBB
S                                                                                                   VVVVVVVVVVVVVVVVVVVVVVVVVVVVVV 
                                                                                                                                   
S                ------+ZMOOOOOOOOOOOOOOOOOOOOOOOOOOOOOOOOOOOOOOOOOOOOOOOOOOOMX=-      -----=IOOOOOOOOOOOOOOOOOOOOOOOOOOOOOOOOOOOOO
S                         +++++++++++++++++++++++++++++++++++++++++++++++++=-                 +XXXXXXXXXXXXXXXXXXXXXXXXXXXXXXXXXXXX
S                          ***********************************************                     ************************************
S                          ............................................                        ....................................
S                           -----------------------------------    ---                         HHHHHHHHHHHHHHHHHHHHHHHHHHHHHHHHHHHH
S                                                                                              BCBBBBBBBBBBBBBBBBBBBBBBBBBBBBBBBBBB
S                                                                                                      VVVVVVVVVVVVVVVVVVVVVVVVVVV 
                                                                                                                                   
S                      ----IOOOOOOOOOOOOOOOOOOOOOOOOOOOOOOOOOOOOOOOOOMXAXI+=----       ------IZOOOOOOOOOOOOOOOOOOOOOOOOOOOOOOOOOOOO
S                           +++++++++++++++++++++++++++++++++++---+=-                          +XXXXXXXXXXXXXXXXXXXXXXXXXXXXXXXXXXX
S                            **********************************                                ************************************
S                            .................................                                 ....................................
S                            ------------------------------                                    -HHHHHHHHHHHHHHHHHHHHHHHHHHHHHHHHHHH
S                                                                                               BBBBBBBBBBBBBBBBBBBBBBBBBBBBBBBBBBB
S                                                                                                   VVVVVVVVVVVVVVVVVVVVVVVVVVVVVVV
                                                                                                                                   
S                          --XOOOOOOOOOOOOOOOOOOOOOOOOOOOOMOOXI)III+==-------         -------=ZOOOOOOOOOOOOOOOOOOOOOOOOOOOOOOOOOOOO
S                             ++++++++++++++++++++++++=+-- --                                  =XXXXXXXXXXXXXXXXXXXXXXXXXXXXXXXXXXX
S                               *********************                                           ***********************************
S                                  ................                                             ...................................
S                                       ------  -                                               HHHHHHHHHHHHHHHHHHHHHHHHHHHHHHHHHHH
S                                                                                               CBBBBBBBBBBBBBBBBBBBBBBBBBBBBBBBBBB
S                                                                                                     VVVVVVVVVVVVVVVVVVVVVVVVVVVVV
                                                                                                                                   
S                           --ZOOOOOOOOOOOOOOOOOOOOMAXI==--------------              ---------)MOOOOOOOOOOOOOOOOOOOOOOOOOOOOOOOOOOO
S                              =++++++++++++=------                                             +XXXXXXXXXXXXXXXXXXXXXXXXXXXXXXXXXX
S                                * ***  ****                                                    ***********************************
S                                        .                                                      ...................................
S                                                                                               =HHHHHHHHHHHHHHHHHHHHHHHHHHHHHHHHHH
S                                                                                                BBBBBBBBBBBBBBBBBBBBBBBBBBBBBBBBBB
S                                                                                                     VVVVVVVVVVVVVVVVVVVVVVVVVVVVV
                                                                                                                                   
S                             -ZOOOOOOZXOOOOXII)+)+=--------                        ----------=ZOOOOOOOOOOOOOOOOOOOOOOOOOOOOOOOOOOO
S                               +==+++  ++==                                                    +XXXXXXXXXXXXXXXXXXXXXXXXXXXXXXXXXX
S                                  **                                                           ***********************************
S                                                                                                ..................................
S                                                                                                HHHHHHHHHHHHHHHHHHHHHHHHHHHHHHHHHH
S                                                                                                BBBBBBBBBBBBBBBBBBBBBBBBBBBBBBBBBB
S                                                                                                     VVVVVVVVVVVVVVVVVVVVVVVVVVVVV
                                                                                                                                   
S                             --ZAXAMX+IOOOMZ)=-------                              ----------=IOOOOOOOOOOOOOOOOOOOOOOOOOOOOOOOOOOO
S                                       =+-                                                     -+XXXXXXXXXXXXXXXXXXXXXXXXXXXXXXXXX
S                                                                                                **********************************
S                                                                                                ..................................
S                                                                                                =HHHHHHHHHHHHHHHHHHHHHHHHHHHHHHHHH
S                                                                                                 BBBBBBBBBBBBBBBBBBBBBBBBBBBBBBBBB
S                                                                                                     VVVVVVVVVVVVVVVVVVVVVVVVVVVVV
                                                                                                                                   
S                              ---==+=)IZXI)+--                                     ---------==)OOOOOOOOOOOOOOOOOOOOOOOOOOOOOOOOOOO
S                                                                                               -+XXXXXXXXXXXXXXXXXXXXXXXXXXXXXXXXX
S                                                                                                **********************************
S                                                                                                ..................................
S                                                                                                -HHHHHHHHHHHHHHHHHHHHHHHHHHHHHHHHH
S                                                                                                 BBBBBBBBBBBBBBBBBBBBBBBBBBBBBBBBB
S                                                                                                    VVVVVVVVVVVVVVVVVVVVVVVVVVVVVV
                                                                                                                                   
S                               -------------                                      ----------=+)MOOOOOOOOOOOOOOOOOOOOOOOOOOOOOOOOOO
S                                                                                                +XXXXXXXXXXXXXXXXXXXXXXXXXXXXXXXXX
S                                                                                                **********************************
S                                                                                                 .................................
S                                                                                                 HHHHHHHHHHHHHHHHHHHHHHHHHHHHHHHHH
S                                                                                                 BBBBBBBBBBBBBBBBBBBBBBBBBBBBBBBBB
S                                                                                                     VVVVVVVVVVVVVVVVVVVVVVVVVVVVV
                                                                                                                                   
S                                                                                   ---------=)IAOOOOOOOOOOOOOOOOOOOOOOOOOOOOOOOOOO
S                                                                                                ++XXXXXXXXXXXXXXXXXXXXXXXXXXXXXXXX
S                                                                                                 *********************************
S                                                                                                 .................................
S                                                                                                 =HHHHHHHHHHHHHHHHHHHHHHHHHHHHHHHH
S                                                                                                  BBBBBBBBBBBBBBBBBBBBBBBBBBBBBBBB
S                                                                                                    VVVVVVVVVVVVVVVVVVVVVVVVVVVVVV
                                                                                                                                   
S                                                                                   ---------=)IAOOOOOOOOOOOOOOOOOOOOOOOOOOOOOOOOOO
S                                                                                                =+XXXXXXXXXXXXXXXXXXXXXXXXXXXXXXXX
S                                                                                                 *********************************
S                                                                                                 .................................
S                                                                                                 -HHHHHHHHHHHHHHHHHHHHHHHHHHHHHHHH
S                                                                                                  BBBBBBBBBBBBBBBBBBBBBBBBBBBBBBBB
S                                                                                                    VVVVVVVVVVVVVVVVVVVVVVVVVVVVVV
                                                                                                                                   
S                                                                                  ---------==)ZMOOOOOOOOOOOOOOOOOOOOOOOOOOOOOOOOOO
S                                                                                                =+XXXXXXXXXXXXXXXXXXXXXXXXXXXXXXXX
S                                                                                                 *********************************
S                                                                                                 .................................
S                                                                                                 -HHHHHHHHHHHHHHHHHHHHHHHHHHHHHHHH
S                                                                                                  CBBBBBBBBBBBBBBBBBBBBBBBBBBBBBBB
S                                                                                                    VVVVVVVVVVVVVVVVVVVVVVVVVVVVVV
                                                                                                                                   
S                                                                                  ---------==)ZMOOOOOOOOOOOOOOOOOOOOOOOOOOOOOOOOOO
S                                                                                                -++XXXXXXXXXXXXXXXXXXXXXXXXXXXXXXX
S                                                                                                 *********************************
S                                                                                                 .................................
S                                                                                                 -=HHHHHHHHHHHHHHHHHHHHHHHHHHHHHHH
S                                                                                                   BBBBBBBBBBBBBBBBBBBBBBBBBBBBBBB
S                                                                                                    VVVVVVVVVVVVVVVVVVVVVVVVVVVVVV
                                                                                                                                   
S                                                                                  ---------==)ZMOOOOOOOOOOOOOOOOOOOOOOOOOOOOOOOOOO
S                                                                                                -++XXXXXXXXXXXXXXXXXXXXXXXXXXXXXXX
S                                                                                                 *********************************
S                                                                                                 .................................
S                                                                                                  =HHHHHHHHHHHHHHHHHHHHHHHHHHHHHHH
S                                                                                                   BBBBBBBBBBBBBBBBBBBBBBBBBBBBBBB
S                                                                                                    VVVVVVVVVVVVVVVVVVVVVVVVVVVVVV
                                                                                                                                   
S                                                                                   --------=+)ZMOOOOOOOOOOOOOOOOOOOOOOOOOOOOOOOOOO
S                                                                                                -++XXXXXXXXXXXXXXXXXXXXXXXXXXXXXXX
S                                                                                                 *********************************
S                                                                                                  ................................
S                                                                                                  -HHHHHHHHHHHHHHHHHHHHHHHHHHHHHHH
S                                                                                                   BBBBBBBBBBBBBBBBBBBBBBBBBBBBBBB
S                                                                                                    VVVVVVVVVVVVVVVVVVVVVVVVVVVVVV
                                                                                                                                   
S                                                                                   --------=+)ZMOOOOOOOOOOOOOOOOOOOOOOOOOOOOOOOOOO
S                                                                                                -++XXXXXXXXXXXXXXXXXXXXXXXXXXXXXXX
S                                                                                                 *********************************
S                                                                                                  ................................
S                                                                                                  -HHHHHHHHHHHHHHHHHHHHHHHHHHHHHHH
S                                                                                                   CBBBBBBBBBBBBBBBBBBBBBBBBBBBBBB
S                                                                                                    VVVVVVVVVVVVVVVVVVVVVVVVVVVVVV
                                                                                                                                   
S                                                                                   --------==)ZMOOOOOOOOOOOOOOOOOOOOOOOOOOOOOOOOOO
S                                                                                                -++XXXXXXXXXXXXXXXXXXXXXXXXXXXXXXX
S                                                                                                  ********************************
S                                                                                                  ................................
S                                                                                                  -HHHHHHHHHHHHHHHHHHHHHHHHHHHHHHH
S                                                                                                   CBBBBBBBBBBBBBBBBBBBBBBBBBBBBBB
S                                                                                                     VVVVVVVVVVVVVVVVVVVVVVVVVVVVV
                                                                                                                                   
Processing date = 04/17/15, Time = 15:26:38 File = C:\1401Pictures\DonLuke\DonLuke.raw                                              
